5
43
24
87
20
9
100
0 35
0 50
0 47
0 94
0 61
0 57
0 96
0 46
0 75
0 74
0 28
0 81
0 72
0 95
0 15
0 76
0 41
6 99
0 91
80 99
66 99
46 99
97 99
51 5
51 86
49 99
25 94
70 99
88 99
18 94
28 99
42 99
16 99
66 70
51 22
10 69
4 66
51 62
51 25
83 92
67 69
2 31
78 69
18 2
51 80
48 92
70 92
18 53
60 3
77 47
13 79
51 18
86 35
51 57
34 85
60 5
51 60
1 98
6 92
11 65
94 34
1 85
42 59
75 34
54 59
51 91
35 69
77 82
59 98
51 77
11 94
11 40
44 3
12 82
44 23
6 44
12 78
13 85
38 39
10 34
35 98
11 12
53 75
51 6
75 54
69 92
84 92
51 11
75 32
16 82
75 80
75 85
67 78
75 27
5 26
5 61
78 92
16 96
93 65
82 85
