5
13
35
57
40
14
100
0 16
59 60
0 9
11 60
0 44
0 2
0 36
0 21
0 50
22 15
48 15
22 44
22 31
34 15
16 15
55 15
22 42
25 15
22 17
45 15
22 46
22 39
22 38
18 15
22 9
58 15
7 15
36 15
22 4
22 28
41 15
22 56
22 23
54 15
22 51
22 37
6 15
22 3
22 8
22 24
22 20
10 15
22 33
22 21
22 2
22 52
22 30
22 27
59 15
22 43
32 15
22 26
50 15
22 11
1 15
22 53
22 29
22 49
22 19
12 15
22 5
47 15
54 31
48 44
22 48
18 9
22 36
18 31
54 43
22 55
6 31
18 24
22 54
9 15
31 15
44 15
6 38
22 18
22 16
2 15
22 7
6 23
22 58
22 6
52 15
24 15
25 38
22 34
10 43
45 38
22 25
32 43
1 23
43 15
46 15
45 30
22 1
32 53
41 23
42 15
