5
72
15
4
38
37
100
52 82
0 21
0 62
0 79
0 54
0 13
54 82
0 12
0 29
0 7
0 10
0 34
0 74
0 1
0 8
0 43
0 47
62 82
18 82
60 82
35 82
23 82
73 82
70 82
14 82
17 82
77 82
26 82
51 82
2 82
53 82
71 82
63 82
42 82
55 6
44 82
22 34
64 82
6 82
33 82
67 82
13 82
57 82
19 11
30 31
74 43
61 54
11 35
58 35
31 9
64 35
41 69
61 9
1 62
81 35
35 9
3 66
34 9
55 22
71 66
24 26
48 6
48 7
59 58
55 48
55 61
19 77
24 18
12 34
19 22
55 12
55 19
66 9
18 26
55 68
47 26
27 26
55 63
55 24
26 9
44 36
62 9
74 44
55 43
23 9
3 7
55 74
39 34
6 9
75 63
55 73
49 9
76 48
36 53
55 60
55 58
22 53
17 43
48 9
63 45
