5
40
11
1
93
90
100
47 48
12 13
5 8
95 96
94 96
80 83
59 61
83 86
63 66
21 20
74 79
78 80
44 45
64 66
75 77
86 88
5 7
87 92
77 80
30 35
81 85
2 3
37 41
12 14
56 61
45 50
49 50
52 53
50 56
86 87
18 19
56 60
62 65
58 60
65 66
4 6
58 59
48 51
44 43
16 21
62 64
72 75
35 38
45 46
26 28
15 13
23 29
84 85
27 28
7 8
5 6
9 8
91 92
67 66
32 30
20 25
67 68
10 8
30 36
41 42
32 34
15 17
28 32
25 26
77 82
94 92
85 87
58 62
83 85
10 7
24 26
29 31
7 6
48 50
58 61
23 24
12 16
86 85
64 67
44 46
69 70
47 46
41 43
5 10
36 37
9 6
50 54
12 15
81 82
52 56
35 36
48 49
43 46
42 43
25 27
45 49
53 58
35 41
39 43
81 83
