5
72
27
78
87
75
100
0 99
33 99
0 26
0 23
0 85
20 99
0 28
0 43
0 86
0 13
0 20
0 98
0 52
46 99
0 48
0 51
0 82
0 64
0 37
0 39
0 24
17 99
0 33
0 67
81 99
0 9
0 29
0 6
0 32
0 41
0 12
47 99
49 99
0 25
0 68
60 99
0 92
66 99
0 94
0 7
0 4
0 89
3 99
35 99
32 99
0 76
0 17
0 58
0 19
0 38
0 22
14 99
55 99
0 44
86 99
0 11
25 99
0 91
0 71
0 83
0 55
0 16
0 14
0 31
0 77
0 57
28 99
89 99
50 99
40 31
73 99
51 99
98 99
40 96
12 99
40 99
48 99
22 99
82 99
13 99
24 99
40 30
69 36
96 99
40 14
43 99
56 99
57 99
2 99
26 99
65 99
7 99
45 99
59 99
77 99
79 48
9 99
15 99
84 99
55 17
