5
16
71
21
23
36
100
0 17
85 99
0 82
0 27
0 65
0 57
0 91
0 94
11 99
0 14
0 39
0 81
0 47
0 92
1 99
25 99
50 99
93 99
75 99
54 99
0 80
0 96
0 9
0 29
0 58
64 99
0 45
18 99
9 99
0 87
0 33
0 72
13 99
0 10
0 3
31 99
0 67
0 90
77 99
0 35
41 99
24 99
0 4
62 99
59 99
0 42
0 79
0 99
14 99
0 19
27 99
4 99
0 43
0 49
0 64
0 48
0 50
0 59
0 61
0 55
0 85
0 22
0 88
0 24
0 13
0 34
69 99
0 18
0 32
0 89
0 62
0 30
55 99
92 99
0 38
0 46
0 75
19 99
0 66
0 51
0 56
0 15
0 6
0 93
3 99
45 99
72 99
0 74
0 68
0 20
66 99
0 95
0 53
87 99
33 99
8 99
90 99
0 73
0 70
0 28
