5
74
29
22
70
42
100
0 91
0 33
0 12
13 91
0 20
0 79
0 26
24 2
0 89
59 2
34 91
46 91
25 91
82 91
45 78
25 88
88 91
77 91
27 91
18 91
9 91
47 91
44 71
44 64
44 83
83 91
76 91
0 44
0 71
7 91
0 21
0 80
0 78
0 43
0 76
0 45
0 67
0 75
0 30
0 81
0 58
14 91
46 49
87 91
61 91
0 17
15 23
0 15
0 52
0 47
0 62
37 91
0 63
0 27
0 66
0 38
0 49
3 21
0 3
18 85
60 85
0 61
0 86
24 54
0 24
0 68
0 28
0 88
0 13
0 32
0 48
0 84
25 8
0 34
0 50
0 60
85 91
0 2
0 39
0 54
0 11
0 14
0 19
0 37
0 41
0 6
0 56
0 72
0 77
0 18
0 46
0 87
0 10
0 5
56 91
52 91
80 91
0 23
0 82
60 91
