5
28
7
8
30
77
100
0 23
40 97
0 66
0 48
0 79
0 74
0 86
11 97
0 78
0 95
0 19
0 46
0 33
0 68
68 97
59 52
0 51
46 97
0 2
24 97
41 43
0 41
0 73
52 80
0 12
0 3
0 49
0 67
0 54
0 37
0 59
0 87
0 81
53 97
0 62
0 29
0 13
0 44
0 56
0 18
14 89
0 76
0 94
66 83
89 80
0 71
80 97
36 97
21 97
0 32
0 50
0 75
25 57
0 17
13 19
0 88
0 22
0 9
53 5
0 53
0 6
0 60
0 27
35 97
0 97
0 70
0 83
0 10
0 26
0 34
0 45
6 97
0 93
0 31
0 35
0 69
19 97
0 24
0 5
0 92
0 90
0 20
0 55
2 97
0 4
0 15
0 57
95 97
0 65
0 47
0 61
0 11
0 72
0 39
0 84
0 96
0 16
0 89
0 14
0 25
