5
44
52
5
18
35
100
0 61
0 1
28 99
0 4
0 59
0 27
0 92
61 99
0 70
0 34
0 64
0 39
0 8
0 43
0 57
93 99
0 48
0 58
98 99
0 68
0 73
0 63
19 99
0 78
37 99
67 99
96 99
41 99
54 99
2 99
15 99
39 99
40 99
74 99
26 99
13 99
94 22
42 9
87 22
3 49
86 66
85 48
25 22
67 1
91 42
7 16
67 85
96 98
67 96
27 15
91 72
27 9
80 66
60 30
76 68
66 22
15 22
16 49
1 49
67 91
74 66
84 6
67 22
97 84
48 9
74 68
41 49
6 38
73 30
84 14
48 74
78 9
55 22
97 74
49 22
63 9
98 9
48 7
67 60
6 56
67 97
17 14
16 22
67 77
88 61
61 9
75 90
19 98
67 73
79 14
14 22
67 6
48 70
29 9
9 22
92 22
71 64
67 39
48 20
29 98
