5
54
3
51
23
41
100
0 14
0 45
0 74
64 99
0 94
76 99
0 40
0 62
97 99
0 16
0 34
0 71
0 59
0 75
0 37
35 99
0 83
39 99
75 99
0 86
0 79
0 84
0 17
20 99
90 99
0 6
0 11
98 99
13 99
0 39
0 98
0 67
14 99
25 99
0 60
0 9
0 89
0 69
11 99
83 99
66 99
40 99
0 50
0 93
0 22
0 25
0 1
0 19
38 99
55 99
0 35
0 43
0 72
0 97
17 99
43 99
93 99
68 99
32 99
21 99
0 12
0 85
0 8
0 29
0 27
0 82
4 99
0 30
0 88
0 64
0 58
0 28
0 32
0 70
0 68
0 95
0 47
0 44
0 63
0 73
0 48
0 38
0 36
0 56
0 65
0 90
0 55
0 77
34 99
0 78
0 5
0 42
0 26
0 66
0 13
0 49
0 15
0 81
0 57
0 61
