5
41
29
39
71
82
100
0 99
0 14
0 23
0 18
0 69
0 43
0 37
80 99
86 99
0 89
0 5
0 42
76 99
25 99
64 99
22 99
0 79
0 58
0 65
0 63
0 25
3 99
21 99
93 99
0 35
0 33
0 16
0 27
0 53
61 99
0 31
0 98
2 99
0 83
0 93
66 99
0 7
0 61
0 2
0 50
0 60
0 49
0 15
0 92
0 59
79 99
0 67
0 78
0 24
0 68
0 13
11 99
0 72
0 74
0 73
0 96
0 12
54 99
92 99
0 62
0 55
0 28
0 8
0 46
0 86
0 6
0 22
34 99
60 99
83 99
97 5
53 99
62 99
20 99
0 64
0 56
42 99
0 81
5 99
0 88
0 75
32 99
0 34
58 99
10 99
0 90
0 30
75 99
0 47
0 21
0 95
0 9
0 40
85 99
0 52
0 80
0 84
0 51
0 4
0 38
