5
57
80
32
36
33
100
41 91
0 70
40 91
18 91
64 91
0 19
0 17
0 34
0 73
0 20
0 88
0 63
0 37
11 91
16 91
50 91
0 49
0 40
0 89
0 65
0 46
28 91
0 56
0 91
0 4
0 72
0 9
30 91
83 91
47 7
0 47
0 31
0 90
19 91
88 91
90 91
70 91
0 11
0 13
0 2
0 44
0 27
0 85
0 42
0 35
0 79
0 22
0 23
0 54
0 62
0 71
0 50
0 81
0 48
0 86
0 67
0 69
0 28
0 76
0 5
0 84
0 53
0 87
0 38
0 45
39 91
0 8
0 12
0 43
0 75
0 21
0 26
0 55
0 61
0 60
0 39
0 3
0 83
0 18
0 68
0 59
9 91
0 41
0 66
31 91
0 77
0 52
0 25
0 51
0 24
0 1
0 14
0 74
0 15
0 82
0 78
48 91
0 7
0 16
0 64
