5
7
60
51
62
98
100
63 67
75 83
56 64
94 99
0 5
0 4
0 2
0 1
0 6
0 3
0 8
26 30
37 44
30 38
24 32
3 10
63 66
47 52
92 99
91 99
68 75
16 22
70 78
90 99
63 72
95 99
93 99
96 99
74 67
31 39
65 67
90 97
79 88
85 89
82 87
94 97
64 72
11 19
87 88
89 97
9 16
91 97
9 10
18 10
9 11
84 88
91 93
94 88
13 17
89 88
81 85
84 85
64 67
9 3
26 32
88 97
19 25
2 10
9 13
68 74
90 93
66 67
64 69
9 17
77 81
95 97
49 57
59 64
9 15
14 23
9 12
84 92
93 97
14 20
80 86
25 32
96 97
85 92
75 77
9 2
61 66
68 71
38 44
18 25
9 14
9 18
46 45
31 28
12 17
22 30
29 38
9 4
5 13
8 15
66 72
20 29
71 76
38 45
25 33
64 71
