5
67
83
7
43
70
100
82 89
0 88
71 44
34 10
25 20
44 58
23 19
27 64
48 46
30 10
30 12
13 10
14 69
80 57
48 71
11 38
35 53
39 21
72 11
72 6
36 57
31 33
37 16
72 27
84 33
42 57
80 19
53 18
65 57
69 55
33 18
57 18
51 87
61 51
52 18
53 50
76 17
88 42
61 12
66 63
50 18
31 42
19 2
40 12
20 79
12 51
2 51
40 17
69 37
88 76
72 88
44 37
73 82
31 47
9 63
80 8
69 73
23 46
21 38
17 51
72 80
65 45
78 79
55 33
41 81
41 78
13 79
23 33
54 33
53 1
46 1
63 4
79 38
24 19
68 19
24 29
6 35
78 19
49 40
52 16
25 46
36 26
40 1
68 60
59 64
40 4
57 4
76 19
46 34
53 30
34 19
6 52
6 25
45 30
14 71
36 87
82 49
28 74
9 5
63 45
