5
34
58
63
39
52
100
0 99
0 17
0 70
0 91
0 42
0 16
60 99
49 99
0 40
0 62
0 87
0 3
75 99
33 99
46 99
66 99
0 85
0 9
0 13
29 99
0 67
0 14
23 99
0 60
55 99
85 99
0 43
0 44
0 6
0 77
0 54
0 33
42 99
10 99
0 5
0 47
0 83
0 12
0 74
61 99
0 4
43 99
27 99
0 8
69 99
79 99
0 84
87 99
82 99
0 1
0 95
0 35
0 20
0 15
0 68
0 66
0 28
0 49
0 90
0 71
0 45
88 99
0 30
0 72
0 86
95 99
78 99
40 99
45 99
86 99
89 99
65 99
95 22
57 99
0 46
16 99
0 29
0 48
0 82
0 93
0 73
0 19
0 69
0 64
94 99
0 50
32 99
0 23
0 75
0 88
0 25
0 7
0 27
0 57
0 51
0 21
0 96
0 41
0 98
0 22
