5
51
92
11
22
9
100
95 96
0 42
40 96
0 57
0 75
0 13
0 39
0 46
0 87
0 82
0 70
0 28
0 14
0 61
0 10
0 63
0 62
0 19
0 1
0 76
0 41
0 21
0 74
0 77
0 12
0 40
0 2
0 36
0 96
28 96
17 18
0 68
0 65
4 62
0 53
0 18
0 31
15 96
89 96
0 91
0 4
0 54
0 50
0 83
0 64
0 84
0 58
0 45
0 60
0 20
4 96
85 31
0 37
0 5
0 38
83 39
44 48
95 62
0 44
0 78
72 75
72 31
0 72
0 23
0 80
0 66
10 96
56 96
0 24
0 8
0 29
0 33
0 6
0 73
0 81
0 79
0 59
0 35
0 49
0 90
39 62
62 96
0 32
0 16
0 48
0 86
0 56
0 15
0 85
0 89
0 17
0 7
65 96
0 27
0 30
64 96
0 94
0 25
0 95
0 52
