5
88
86
81
57
78
100
50 99
0 49
56 99
65 99
90 99
82 99
83 99
76 99
54 99
50 58
77 99
89 99
59 99
79 99
94 99
55 99
80 99
51 99
68 99
74 99
70 99
85 99
72 99
92 99
93 99
73 99
61 99
91 99
98 99
62 99
52 99
50 69
75 99
58 99
50 80
50 67
68 67
80 67
89 67
79 77
59 91
65 67
93 77
95 70
93 82
60 67
91 67
77 67
50 93
50 79
50 71
70 67
50 59
82 67
50 76
50 95
91 87
87 67
72 67
76 67
91 74
61 67
56 74
74 67
85 67
63 96
92 67
91 96
50 65
73 69
96 67
50 82
50 61
94 69
66 58
56 67
53 67
63 80
69 67
66 67
50 64
50 94
63 95
71 67
66 95
97 67
50 56
68 59
51 67
74 54
54 67
83 95
59 67
50 72
93 67
50 66
73 90
95 67
60 90
72 64
