5
32
45
71
62
30
100
2 56
0 42
56 95
85 84
0 94
0 41
0 75
0 28
0 16
23 48
0 23
0 12
0 43
16 75
48 78
49 58
6 1
78 75
88 41
41 84
26 68
6 90
26 40
44 88
81 22
79 81
14 10
84 95
0 6
0 26
0 66
25 78
0 25
0 36
0 35
0 13
0 17
0 48
0 81
20 95
37 85
0 37
0 68
0 1
0 51
0 8
0 38
22 95
9 95
0 18
52 41
0 69
60 87
0 7
0 21
0 58
0 15
0 24
0 73
18 95
77 92
0 29
0 63
20 41
0 89
0 40
0 67
0 31
0 5
79 95
0 52
41 87
94 17
0 55
0 95
0 33
0 19
0 49
0 4
0 87
0 3
0 90
0 79
70 93
0 70
33 42
0 60
39 94
92 95
74 95
19 95
0 57
0 91
0 39
77 95
0 46
48 95
2 95
0 11
0 80
