5
82
50
24
33
77
100
0 99
0 22
0 2
0 20
0 27
0 87
36 99
0 47
0 15
0 44
0 41
0 79
0 68
0 92
0 85
0 72
57 99
0 51
0 12
0 8
67 99
0 42
0 29
0 93
20 99
72 99
61 99
0 55
0 53
3 99
35 99
0 66
0 46
0 18
0 14
0 11
0 17
0 84
0 57
0 95
0 65
0 94
0 64
0 5
92 99
0 23
69 99
37 99
22 99
0 4
0 62
74 99
39 54
0 86
0 39
12 99
0 28
0 96
43 99
0 67
0 83
0 63
0 60
0 13
0 88
34 99
44 99
95 99
0 32
0 75
49 99
42 99
0 1
0 6
75 99
0 30
0 19
0 98
26 99
0 10
0 35
0 97
0 45
0 36
83 99
0 90
0 74
0 34
0 76
45 99
0 71
0 59
0 3
0 52
0 48
0 56
0 43
0 9
0 38
0 16
