5
88
69
65
37
32
100
1 98
0 72
0 63
86 98
27 98
5 81
0 41
0 30
0 84
0 56
0 38
0 23
0 54
22 87
0 22
0 33
81 98
0 1
0 7
35 83
56 98
36 98
63 74
0 6
0 26
0 80
0 16
80 98
74 98
40 98
89 98
40 79
84 98
18 98
50 98
0 40
0 36
0 29
0 25
0 98
0 3
0 60
0 27
0 87
0 5
0 9
0 90
0 62
0 70
54 98
57 98
0 77
0 94
0 74
0 57
26 98
30 98
0 35
0 47
0 92
0 10
0 85
78 48
16 98
0 58
0 28
0 50
0 48
0 19
59 60
0 59
0 82
78 13
78 97
29 54
0 78
0 89
0 13
0 67
81 24
0 81
0 64
0 20
0 79
0 43
75 13
0 73
0 53
0 91
13 98
83 98
93 98
0 86
0 2
0 68
0 18
0 96
0 83
0 45
0 17
