5
77
22
25
30
98
100
0 25
11 15
0 68
91 99
10 84
0 6
0 80
0 20
0 19
44 15
15 99
0 81
3 18
10 5
0 10
0 71
0 69
0 70
18 99
42 69
74 99
0 8
0 3
0 90
0 28
7 99
0 7
0 23
0 85
96 99
13 99
0 94
0 78
26 95
0 2
0 14
0 97
0 84
0 86
0 9
0 73
0 4
0 87
0 67
0 34
0 11
0 83
59 83
0 29
55 40
0 74
21 99
95 99
0 91
0 75
0 72
0 79
27 54
27 59
73 99
71 99
0 27
96 79
0 21
0 88
0 18
13 9
0 15
0 31
0 96
24 37
0 33
0 82
5 99
0 5
28 99
31 99
67 99
0 92
16 99
76 99
7 14
20 99
0 16
0 93
0 17
0 26
0 24
0 32
0 13
0 76
0 12
0 95
0 89
66 99
1 99
10 99
2 99
90 99
87 99
