5
61
44
79
1
47
100
62 22
22 99
0 37
0 78
0 28
0 49
87 99
0 90
0 39
0 63
0 71
0 12
0 50
0 55
0 99
0 81
8 99
0 59
0 87
0 42
0 66
0 86
0 3
0 17
0 23
0 73
0 38
0 41
0 82
0 95
0 96
0 76
0 64
0 32
0 36
57 99
71 99
48 99
0 27
0 8
0 52
0 77
0 51
0 92
6 99
9 99
89 99
3 99
0 70
0 91
26 99
16 99
88 99
75 99
66 99
40 99
97 99
38 99
28 99
14 99
80 96
82 99
64 99
73 99
30 99
92 99
24 99
54 99
43 99
17 99
37 99
34 99
68 99
13 99
35 99
29 99
84 99
62 99
56 99
32 99
69 99
90 99
45 99
80 35
80 90
20 99
25 99
80 13
42 99
41 99
4 99
78 99
95 99
7 99
18 99
80 33
80 49
67 58
80 50
9 77
