5
36
81
49
92
56
100
0 1
0 11
0 62
0 60
0 15
83 95
0 68
42 95
24 95
47 95
39 95
14 95
0 63
0 4
23 95
45 95
0 57
0 91
32 95
0 47
0 48
0 58
0 6
78 57
0 45
64 95
54 95
0 75
0 93
0 40
0 80
0 30
90 95
41 95
6 95
41 62
31 41
3 95
38 95
16 95
20 95
63 95
40 95
68 78
21 2
48 77
31 94
78 16
51 33
31 63
31 21
89 1
22 50
31 85
31 1
16 50
31 42
78 8
31 65
89 33
50 33
35 33
31 66
2 33
13 30
14 42
1 33
20 69
65 11
31 20
8 9
69 90
31 14
7 55
31 8
90 33
13 62
31 16
83 54
55 33
70 40
85 33
31 25
9 7
82 88
29 5
31 13
37 33
62 40
5 33
76 40
38 11
73 45
73 9
73 58
20 19
86 40
31 78
55 19
78 39
