5
4
42
66
65
2
100
0 89
0 28
35 56
0 80
0 25
0 73
78 56
67 56
0 86
31 38
0 82
0 40
0 85
0 27
0 78
87 38
60 3
52 48
68 1
35 68
44 50
72 23
35 72
48 38
73 57
35 45
67 57
35 44
49 19
49 69
35 41
6 53
35 29
39 25
39 22
57 38
39 80
83 27
6 24
20 38
77 38
35 39
75 38
6 36
60 19
33 37
53 38
69 21
60 33
6 29
69 24
40 81
83 60
37 9
86 24
6 77
23 15
36 9
78 58
72 9
34 23
83 28
50 52
9 46
16 31
83 12
11 85
10 85
19 43
32 43
83 6
31 85
86 76
28 69
83 32
71 85
83 11
76 1
83 78
76 36
78 1
20 33
36 85
47 62
47 76
58 23
1 85
55 85
47 63
16 69
13 29
15 27
74 77
20 15
77 85
23 69
13 25
29 33
27 69
30 6
