5
5
14
67
48
68
100
0 73
35 34
42 57
13 57
43 49
0 55
0 33
0 27
0 32
0 56
69 21
0 39
0 15
0 24
21 73
7 73
0 50
58 73
69 73
0 3
71 73
0 41
0 70
0 53
0 31
0 21
0 52
0 60
0 20
0 35
0 51
0 2
20 73
62 73
37 49
0 10
0 64
0 54
0 17
0 36
0 8
0 71
0 4
0 61
3 73
8 73
42 63
13 73
43 73
59 73
9 73
40 73
15 73
1 73
47 73
23 73
63 73
55 73
3 49
72 25
49 73
19 42
0 19
0 69
0 46
0 66
0 25
50 73
46 73
0 45
57 73
0 29
0 65
28 73
0 11
0 23
0 40
0 44
0 63
0 38
0 43
0 42
45 73
0 58
35 73
0 47
0 37
0 34
0 7
0 16
0 13
0 1
0 57
0 26
0 6
0 18
0 9
0 72
25 73
0 28
