5
72
59
14
38
52
100
72 38
0 16
0 99
0 95
0 74
0 33
0 70
0 21
0 66
0 98
0 5
0 79
0 48
0 61
0 78
98 99
12 28
0 12
23 99
0 23
0 69
0 68
0 92
0 17
0 4
81 31
0 81
21 99
60 99
60 33
33 99
0 62
0 58
0 39
0 63
0 37
0 96
53 99
37 99
88 12
80 36
80 68
97 63
0 80
0 75
0 87
0 49
0 89
8 96
0 8
0 91
0 47
0 22
0 2
0 32
0 20
0 29
0 65
0 64
0 19
0 88
0 6
0 9
0 35
0 26
0 11
0 44
0 43
0 86
55 58
55 42
0 55
0 53
0 40
7 4
0 7
65 99
0 56
85 68
63 99
15 87
87 99
28 99
85 99
0 85
0 10
0 93
0 3
0 41
0 73
0 97
0 82
13 99
0 54
0 84
0 18
0 60
0 34
0 36
9 99
