5
6
68
29
37
21
100
0 90
0 76
61 14
60 99
61 41
12 13
57 99
12 82
64 99
27 99
28 99
46 65
46 10
61 46
72 99
71 42
2 82
33 87
2 49
4 49
12 24
5 49
12 39
58 49
53 16
12 84
54 92
25 87
12 33
8 20
84 5
91 35
48 60
54 49
8 66
96 55
19 25
49 82
19 58
84 66
56 7
8 53
27 48
8 27
5 87
39 16
8 13
66 87
2 42
17 16
58 76
77 59
25 76
23 2
97 94
62 59
70 76
74 59
59 76
78 58
14 69
81 77
19 31
40 91
52 41
58 5
81 9
90 41
8 19
67 46
69 5
81 88
1 57
81 1
91 5
8 78
35 92
73 92
47 70
30 95
62 53
46 70
24 31
8 23
77 92
57 53
83 5
42 53
78 53
30 77
33 26
35 49
81 30
31 53
78 95
33 28
74 36
15 47
36 41
28 9
