5
25
84
2
57
23
100
77 93
42 93
26 93
0 31
0 30
0 51
55 93
90 93
0 12
0 76
0 92
26 46
21 93
62 93
69 93
0 4
0 53
81 93
82 93
0 90
0 78
0 80
0 52
43 93
0 49
0 41
0 45
0 1
4 93
0 13
0 59
0 18
0 82
54 93
0 15
0 21
0 11
8 93
0 69
0 67
22 93
0 3
76 93
0 79
0 10
86 93
0 28
0 17
37 14
52 93
14 93
11 93
41 93
39 93
0 38
37 75
59 93
37 79
0 37
0 48
0 8
0 7
28 93
66 93
70 93
92 93
6 14
18 20
6 43
6 78
6 28
63 67
14 19
6 19
6 82
6 50
55 19
69 9
65 31
49 19
43 10
80 75
20 24
6 7
45 24
80 15
80 69
63 19
41 67
16 19
80 65
11 78
90 85
24 19
6 80
22 19
6 63
86 85
73 19
14 85
