5
82
19
27
38
53
100
0 58
0 41
0 45
0 28
32 93
0 71
0 52
0 73
39 93
84 40
0 35
0 34
43 93
11 93
80 93
0 7
0 10
0 18
0 57
0 6
0 31
0 60
0 37
0 3
0 69
0 65
86 93
0 11
0 48
46 93
47 80
17 93
37 93
36 93
88 93
55 93
13 93
75 93
47 73
47 1
45 93
54 93
47 89
9 93
21 14
65 93
47 3
6 93
20 93
18 93
92 12
25 12
68 74
74 12
47 34
54 12
20 12
59 24
42 37
47 24
87 78
87 34
47 92
54 5
47 42
47 30
62 46
47 62
75 64
23 34
46 24
40 56
47 75
40 73
2 72
37 15
24 12
54 23
91 12
50 9
14 12
50 49
77 11
5 92
83 74
37 34
34 12
54 35
47 54
50 14
60 12
80 17
17 12
56 8
62 12
8 12
65 12
21 73
83 23
39 66
