5
86
33
2
11
79
100
0 7
0 83
0 54
0 45
0 91
0 38
0 64
0 55
0 99
0 89
0 87
21 99
0 57
0 1
0 75
0 74
0 12
29 99
0 16
0 15
0 58
0 68
0 17
0 4
80 99
67 99
0 53
0 66
0 67
0 43
0 90
0 13
0 84
0 3
0 28
0 59
0 18
0 63
0 85
49 99
0 39
0 56
0 94
64 99
0 29
0 51
0 49
0 76
0 77
0 72
5 99
34 99
0 81
3 99
0 88
17 99
0 97
0 65
0 98
0 50
9 99
0 78
0 60
0 20
0 82
0 6
0 48
0 24
0 70
0 36
61 12
10 99
41 99
72 99
14 99
32 99
75 87
13 99
60 99
56 99
78 99
30 99
76 99
58 99
61 8
15 99
46 99
68 99
98 99
95 99
62 99
42 99
1 99
8 99
82 99
96 99
75 28
65 99
66 99
61 75
