5
69
60
74
48
92
100
0 61
78 99
0 19
0 58
0 2
0 88
23 99
0 98
0 7
0 93
79 99
0 18
0 1
0 12
0 15
0 22
0 23
0 20
0 99
1 93
0 62
33 49
0 47
0 67
0 71
0 63
0 30
0 84
0 34
0 38
0 39
0 9
0 57
49 99
0 6
0 26
20 99
0 31
0 95
77 99
58 99
0 72
90 99
9 76
0 37
0 14
0 5
0 33
0 25
0 44
0 94
0 4
0 27
75 90
6 99
84 99
87 99
15 99
83 99
52 99
76 99
50 99
66 99
82 99
25 99
97 99
75 55
30 99
3 99
29 99
85 99
72 99
89 99
51 31
75 99
94 99
59 99
67 99
45 99
88 99
56 99
54 99
31 99
80 99
8 99
5 99
93 99
98 99
24 99
75 87
75 7
37 99
65 99
75 29
43 99
72 36
88 87
75 89
21 87
13 81
