5
67
51
7
49
22
100
0 37
62 94
78 94
0 77
15 94
45 94
0 60
0 31
0 16
0 54
18 94
41 94
12 94
0 86
25 28
0 25
73 94
11 94
48 94
14 94
1 81
0 42
0 15
81 94
78 59
59 94
27 94
13 48
30 48
32 94
5 94
89 94
78 13
30 91
1 75
0 78
17 43
43 94
19 16
35 94
0 57
0 64
0 47
0 79
0 19
0 45
0 55
0 85
0 36
0 70
0 68
0 69
0 1
0 66
0 93
0 17
0 92
0 74
0 81
0 14
0 35
0 28
0 90
0 50
0 71
0 73
0 3
64 94
0 75
66 94
63 94
0 12
0 56
0 87
0 94
0 46
0 41
0 82
0 23
0 65
0 88
0 5
0 24
0 48
0 89
0 61
0 63
0 33
23 11
0 6
0 44
87 94
0 39
0 84
0 34
0 83
0 62
0 29
61 94
72 94
