5
64
20
13
25
48
100
0 1
0 75
0 39
0 36
0 72
0 26
0 51
0 23
0 85
0 15
0 49
35 99
0 29
27 99
36 99
0 92
0 79
51 99
0 12
0 71
45 99
0 59
0 63
0 68
0 9
0 61
0 44
0 41
0 65
33 99
15 99
29 99
77 99
0 62
0 69
32 99
0 7
0 99
10 99
98 99
0 43
79 99
46 99
7 99
0 11
50 99
0 86
0 17
0 76
0 24
0 28
0 27
0 34
0 89
92 99
0 5
0 81
39 99
0 82
0 50
24 99
0 78
0 93
0 77
0 56
0 80
57 99
0 70
0 90
28 99
0 57
0 40
73 99
0 19
42 99
0 95
0 91
0 60
0 38
0 18
0 94
0 4
0 31
47 99
71 99
40 99
22 99
21 99
38 99
54 99
0 67
0 21
0 87
0 55
0 88
0 52
97 99
45 56
56 99
61 99
