5
54
49
26
8
41
86
0 10
27 32
46 50
75 98
34 6
23 47
62 74
82 29
46 27
47 69
53 74
40 98
37 6
67 47
66 81
32 58
93 57
89 39
46 25
6 11
53 27
34 66
46 34
5 43
11 98
45 86
45 79
1 57
2 58
36 55
44 62
24 42
47 76
53 22
95 56
52 74
23 88
74 48
4 20
74 71
38 10
86 60
83 78
73 61
84 57
61 55
95 51
90 65
80 95
70 40
78 42
1 47
94 17
48 59
35 82
30 43
87 63
30 63
79 21
22 85
10 39
37 35
12 73
62 25
19 72
91 9
19 76
69 40
19 53
64 85
31 3
14 6
77 82
4 21
7 78
77 13
25 93
76 65
21 40
78 85
5 73
95 3
91 69
73 33
13 64
77 2
