5
92
22
36
60
48
100
29 38
0 49
95 44
31 30
53 98
35 54
61 81
95 20
7 38
31 53
8 77
3 38
54 38
98 80
80 67
41 82
44 30
1 82
16 83
86 82
89 62
82 38
31 61
2 88
9 57
93 51
76 17
57 65
71 86
91 65
57 17
44 66
44 93
9 72
17 65
28 91
89 46
1 11
81 39
28 57
20 51
11 86
3 23
62 80
72 45
66 43
64 23
1 87
14 25
79 32
65 88
42 68
74 41
56 19
89 29
66 33
79 47
35 76
9 62
79 81
68 87
5 39
32 19
45 58
19 47
66 53
90 58
66 50
16 69
5 55
28 79
34 2
84 26
25 47
40 5
91 58
9 93
9 3
37 33
78 87
37 29
20 69
13 72
26 87
13 56
39 69
72 70
6 37
74 6
80 24
86 88
8 51
59 80
70 34
23 81
81 69
85 69
98 16
98 8
51 35
