5
97
85
42
84
89
100
2 99
0 5
0 2
0 36
0 13
0 98
0 52
44 99
0 32
0 11
0 29
18 99
56 23
23 99
55 99
9 99
0 54
93 22
0 93
0 8
22 99
34 99
32 99
49 99
82 4
4 99
0 81
0 51
0 63
0 23
0 59
0 58
0 38
0 95
54 99
0 10
0 75
0 31
0 26
0 35
41 99
39 99
15 99
86 99
0 27
71 99
72 99
0 78
0 9
0 49
0 56
0 25
0 19
0 65
0 88
0 68
0 99
0 48
0 34
29 99
0 37
0 7
0 92
58 67
0 20
90 99
16 99
0 90
0 3
0 79
0 43
0 87
0 66
0 74
0 21
0 67
0 62
0 33
0 53
69 99
0 57
0 96
48 99
47 99
27 99
83 99
96 99
50 99
28 99
64 46
0 64
0 39
0 40
0 60
0 24
0 61
0 41
0 44
0 80
0 45
