5
68
36
9
72
91
100
0 58
0 4
38 96
0 37
0 27
21 96
66 96
0 84
0 13
18 96
17 96
0 31
0 23
65 96
28 96
69 96
0 76
0 69
0 79
0 67
0 57
85 96
0 19
0 94
0 44
0 12
6 96
0 75
0 34
0 61
0 59
0 63
0 66
54 96
0 10
0 51
11 96
8 96
0 40
0 39
50 96
0 53
84 96
24 96
0 85
3 96
0 28
0 18
0 70
19 96
0 15
0 46
0 50
0 64
0 93
0 87
0 78
0 60
35 96
0 41
0 95
31 96
49 96
0 17
0 90
0 20
0 35
47 96
0 3
0 11
0 47
0 54
0 92
0 32
46 96
0 21
87 96
16 96
74 63
80 96
57 96
58 96
81 96
74 96
44 96
23 96
55 96
2 96
71 96
34 96
51 96
90 96
64 96
26 96
92 96
78 96
37 96
30 96
74 21
80 53
