5
85
7
57
49
66
100
66 96
0 62
0 45
0 25
0 50
0 86
54 96
0 64
0 95
88 5
0 70
0 60
0 73
0 28
0 48
0 13
0 82
0 14
0 53
0 11
0 75
0 93
0 32
0 92
0 69
0 54
0 26
0 5
0 12
0 22
0 24
0 2
0 35
0 8
89 96
35 47
0 81
0 79
0 17
27 96
0 20
0 44
0 87
0 36
0 52
0 63
0 55
0 18
90 47
37 81
0 80
60 23
47 96
34 96
36 14
0 16
0 42
0 61
29 96
0 37
0 38
0 19
0 90
77 96
0 77
9 21
54 24
0 9
41 96
70 75
0 41
76 31
0 76
0 84
0 56
0 39
0 72
0 10
52 60
88 75
1 22
0 1
0 96
0 71
0 51
0 59
0 30
0 27
0 31
0 4
0 3
0 65
0 6
0 33
0 68
14 96
0 67
0 21
0 83
0 34
