5
71
60
98
68
50
100
41 92
0 80
0 6
38 99
13 99
0 28
0 57
0 9
92 99
36 99
0 55
0 86
0 75
0 5
0 37
59 99
85 99
0 11
0 99
0 94
0 49
0 20
72 87
0 72
0 81
0 78
0 76
0 51
0 77
1 99
0 58
0 41
2 69
0 2
0 17
0 89
0 25
9 99
82 99
0 12
0 96
23 99
24 49
33 99
86 99
0 24
48 99
0 48
0 54
0 18
0 82
0 32
54 99
10 87
72 25
91 34
33 25
0 59
0 88
8 87
0 8
19 99
0 22
69 99
0 69
0 38
33 22
0 1
0 13
0 56
61 29
0 61
7 99
0 73
0 29
0 34
0 27
0 31
40 99
0 39
0 67
0 87
0 19
0 23
0 43
0 47
0 42
0 14
0 16
0 90
0 30
0 65
0 97
0 10
87 99
0 45
22 99
0 3
0 53
0 40
