5
56
3
38
33
49
100
0 21
44 59
0 40
0 13
0 26
0 2
8 59
4 59
5 59
0 50
0 34
0 44
0 16
9 59
0 28
0 32
0 6
0 59
0 47
0 29
0 37
0 22
0 14
0 27
0 36
0 45
0 5
0 54
0 58
0 15
0 31
0 51
40 59
41 59
26 59
0 48
52 59
0 30
0 46
0 4
0 12
0 17
0 18
0 43
0 9
0 7
0 8
0 39
0 23
0 41
0 55
0 35
37 59
28 59
16 59
57 59
48 59
55 59
6 59
45 59
30 59
0 24
0 19
0 42
13 59
0 20
52 32
7 59
52 25
44 58
52 44
18 11
2 59
52 26
42 59
10 59
34 59
39 59
43 59
52 34
11 59
15 59
23 59
52 43
36 59
17 59
29 59
31 59
32 59
14 58
53 59
51 59
35 59
52 6
22 59
27 59
54 59
47 59
52 13
19 59
