5
86
57
9
60
69
100
0 56
74 99
0 73
0 82
96 99
56 99
59 99
0 95
0 75
37 80
0 37
64 99
0 3
52 99
7 99
48 99
84 74
58 99
92 3
83 21
97 28
76 21
73 21
80 78
92 33
45 25
78 21
25 21
36 3
79 4
66 21
92 36
62 15
92 84
92 88
50 21
79 19
55 4
79 28
92 7
59 76
92 53
79 82
92 79
63 17
34 27
10 46
62 46
80 38
13 85
20 82
85 82
96 49
36 21
38 21
35 11
96 50
92 96
29 83
13 34
92 95
92 17
6 28
77 88
92 67
92 13
4 21
19 46
72 91
11 46
24 97
55 17
76 46
92 72
41 82
95 29
17 21
78 82
95 80
72 62
2 46
28 21
24 37
82 21
66 46
92 1
24 42
20 46
92 5
30 49
30 85
49 46
59 46
76 85
52 46
24 30
48 90
17 46
24 77
24 79
