5
98
51
77
87
14
100
45 49
35 99
93 99
54 99
31 90
15 99
7 99
83 99
0 83
0 99
58 99
0 88
33 99
0 33
0 18
0 75
0 52
0 46
0 54
79 99
3 99
18 99
0 40
0 48
0 12
0 80
31 99
0 89
82 99
0 70
0 59
52 99
12 99
0 39
0 5
0 82
0 23
0 53
0 69
0 60
0 61
0 67
0 25
0 43
0 9
0 66
0 41
0 26
0 72
0 21
0 15
0 32
0 37
0 17
0 3
16 99
0 47
60 99
0 56
0 86
0 35
0 91
0 95
0 49
0 93
0 96
0 1
0 27
0 10
0 31
68 99
0 58
0 30
65 99
61 49
50 99
28 61
34 99
43 99
32 99
64 99
49 99
29 99
59 99
91 99
88 99
30 99
96 99
13 99
74 99
21 99
66 99
81 99
56 99
9 99
55 99
44 99
28 5
28 12
42 99
