5
91
83
16
77
4
100
0 92
0 59
0 73
0 23
73 92
1 92
66 92
60 92
46 92
0 35
0 37
0 84
0 20
0 68
52 34
0 62
0 6
55 34
0 67
0 71
0 13
21 10
0 22
0 41
0 5
34 92
71 92
70 92
18 92
26 92
75 33
80 56
43 56
56 92
0 75
0 28
0 8
0 7
0 42
0 82
0 64
0 72
12 92
37 92
0 69
0 65
0 48
0 80
0 51
0 24
52 28
18 38
0 33
0 11
0 3
0 43
0 2
0 58
0 29
0 9
0 45
49 67
67 28
0 79
0 40
0 81
0 17
0 36
11 92
0 32
0 1
0 78
0 87
36 92
0 60
0 52
28 92
51 92
44 68
0 44
8 41
0 76
0 30
0 27
52 41
0 86
0 56
63 8
59 43
63 27
0 63
41 92
0 46
0 31
0 88
55 92
0 49
0 53
74 92
0 34
