5
66
55
32
6
20
100
46 74
0 40
15 74
43 74
71 74
28 74
8 48
16 25
73 74
0 7
0 38
69 64
0 69
58 74
0 58
0 46
0 1
0 11
0 48
44 74
0 60
54 74
0 4
0 62
33 74
0 21
0 61
0 64
0 53
0 51
0 73
42 74
0 36
0 17
0 23
0 33
0 44
0 10
0 35
0 24
0 8
0 54
0 29
48 74
23 74
17 74
0 15
11 74
13 26
46 38
38 74
30 74
31 74
40 74
57 74
16 47
0 13
0 59
0 12
0 28
0 43
0 68
0 26
0 18
0 25
0 56
0 74
0 41
0 72
0 71
0 37
0 5
0 34
25 74
0 49
3 74
0 45
0 67
0 70
0 31
0 65
0 22
59 74
1 74
0 47
0 27
0 14
0 42
0 2
35 74
0 16
0 19
0 9
10 74
24 74
0 39
0 3
67 74
0 63
56 74
