5
40
87
54
30
59
100
0 32
0 16
0 43
0 10
0 29
98 99
0 74
0 64
85 99
0 6
88 99
63 70
42 50
27 2
50 83
5 83
4 33
27 58
68 93
89 4
33 83
15 56
32 83
27 97
63 28
97 83
44 10
10 68
63 34
44 13
85 80
4 68
92 68
14 68
80 68
91 74
64 68
97 68
63 41
88 97
46 74
16 74
49 74
43 74
48 41
75 23
12 29
64 90
41 90
29 90
44 6
61 6
63 6
25 28
82 9
11 79
8 47
23 90
63 91
11 27
63 89
63 75
51 19
27 28
16 20
86 19
42 39
19 28
63 88
49 90
77 33
63 44
63 11
7 33
80 6
17 51
79 67
63 55
86 91
56 32
22 84
98 57
5 18
13 33
20 28
28 90
3 70
32 6
48 73
92 6
24 33
84 6
48 60
17 48
86 98
63 17
86 72
81 88
70 33
96 94
