5
88
55
59
89
32
100
0 43
0 21
0 10
0 85
0 72
0 4
0 66
0 13
0 53
0 38
0 6
0 46
0 22
0 27
0 23
0 3
0 14
30 99
0 49
0 80
0 75
0 8
0 1
0 20
0 18
0 17
0 45
0 79
0 42
0 19
0 82
0 83
0 37
0 87
31 99
34 99
29 99
0 50
0 78
45 99
0 35
0 58
38 99
0 7
0 39
86 99
61 99
10 99
0 77
0 76
0 44
0 99
0 12
0 95
0 47
9 99
54 99
0 68
0 94
0 30
0 92
0 28
0 57
0 67
75 99
0 69
0 98
0 70
0 86
0 26
0 52
0 24
0 36
0 48
0 56
0 25
0 97
0 62
0 64
0 65
0 41
0 60
51 99
0 31
4 99
16 99
0 96
0 15
60 99
0 71
0 61
25 99
0 84
0 29
0 40
0 73
0 54
14 99
0 9
0 2
