5
54
21
14
94
8
100
0 3
0 46
0 27
0 24
0 6
97 99
41 99
70 99
2 99
0 31
56 99
0 34
0 2
0 99
0 91
0 42
0 4
0 13
0 69
74 99
0 15
0 10
49 99
4 99
37 99
0 39
0 29
51 82
0 52
0 59
0 64
0 51
0 79
0 85
0 72
0 76
0 33
0 81
0 25
0 19
0 71
0 44
0 97
0 55
0 92
0 50
81 99
0 77
9 99
0 30
0 65
0 60
0 49
34 99
0 22
0 90
0 53
0 45
0 1
0 62
52 99
0 86
92 99
0 5
0 11
0 98
0 75
0 35
24 99
0 9
0 17
0 37
36 66
0 20
33 99
0 26
0 58
22 99
0 36
0 66
0 74
0 40
0 18
28 99
0 56
0 73
86 99
0 47
0 63
0 70
0 83
7 99
0 16
0 89
30 99
0 84
0 93
67 41
67 73
82 99
