5
18
53
65
62
28
100
20 99
39 99
33 99
19 99
61 35
69 37
21 49
44 81
40 63
49 35
90 35
9 68
9 43
9 64
9 78
24 91
59 29
9 51
8 87
22 71
9 14
36 19
9 12
86 94
22 40
50 69
56 45
19 35
96 22
3 6
72 42
50 4
50 32
30 35
4 92
3 76
78 84
4 56
96 3
50 75
50 13
58 91
96 50
69 34
79 91
90 1
84 92
67 98
90 92
74 43
4 74
57 91
93 87
96 7
4 5
90 81
90 63
32 91
92 91
98 91
77 6
88 95
79 76
34 56
86 10
25 10
94 59
4 69
76 56
1 10
67 71
90 27
10 56
59 97
75 68
85 60
89 45
75 20
41 97
14 97
1 55
25 76
64 63
90 25
74 85
27 20
63 6
37 77
97 6
52 71
89 58
75 69
41 71
4 90
42 71
29 39
64 71
4 1
38 71
78 19
