5
3
51
81
68
41
100
41 92
0 89
0 2
0 4
0 58
0 19
67 29
77 64
39 29
0 23
19 29
71 29
10 64
29 92
0 71
0 6
0 60
0 26
0 9
0 92
73 46
0 73
0 63
0 67
0 42
0 18
0 57
6 92
0 43
0 75
0 29
76 92
0 14
0 50
0 80
0 79
40 16
40 38
0 40
0 35
0 33
0 31
46 42
0 52
0 11
0 28
0 37
0 83
0 44
0 59
0 77
0 45
42 92
90 92
0 82
0 56
0 24
61 92
0 90
0 7
0 78
60 92
0 66
0 72
89 92
0 62
0 86
11 92
0 32
0 76
0 54
0 1
0 20
0 64
0 69
0 91
0 13
0 39
57 92
0 12
0 30
23 92
36 92
30 92
40 92
13 92
0 38
79 92
0 10
24 92
0 84
0 74
26 92
38 92
17 92
62 92
0 15
0 5
0 21
0 70
