5
46
33
59
15
67
100
0 97
0 12
0 53
17 36
30 76
50 56
37 64
22 62
85 75
76 64
82 30
31 94
8 83
16 19
18 86
82 23
83 2
68 22
84 79
39 19
18 50
30 17
58 2
68 20
79 38
95 2
2 19
17 38
12 42
85 18
58 38
9 89
51 81
76 36
36 89
69 58
68 12
97 83
6 98
74 28
47 17
69 9
51 66
84 55
26 44
61 56
61 14
49 93
6 74
69 80
57 25
55 48
78 34
88 80
72 13
84 47
25 28
72 88
60 62
66 93
31 63
81 87
65 93
56 92
60 91
93 24
77 11
83 24
70 34
75 45
44 34
90 71
77 60
55 26
71 63
44 62
72 14
87 40
1 92
90 79
35 51
1 43
78 18
90 3
23 70
10 32
40 48
45 73
94 16
48 62
70 63
9 8
53 77
52 27
57 92
3 5
7 5
31 26
13 27
32 39
