5
60
4
78
54
79
100
0 18
28 89
0 75
87 89
0 6
0 71
0 86
0 43
0 21
19 89
0 88
27 89
0 24
0 63
1 89
0 66
0 40
64 89
0 61
0 7
0 37
81 89
0 22
0 50
13 65
86 89
43 89
70 89
59 89
44 89
40 89
62 89
35 89
16 89
32 89
71 89
87 66
13 6
52 66
50 39
13 12
82 38
87 74
71 15
13 87
82 5
44 39
45 62
25 35
86 64
16 66
12 7
62 39
1 8
34 66
82 45
66 39
17 35
28 5
13 88
68 12
30 35
35 39
13 10
15 39
52 39
24 17
36 39
55 39
37 70
11 39
38 39
13 82
73 39
58 39
58 3
42 24
13 34
70 3
42 41
43 48
23 20
20 57
42 16
3 39
43 38
86 84
43 68
84 39
56 39
57 39
13 75
13 44
48 68
10 68
36 68
42 81
30 45
13 67
42 31
