5
4
95
2
53
27
100
0 14
40 99
49 99
0 32
0 85
0 48
76 16
16 35
33 5
45 68
3 47
5 93
78 31
17 68
26 87
78 42
13 58
72 67
80 97
78 76
6 90
80 65
77 80
36 10
72 6
87 35
72 13
73 35
17 94
78 94
71 93
72 78
81 12
85 54
81 39
70 31
19 54
28 45
81 98
67 31
91 31
24 44
21 49
44 13
1 70
80 54
19 93
83 43
56 26
83 28
10 74
14 70
81 79
23 38
88 91
83 23
85 79
37 44
24 59
21 14
81 85
64 13
34 5
49 93
76 31
21 64
61 34
12 16
58 71
54 93
26 70
79 10
11 13
1 10
28 33
61 66
88 23
20 30
79 57
13 93
50 29
26 8
67 8
42 60
12 79
96 57
33 45
57 45
51 55
88 68
60 66
26 55
87 1
12 88
97 55
42 49
58 60
12 56
51 62
26 49
