5
72
32
33
94
41
100
0 16
0 14
0 26
47 99
80 99
0 29
8 99
90 99
93 11
69 99
0 93
53 19
0 53
0 66
70 99
54 99
64 99
22 99
86 99
61 45
74 99
26 99
56 99
84 99
15 99
0 61
23 99
0 36
38 53
0 18
0 60
0 9
0 46
17 1
17 90
0 17
13 85
0 13
0 99
31 46
0 84
0 95
0 48
46 9
0 20
0 76
21 53
4 87
0 3
0 86
0 91
0 57
0 24
77 99
0 55
0 47
0 45
59 99
0 59
30 9
0 15
0 69
0 25
0 80
0 40
0 79
0 35
52 9
0 4
0 87
9 99
13 99
11 91
16 99
4 99
58 99
50 99
0 11
0 82
0 75
0 22
0 38
67 99
0 10
28 99
88 99
0 73
0 1
0 50
0 27
2 99
0 90
0 23
79 99
0 65
0 89
0 21
0 56
36 99
40 99
