5
84
88
10
15
9
100
0 61
0 83
0 22
91 95
0 72
27 95
80 95
0 27
0 58
0 67
0 2
0 21
0 46
0 47
12 95
53 95
67 95
44 95
0 53
0 57
0 25
0 51
0 86
0 69
0 78
34 48
58 70
0 90
0 74
0 82
0 95
0 39
0 94
0 7
0 6
0 24
80 42
69 41
0 80
42 16
0 42
72 95
0 14
0 11
67 70
21 83
0 18
0 70
0 28
0 12
0 1
0 48
0 71
0 63
0 17
0 56
0 13
0 19
5 2
25 2
5 69
0 5
0 26
70 95
0 4
0 45
0 79
0 77
0 55
0 75
0 30
0 66
0 44
0 65
0 68
5 95
0 33
0 3
0 62
0 37
0 85
0 49
0 32
25 95
0 73
0 31
0 64
0 52
0 40
0 93
0 92
0 50
0 89
0 36
0 43
0 91
0 81
56 95
22 95
82 95
