5
50
96
97
42
79
100
0 33
71 99
0 87
0 12
0 56
0 37
0 51
49 99
41 99
78 99
1 99
0 40
0 72
0 45
0 66
0 10
0 29
80 99
0 36
0 55
0 30
0 44
0 94
0 54
0 34
0 2
0 35
0 84
0 93
0 85
0 14
67 99
0 69
0 65
2 99
0 1
0 91
5 99
0 53
85 99
25 99
38 99
0 70
0 23
0 74
0 47
0 4
0 38
36 99
23 99
75 99
0 17
0 63
87 99
0 24
0 86
0 20
0 71
61 99
0 82
0 59
0 57
0 46
0 68
0 11
0 80
0 81
0 6
0 26
0 3
0 8
0 89
0 25
0 90
0 95
0 21
66 99
13 99
76 99
0 9
0 5
0 39
0 99
93 99
90 99
0 92
0 58
0 19
0 41
56 99
0 43
0 61
0 7
0 62
0 73
0 22
0 77
43 99
0 75
57 99
