5
84
83
15
64
44
100
74 88
0 34
0 63
0 6
35 88
0 23
0 48
0 85
0 2
0 35
0 46
0 26
0 79
0 3
0 40
0 41
0 10
30 88
60 5
0 52
0 65
0 76
0 8
3 88
0 16
40 88
0 60
0 56
0 49
0 5
0 43
53 88
0 81
0 62
0 24
75 88
28 88
87 88
20 55
23 88
48 88
16 88
20 25
10 88
77 88
42 88
27 88
76 88
67 88
6 88
66 88
20 38
18 88
17 88
32 86
19 86
85 86
86 88
55 88
42 68
46 88
20 48
54 88
50 88
23 29
35 43
29 2
2 88
59 88
79 88
80 88
12 56
20 32
19 31
31 88
18 9
20 33
39 88
20 74
20 73
36 88
68 88
14 88
20 12
20 34
51 34
6 56
78 34
8 71
20 11
8 36
87 34
37 34
85 34
20 53
71 18
25 18
20 28
60 4
59 34
