5
4
1
5
98
97
100
95 99
0 2
3 55
96 99
70 94
55 59
3 30
6 55
3 16
79 94
83 91
55 70
55 95
91 94
80 72
96 80
33 21
69 94
62 95
11 55
3 33
9 33
46 55
35 51
21 55
3 9
54 55
19 55
61 94
68 94
82 89
20 22
32 51
72 94
55 85
62 83
3 41
10 47
49 55
55 75
6 8
35 41
2 42
51 33
84 94
62 87
42 55
6 33
15 55
3 35
87 89
55 73
19 33
47 44
3 48
55 83
81 75
54 10
86 94
62 70
93 95
78 94
56 94
89 94
76 94
54 7
55 88
62 93
22 55
3 7
3 24
3 54
3 10
55 94
44 33
34 37
3 8
7 33
34 52
6 53
16 31
62 94
62 77
62 58
33 55
68 77
34 30
81 94
75 94
34 55
43 27
78 88
87 94
68 60
61 78
92 88
61 66
83 79
3 34
14 55
