5
42
40
67
13
24
100
0 21
54 99
27 99
0 16
0 73
16 99
19 99
0 66
32 88
68 99
6 99
0 9
0 5
0 46
0 34
0 77
0 33
0 84
0 76
0 80
38 99
0 92
0 96
0 95
0 30
0 56
0 75
20 99
94 99
0 51
0 63
0 12
0 53
0 32
0 43
61 99
0 2
0 98
0 57
0 25
0 7
0 59
0 18
0 14
0 49
0 82
62 99
0 23
0 72
0 62
0 20
0 4
0 93
64 99
0 6
81 99
78 99
0 11
0 70
46 99
93 99
0 8
0 99
0 65
0 69
0 94
0 87
15 99
2 99
41 99
0 1
89 71
0 22
0 31
0 78
0 61
0 10
0 44
17 99
65 99
0 89
80 99
0 3
55 99
44 99
0 74
60 99
51 99
0 54
90 99
0 81
1 99
0 19
0 15
0 29
0 55
39 99
97 99
11 99
87 99
