5
48
87
8
7
95
100
70 87
15 69
95 15
69 99
0 1
0 89
0 18
0 19
78 99
0 31
0 58
72 99
0 23
93 99
0 94
0 60
0 40
0 11
24 99
12 99
0 67
55 57
0 55
0 17
0 38
0 52
0 27
40 99
0 45
0 4
0 92
0 54
0 15
91 99
0 82
0 69
0 74
0 57
35 99
11 99
0 36
0 13
0 26
96 99
33 99
73 99
0 43
0 86
0 91
0 22
72 58
0 71
0 32
0 6
0 50
0 96
0 66
66 99
0 37
0 75
0 76
0 63
0 39
27 99
0 51
0 46
0 62
0 85
0 97
0 83
0 42
0 10
0 64
0 81
62 11
0 2
6 57
0 65
0 5
85 99
52 99
77 99
30 99
90 99
88 28
88 21
78 45
36 99
41 99
67 99
79 99
12 69
15 14
29 99
62 2
0 88
6 99
71 2
55 58
0 84
