5
90
83
70
47
85
100
0 49
6 99
0 66
0 5
0 29
82 99
0 31
0 58
0 88
0 53
0 97
0 76
0 55
0 34
55 99
0 51
0 18
0 99
0 71
0 36
0 74
0 19
0 57
0 75
69 99
24 99
0 50
0 20
0 60
58 99
0 72
0 87
60 99
95 99
0 81
22 99
0 1
0 62
48 99
0 54
93 99
66 99
74 99
98 99
61 99
51 99
92 45
92 56
63 99
38 99
30 99
71 99
75 99
23 99
28 99
56 99
20 99
33 77
44 57
79 57
45 57
95 57
92 50
92 31
92 11
18 57
54 38
79 37
84 13
52 74
53 23
71 37
8 36
62 3
44 76
32 43
46 10
23 57
37 57
13 57
92 29
92 54
31 57
60 56
51 57
56 21
88 91
11 25
62 10
21 57
34 91
4 19
67 61
65 91
88 55
92 22
8 66
66 57
91 57
6 96
