5
1
97
26
64
70
100
48 99
0 89
85 99
0 67
0 14
58 99
25 12
12 99
35 54
0 61
0 50
0 88
81 23
0 81
0 68
63 99
0 90
76 82
82 99
57 99
0 16
0 85
0 25
0 51
0 34
0 24
0 93
0 36
0 20
0 65
0 92
0 19
0 76
0 78
0 29
0 94
71 99
8 99
68 99
0 40
0 18
0 54
0 3
12 95
42 36
31 3
71 31
87 3
0 12
0 91
0 84
0 10
0 44
0 35
0 73
0 28
10 3
0 60
90 99
0 82
61 3
0 27
0 71
0 41
31 22
0 79
0 66
0 38
0 74
51 99
0 95
0 99
0 39
0 2
0 5
83 99
0 30
0 48
0 42
14 99
27 61
0 59
0 55
0 46
0 53
98 23
0 98
0 32
23 99
60 99
0 58
29 99
49 99
95 99
55 50
50 99
87 99
0 87
0 8
0 52
