5
75
94
21
28
68
100
0 6
0 92
42 99
58 99
0 20
0 3
47 99
0 44
0 16
0 14
57 99
0 22
0 9
23 99
0 18
34 99
0 99
11 99
0 15
0 2
84 99
31 99
0 39
0 43
0 66
0 10
0 49
0 57
0 61
0 64
0 50
0 80
0 88
0 13
0 76
59 99
0 4
0 40
18 99
67 99
0 26
0 72
0 33
0 59
0 91
0 34
0 67
0 78
0 65
0 73
0 5
0 97
0 17
61 99
0 30
0 71
0 11
0 53
0 35
79 99
0 90
0 60
0 19
0 45
0 79
0 7
0 46
0 23
54 99
93 99
66 99
25 99
80 99
55 96
38 99
62 99
96 99
92 99
45 99
53 96
27 55
72 99
46 99
18 53
35 99
18 97
27 23
63 99
70 99
53 99
37 99
36 99
85 99
71 99
6 99
82 99
5 99
95 99
97 99
36 81
