5
42
40
28
49
89
100
0 74
0 94
45 99
0 39
0 86
44 99
17 99
46 99
15 99
67 99
80 99
11 62
76 21
33 22
62 60
52 60
21 22
4 77
84 26
67 10
92 22
4 67
97 86
61 22
35 97
65 96
10 60
88 60
5 82
4 86
33 45
61 41
15 26
4 32
23 84
56 86
22 60
15 2
3 86
4 23
46 80
61 39
45 86
79 60
61 33
4 35
61 56
50 26
67 69
78 74
86 60
24 25
88 29
25 60
44 77
66 60
44 88
44 54
65 47
4 61
38 60
4 81
93 67
21 78
83 93
67 97
8 30
37 83
30 60
27 97
88 30
97 60
3 82
14 82
51 85
4 44
25 87
87 60
94 82
80 93
30 85
50 51
85 60
17 76
76 48
75 8
33 54
93 82
9 82
8 77
91 77
17 27
36 75
37 50
57 27
37 94
10 51
37 16
21 55
27 77
