5
81
61
95
49
83
100
0 7
0 32
0 70
0 84
0 76
0 16
0 55
47 99
0 77
82 99
12 99
0 31
0 67
0 21
0 29
0 87
0 75
62 99
69 99
0 58
0 52
0 22
0 19
88 99
0 46
0 1
0 86
0 74
0 54
0 42
0 20
0 18
0 10
0 71
0 91
0 45
10 99
25 99
0 44
0 88
0 97
0 72
0 8
0 40
0 62
0 37
0 68
0 65
0 51
0 99
0 30
0 3
0 23
0 34
0 89
0 13
0 12
0 63
0 36
60 99
0 2
0 59
0 79
86 99
0 35
0 98
0 60
69 85
45 99
11 99
0 4
0 92
0 6
0 5
0 93
0 39
0 69
0 38
0 57
0 50
48 99
0 28
0 24
0 43
0 33
0 25
0 27
16 99
29 99
0 66
0 90
0 56
0 17
0 14
0 15
0 96
0 53
17 99
0 11
0 41
