5
1
12
73
40
26
83
51 53
41 43
97 99
95 96
89 91
53 54
27 29
92 94
38 39
64 66
8 9
61 63
93 95
46 48
54 56
23 25
21 22
44 45
76 78
90 91
64 65
71 72
84 86
68 70
42 43
55 57
96 98
34 35
77 79
67 69
88 90
92 91
78 80
36 38
28 30
14 16
19 21
85 87
69 70
31 33
29 31
30 32
10 11
74 75
87 89
50 52
49 51
6 7
18 20
79 81
59 60
83 85
7 9
76 77
61 62
67 68
18 19
32 34
33 35
45 47
44 46
53 55
2 4
56 58
62 63
94 95
15 17
5 7
57 58
4 6
3 5
59 61
82 84
20 22
80 81
65 66
36 37
86 88
47 49
48 50
13 15
23 24
16 17
