5
77
31
78
52
1
100
0 79
0 2
7 50
0 64
0 66
0 3
2 60
0 26
0 15
0 60
0 33
3 72
0 24
0 37
0 70
0 34
0 58
2 70
0 69
0 46
0 74
0 44
0 32
70 72
0 18
0 49
0 20
0 42
0 48
0 17
60 72
0 25
0 71
0 30
54 64
0 19
0 29
0 73
0 53
4 64
37 32
0 5
64 72
4 27
26 32
2 33
0 8
61 65
0 28
0 14
0 16
0 21
36 3
35 8
35 40
23 4
69 70
56 71
12 3
41 63
19 2
17 4
43 3
65 3
62 4
12 2
33 3
63 3
17 62
5 3
17 2
41 19
12 60
38 2
37 75
38 60
44 3
39 6
39 25
39 53
29 3
39 4
67 70
73 2
75 30
2 3
2 43
2 8
67 54
43 51
21 3
21 8
4 51
4 18
73 66
28 3
42 5
73 4
2 15
59 62
