5
3
29
30
45
27
100
0 3
0 34
31 59
13 59
12 59
51 36
32 57
47 59
40 5
17 20
51 6
23 13
48 25
11 25
20 13
12 55
6 25
25 5
6 26
4 26
26 13
10 14
14 42
8 13
53 1
58 42
40 44
22 38
17 19
12 44
12 24
19 37
31 28
37 6
19 6
31 15
12 15
11 15
32 34
10 34
32 48
43 20
33 38
32 4
36 49
44 37
41 7
49 37
37 15
37 28
14 57
36 44
58 44
32 17
21 43
24 43
40 48
34 43
44 43
12 8
32 40
32 51
25 50
46 2
36 35
12 31
53 49
26 2
54 50
34 20
35 20
32 36
20 50
8 2
52 14
12 53
32 12
53 36
21 14
49 50
52 10
10 18
35 44
24 49
52 25
56 9
34 11
52 55
56 17
56 46
53 56
58 40
58 56
52 47
21 9
19 26
41 21
19 41
19 22
57 28
