5
74
42
19
39
67
100
0 24
0 12
0 14
0 87
0 47
0 55
0 32
0 82
0 29
0 90
0 77
0 43
0 81
0 71
38 94
0 63
0 26
0 93
0 60
0 79
0 66
3 94
0 17
0 23
0 91
0 61
0 21
0 92
0 46
0 80
0 8
0 48
0 34
0 10
0 72
0 45
0 25
0 57
0 44
0 36
29 94
0 85
84 94
6 94
0 41
9 94
0 76
0 38
41 94
0 53
13 94
0 52
0 49
0 15
0 89
0 7
0 58
0 3
0 18
0 20
0 11
0 62
0 51
0 64
0 65
0 86
0 9
0 59
0 30
0 1
0 70
0 94
0 2
0 22
0 50
0 56
0 84
0 13
0 37
0 33
0 73
0 40
0 68
0 83
0 31
25 94
0 35
0 6
0 78
0 69
62 94
0 5
0 28
0 4
1 94
70 94
69 94
0 88
0 27
0 75
