5
84
9
65
13
96
100
0 51
0 87
14 99
79 99
0 77
0 37
0 31
0 92
0 55
70 99
0 63
0 2
87 99
0 46
0 67
0 3
57 99
81 99
0 68
0 60
69 99
62 99
58 99
0 59
0 95
0 91
43 99
86 99
0 49
0 48
0 71
0 64
46 99
0 97
0 73
0 22
0 42
0 88
77 99
83 99
11 99
10 99
44 99
0 16
0 36
0 24
0 4
54 99
0 40
0 25
0 18
0 28
0 82
0 57
0 90
0 74
0 43
0 30
0 20
0 44
0 17
0 15
0 80
0 52
0 45
0 12
0 34
0 94
0 14
0 6
0 99
0 10
0 62
0 39
0 53
0 81
0 21
0 38
21 99
0 8
36 99
0 89
0 76
0 58
0 35
0 19
0 69
0 50
40 99
42 99
64 99
0 85
0 1
53 99
0 98
26 99
61 99
0 72
1 99
55 99
