5
61
29
37
38
53
100
0 47
44 82
0 78
0 74
0 82
0 71
0 76
0 13
0 31
0 36
0 23
80 82
0 33
0 21
0 1
0 69
0 57
54 74
24 82
13 82
56 82
74 82
23 82
72 82
16 82
41 82
50 82
54 82
81 82
21 82
75 82
21 18
1 82
7 82
64 82
68 21
62 78
47 78
12 77
62 48
55 54
68 55
68 62
65 17
68 67
68 43
68 4
30 4
73 77
68 27
68 30
48 78
69 9
68 73
65 55
52 58
48 10
41 66
68 52
69 70
69 17
9 78
23 78
42 50
2 78
77 78
21 34
43 78
34 78
65 66
68 69
42 60
68 48
26 10
68 8
10 78
76 59
42 52
68 65
70 78
42 80
50 4
4 78
68 42
28 9
32 12
62 12
68 50
12 78
21 36
49 78
71 6
28 21
68 14
79 78
68 28
31 81
20 12
1 71
47 1
