5
70
7
83
45
73
100
19 83
17 40
40 49
76 17
46 85
82 89
10 58
71 44
72 44
67 16
16 37
67 63
0 43
76 19
0 67
0 88
25 63
48 46
14 69
14 66
72 11
42 37
27 64
48 72
63 66
14 57
71 14
71 42
71 74
38 11
12 64
60 68
57 80
37 44
18 57
4 57
36 57
42 57
30 12
13 32
10 13
10 34
2 49
25 46
86 49
78 39
30 53
30 60
10 18
9 63
21 85
81 40
19 4
30 34
20 25
5 19
12 40
20 80
75 47
9 20
5 2
5 74
72 27
85 57
40 32
22 84
33 31
69 80
17 42
69 77
19 80
66 39
6 72
66 11
69 55
62 54
37 66
64 59
42 31
88 72
69 37
33 84
8 80
16 52
15 23
66 15
28 78
28 61
74 34
18 53
51 17
59 52
51 18
51 38
55 33
35 53
23 46
1 53
6 52
33 18
