5
34
96
14
98
23
100
0 99
24 99
0 60
0 15
0 75
0 44
0 79
62 99
55 30
55 5
0 55
0 35
0 33
0 25
0 83
0 6
0 42
0 20
78 90
90 99
25 99
32 99
81 99
0 29
67 99
0 67
0 24
0 48
0 82
0 22
0 37
17 2
22 99
0 17
0 51
0 87
37 99
0 74
0 53
46 99
0 36
0 2
0 54
0 94
70 99
0 92
1 99
66 99
0 19
0 49
0 45
0 76
0 70
0 80
0 46
0 88
0 93
0 12
0 89
0 72
0 7
0 1
0 3
0 47
0 31
0 28
0 21
0 52
0 16
0 78
0 68
0 77
0 61
0 11
79 99
58 99
0 40
0 59
0 5
0 27
0 18
0 13
0 58
0 41
53 57
0 66
0 95
0 4
0 90
0 56
0 97
0 38
0 9
0 81
0 50
0 91
0 85
0 86
88 99
0 8
