5
26
46
61
81
27
100
0 33
0 57
0 13
78 95
36 95
0 29
0 91
0 76
86 95
28 95
23 95
66 95
17 95
49 95
21 18
39 4
77 6
0 21
67 47
0 67
0 40
0 15
0 53
0 31
0 47
87 47
0 87
0 45
44 95
0 95
0 5
0 49
0 8
0 69
84 95
0 68
0 24
0 22
45 95
19 95
41 9
41 53
9 95
68 95
80 95
22 95
0 41
0 59
0 42
0 56
0 73
0 39
0 10
0 14
0 4
92 60
57 5
0 16
0 63
0 58
0 25
0 48
0 65
0 78
59 95
18 67
0 19
0 3
72 93
0 72
0 82
0 34
0 85
0 52
0 84
0 54
0 66
0 32
0 12
0 38
0 23
5 95
62 95
0 43
0 88
0 44
0 20
0 37
0 6
0 36
0 77
0 92
0 2
0 94
0 75
0 71
0 86
0 55
0 64
0 11
