5
62
37
86
18
52
100
19 96
60 96
47 17
0 19
0 27
49 74
81 17
87 39
28 30
0 87
0 68
0 44
21 26
41 61
0 31
0 45
0 13
0 96
0 3
77 45
61 96
79 96
71 96
8 57
56 96
0 93
0 47
0 94
0 32
0 91
0 64
47 96
0 39
0 82
0 95
80 96
0 38
0 4
0 74
0 35
16 96
91 96
88 96
0 20
32 96
64 96
0 57
1 49
55 81
0 66
0 72
0 51
0 79
0 21
0 26
0 60
0 78
70 65
70 66
0 25
0 30
0 61
0 36
0 9
0 59
0 81
0 24
0 40
0 42
0 43
49 96
0 50
0 6
0 69
0 22
0 75
0 28
0 83
21 96
0 5
78 96
0 29
0 76
0 23
95 96
0 34
0 7
0 48
28 96
75 96
0 8
6 96
0 55
0 14
0 70
0 56
0 54
0 1
73 96
0 17
