5
3
11
20
22
23
100
0 50
0 33
0 40
0 44
0 47
0 1
0 4
0 9
0 10
0 16
0 31
0 35
0 41
0 45
0 46
2 50
29 50
30 50
34 50
42 50
44 50
47 50
40 50
7 50
24 50
33 50
48 9
48 10
48 19
48 34
48 39
48 2
48 4
48 5
48 21
48 29
48 30
48 35
48 36
48 42
48 44
48 45
47 8
47 9
47 13
47 15
47 34
47 41
47 1
47 2
47 4
47 6
47 14
47 21
47 25
47 26
47 28
47 29
47 30
47 33
47 38
44 8
44 13
44 15
44 31
44 34
44 39
44 2
44 4
44 5
44 16
44 18
44 21
44 25
44 26
44 29
44 30
44 32
44 37
44 38
42 7
42 12
42 13
42 31
42 6
42 14
42 16
42 17
42 21
42 25
42 27
42 28
36 7
36 2
36 4
36 5
36 6
36 16
36 27
36 28
