5
26
14
86
32
52
100
0 54
0 33
31 96
0 56
48 96
3 96
0 94
0 89
0 46
8 96
72 96
50 96
0 30
0 61
0 82
0 53
0 36
24 96
0 63
0 11
58 96
0 84
0 24
0 67
0 34
25 64
88 44
54 96
35 96
95 66
66 96
61 96
78 96
88 13
31 70
25 37
88 6
62 21
88 67
15 84
10 78
65 70
59 81
37 70
88 34
37 65
63 70
89 54
81 70
95 42
56 71
55 17
88 31
95 84
88 95
82 66
88 15
55 1
88 48
88 55
46 71
88 24
88 74
88 92
78 68
88 78
88 91
58 70
21 71
21 39
71 70
19 78
81 19
30 39
66 70
33 44
39 70
82 92
88 33
48 70
43 74
28 92
82 54
41 70
21 17
63 51
88 81
6 70
31 62
67 70
3 69
21 49
88 82
76 70
88 43
46 53
9 17
75 90
21 31
51 70
