5
29
62
48
21
69
100
0 69
0 51
47 79
27 65
0 25
35 43
2 17
18 10
0 2
0 4
0 73
55 79
6 60
60 36
56 73
73 36
45 30
7 19
22 67
58 59
32 63
67 19
32 77
17 19
0 45
1 19
4 8
45 20
19 36
27 16
32 5
3 18
18 9
78 3
16 9
32 45
20 3
13 32
1 64
7 3
25 16
67 9
9 34
13 4
5 42
1 5
54 42
43 55
10 55
17 55
5 70
56 30
66 42
5 76
5 64
24 4
5 53
47 45
65 43
24 57
5 24
57 63
43 75
20 22
25 6
4 37
68 37
37 15
58 45
27 45
6 75
20 44
25 44
25 67
20 28
73 71
24 10
19 8
61 10
35 17
33 22
43 42
76 6
28 44
2 53
71 8
64 59
37 22
64 18
12 60
7 30
61 43
46 60
65 2
16 37
33 26
19 77
3 53
44 59
65 12
