5
31
1
42
41
66
100
0 30
0 4
0 16
0 46
0 7
0 2
0 24
0 12
0 59
0 18
0 19
5 79
0 58
0 56
0 5
26 79
0 35
0 70
49 79
0 26
0 51
0 25
0 68
0 50
57 79
29 79
24 79
36 79
71 79
8 79
46 79
69 79
58 79
65 79
43 79
2 79
17 79
77 79
73 79
78 79
44 79
15 79
64 79
9 57
38 16
36 54
45 70
4 32
9 73
47 16
76 16
9 36
9 10
23 57
9 59
35 43
9 33
49 16
5 32
11 16
9 24
32 71
23 30
23 45
56 74
71 16
9 19
18 16
9 18
9 23
65 57
9 4
53 74
75 73
9 11
22 75
3 16
18 72
74 16
68 32
65 16
22 73
61 73
73 16
28 13
65 52
22 23
75 57
13 16
38 29
9 68
9 22
9 65
60 16
77 73
77 62
9 77
47 57
9 50
33 43
