5
4
59
53
1
14
100
95 43
2 99
94 5
0 95
27 40
0 85
55 26
0 48
0 32
28 33
40 99
47 88
49 99
68 73
28 83
3 47
76 16
6 77
31 67
72 78
72 67
72 17
71 93
73 35
13 58
11 13
72 6
13 93
21 49
13 44
27 80
71 58
39 81
16 35
90 58
87 35
80 54
13 71
5 93
60 19
76 31
64 90
13 64
42 78
10 2
88 91
36 84
85 54
32 94
10 36
10 79
49 93
10 74
26 70
15 54
43 83
25 54
78 31
10 89
41 86
41 2
43 27
97 55
75 97
50 29
20 98
28 45
31 93
20 40
30 18
88 23
43 36
30 20
30 43
90 76
11 6
16 54
17 94
46 76
94 76
12 56
32 95
86 23
23 94
43 20
74 20
12 81
21 37
57 96
54 93
85 37
36 60
96 44
36 92
42 52
26 87
58 87
69 78
58 51
61 34
