5
96
83
73
66
11
100
84 87
0 1
0 16
7 3
43 54
47 64
68 69
68 82
97 99
75 65
95 99
76 69
84 85
41 43
70 67
35 40
21 23
61 64
46 50
39 34
37 40
81 84
89 98
48 49
86 90
24 27
68 67
28 29
34 40
33 37
26 32
21 25
21 24
88 93
38 43
35 39
36 40
22 26
22 27
68 75
90 98
37 39
68 79
68 70
33 34
81 67
28 30
80 84
86 91
84 88
89 97
94 98
35 42
77 84
86 93
77 81
92 98
86 89
94 95
91 98
23 26
42 43
76 71
31 36
86 94
92 87
78 84
92 95
88 89
33 36
29 36
28 25
32 36
28 23
88 90
28 32
85 93
71 84
76 77
97 93
97 90
31 37
91 87
72 84
74 84
28 31
95 93
76 72
94 87
80 69
81 69
76 81
26 30
89 87
30 36
80 79
37 41
85 90
88 91
91 95
