5
3
16
14
6
17
100
0 26
0 45
0 23
21 99
0 46
8 99
0 10
0 69
25 94
9 32
0 28
0 18
0 13
0 24
0 7
0 12
0 31
0 22
0 41
0 15
0 67
0 9
2 94
0 98
0 25
0 29
0 70
0 62
0 21
18 32
0 72
22 32
0 65
0 83
12 92
0 66
0 20
63 43
63 40
4 10
79 42
4 54
4 50
27 38
63 20
63 57
12 67
48 66
48 34
18 97
70 13
42 34
34 13
35 95
48 18
48 36
55 13
35 40
35 68
41 2
48 33
21 7
5 12
19 26
19 8
2 13
12 13
67 13
10 13
60 1
38 13
19 77
75 15
93 5
95 42
35 87
1 42
42 13
41 7
9 13
5 45
35 21
92 13
7 62
10 83
35 19
24 13
35 36
73 8
41 73
83 13
75 68
93 21
68 15
35 41
35 7
9 70
15 45
4 37
75 85
