5
75
51
98
68
11
100
0 63
0 46
0 62
16 99
0 48
0 52
0 55
0 57
0 93
0 83
0 71
0 2
0 18
0 64
0 5
4 99
12 99
15 99
0 38
37 99
84 99
0 61
0 60
0 21
0 15
0 87
36 99
32 99
0 72
0 91
97 99
5 99
0 45
0 67
39 99
0 58
80 99
0 32
0 76
0 29
0 4
0 17
23 99
0 26
92 99
95 99
0 39
2 99
0 74
0 80
0 24
0 44
0 99
9 99
30 99
0 50
0 19
0 3
42 99
0 13
0 16
0 27
0 70
0 10
0 53
0 25
0 56
54 99
0 1
0 49
0 73
0 43
55 99
27 99
0 41
0 9
0 40
17 99
0 54
0 88
0 34
0 31
0 65
0 94
0 37
6 99
0 92
0 84
0 66
20 99
0 8
58 99
0 14
0 78
0 79
0 85
0 90
0 82
0 42
0 69
