5
35
89
63
81
1
100
57 67
11 21
11 12
77 87
10 20
86 96
11 20
2 12
97 98
16 17
13 23
46 55
38 48
62 72
25 26
87 88
87 97
94 95
36 46
53 54
3 4
76 77
3 13
55 56
61 70
12 22
87 78
77 78
97 88
14 5
69 68
47 57
57 48
13 14
12 21
39 49
46 47
6 16
58 59
44 45
34 43
22 23
58 68
26 36
51 61
66 67
78 88
27 28
4 5
78 79
42 52
49 59
68 59
72 82
72 73
77 68
33 34
42 43
22 31
85 76
13 4
76 67
74 84
64 74
32 41
85 86
33 43
24 25
54 64
24 34
43 44
33 24
22 32
17 27
47 48
51 52
75 76
55 65
17 8
62 53
50 60
58 67
28 37
15 16
31 32
93 84
61 52
80 90
62 52
76 86
73 82
44 54
26 27
42 32
41 42
66 75
33 23
41 51
46 56
40 50
