5
71
17
44
62
80
100
76 99
0 64
0 14
21 99
0 6
30 99
79 99
6 99
4 99
0 2
0 22
0 48
0 16
0 89
0 18
0 93
0 57
0 95
0 1
0 88
0 23
0 91
51 99
0 81
4 34
34 99
0 25
4 35
64 99
23 99
4 5
14 66
74 42
4 87
53 97
63 42
60 42
4 14
5 34
27 6
16 10
4 53
10 98
57 11
4 42
9 20
72 11
4 67
98 42
56 6
4 22
75 42
54 37
75 19
11 42
74 35
20 34
74 88
70 6
6 42
65 42
3 42
36 95
26 66
65 27
24 87
86 55
63 97
68 28
88 42
13 42
20 67
35 50
86 8
50 42
4 29
92 42
8 42
2 19
4 75
54 57
19 42
27 55
86 43
3 24
4 9
66 42
11 8
55 42
52 12
74 16
11 12
77 33
8 87
2 12
4 63
23 43
4 54
52 58
19 64
