5
37
42
30
51
12
100
63 59
0 13
0 4
0 6
0 24
0 52
0 74
0 46
0 49
0 66
73 74
0 16
0 20
57 74
0 67
0 9
0 28
0 58
0 48
20 74
0 33
0 38
0 10
0 27
13 57
0 64
14 74
0 1
0 63
0 70
32 74
0 32
0 22
0 72
0 56
25 74
0 73
0 65
0 15
0 59
0 34
0 45
0 62
18 74
39 74
0 43
0 55
0 31
0 23
0 5
0 18
0 69
0 29
0 17
0 40
0 47
0 3
0 60
0 61
0 44
0 19
0 50
0 71
0 54
0 8
0 7
0 25
0 39
0 14
0 57
0 11
34 74
24 74
66 74
0 35
0 36
0 2
0 68
0 21
0 41
0 26
49 74
9 74
50 74
3 72
43 74
64 74
44 74
58 74
53 1
48 74
41 74
8 74
62 74
54 74
71 74
4 74
17 74
40 74
56 74
