5
19
97
11
10
9
100
0 72
0 15
0 22
49 99
0 8
0 40
0 95
0 74
0 88
0 54
0 32
0 18
0 51
0 5
0 94
0 23
0 13
0 49
0 29
33 99
83 43
83 46
67 99
28 99
83 68
27 99
83 5
83 47
83 70
47 24
83 23
58 99
48 99
36 99
94 99
62 99
84 99
1 99
51 99
71 99
54 99
17 99
83 2
53 99
26 64
56 99
86 99
25 99
8 99
47 99
37 99
83 85
89 99
95 99
21 99
83 29
75 99
34 99
44 99
16 99
87 99
92 99
28 55
67 89
78 55
83 6
89 55
83 67
26 55
35 40
14 82
37 5
40 55
91 79
4 5
60 55
96 39
83 26
83 91
96 63
96 94
83 25
68 94
26 53
89 82
89 68
5 55
26 13
45 59
86 45
83 28
63 7
89 61
83 96
43 49
45 64
73 7
62 7
89 77
25 96
