5
32
63
33
8
58
100
0 68
0 14
0 17
0 5
0 59
61 88
38 72
11 95
30 62
5 76
0 11
0 89
28 7
83 76
0 42
26 99
0 66
0 25
70 95
35 82
88 99
65 99
36 99
30 99
87 99
15 99
70 97
39 47
7 99
66 99
35 11
41 44
44 7
39 56
45 77
76 21
45 38
45 65
37 64
35 61
7 9
69 13
3 20
67 56
45 81
13 9
18 60
72 88
36 90
70 14
45 35
45 10
75 69
75 90
49 90
55 9
57 62
45 57
83 91
24 77
64 9
29 82
45 22
69 90
21 9
37 5
59 77
47 27
37 51
65 9
19 38
66 13
19 87
37 1
12 31
66 93
47 1
48 31
88 9
91 54
47 16
12 4
98 85
18 89
66 52
5 11
44 28
51 50
20 42
19 5
44 73
60 90
90 9
56 9
19 66
98 51
54 9
12 25
19 44
19 98
