5
56
44
21
3
13
100
58 44
3 30
33 59
49 59
5 59
0 33
0 40
4 59
11 36
0 26
0 49
10 31
0 2
0 50
0 34
0 6
0 28
0 32
0 47
0 16
0 29
0 22
0 37
0 14
0 59
8 59
0 27
40 59
9 59
41 59
0 5
0 54
32 52
55 10
52 59
0 36
37 59
28 59
0 58
0 51
0 45
8 18
25 52
38 14
26 59
0 38
50 22
16 59
0 31
0 15
0 48
0 46
0 12
0 18
0 30
0 4
18 11
19 11
0 17
43 37
51 57
0 43
40 57
14 41
6 37
48 57
57 59
0 9
0 8
0 7
0 39
0 23
0 41
0 55
0 35
0 19
0 42
8 48
36 37
55 34
48 59
55 59
24 28
0 24
20 6
6 59
50 45
8 41
46 41
45 59
0 20
30 59
7 59
5 7
2 59
42 59
52 26
34 59
43 59
10 59
