5
71
17
43
11
74
100
52 33
22 99
77 99
55 99
52 65
0 73
59 12
0 52
76 21
96 21
56 65
21 99
42 91
0 54
63 91
9 64
91 99
39 99
14 46
14 90
34 99
0 68
9 80
73 99
76 99
42 59
59 99
87 99
14 95
28 19
0 50
96 29
22 47
32 33
87 23
85 46
23 77
33 98
9 44
9 41
1 33
92 77
76 98
96 14
44 98
15 48
6 51
55 83
93 83
66 83
0 53
3 98
2 38
18 67
0 96
93 92
81 15
9 54
60 75
98 99
0 99
14 52
52 99
0 81
2 64
35 65
0 76
0 41
81 64
65 99
16 99
23 99
30 88
0 93
2 69
42 70
42 54
22 50
0 9
56 70
60 87
22 5
69 99
2 99
78 99
62 99
27 35
25 99
70 99
61 99
0 59
23 44
49 44
44 99
58 76
49 57
48 13
12 99
0 22
61 7
