5
77
22
29
44
98
100
0 25
0 20
0 6
0 68
0 30
0 19
0 80
0 10
91 99
25 99
0 81
0 90
0 71
8 93
9 13
9 84
13 84
0 8
0 3
0 70
74 99
0 69
6 72
62 39
0 28
0 85
0 7
18 99
0 2
0 23
0 94
0 84
78 45
10 84
72 84
78 76
68 51
60 39
0 78
0 11
0 86
0 14
7 99
64 33
95 26
14 40
0 97
0 73
0 74
9 3
0 9
0 15
0 87
0 91
0 34
0 67
26 46
39 15
4 36
33 15
83 67
67 82
83 14
84 15
86 2
83 59
58 36
15 99
4 19
0 4
0 75
0 21
0 79
95 99
96 99
73 99
21 99
28 99
83 4
61 79
0 83
13 99
37 31
27 59
31 99
20 99
71 99
27 93
0 27
90 76
0 72
0 88
0 5
18 5
0 18
0 92
5 99
0 96
0 33
0 16
