5
92
56
19
89
10
100
0 79
38 98
0 94
32 98
36 68
3 98
40 98
26 98
0 90
0 53
0 82
42 47
47 98
0 57
0 23
80 70
87 98
58 98
75 98
0 80
0 13
63 98
69 23
0 69
0 50
87 15
86 91
15 98
34 72
18 16
16 98
34 82
82 98
45 98
34 86
29 82
0 34
0 70
0 9
0 88
0 28
0 65
0 58
0 46
0 75
0 25
78 98
0 54
0 33
0 26
0 40
0 39
2 98
0 87
0 4
46 98
88 24
42 98
88 98
32 36
24 98
0 86
0 73
0 97
57 98
95 98
35 98
0 66
52 98
0 37
0 29
96 98
20 58
61 98
28 98
91 98
0 5
55 98
48 78
0 93
0 62
0 43
0 45
65 36
0 35
22 98
39 98
0 27
18 98
84 88
0 84
0 24
93 98
0 64
54 98
37 98
0 49
26 74
74 98
0 15
