5
88
1
81
11
23
100
35 99
8 90
17 90
20 99
12 45
66 99
12 99
77 99
0 82
93 76
8 46
16 79
93 18
53 99
60 99
0 69
36 99
0 14
0 28
83 16
43 16
37 95
95 99
59 99
89 99
9 99
83 45
76 99
63 99
45 80
59 46
43 9
49 31
6 99
91 92
43 91
92 99
47 99
40 99
45 99
52 99
51 99
22 99
37 99
43 98
52 15
55 67
15 20
97 57
21 67
16 98
71 99
91 99
97 99
21 99
5 99
83 99
19 74
55 74
74 99
78 99
93 86
33 99
98 99
49 99
68 99
55 90
65 99
44 55
0 12
0 83
84 19
96 90
38 51
21 16
79 19
5 90
19 99
21 29
58 75
15 84
72 58
20 29
63 29
34 76
2 76
0 74
79 53
57 31
98 76
8 5
0 72
21 32
80 76
26 37
0 21
76 29
34 96
62 29
71 98
