5
59
48
20
89
74
100
0 75
79 99
0 96
65 54
45 99
4 99
0 30
0 34
0 87
75 99
87 99
10 99
0 70
17 88
0 17
39 99
85 57
0 26
73 99
83 99
70 91
71 65
98 60
71 42
68 41
0 68
6 99
34 99
94 25
10 79
0 94
0 99
24 99
0 4
97 33
25 99
53 99
82 5
5 99
0 82
0 22
93 71
0 10
0 27
0 92
57 33
0 57
0 63
0 42
0 55
0 1
0 8
0 25
0 12
0 32
0 50
0 86
0 81
44 18
0 40
0 73
0 62
0 72
0 64
0 33
0 78
96 99
51 99
65 42
62 42
0 19
7 70
0 69
0 41
43 99
43 11
30 92
42 99
21 99
55 99
22 99
90 99
81 99
41 99
7 99
0 61
0 79
0 31
0 18
0 46
0 5
0 95
0 36
19 99
15 99
72 71
71 99
47 99
31 99
0 56
