5
50
90
5
89
35
100
12 98
17 83
69 30
55 98
8 98
0 12
58 98
70 98
79 37
0 79
0 84
71 98
68 98
0 11
0 27
0 19
0 1
0 87
0 73
0 82
0 97
37 98
10 98
82 98
42 98
8 20
37 97
30 98
79 98
88 98
26 98
40 37
31 57
0 40
0 29
0 96
0 33
0 48
0 16
0 15
38 95
0 38
0 57
7 64
0 21
0 92
0 13
28 12
0 28
0 56
0 52
0 94
0 3
0 20
0 30
0 9
85 33
53 12
74 18
63 39
13 19
67 33
74 85
0 74
64 33
91 82
86 56
33 98
86 98
6 98
34 98
0 44
0 68
0 76
43 98
0 59
0 62
0 14
0 6
0 98
0 75
0 67
0 53
0 2
21 69
68 54
42 37
54 98
76 98
60 98
61 98
41 98
87 48
48 98
95 98
73 98
91 98
32 98
14 98
0 42
