5
30
54
16
68
56
100
30 72
56 76
0 43
87 99
0 59
0 32
0 10
0 74
42 10
52 85
0 29
0 6
0 64
63 28
63 70
91 74
63 34
40 99
88 99
59 99
98 99
44 50
59 5
44 42
83 99
77 80
27 58
63 75
80 85
45 85
10 51
63 89
17 51
38 36
51 85
86 98
48 73
63 44
76 66
98 57
63 41
37 57
88 81
53 4
57 69
17 48
36 69
84 69
82 73
52 73
73 69
13 59
63 91
33 77
6 61
41 48
17 59
88 97
63 88
77 69
48 69
55 88
96 69
63 11
63 86
35 59
49 59
81 59
63 55
58 59
63 6
13 15
87 45
27 11
79 58
25 28
25 12
17 13
21 59
45 1
32 94
80 58
83 50
38 27
5 64
7 39
40 84
1 59
19 86
32 93
72 86
42 52
32 9
7 8
91 86
83 5
32 7
33 4
62 81
94 96
