5
80
14
26
49
17
100
93 99
93 56
68 11
93 40
98 93
0 98
0 66
0 54
48 99
0 43
35 27
66 99
11 99
7 21
27 75
0 35
0 65
0 10
0 67
31 75
64 21
73 75
5 21
96 40
75 21
0 53
84 47
84 16
67 99
0 89
57 21
0 57
0 85
73 86
21 99
12 55
0 12
0 64
0 23
34 88
5 33
88 99
58 41
34 8
34 28
68 96
44 92
4 69
54 99
27 32
44 13
24 61
70 9
33 78
75 40
55 99
36 96
23 37
33 36
71 97
4 75
4 5
10 13
3 13
13 32
4 12
44 41
70 99
58 4
34 64
73 32
70 89
24 33
32 99
34 58
67 36
34 68
34 36
63 99
9 60
10 97
33 97
5 8
36 99
10 8
34 24
47 96
18 94
89 99
15 99
38 99
8 99
5 74
92 47
6 13
33 23
13 99
15 70
25 71
34 16
