5
2
18
21
10
32
100
0 60
0 84
69 99
22 28
0 22
0 76
0 79
0 71
91 28
23 99
92 99
87 99
36 99
0 13
0 34
67 99
12 99
0 26
0 43
0 44
0 78
20 99
83 99
29 99
84 29
0 74
5 99
0 1
0 25
0 91
43 99
34 99
51 99
0 48
0 99
0 96
4 99
0 72
0 52
5 6
0 55
0 53
33 25
98 6
98 62
98 24
25 99
98 68
40 60
96 26
67 91
91 99
48 99
11 84
98 96
23 65
0 98
0 14
0 33
0 11
0 46
0 30
0 35
0 70
0 17
95 99
65 84
7 62
84 99
7 99
60 99
0 7
85 99
0 61
0 68
0 80
31 44
28 99
13 99
0 87
22 99
6 99
93 99
50 99
17 99
59 99
15 99
56 99
52 99
15 28
72 96
35 99
31 99
94 99
68 99
50 81
0 19
9 99
66 99
0 95
