5
73
4
30
15
23
100
0 26
0 69
83 88
67 88
52 58
0 42
0 44
24 58
2 58
45 58
0 24
0 39
46 43
46 56
8 46
29 83
9 58
47 40
0 8
3 58
7 72
7 41
21 72
45 40
7 80
31 3
69 62
25 82
74 82
81 58
16 31
10 64
2 36
16 6
82 40
16 2
0 7
45 64
13 64
80 40
45 61
40 58
45 62
25 54
42 9
35 67
45 17
84 54
70 37
67 1
42 22
46 52
39 76
38 65
45 46
79 51
45 39
38 61
52 83
45 29
40 64
42 62
65 87
68 87
54 1
72 39
42 72
83 1
5 1
19 29
52 64
42 25
26 43
83 9
9 64
43 9
38 26
37 9
56 13
9 51
61 87
13 51
38 56
67 18
36 24
24 86
20 57
12 18
60 18
36 18
55 18
29 20
19 25
25 70
16 7
31 69
21 7
6 27
38 29
19 10
