5
59
65
38
71
63
100
0 99
0 48
0 94
0 27
0 9
0 12
0 60
0 41
0 3
0 31
0 98
0 16
0 67
0 23
0 91
0 19
0 15
0 80
0 73
0 14
0 86
0 18
0 33
0 44
0 82
0 85
0 40
0 45
0 39
0 32
0 64
0 21
0 90
0 68
0 6
0 20
0 66
0 8
0 34
0 49
0 96
0 1
0 46
0 51
0 61
0 89
0 77
0 54
83 99
25 99
0 36
3 99
41 99
37 99
0 2
0 72
0 22
94 99
0 50
0 57
31 99
0 55
0 35
0 47
0 26
0 81
43 23
43 80
0 43
0 30
0 69
0 70
0 5
76 28
76 8
0 76
62 96
44 99
28 99
10 99
98 99
62 34
62 87
24 99
62 84
73 99
62 52
62 12
62 46
62 16
4 99
91 99
61 99
62 39
62 97
18 99
15 99
62 21
48 99
19 99
