5
10
13
20
35
31
100
33 44
38 51
44 51
18 51
0 37
18 19
50 8
15 1
0 29
9 7
0 7
34 33
33 1
50 23
0 50
5 7
45 5
3 9
7 51
33 51
16 51
25 51
11 39
0 42
15 43
0 22
39 51
49 51
32 51
19 21
21 51
0 33
45 48
45 28
19 29
0 30
21 48
0 12
19 9
48 29
33 29
22 29
45 46
34 29
0 45
40 51
23 16
0 23
29 51
5 51
50 51
38 22
28 51
0 38
40 1
50 1
18 1
37 7
0 6
40 11
18 43
23 7
1 51
17 28
24 18
0 40
3 51
22 51
9 51
49 15
16 42
46 42
24 42
23 12
9 43
12 42
2 42
34 42
21 12
28 42
23 44
12 43
24 49
5 6
43 42
24 37
5 42
23 9
0 44
5 28
22 42
32 42
6 50
44 42
24 23
0 28
48 42
2 22
16 6
11 4
