5
87
53
18
92
35
100
0 99
0 80
0 72
0 76
0 30
52 99
0 90
0 79
44 99
45 99
15 44
0 12
0 82
0 24
0 8
64 99
36 99
0 70
0 34
6 99
0 20
0 10
0 49
0 66
0 19
0 85
36 95
0 93
78 99
96 99
0 61
0 33
48 34
34 99
0 48
0 38
0 3
0 56
0 69
0 83
21 14
21 73
21 20
0 21
0 95
0 57
0 16
74 41
0 26
0 89
23 99
0 81
0 40
0 52
0 58
0 22
0 46
88 80
0 27
41 76
43 68
0 43
0 23
24 99
0 88
0 86
0 6
0 77
0 25
95 99
0 50
0 45
0 91
90 99
98 99
0 98
29 13
29 91
74 13
0 29
0 41
0 1
37 99
69 99
82 99
90 67
26 86
0 71
0 17
0 62
0 39
58 99
0 97
0 5
0 59
60 34
0 74
0 9
0 42
0 84
