5
73
76
62
56
17
100
26 85
34 99
31 99
0 12
78 99
0 11
0 61
0 13
0 71
0 94
0 97
81 99
86 38
89 38
48 29
86 9
38 99
23 72
27 1
50 40
7 80
89 15
12 58
86 7
22 58
20 53
86 48
39 33
19 22
59 15
31 52
22 61
94 4
86 31
11 75
5 58
61 72
70 35
40 35
86 21
7 58
66 4
84 20
4 10
30 90
36 92
53 72
69 72
79 45
94 22
80 15
35 72
92 72
60 50
55 67
6 8
19 98
95 10
13 72
16 18
15 72
72 1
72 10
84 37
24 50
71 15
7 44
86 89
39 89
6 3
37 68
84 61
55 29
30 29
63 96
11 55
3 18
95 68
68 18
86 39
11 63
23 7
44 18
5 96
69 18
79 97
81 43
66 52
47 49
48 52
96 52
81 49
43 18
49 98
5 21
22 93
53 52
47 66
66 36
80 40
