5
73
16
46
92
35
100
5 98
64 98
69 98
7 83
89 77
0 21
90 74
61 77
83 98
69 30
18 98
0 61
61 98
3 7
7 98
76 98
11 98
79 98
59 98
93 98
93 81
81 29
0 3
29 98
6 98
90 98
13 98
95 98
2 98
59 62
3 76
28 34
0 28
39 14
11 20
55 64
14 98
33 98
47 98
32 98
17 98
60 98
75 91
65 98
11 53
79 91
43 75
15 1
0 17
49 13
49 83
0 90
0 40
43 53
62 57
0 43
53 30
62 20
57 50
24 81
14 58
15 94
50 98
0 98
63 98
78 98
22 98
80 98
0 47
9 98
12 98
78 82
10 69
21 98
27 98
67 98
26 98
57 98
10 85
41 98
67 31
9 45
10 77
68 98
0 11
0 9
70 98
55 98
1 98
39 98
4 98
0 44
8 44
44 98
74 98
31 98
81 98
24 98
97 98
58 98
