5
74
31
59
94
33
100
30 32
5 99
78 99
25 3
83 90
13 99
20 99
22 65
93 14
0 30
0 2
66 7
86 65
65 99
67 22
44 42
22 39
44 41
43 39
39 99
66 61
23 99
26 8
0 26
44 66
44 54
44 46
36 19
24 61
93 80
80 1
14 8
0 44
0 67
8 1
0 47
48 1
30 83
63 71
35 53
56 57
63 10
56 90
32 91
84 91
0 63
0 56
46 29
71 1
79 1
38 29
83 37
37 1
51 1
68 38
12 53
13 3
64 92
96 5
53 1
46 17
50 29
64 16
96 28
7 78
39 29
46 68
67 66
66 1
29 1
46 98
46 96
4 54
67 42
14 54
46 6
83 54
5 43
28 38
32 69
21 55
46 67
87 77
9 43
72 98
64 43
34 73
18 40
73 43
23 93
14 88
55 54
46 28
43 54
23 32
19 26
26 6
84 56
63 56
46 23
