5
92
71
98
68
50
100
0 80
0 6
38 99
0 28
59 99
0 57
0 9
0 55
0 75
0 86
0 5
93 4
0 37
0 11
0 49
0 20
46 36
0 94
0 99
1 99
87 10
72 61
0 72
0 81
0 41
0 51
0 76
0 78
0 58
0 77
75 49
49 13
13 99
36 99
2 69
0 2
0 17
0 89
25 33
0 25
85 99
9 99
18 82
28 41
12 35
0 12
0 82
64 13
0 96
0 24
0 60
0 18
33 99
48 35
38 66
0 48
0 32
0 54
0 88
31 39
61 6
27 82
29 31
0 59
0 73
0 22
0 13
82 99
8 87
19 99
54 99
91 23
32 23
0 8
0 56
0 38
10 42
0 1
0 69
86 99
29 22
0 61
0 34
0 27
0 23
0 39
0 29
0 31
0 19
0 87
0 47
0 16
0 43
0 67
0 14
0 42
0 30
0 65
22 75
0 90
