5
76
89
14
81
5
100
0 2
0 19
0 44
0 68
0 61
26 94
65 94
48 79
0 82
0 79
0 8
0 40
33 24
0 62
66 74
69 52
66 58
0 66
0 85
9 79
80 79
9 91
0 48
71 29
0 93
10 57
59 66
52 58
42 24
54 30
58 94
56 94
10 13
13 94
80 94
16 94
84 22
22 94
9 94
59 54
91 94
53 94
17 94
4 94
59 21
52 94
62 75
75 94
45 94
93 94
84 66
59 73
0 59
0 87
0 64
0 15
90 55
90 46
0 90
0 29
0 49
0 65
0 51
0 55
0 6
0 69
0 67
0 20
0 57
10 66
0 18
0 53
0 70
0 83
0 72
0 26
0 63
3 66
0 56
85 66
0 92
0 78
10 21
10 18
0 10
63 45
31 33
0 34
0 77
0 42
0 46
28 94
0 28
23 75
0 35
28 72
33 45
86 45
0 1
66 94
