5
22
76
60
85
54
100
0 99
9 16
0 9
2 99
0 52
0 31
0 69
94 84
7 69
49 68
7 94
68 99
56 58
74 99
59 99
19 99
7 57
31 17
29 99
41 99
73 99
56 84
49 99
90 99
69 99
31 99
77 99
7 63
74 62
73 20
56 90
7 56
0 7
0 94
40 62
18 96
0 10
0 91
62 99
66 99
57 99
37 99
91 99
39 99
93 83
52 99
16 99
72 99
93 99
93 24
93 26
81 35
93 51
59 96
0 93
41 12
0 41
0 28
0 86
0 11
0 48
0 46
6 99
0 36
0 53
0 70
0 18
0 55
0 98
96 69
0 50
0 20
0 87
0 32
0 77
0 84
0 96
0 4
12 99
0 33
0 34
0 23
4 20
1 14
70 14
20 99
70 99
86 99
0 1
0 65
88 99
0 6
0 97
0 2
0 3
0 8
0 74
0 61
94 99
0 81
