5
78
43
68
8
40
100
19 75
63 99
6 17
17 99
34 99
6 99
3 99
11 99
2 99
46 99
25 48
12 99
56 99
10 99
97 99
58 99
21 48
0 19
0 80
0 31
0 57
93 99
29 48
52 99
0 21
0 7
0 13
63 96
0 63
0 89
95 99
72 99
64 99
0 36
0 5
69 99
73 15
96 99
0 60
42 99
54 99
92 99
0 59
0 88
38 25
0 33
89 25
60 35
0 62
0 61
0 54
0 45
0 70
25 65
94 72
0 94
0 3
0 65
0 46
0 10
23 99
13 99
36 99
0 41
0 51
93 45
41 39
0 81
80 5
5 99
0 28
89 98
0 86
0 6
0 72
0 73
0 39
0 55
0 1
0 58
0 17
31 99
83 27
0 85
0 99
0 42
0 83
41 99
96 47
93 55
15 99
71 99
13 1
37 99
59 99
0 93
0 56
0 30
0 97
0 27
