5
6
54
64
1
67
100
0 32
0 21
0 76
15 79
50 28
45 38
14 21
60 38
0 14
38 32
0 61
0 40
0 15
0 16
77 29
0 17
0 59
28 79
13 79
48 79
8 79
58 79
13 2
7 5
76 78
70 73
70 13
34 13
5 79
10 79
2 79
44 79
11 60
74 59
61 43
65 19
11 36
39 40
48 39
12 27
60 59
50 8
48 12
50 59
65 77
38 19
48 76
50 21
70 34
3 40
27 13
72 59
25 59
40 59
8 59
76 77
22 68
19 59
52 58
58 39
9 42
29 59
33 2
24 45
24 73
60 56
22 24
27 56
60 47
70 22
70 23
57 21
39 20
3 57
70 58
72 17
70 52
38 2
70 37
27 11
72 18
61 31
70 27
21 2
70 3
62 31
53 31
53 50
73 63
10 42
53 63
39 18
15 20
24 13
2 59
30 56
24 31
25 18
20 59
20 42
