5
55
24
74
78
81
100
77 25
25 99
4 99
53 99
19 99
72 99
40 99
23 99
70 99
42 99
49 99
59 99
76 99
7 99
0 14
10 95
20 70
94 4
45 4
3 47
72 83
15 99
0 10
84 72
45 62
20 35
21 99
50 99
48 99
28 99
91 99
97 98
88 98
0 45
2 99
87 99
70 48
71 33
29 33
33 99
11 99
20 99
88 99
41 99
65 99
0 29
34 99
0 97
0 89
59 75
70 88
67 17
87 82
36 12
28 82
70 14
51 30
83 17
0 36
50 17
76 82
18 7
20 83
50 25
0 77
49 86
88 82
20 27
51 37
75 82
37 25
0 91
25 12
66 82
20 18
0 50
14 77
85 34
42 66
20 42
37 69
64 34
85 17
0 68
77 82
62 84
64 58
82 99
63 99
67 99
20 91
54 99
71 99
58 99
37 99
90 99
22 99
16 99
77 99
27 99
