5
49
16
82
34
10
100
83 95
45 30
0 83
0 53
0 66
0 4
0 92
38 30
12 30
19 58
0 12
0 36
0 57
0 87
0 90
55 45
30 95
0 55
0 95
0 45
11 57
31 95
56 59
70 65
70 44
0 11
0 50
0 24
76 95
74 95
0 74
94 29
60 78
0 13
0 93
39 59
5 59
0 78
80 81
0 75
22 73
0 22
59 95
0 6
0 73
36 95
0 56
84 95
69 77
73 95
65 45
71 95
0 65
0 5
0 67
0 51
0 89
0 71
0 33
0 80
20 95
1 95
47 66
0 47
0 58
0 76
37 92
0 31
85 92
53 57
21 85
0 21
0 60
2 72
0 2
0 91
77 95
56 95
0 77
0 23
0 29
52 75
0 52
0 32
0 41
0 26
0 64
44 95
0 39
9 64
0 9
0 1
48 92
0 18
70 24
0 46
92 95
8 95
0 85
0 88
