5
21
85
8
29
88
100
8 84
0 49
0 69
0 26
18 1
0 18
0 14
0 70
0 72
0 57
0 6
0 27
0 4
0 9
0 61
41 72
74 46
0 68
0 56
0 91
0 53
0 83
0 84
0 48
60 98
0 75
0 35
0 54
64 84
64 70
0 20
0 67
10 98
63 47
0 50
0 19
0 86
0 95
0 13
0 73
2 98
0 64
12 98
0 80
47 98
22 98
26 98
3 98
62 74
26 71
55 65
60 66
71 98
17 98
82 98
55 40
81 98
57 98
59 98
41 4
92 98
97 98
53 98
55 39
55 41
39 98
13 98
58 98
4 98
55 13
55 1
63 98
31 98
96 60
67 60
26 16
45 98
11 98
58 19
83 19
55 19
19 98
37 89
12 23
89 98
54 98
36 98
69 98
77 50
38 70
70 50
77 22
50 98
77 31
31 44
79 54
44 98
73 36
37 28
4 25
