5
98
95
58
41
70
86
0 40
78 99
84 19
0 84
36 99
3 32
10 32
38 67
18 42
0 18
19 57
79 92
85 84
47 11
48 64
86 64
62 6
40 80
33 64
68 45
8 83
85 44
96 16
17 1
12 61
51 61
32 64
4 25
8 91
43 45
9 78
45 23
19 91
17 34
17 86
13 52
56 45
72 33
46 97
90 29
12 51
46 44
73 38
42 92
16 35
49 71
71 63
55 74
94 39
8 97
1 35
69 78
17 96
39 74
74 45
39 5
50 63
10 20
11 72
68 63
26 3
54 49
10 15
27 18
3 43
51 2
69 91
62 2
61 21
53 78
56 73
4 77
31 37
30 56
96 24
80 5
44 8
90 65
2 15
96 31
97 59
65 24
97 60
97 92
38 92
83 14
