5
48
8
69
76
95
100
70 87
0 7
0 1
0 89
0 18
0 19
0 31
0 23
0 94
58 27
58 21
0 58
60 24
0 60
0 55
0 67
0 17
0 45
0 40
11 99
0 11
0 27
0 38
0 92
0 82
0 52
87 78
0 4
84 45
15 14
0 15
0 54
0 26
72 99
0 74
26 78
78 99
91 99
57 12
12 99
35 99
57 32
0 57
24 99
13 49
0 13
0 36
0 43
0 91
0 22
40 99
0 86
0 71
0 96
96 99
0 32
0 75
0 39
0 50
56 24
0 6
77 93
62 40
0 37
0 46
50 80
56 33
0 51
0 66
0 42
0 81
0 64
41 94
39 33
0 63
0 83
68 94
11 25
11 61
0 62
0 10
0 88
0 85
0 97
0 2
16 61
65 91
0 65
0 93
43 79
43 7
78 45
15 80
0 5
0 33
0 80
44 40
0 84
0 90
0 34
