5
57
52
3
27
23
100
0 24
69 48
0 69
0 40
0 11
0 59
95 48
95 43
18 89
19 10
0 95
0 73
0 37
43 17
10 26
7 14
30 32
43 71
0 7
89 26
0 41
72 33
0 72
0 71
0 79
0 19
0 67
0 76
0 32
0 36
0 38
0 82
0 33
0 98
0 87
0 94
0 97
0 18
0 88
0 15
0 66
0 62
50 98
73 4
61 68
0 61
0 31
0 78
21 58
0 21
0 48
0 81
0 64
58 85
56 2
92 48
0 56
0 26
0 44
0 96
0 51
0 80
63 66
0 50
75 99
19 99
36 99
0 93
0 85
0 30
0 20
74 92
0 74
0 91
0 68
0 89
0 47
0 77
0 2
0 10
34 17
34 75
0 34
0 53
0 65
0 6
66 32
19 4
55 81
17 26
74 20
74 71
0 75
83 99
76 4
39 98
83 13
2 26
86 32
0 83
