5
71
66
22
16
88
100
55 27
0 62
29 65
0 2
34 17
0 48
0 6
0 64
17 99
26 44
46 44
50 95
0 14
0 80
0 95
0 18
28 68
0 89
0 93
44 99
21 99
76 99
30 99
80 99
6 99
0 57
0 4
4 99
51 99
34 99
0 1
23 99
0 23
0 91
47 79
0 81
36 47
79 99
55 64
36 61
43 84
80 12
93 64
2 19
25 80
25 34
25 95
57 3
57 19
52 3
64 99
57 11
46 98
52 57
77 6
77 37
46 96
36 95
65 27
57 27
93 90
37 70
74 42
90 94
52 12
94 27
89 15
72 11
61 10
11 42
52 54
25 3
31 32
67 13
52 75
46 93
52 58
77 33
20 34
67 19
65 75
79 27
57 54
20 54
23 43
57 45
77 69
25 36
26 83
35 70
25 65
92 17
25 45
23 81
56 6
26 27
26 61
25 11
25 57
28 50
