5
24
45
90
89
65
100
0 63
0 86
0 2
0 80
68 99
12 99
0 46
0 96
0 35
0 33
0 85
0 79
0 17
53 99
3 83
63 99
0 3
0 31
0 41
26 99
0 77
0 34
0 32
0 81
9 99
0 21
0 43
0 29
66 71
98 99
38 29
0 61
0 62
62 99
54 99
20 99
60 99
46 99
0 20
0 82
0 16
67 7
0 67
7 99
69 91
82 99
25 99
11 1
0 38
0 72
0 76
62 15
0 8
41 99
0 26
0 73
36 13
0 36
0 70
0 57
0 4
0 19
18 99
1 99
15 99
13 99
25 98
84 99
31 99
0 83
0 68
0 5
67 99
78 99
42 99
48 99
52 99
42 87
0 42
0 98
11 51
0 11
0 64
0 97
87 99
0 95
0 84
0 69
0 30
57 99
6 99
0 6
0 23
0 99
48 47
78 77
0 78
0 7
0 14
0 25
