5
8
30
20
33
45
100
8 19
0 31
0 2
0 6
0 14
16 1
32 50
29 50
0 44
6 50
21 50
0 12
0 19
43 50
0 18
0 50
0 41
0 36
19 50
0 1
6 25
0 35
0 39
0 37
13 9
0 13
0 26
0 43
0 24
0 46
0 29
7 21
38 50
17 50
19 24
42 18
18 46
4 46
19 18
14 1
37 46
0 17
24 1
0 49
46 50
32 27
25 50
2 16
48 50
37 50
37 36
28 36
32 19
0 32
0 38
0 9
21 38
0 21
0 22
31 43
41 36
36 50
28 50
47 50
27 50
14 27
32 14
18 50
2 39
39 50
13 50
4 50
12 50
13 7
24 50
9 50
41 50
34 50
26 50
3 50
31 50
0 47
44 50
5 50
0 16
0 42
3 11
11 50
15 50
22 50
49 50
10 50
14 50
35 50
23 50
0 3
16 50
0 10
0 40
0 7
