5
37
14
42
63
59
100
13 57
0 13
0 4
0 6
0 24
0 12
0 46
0 74
0 49
0 66
0 16
0 67
0 9
0 1
0 20
0 48
51 74
52 16
0 52
0 58
57 74
20 74
33 16
0 33
0 10
64 65
51 48
0 64
0 73
0 28
0 27
0 70
0 22
73 74
0 32
0 30
0 38
0 72
0 56
0 65
25 74
32 74
66 74
18 74
39 74
9 74
34 74
15 60
15 70
24 74
50 74
49 74
64 74
0 15
0 62
0 43
0 45
0 34
62 74
1 60
43 74
0 51
0 55
58 74
41 74
0 31
0 69
0 29
60 68
0 5
8 74
12 74
0 23
0 17
45 48
0 18
40 74
0 40
0 44
0 60
0 61
72 16
0 3
19 60
0 19
0 54
0 47
0 71
48 74
0 8
0 39
0 50
0 7
71 74
44 74
13 4
25 45
25 29
4 74
0 25
