5
80
29
96
8
94
100
0 99
2 99
75 99
23 99
91 99
70 99
10 99
63 99
0 49
0 91
0 45
73 60
0 20
0 66
0 74
0 4
0 92
0 19
0 65
0 86
0 54
79 99
2 76
0 87
0 57
3 91
24 18
9 95
95 65
60 76
68 92
76 99
98 99
89 28
24 37
3 9
81 54
72 23
31 10
3 24
14 18
7 75
42 70
16 10
85 17
7 71
18 87
7 12
47 79
75 32
89 78
81 38
81 25
44 69
44 54
81 63
57 62
62 41
3 89
44 52
88 28
3 47
22 54
44 28
81 76
32 52
61 70
15 54
81 93
3 40
3 53
10 41
7 61
67 11
46 16
81 6
66 58
69 54
81 77
35 52
9 28
54 41
46 84
23 41
59 28
28 41
52 41
39 76
76 41
59 43
3 7
3 42
3 81
68 27
70 41
63 73
64 13
48 49
83 17
31 27
