5
46
68
25
87
43
100
0 52
42 22
42 26
42 49
13 85
42 40
0 42
0 95
38 99
0 48
0 92
83 99
7 89
48 75
24 7
0 24
0 74
71 20
0 71
0 15
52 89
0 11
0 12
61 81
0 61
0 93
0 90
89 99
0 20
0 78
19 75
58 84
71 84
0 19
0 64
50 8
97 8
8 99
90 99
12 95
95 99
9 99
11 99
79 99
21 99
63 60
98 99
45 99
44 12
11 60
44 28
83 95
0 44
0 6
35 77
85 59
32 59
96 59
0 45
57 76
93 59
83 92
95 59
0 57
0 59
0 10
59 99
0 91
0 88
23 97
0 23
0 98
0 40
34 99
0 97
62 99
16 99
0 51
31 99
28 99
0 35
0 13
0 80
13 99
74 99
27 99
96 99
88 99
6 57
85 84
29 99
0 58
0 9
0 49
0 83
0 37
0 53
0 66
0 47
0 86
