5
15
83
29
53
3
100
0 6
0 37
0 26
0 52
0 58
0 91
0 25
0 76
50 99
91 4
90 99
7 99
27 18
75 36
21 18
38 99
62 99
4 99
59 99
52 99
75 21
88 92
68 97
88 73
64 96
43 96
59 56
88 68
13 96
1 94
31 36
40 36
51 31
40 20
56 96
49 36
30 13
18 48
16 96
30 22
80 46
92 73
27 36
51 73
40 2
60 51
33 28
61 85
12 34
88 30
59 9
60 14
1 12
88 60
85 18
88 72
4 18
34 18
58 50
79 73
45 31
95 59
70 64
74 18
1 86
1 45
6 33
46 36
66 6
56 7
98 8
73 28
1 66
12 36
42 47
55 19
41 35
1 72
42 80
38 64
92 28
4 5
78 32
37 14
19 14
55 38
79 91
78 74
13 25
20 82
73 8
4 9
7 14
82 14
20 48
42 4
19 38
63 54
58 31
62 28
