5
11
64
40
74
47
100
0 27
0 89
0 55
0 18
0 5
0 26
0 78
0 93
0 82
0 7
0 76
18 96
32 96
29 96
9 96
0 39
0 75
61 96
0 61
0 2
20 96
85 5
5 96
94 96
0 72
0 10
0 58
0 19
91 2
58 96
0 91
25 96
52 15
7 25
0 50
61 33
21 96
90 87
78 96
10 96
82 96
80 96
42 96
61 34
34 96
90 96
65 96
51 96
30 96
88 96
0 90
0 70
0 25
0 13
0 45
0 94
0 28
28 96
0 73
0 1
0 54
0 95
0 42
15 43
0 44
70 96
89 96
0 77
38 96
75 96
54 96
36 96
0 3
79 69
0 79
0 32
0 17
0 30
0 12
0 21
95 96
0 16
0 96
0 22
0 81
0 59
0 38
0 35
0 46
0 60
0 8
0 9
0 41
94 60
94 27
0 20
0 15
0 52
0 56
0 57
