5
64
47
28
1
21
100
67 79
15 79
0 32
0 76
0 54
0 14
0 40
0 15
0 61
0 16
0 59
0 17
13 79
48 79
54 44
8 79
5 79
58 79
44 79
10 79
2 79
70 54
13 40
24 45
48 50
74 59
73 76
60 59
19 59
27 72
48 39
2 69
70 34
70 13
40 59
25 59
44 8
72 59
20 59
70 22
3 40
73 63
70 73
27 8
12 9
13 2
70 23
77 29
69 8
12 50
50 8
52 58
8 59
70 3
70 52
58 39
70 27
2 59
33 29
32 38
50 59
20 42
10 42
29 59
7 42
65 9
67 26
24 22
37 44
60 11
9 42
78 25
37 67
78 76
37 30
38 49
35 55
76 6
31 61
5 75
67 42
58 66
76 77
55 65
45 38
58 16
6 42
38 19
58 27
75 42
31 34
35 66
58 20
65 42
34 65
17 4
30 4
70 58
70 37
4 42
