5
92
56
43
89
32
100
0 19
38 98
0 94
3 98
0 90
47 98
0 10
40 98
0 57
0 82
0 53
0 79
0 23
0 80
0 69
87 98
0 13
0 75
26 98
0 50
0 34
0 58
15 98
58 98
0 28
0 70
0 88
16 98
0 9
63 98
75 98
65 48
0 65
0 46
0 25
0 39
45 98
0 86
0 54
82 98
0 4
0 33
0 26
0 87
0 40
78 98
42 98
0 66
57 98
46 98
0 97
24 98
0 37
2 98
0 73
35 98
88 98
0 29
0 93
0 5
0 45
0 27
28 98
0 62
0 35
0 84
0 24
0 49
0 15
96 98
0 60
61 98
0 64
95 98
0 17
0 14
52 98
91 98
55 98
39 98
0 31
0 7
0 47
18 98
22 98
93 98
54 98
29 98
5 98
37 98
85 98
74 98
70 98
17 98
23 98
14 98
65 98
67 98
72 76
90 76
