5
16
33
17
8
82
100
0 99
0 57
0 38
0 95
0 67
0 75
0 61
0 98
0 11
0 31
41 99
0 80
0 28
0 23
57 99
60 99
42 99
0 70
0 83
31 99
0 43
0 22
0 18
0 84
0 79
0 25
0 81
2 99
0 36
0 40
45 99
23 99
22 99
0 35
39 99
81 99
11 99
0 59
0 53
0 15
29 99
0 66
0 1
0 47
0 37
0 58
0 60
0 55
0 42
0 3
0 76
0 51
0 65
0 73
0 45
0 13
0 69
0 9
0 41
0 52
0 6
93 99
0 72
86 96
44 99
49 99
86 68
84 99
14 99
86 99
86 49
94 99
56 99
37 99
66 99
79 99
35 99
77 99
92 99
52 99
86 59
55 99
80 99
53 99
74 99
65 99
18 99
97 99
58 99
85 99
9 99
19 99
98 99
89 99
51 99
63 99
30 99
28 99
96 99
61 99
