5
23
9
36
74
60
100
0 8
51 93
0 3
0 52
0 41
0 58
0 16
0 20
0 40
0 22
0 67
0 79
0 33
0 73
0 61
0 6
0 38
0 77
0 32
0 83
0 53
0 10
0 64
0 14
0 51
0 72
0 55
0 86
0 25
0 92
0 48
0 19
0 89
78 93
65 50
0 46
0 66
0 63
0 44
0 17
0 91
0 50
0 34
0 26
50 93
0 29
0 49
0 76
0 43
0 7
0 62
0 1
0 65
0 75
0 12
0 80
0 35
0 85
0 78
0 71
69 7
0 69
80 93
37 67
4 82
0 57
0 93
0 21
0 27
0 81
39 93
2 73
0 2
13 22
0 13
0 68
0 31
82 93
0 70
0 87
31 93
0 54
0 24
21 93
0 37
0 18
0 45
0 28
0 11
0 59
0 15
0 4
0 82
0 39
0 56
0 47
0 30
68 93
0 88
0 90
