5
29
96
49
67
2
100
0 99
75 99
0 91
70 99
23 99
0 8
0 20
0 45
0 66
0 4
0 92
0 65
0 3
0 19
0 74
0 54
0 87
0 57
86 84
9 95
86 37
86 39
63 99
79 99
76 99
86 4
10 99
86 62
91 99
98 99
86 71
69 54
54 41
52 41
86 44
10 41
60 76
15 46
15 13
72 23
83 88
54 44
15 68
54 22
88 62
38 48
15 47
51 39
15 16
54 8
15 11
48 94
15 51
15 54
28 41
62 41
15 17
35 21
70 41
91 23
64 13
76 41
16 91
5 34
37 23
23 41
8 41
43 41
56 61
35 66
35 82
15 30
46 61
62 50
13 45
75 7
80 70
45 22
76 94
24 8
20 95
20 90
56 53
3 91
20 5
15 35
61 22
32 22
57 22
76 8
20 83
15 20
80 76
12 54
5 66
36 22
91 22
80 39
1 22
80 12
