5
44
20
94
83
86
100
0 16
0 49
0 96
0 23
0 89
0 98
33 85
0 33
0 80
0 74
0 25
0 45
0 69
0 39
0 11
0 1
0 6
0 50
0 99
0 13
0 43
0 72
69 99
0 81
0 78
0 40
0 36
0 54
0 64
59 99
0 12
72 99
0 22
0 57
0 4
0 97
0 68
0 27
0 84
39 99
0 73
0 95
0 79
0 5
0 35
0 38
0 34
0 56
0 18
0 47
0 59
0 65
0 37
50 99
0 60
0 17
0 14
0 21
0 75
5 99
0 55
0 93
30 99
10 99
0 91
0 26
0 52
0 71
0 2
0 19
0 90
0 88
0 51
0 82
0 53
0 31
0 32
0 85
0 24
0 63
0 67
0 28
0 42
0 77
0 46
0 7
0 61
0 41
0 92
0 62
0 48
0 8
0 70
52 99
0 9
8 99
0 66
0 15
0 29
0 3
