5
35
93
79
70
53
100
0 26
0 67
73 14
47 66
44 78
55 13
33 13
30 66
22 51
49 66
46 66
9 15
72 9
22 59
19 56
6 74
30 56
72 6
77 47
30 34
10 56
77 32
29 46
15 80
80 56
27 48
32 56
12 7
55 14
5 40
90 11
77 43
87 69
33 73
98 94
87 2
65 1
30 87
55 47
2 34
77 30
12 36
12 82
78 49
62 38
12 17
26 11
40 86
65 62
41 90
88 95
71 44
94 61
41 2
12 43
81 5
11 61
64 50
48 68
4 81
41 32
42 88
73 61
41 12
96 28
47 21
89 42
89 96
64 51
19 54
54 52
15 51
63 52
33 69
4 5
27 82
52 61
59 61
78 98
33 46
45 20
94 60
4 64
60 8
45 58
4 43
90 20
68 6
49 85
95 74
34 81
38 84
48 84
57 20
58 62
48 45
37 62
96 48
90 42
38 94
