5
21
87
80
74
45
100
0 52
62 99
0 72
0 20
0 18
0 60
0 85
0 36
0 49
0 84
22 99
0 81
0 27
83 99
0 64
0 43
0 19
0 86
0 97
0 56
0 62
0 94
76 99
18 99
55 99
0 2
92 99
0 8
0 35
0 31
0 40
0 46
0 51
0 54
78 99
31 35
69 66
0 30
89 35
35 99
67 99
0 59
82 99
0 82
91 99
58 71
0 83
5 62
0 5
0 99
52 99
0 33
0 88
0 3
0 1
51 99
2 99
3 99
0 90
0 93
54 99
0 63
0 95
0 34
38 99
0 48
0 14
57 99
65 99
13 12
13 93
88 27
13 4
0 13
0 12
0 25
63 97
0 91
40 50
0 66
0 78
0 44
0 41
34 50
28 41
0 28
0 29
50 99
0 57
0 10
0 61
0 96
0 16
0 22
0 70
0 32
0 98
0 11
71 99
0 39
