5
60
13
28
10
58
100
0 20
5 71
4 71
0 47
26 71
0 40
68 71
0 17
0 15
0 1
0 68
0 49
0 66
0 46
0 16
0 30
0 67
0 65
0 23
0 50
0 14
0 53
0 26
0 4
0 9
0 36
0 7
0 19
0 2
47 71
0 25
0 32
0 64
0 31
0 62
0 24
0 8
0 33
0 22
0 63
55 71
45 71
0 27
0 44
0 11
0 55
0 59
0 5
0 57
64 71
29 71
0 39
0 37
0 52
2 71
46 71
0 43
61 20
42 71
67 71
48 71
54 71
19 71
44 71
3 18
70 71
7 71
34 71
61 30
68 24
51 71
30 71
49 71
24 71
9 71
57 71
56 71
32 71
8 71
40 71
14 71
23 71
18 71
3 71
43 71
41 71
50 71
27 71
17 71
31 71
35 71
39 71
33 71
6 71
12 71
22 71
15 71
61 19
50 65
25 65
