5
10
62
53
24
78
100
25 99
0 74
0 45
19 99
0 14
55 99
70 67
0 20
0 36
4 99
0 29
0 50
49 99
0 89
72 99
23 99
70 99
42 99
40 99
15 99
59 99
0 77
70 14
4 11
0 97
0 52
76 99
68 48
0 68
0 91
0 96
0 71
7 99
0 9
0 59
48 99
0 13
0 44
21 99
0 38
0 81
2 99
33 99
0 66
28 99
0 84
0 3
17 91
0 15
0 72
0 86
0 46
0 87
0 6
0 12
0 60
0 41
0 34
50 99
65 99
87 99
11 99
65 25
0 65
0 30
0 33
0 47
23 91
0 23
0 63
0 83
0 56
0 70
0 26
0 51
0 67
0 79
41 99
18 91
0 7
0 8
0 54
0 69
96 91
91 99
82 99
42 14
88 99
34 99
20 99
71 99
77 99
54 99
67 99
18 99
63 99
27 99
58 99
22 99
16 99
