5
83
12
13
44
82
100
0 10
0 66
49 95
0 53
0 4
0 92
30 95
0 36
31 95
16 95
59 95
0 57
0 95
87 42
0 55
0 50
0 11
0 90
0 87
0 74
0 45
76 95
0 93
0 24
0 34
0 75
0 78
73 95
0 6
36 95
84 95
0 22
0 65
0 56
71 95
0 5
74 95
92 95
1 95
20 95
0 73
56 95
78 95
77 95
0 33
0 89
0 80
0 71
0 51
35 95
0 47
0 67
8 95
0 31
0 49
0 58
0 76
0 21
0 2
54 95
0 52
0 60
0 77
0 23
89 95
0 91
0 29
0 32
0 41
0 26
0 64
0 39
0 46
23 95
0 85
0 1
0 9
0 18
0 88
0 16
0 79
0 15
0 72
0 40
0 48
0 17
0 25
0 86
0 62
0 59
0 38
0 42
0 68
0 43
0 54
0 8
0 14
0 94
0 28
0 69
