5
7
14
4
2
9
89
0 1
0 8
0 15
0 22
0 29
0 36
0 43
0 50
0 57
0 64
0 71
0 78
0 85
21 99
28 99
35 99
42 99
49 99
56 99
63 99
70 99
77 99
84 99
91 99
6 98
11 5
11 12
16 3
92 16
19 13
20 98
23 3
23 10
19 27
23 17
19 34
41 98
23 24
31 11
5 13
18 5
31 18
27 98
34 98
23 31
48 98
23 38
55 98
23 45
23 52
62 98
23 59
11 19
13 98
26 69
66 11
12 69
23 66
76 98
73 11
12 83
92 23
11 26
69 98
33 83
11 33
40 83
3 11
12 90
30 3
40 90
11 40
10 11
30 10
30 17
30 24
92 30
3 18
3 25
32 5
32 12
83 98
90 98
3 32
92 37
39 5
44 3
92 44
92 51
