5
57
6
19
32
79
100
57 94
46 94
23 94
51 94
92 93
0 4
65 94
0 70
0 78
0 14
0 23
0 28
0 85
0 71
0 36
0 91
0 65
0 83
0 35
0 52
0 46
0 77
0 31
73 33
74 33
73 74
0 73
0 21
0 76
0 68
84 94
0 47
0 7
0 87
0 34
0 42
0 89
0 63
0 88
0 82
0 16
0 40
0 11
0 94
0 24
0 60
0 51
0 1
30 94
41 94
24 94
0 56
0 9
0 61
0 62
68 94
0 38
0 86
0 22
0 37
0 90
0 50
0 49
0 18
0 26
0 41
0 15
0 58
0 84
0 3
0 33
1 67
0 13
0 67
73 67
36 67
0 45
0 74
0 80
48 38
48 2
0 48
53 94
93 94
0 43
67 94
0 72
0 12
0 30
90 94
87 94
56 94
85 94
0 20
5 94
0 54
0 29
0 55
0 81
0 66
