5
21
8
10
96
2
100
0 26
0 49
0 88
0 29
0 18
0 69
0 57
0 14
0 70
0 6
0 72
0 68
0 27
0 61
0 91
0 4
0 75
0 84
0 9
0 83
0 56
0 67
71 98
0 48
0 20
0 54
0 53
0 19
0 50
47 98
12 98
35 37
0 35
0 13
60 98
0 86
0 95
0 80
0 73
0 64
22 98
3 98
17 98
72 46
26 98
53 98
81 98
55 41
97 98
92 98
29 98
82 98
57 98
39 98
40 86
59 98
13 98
58 98
63 98
31 98
45 98
11 98
4 98
36 98
55 65
55 40
19 98
55 1
54 98
89 98
69 98
50 98
44 98
55 77
91 65
55 13
36 65
11 65
55 43
23 57
79 54
79 88
64 84
23 51
33 62
41 65
39 20
71 65
72 65
52 70
49 24
18 1
78 65
90 65
1 65
40 65
58 19
12 23
12 79
39 5
