5
50
96
56
42
79
100
0 33
71 99
0 87
0 12
0 37
0 51
49 99
41 99
78 99
1 99
0 40
0 72
0 45
0 66
0 10
0 29
80 99
0 36
0 55
0 30
0 44
0 94
0 54
0 34
0 2
0 35
0 84
0 93
0 85
0 14
67 99
0 69
0 1
0 65
2 99
0 70
0 91
0 74
0 53
85 99
0 47
0 38
0 23
0 4
25 99
0 17
0 86
0 20
0 24
97 99
5 99
36 99
0 71
0 63
38 99
23 99
57 87
75 99
0 57
0 59
87 99
0 46
13 99
0 82
0 68
0 80
76 99
9 61
0 81
61 99
0 6
0 11
0 3
0 8
0 26
0 90
0 25
0 89
0 21
0 95
90 99
9 57
0 9
0 39
0 99
0 5
93 99
66 99
0 92
0 58
0 19
0 41
43 99
0 62
0 73
0 77
0 75
0 61
0 22
0 60
