5
40
7
17
77
66
100
0 86
0 95
0 23
28 30
0 79
0 48
0 74
0 78
0 19
33 65
0 33
0 2
0 46
0 51
0 12
0 73
0 68
0 41
0 3
0 67
0 81
0 49
0 62
0 37
11 97
59 44
30 97
0 59
0 54
0 87
0 13
0 76
0 29
0 44
0 56
0 8
18 86
80 97
68 97
53 97
19 97
46 97
52 29
49 22
19 51
59 19
24 97
0 18
0 94
0 28
0 71
89 87
8 97
36 97
21 97
0 32
0 75
6 97
0 50
0 22
0 88
5 35
0 53
0 9
0 60
0 6
2 97
6 35
0 27
0 83
0 26
0 97
35 97
70 31
0 70
95 97
31 97
0 34
0 45
83 97
0 10
0 35
0 24
39 97
64 97
1 97
0 55
50 97
0 90
0 20
0 92
0 4
0 93
0 5
0 69
0 61
0 15
0 31
0 65
0 57
