5
72
69
65
86
1
100
52 42
43 7
0 32
27 98
81 98
0 41
0 63
0 7
0 30
0 33
0 84
0 56
0 38
0 54
50 17
0 22
0 23
6 58
42 88
88 98
35 83
56 98
70 63
0 6
0 26
0 80
0 16
0 40
0 36
0 25
0 60
0 3
0 29
0 27
0 5
0 87
0 9
0 88
0 90
0 74
0 77
0 98
0 62
0 70
0 94
0 57
92 59
0 92
0 19
0 47
0 58
0 78
0 59
0 48
0 50
0 10
0 89
0 35
80 98
0 82
0 28
0 81
0 67
0 73
0 85
0 20
0 64
0 79
0 43
73 60
66 60
67 63
33 45
0 53
0 68
0 13
0 91
36 98
0 2
0 18
74 98
0 83
84 98
0 21
26 98
0 45
0 17
0 96
0 52
0 37
0 55
0 34
0 93
0 8
0 42
89 98
0 4
0 12
0 51
0 97
