5
8
44
22
47
37
100
87 99
0 28
0 78
0 79
0 61
0 49
0 90
0 39
71 99
0 12
0 50
0 99
0 63
0 81
0 71
0 59
57 99
0 42
48 99
0 87
0 66
0 86
0 55
0 3
0 17
0 23
0 38
0 73
0 41
0 82
0 95
0 96
0 64
0 32
0 76
0 52
0 27
0 36
0 1
0 77
0 51
0 92
6 99
9 99
89 99
3 99
0 70
0 91
26 99
16 99
1 99
88 99
75 99
66 99
40 99
28 99
97 99
38 99
14 99
80 96
82 99
64 99
73 99
30 99
92 99
80 90
54 99
17 99
35 89
13 99
68 99
43 99
24 99
80 35
34 99
35 99
32 99
29 99
80 49
45 99
62 99
84 99
56 99
69 99
20 99
25 99
13 93
90 99
41 99
4 99
42 99
78 99
95 99
61 99
7 99
18 99
80 33
79 69
67 58
97 33
