5
40
17
31
74
52
100
19 96
60 96
0 18
0 87
60 39
34 39
60 62
19 43
46 21
32 38
0 19
0 86
0 27
0 38
43 95
0 68
0 13
0 3
0 93
0 45
0 39
0 96
0 44
0 94
0 95
86 96
0 82
0 47
0 64
0 32
0 4
61 96
91 96
76 80
80 96
88 96
71 96
56 96
79 96
37 96
73 16
16 96
32 96
49 96
91 27
76 92
76 82
0 91
12 4
90 47
20 12
0 20
64 96
6 5
0 57
63 47
87 4
5 47
35 62
47 96
51 95
95 96
0 35
0 66
0 79
0 21
0 72
0 26
0 78
0 37
0 30
0 25
21 96
0 61
0 60
0 59
0 51
0 36
0 81
0 42
0 69
28 96
0 43
0 24
0 6
0 50
75 96
0 9
0 22
0 75
0 83
0 5
0 29
0 7
0 23
0 28
0 76
0 34
6 96
78 96
