5
8
33
20
45
43
100
32 50
0 6
29 50
6 50
0 2
0 30
21 50
0 44
0 31
0 14
0 12
19 50
0 50
38 50
46 50
17 50
0 18
25 50
36 50
48 50
0 41
37 50
0 19
0 1
0 36
0 39
0 35
18 50
28 50
0 46
0 17
39 50
27 50
0 13
0 24
47 50
0 29
0 37
0 26
0 32
24 50
0 49
0 47
0 21
0 16
0 9
0 38
0 22
0 3
0 42
0 10
0 4
0 28
0 11
0 27
0 48
13 50
4 50
0 7
0 40
12 50
0 23
0 5
0 25
0 34
41 50
9 50
15 50
30 50
5 50
34 50
3 50
6 25
49 50
44 50
26 50
15 37
14 50
11 50
22 50
31 50
40 50
6 35
16 50
23 50
10 50
15 27
42 50
46 1
7 50
25 1
2 50
15 6
1 50
12 35
17 35
36 28
15 34
28 35
36 35
