5
57
51
72
11
33
100
0 7
0 75
0 32
0 85
0 22
0 37
0 95
60 99
0 4
0 50
0 98
0 14
0 46
0 84
85 99
0 88
0 9
0 30
0 18
0 24
0 13
0 19
0 42
0 5
0 66
0 40
0 89
0 49
0 67
0 45
0 82
0 17
0 47
0 41
0 86
0 77
0 52
0 21
0 80
0 34
0 61
0 60
0 6
38 99
16 99
96 49
96 15
45 99
50 99
10 99
44 99
77 98
10 36
41 47
98 99
86 99
32 99
56 99
96 30
96 50
9 28
87 28
28 99
73 99
3 99
65 99
46 99
96 9
81 99
29 99
95 99
39 99
76 99
5 99
96 41
14 6
6 99
84 99
40 99
96 86
96 10
27 99
88 99
52 99
8 99
66 99
71 99
4 99
59 99
74 43
34 37
37 99
7 99
49 99
70 99
80 99
42 99
55 99
34 99
61 99
