5
3
67
78
85
74
100
87 99
51 99
1 39
97 98
1 2
12 50
46 13
46 47
77 73
17 98
46 68
46 59
54 53
45 55
50 73
71 72
52 51
36 50
38 33
14 15
97 87
31 32
30 9
48 49
43 38
43 42
66 13
10 86
40 17
16 50
50 51
87 86
33 86
44 60
2 23
43 61
10 4
77 39
65 29
31 18
28 29
53 9
60 23
60 61
76 75
60 59
61 57
27 26
30 29
61 2
63 97
27 77
64 63
61 62
95 94
91 92
15 16
95 20
88 87
21 22
91 21
33 55
10 9
91 33
25 48
24 23
64 31
64 65
64 27
71 70
83 39
8 7
82 87
8 9
20 21
36 37
15 22
83 82
20 19
36 42
13 14
11 10
33 11
94 70
87 9
75 16
92 29
18 17
18 55
23 70
38 39
4 70
22 40
80 7
20 83
84 83
37 38
16 70
6 69
57 69
