5
95
9
11
22
62
100
15 96
40 96
89 96
28 96
4 96
10 96
65 96
51 60
56 96
55 96
20 96
64 96
30 96
74 96
0 51
49 96
4 78
42 25
79 14
0 42
0 57
0 14
0 87
0 75
0 13
27 96
0 46
0 92
0 39
0 82
0 70
0 61
0 96
0 28
0 63
0 76
0 10
57 96
0 19
60 96
33 96
67 96
66 96
83 96
0 1
0 2
78 96
0 74
0 12
0 77
0 36
0 53
0 68
36 72
18 17
0 41
49 34
26 96
12 96
0 21
0 54
0 40
0 18
0 65
0 91
0 31
84 96
72 96
81 96
91 96
80 96
17 96
0 50
0 37
0 78
0 64
0 84
0 58
0 45
0 44
0 60
0 4
14 96
0 20
0 83
0 5
0 72
0 23
0 29
0 8
0 38
0 24
0 80
0 81
0 73
0 59
0 66
0 35
0 90
0 32
