5
68
36
9
92
91
100
0 58
0 4
0 27
0 84
0 37
0 72
0 13
0 23
0 76
0 31
0 79
0 67
0 57
0 69
0 94
0 12
0 44
38 96
0 75
0 34
66 96
0 59
0 19
21 96
72 96
0 61
0 63
17 96
18 96
0 51
0 28
65 96
28 96
85 96
6 96
0 10
0 66
0 40
69 96
11 96
0 39
78 26
54 96
50 96
8 96
0 53
0 85
0 64
0 70
0 18
0 46
0 15
84 96
24 96
3 96
0 93
19 96
0 87
49 96
0 50
0 78
0 60
35 96
31 96
0 41
0 17
0 90
0 95
0 20
0 35
0 47
0 3
0 11
0 54
0 32
0 74
47 96
21 5
46 96
87 96
58 96
74 63
80 96
16 96
23 96
55 96
81 96
57 96
21 74
21 70
44 96
2 96
21 75
71 96
30 96
51 96
34 96
21 11
26 96
90 96
