5
65
14
2
68
44
100
0 19
0 61
26 94
48 79
0 82
0 79
0 8
0 40
0 66
62 63
0 62
0 59
0 85
0 76
0 48
71 53
91 79
79 58
88 58
4 63
58 94
56 94
13 94
93 94
91 94
80 94
49 70
28 15
16 94
29 91
9 94
22 94
53 94
93 54
17 94
4 94
4 27
89 30
75 94
66 94
45 94
56 59
59 81
0 93
0 81
0 64
0 15
0 69
55 58
0 90
52 94
0 87
0 29
5 92
0 5
0 67
0 57
0 49
0 51
0 55
28 94
6 19
3 66
0 6
0 20
0 18
0 70
0 10
57 94
15 94
0 83
0 53
0 72
27 94
20 94
47 94
61 94
86 92
0 26
0 92
0 78
0 56
0 63
0 34
0 77
12 94
0 42
0 35
5 94
0 28
0 46
0 1
0 30
0 94
0 52
0 38
0 3
0 25
77 94
0 21
