5
85
7
57
49
66
100
66 96
0 62
0 45
0 25
0 50
0 86
54 96
0 64
0 95
88 5
0 70
0 60
0 73
0 28
0 48
0 13
0 82
0 14
0 53
0 11
0 75
0 93
0 32
0 92
0 69
0 54
0 26
0 5
0 12
0 22
0 24
0 2
0 35
0 8
81 8
89 96
81 37
0 81
0 79
0 17
0 20
69 71
0 44
0 87
0 55
0 36
47 96
34 96
0 52
0 16
0 63
14 96
0 18
29 96
80 35
0 80
0 61
0 42
0 37
0 38
0 90
0 19
0 9
0 77
0 76
0 41
27 96
0 84
0 96
77 96
0 1
61 33
0 10
0 30
0 72
0 33
0 39
0 71
50 96
45 96
81 39
56 81
0 56
0 27
0 4
0 3
0 68
0 65
0 31
0 59
33 96
0 51
0 67
41 96
0 21
8 96
0 6
0 83
0 34
63 96
