5
66
40
24
13
52
100
0 67
0 21
0 9
0 73
0 16
0 33
0 5
0 34
0 77
0 46
54 99
0 76
0 84
0 80
42 99
96 38
27 99
96 57
19 99
0 92
0 95
0 96
0 56
68 99
0 75
0 30
6 99
0 51
0 12
0 32
0 53
0 63
0 25
0 57
0 43
61 99
0 2
0 98
16 99
0 59
94 99
0 7
0 18
0 14
0 49
38 99
0 82
0 23
0 62
0 20
0 72
0 4
0 93
64 99
0 6
81 99
0 8
0 11
0 70
20 99
46 99
0 65
78 99
0 69
0 99
0 94
93 99
0 87
0 22
62 99
15 99
2 99
41 99
0 1
0 31
17 99
65 99
80 99
0 10
44 99
0 78
60 99
55 99
51 99
90 99
39 99
0 89
0 61
1 99
0 54
0 3
0 81
0 74
0 19
0 44
97 99
0 15
0 55
0 29
11 99
