5
26
69
55
20
18
100
0 99
0 76
0 38
0 83
65 99
54 99
68 99
0 63
0 78
28 99
0 17
0 25
96 99
0 47
0 62
0 92
0 60
0 49
0 87
0 52
0 68
77 99
0 6
0 46
0 29
0 41
0 77
0 33
0 9
0 84
0 12
0 3
52 99
0 80
57 99
90 99
84 99
0 23
0 65
0 15
0 45
0 86
0 50
0 34
13 99
38 99
48 99
0 44
0 70
2 99
87 99
0 4
66 99
92 99
41 99
42 99
31 99
0 40
7 99
0 19
0 90
0 13
0 94
0 24
0 32
0 39
17 99
0 67
0 73
89 99
0 5
0 22
0 98
0 7
10 99
0 95
0 51
0 48
0 21
0 54
0 66
0 96
72 99
0 88
0 2
83 99
0 81
0 16
0 36
19 99
79 36
0 89
0 53
0 58
0 27
0 31
0 75
0 14
0 11
0 74
