5
16
71
21
30
36
100
85 99
0 17
0 82
11 99
0 91
0 23
0 94
0 27
0 65
0 14
0 81
25 99
0 57
0 47
0 92
0 39
1 99
50 99
93 99
75 99
54 99
0 80
0 96
0 9
0 29
0 58
64 99
0 45
18 99
9 99
0 33
0 72
0 87
0 3
0 10
0 67
0 90
0 49
31 99
13 99
77 99
0 35
0 4
0 42
0 64
0 79
24 99
41 99
0 99
0 19
0 48
0 43
0 59
0 50
62 99
0 85
0 61
59 99
0 22
0 55
0 88
14 99
0 24
27 99
0 34
0 89
0 13
0 18
0 32
0 38
4 99
0 62
69 99
55 99
92 99
0 46
0 75
19 99
0 66
0 51
0 56
0 15
0 6
0 93
3 99
45 99
72 99
0 74
0 68
0 20
66 99
0 95
0 53
0 70
0 73
0 8
33 99
87 99
8 99
90 99
