5
66
1
93
11
44
100
0 12
0 14
0 88
0 69
0 28
0 72
0 82
0 21
83 45
16 21
55 78
81 99
20 99
77 99
23 99
53 99
35 99
95 99
49 31
36 99
60 99
63 99
59 99
12 99
16 37
89 99
76 99
47 99
9 99
92 99
6 99
71 99
83 16
40 99
91 99
45 99
0 83
19 51
0 74
22 99
0 20
34 96
8 51
0 34
0 57
0 65
0 18
0 87
0 75
0 62
37 99
16 96
51 99
0 47
0 97
52 99
0 53
5 99
74 99
0 55
97 99
0 68
0 92
0 85
0 24
0 15
33 99
0 19
0 36
0 33
21 99
0 80
78 99
0 6
98 99
0 56
65 99
0 70
0 43
68 99
0 10
0 90
49 99
19 99
0 94
0 42
0 31
0 22
83 99
0 17
51 46
76 29
21 29
51 38
51 82
86 87
20 29
63 29
96 29
51 61
