5
11
27
64
55
40
100
0 40
74 96
0 74
0 89
0 18
0 5
0 26
0 78
0 93
0 82
25 29
0 7
0 76
0 39
15 46
25 46
0 75
0 72
0 61
0 47
58 96
5 96
32 96
18 96
10 96
9 96
78 96
90 61
61 96
20 96
94 96
88 96
21 96
82 96
80 96
65 96
25 96
0 2
0 10
0 50
0 90
59 72
0 91
0 19
34 96
42 96
15 26
58 38
29 96
54 96
75 96
30 96
0 58
0 70
0 25
0 73
0 13
0 28
0 45
0 94
0 3
1 14
0 1
0 42
0 77
0 95
51 96
28 96
95 96
0 38
0 79
0 44
0 22
0 12
0 54
0 17
38 96
70 96
0 16
31 96
36 96
90 96
74 41
0 30
0 96
0 32
0 81
0 35
0 21
0 59
0 41
34 89
0 46
0 8
0 9
0 60
0 20
0 52
0 56
0 57
