5
2
32
40
42
28
100
0 45
0 30
56 95
85 84
0 94
0 41
0 75
0 16
78 75
0 23
0 43
0 6
84 95
12 62
0 12
20 95
74 30
9 95
81 22
22 95
79 95
0 26
0 48
48 77
0 25
0 66
0 35
92 95
30 95
0 17
0 36
0 81
0 13
0 68
0 37
0 18
0 1
0 51
0 38
0 8
0 69
0 7
0 58
0 89
18 95
0 29
0 73
0 15
0 21
0 24
0 63
0 31
0 67
19 95
37 95
41 20
0 52
0 95
0 55
0 5
48 95
0 79
0 71
74 95
77 95
0 49
60 20
4 20
0 4
0 57
85 37
0 70
0 91
0 33
0 3
0 19
0 60
0 90
62 95
0 39
0 46
0 87
0 11
0 80
0 59
13 95
44 95
63 95
74 15
16 41
0 74
0 64
0 78
58 95
85 94
0 85
0 56
0 50
50 95
0 61
