5
45
40
44
49
28
100
0 89
74 78
0 74
0 94
0 39
0 86
17 99
46 99
15 99
67 99
80 99
62 60
22 60
69 52
8 30
4 67
23 84
4 77
15 81
35 97
52 60
10 60
82 3
4 86
30 88
88 60
4 23
92 3
4 35
3 86
86 60
4 32
4 61
81 36
4 81
37 83
37 50
79 60
25 60
66 60
38 60
76 67
97 60
16 17
37 94
37 21
51 85
30 60
26 32
50 51
36 75
50 26
58 46
16 50
5 82
87 60
41 61
82 60
30 85
39 85
81 85
5 85
31 85
50 36
66 85
70 36
80 46
16 90
9 57
2 80
9 10
16 41
67 93
24 52
31 12
47 67
15 90
81 52
31 13
15 26
80 93
83 93
61 56
93 36
38 36
66 56
68 46
19 98
5 57
51 10
78 21
15 7
87 42
46 36
30 36
5 52
11 62
34 62
15 2
16 15
