5
93
80
81
16
47
100
24 99
0 18
83 99
0 70
0 71
0 98
0 43
0 95
0 61
0 41
5 99
0 53
0 40
59 99
0 97
0 5
15 99
0 60
10 99
91 99
0 26
0 39
0 83
0 9
35 99
0 46
0 88
0 7
0 31
0 56
0 65
0 29
0 94
0 90
0 64
0 96
52 99
0 8
79 99
4 99
0 59
0 72
14 99
0 12
21 99
2 99
53 99
45 99
0 67
18 99
0 34
0 73
56 99
0 27
0 44
30 99
0 24
0 74
0 33
94 99
0 91
0 68
0 1
40 99
0 2
0 19
0 13
0 32
37 2
85 99
76 99
90 99
64 99
96 99
28 99
43 99
68 99
92 99
73 99
6 99
27 99
39 99
97 99
41 99
49 99
20 99
7 99
72 99
36 99
75 99
19 99
67 99
37 36
13 99
61 42
37 27
66 59
6 78
98 42
61 49
