5
86
92
1
90
93
100
5 8
30 35
95 96
2 3
20 25
8 11
23 29
26 28
24 28
39 40
13 18
38 40
30 36
49 50
32 34
27 28
41 44
53 55
85 87
23 25
38 39
47 48
21 22
58 59
36 37
85 88
62 63
10 11
26 31
22 23
50 56
28 32
6 7
75 74
53 58
54 55
52 56
43 45
43 44
43 46
41 45
16 21
12 13
30 32
27 29
32 33
23 28
34 35
33 35
9 11
8 12
36 40
89 87
24 26
66 71
75 77
29 30
29 31
36 41
45 50
24 25
52 53
61 62
41 42
80 84
55 56
55 57
11 14
11 12
66 72
13 15
4 5
46 48
47 46
59 63
60 58
62 64
62 65
16 19
25 26
16 17
48 51
13 14
13 16
81 85
84 85
74 79
54 53
46 52
83 85
74 77
53 56
53 57
41 43
42 43
48 50
45 46
48 49
49 51
45 44
