5
12
33
59
97
77
100
0 82
53 81
67 99
64 99
27 52
67 46
2 95
95 11
11 46
92 73
26 73
45 73
50 15
15 16
94 16
28 16
72 69
72 88
72 13
55 84
15 64
64 19
83 2
14 61
45 39
58 2
2 19
39 19
84 79
8 9
32 76
32 90
79 38
62 22
21 36
83 24
51 66
39 47
67 9
47 17
14 29
26 44
69 58
75 66
55 48
55 29
61 56
26 31
81 87
69 9
51 81
35 98
51 35
62 60
40 87
34 24
9 89
44 91
62 44
30 17
40 60
17 38
48 40
36 89
36 17
58 38
48 62
63 31
25 57
28 25
92 56
50 56
5 37
96 91
43 1
71 43
71 90
85 68
1 65
66 93
60 91
70 23
28 74
39 52
1 7
34 78
34 44
92 57
78 18
22 65
29 75
54 31
22 52
78 10
79 90
90 81
10 21
87 5
40 43
96 80
