5
96
83
95
37
73
100
87 89
40 43
0 11
0 1
0 16
54 55
43 44
60 61
43 48
43 59
66 82
7 3
98 99
23 28
35 39
84 85
84 87
21 24
84 86
66 78
25 28
69 81
34 39
41 43
38 43
42 43
57 64
21 23
21 25
35 40
82 67
29 36
68 75
26 32
31 36
34 40
22 26
33 36
68 66
88 90
88 89
88 93
88 91
88 92
27 32
30 36
35 38
41 36
28 29
32 36
35 42
34 38
33 34
31 34
30 34
27 29
32 34
29 34
31 35
30 35
94 97
28 33
32 35
29 35
94 98
94 85
86 90
86 89
87 91
94 87
86 91
86 93
92 98
22 27
24 27
28 30
28 31
26 33
26 23
26 25
30 27
92 97
90 97
92 87
69 80
77 81
65 71
89 97
85 93
91 97
68 70
85 90
89 98
76 81
98 93
67 81
78 84
76 80
69 76
68 67
