5
65
24
4
35
14
100
0 13
0 20
28 79
34 79
47 79
0 51
0 17
13 79
0 64
0 60
54 79
0 9
0 37
0 15
0 72
0 27
0 69
0 26
0 44
0 10
0 66
0 43
0 1
0 73
0 36
78 79
0 38
53 70
53 77
8 79
20 69
15 13
7 79
41 79
57 47
53 15
33 79
20 19
27 79
30 79
66 79
53 48
51 79
62 79
63 79
71 79
37 79
11 79
5 22
69 17
53 1
29 64
37 52
78 52
7 46
64 52
53 5
33 59
61 22
41 16
69 3
22 46
31 41
47 52
57 58
75 46
61 12
67 46
31 51
23 55
53 38
69 33
60 52
53 20
29 50
53 23
31 13
57 15
19 18
26 52
16 52
13 52
30 43
25 52
46 52
59 52
29 52
53 73
53 49
41 52
31 63
78 10
73 52
23 52
3 52
71 42
13 21
72 1
11 58
13 1
