5
77
50
78
2
26
100
0 79
0 64
0 66
0 34
0 31
0 73
0 24
0 37
0 15
0 3
0 25
0 74
0 19
0 46
0 58
0 48
0 42
0 60
0 28
0 53
0 16
3 36
0 30
0 49
0 33
65 61
4 1
0 14
0 44
0 69
0 18
0 70
0 71
0 20
0 29
0 5
0 32
0 17
0 8
0 21
35 40
35 8
56 23
71 58
71 76
4 18
71 62
71 65
14 25
14 1
10 6
10 1
10 9
33 53
33 3
33 48
4 64
22 1
70 67
4 23
28 1
73 1
4 70
27 24
22 53
13 31
5 42
4 65
4 39
52 31
17 41
4 30
4 62
17 38
47 18
4 63
4 51
4 27
47 76
73 11
73 75
4 17
47 75
4 22
73 67
73 48
73 16
73 63
19 1
66 53
66 25
66 49
66 19
43 3
51 3
51 43
51 34
57 46
4 73
52 9
