5
33
5
49
66
85
100
90 99
0 31
0 29
0 97
0 70
0 53
0 76
0 58
0 88
70 99
0 55
47 99
0 51
0 34
0 71
0 18
0 99
0 36
82 99
0 19
6 99
0 74
0 57
0 20
0 50
0 75
0 87
0 60
0 72
95 99
0 54
0 90
0 62
0 81
0 1
92 56
92 45
55 99
69 99
58 99
24 99
82 53
60 99
22 99
48 99
93 99
74 99
61 99
63 99
98 99
38 99
30 99
31 27
71 99
75 99
23 99
51 99
28 99
56 99
20 99
54 90
79 57
31 81
11 25
44 57
50 18
50 82
52 74
92 31
92 29
95 57
98 45
92 50
17 1
60 56
36 89
11 8
92 11
54 38
18 57
45 57
37 57
54 46
92 52
23 57
53 84
13 57
31 57
79 87
22 53
10 60
21 57
1 87
91 57
4 19
8 36
41 12
92 54
75 51
92 62
