5
5
42
30
49
16
100
0 1
0 4
0 66
0 7
31 60
0 31
0 46
0 24
0 12
41 79
0 2
0 18
29 79
0 59
0 56
26 79
0 41
0 19
0 58
0 70
0 35
0 51
0 26
71 79
0 9
24 79
0 68
0 25
46 79
31 79
57 79
8 79
58 79
69 79
65 79
43 79
2 79
17 79
36 79
50 75
77 79
15 79
73 79
44 79
15 38
78 79
1 79
14 64
3 64
50 51
50 67
20 64
66 64
29 38
76 64
25 64
69 64
4 64
52 64
55 64
13 28
13 27
70 24
50 40
50 74
50 15
24 64
56 64
18 1
44 61
45 64
53 68
32 64
3 41
47 41
61 41
71 41
50 6
45 70
31 41
50 53
1 37
48 41
37 41
45 73
47 6
18 70
9 41
31 43
31 39
76 41
50 45
35 39
50 13
28 69
50 27
61 73
46 39
57 65
33 27
