5
5
14
21
68
7
100
14 69
39 67
0 73
0 55
0 39
0 27
0 15
0 32
0 56
0 33
0 24
0 50
0 41
0 70
0 3
0 53
69 73
0 31
0 52
0 71
0 48
0 60
0 20
0 35
0 51
0 54
0 2
69 58
58 73
20 73
62 73
10 37
0 10
0 64
0 17
0 8
0 36
0 4
0 19
0 61
0 69
0 25
3 73
13 73
0 66
0 44
71 73
0 40
0 11
0 29
0 63
0 23
0 42
0 58
0 45
0 43
0 47
0 37
0 46
0 65
0 38
0 1
0 34
0 9
0 67
8 73
0 13
0 6
0 57
0 26
0 16
0 59
0 18
0 72
59 73
0 62
9 73
0 49
0 28
0 30
0 12
67 73
15 73
1 73
22 34
43 73
23 73
40 73
49 73
47 73
63 73
55 73
50 73
46 73
45 73
22 16
35 73
28 73
25 73
57 73
