5
10
2
73
5
27
100
30 96
0 25
0 89
0 94
30 92
0 43
0 36
0 49
0 59
0 55
0 42
0 41
0 38
0 16
6 90
0 6
0 8
0 85
0 24
0 29
0 70
0 57
0 74
0 71
0 91
32 76
72 90
0 66
0 18
0 47
0 62
0 45
0 39
92 96
83 96
62 96
0 4
0 96
0 86
0 90
81 96
0 52
0 68
0 80
0 79
0 76
21 22
0 21
0 82
77 96
0 78
0 26
61 96
0 35
0 37
0 87
77 45
0 77
0 1
0 63
0 50
0 53
0 46
72 66
71 51
45 96
72 96
40 96
59 96
0 44
0 92
0 75
0 58
0 12
76 96
0 69
0 95
53 96
0 30
0 34
0 22
69 96
0 72
0 48
0 56
0 14
0 3
0 61
0 51
0 7
0 54
0 83
0 33
0 84
0 17
0 13
0 23
0 81
0 15
0 20
