5
25
67
17
49
48
100
78 81
0 62
0 41
0 56
0 20
0 36
0 23
0 33
75 81
44 81
55 81
0 29
65 81
24 66
24 5
72 81
65 77
24 53
21 81
16 79
77 79
24 2
24 12
74 79
18 78
24 63
24 23
24 38
1 78
13 15
44 11
54 36
66 38
24 4
54 55
1 68
54 18
1 44
28 46
78 79
61 66
54 12
61 1
42 37
40 46
61 21
61 18
37 79
54 15
40 75
24 54
61 54
20 53
20 16
55 65
61 8
43 11
43 60
37 64
37 23
3 79
12 79
76 27
80 11
15 79
45 27
60 79
61 76
61 5
61 20
11 79
59 22
46 65
51 63
21 79
43 59
46 14
61 37
33 64
61 75
43 3
43 46
77 47
27 79
64 79
72 33
26 30
30 79
43 77
29 79
47 79
10 79
75 73
43 72
12 62
36 3
33 79
73 79
52 1
43 75
