5
54
59
22
36
57
100
0 98
0 25
0 42
0 56
0 67
0 66
0 16
0 37
3 98
0 86
25 98
42 98
0 81
9 98
0 71
61 98
66 98
0 47
41 98
0 65
0 1
0 10
0 97
0 17
0 41
0 72
0 9
0 84
0 26
0 4
37 98
0 60
23 98
0 51
0 94
24 98
5 98
0 61
50 98
60 98
17 98
21 98
15 67
0 14
24 62
67 62
85 62
0 58
9 21
0 39
0 80
15 62
0 96
0 48
2 26
0 79
0 13
0 52
0 19
0 24
94 21
26 62
0 23
26 21
0 92
9 91
0 28
87 58
0 49
0 12
0 64
0 78
5 63
0 68
9 10
9 37
21 62
91 62
9 58
41 71
0 93
73 58
9 42
0 89
0 90
0 18
0 6
0 31
0 85
0 83
0 87
0 55
0 15
97 62
0 35
0 11
37 58
0 77
0 3
0 33
