5
30
33
10
44
38
100
0 50
0 37
0 45
7 51
0 29
0 42
18 51
35 51
20 51
25 51
0 22
0 12
39 51
0 13
16 51
0 7
0 23
32 51
49 51
0 35
21 51
0 40
29 51
0 20
0 6
0 24
0 5
40 51
0 16
0 46
0 28
0 3
0 32
5 51
0 19
0 41
0 49
0 8
0 11
0 2
0 31
27 12
50 51
1 51
28 51
13 51
22 51
42 51
9 51
31 51
27 49
8 18
46 15
27 8
27 46
45 20
19 9
5 6
28 22
27 15
27 28
11 31
27 3
11 40
45 19
27 45
27 40
18 43
21 12
11 39
21 49
27 21
27 11
36 3
27 41
37 7
29 3
27 14
9 3
1 15
15 3
49 3
27 16
25 3
50 23
22 31
23 3
47 31
29 48
31 3
12 3
16 3
27 37
27 39
35 3
6 3
45 3
1 3
19 3
18 39
