5
97
85
42
75
4
100
2 99
0 2
0 5
0 36
0 13
0 98
0 52
44 99
0 32
23 99
0 54
0 29
0 11
0 93
0 81
0 8
0 63
0 59
0 38
0 23
9 99
0 51
0 27
0 95
0 35
0 31
0 9
0 78
0 56
0 58
0 49
0 84
0 25
25 56
0 10
18 99
49 99
22 99
34 99
55 99
39 99
67 88
17 32
32 99
15 99
26 80
54 99
72 99
86 99
0 26
0 19
41 99
66 56
66 54
0 65
0 7
0 88
0 48
0 34
63 7
63 87
0 68
9 5
0 37
0 99
0 87
17 56
0 20
0 3
0 90
0 92
0 21
57 56
0 57
0 43
0 67
0 74
0 66
0 62
0 79
86 5
33 82
0 33
0 64
0 53
0 96
0 60
0 39
0 61
0 40
0 44
54 94
0 41
0 80
71 99
0 45
0 47
0 1
0 24
0 55
