5
61
29
37
38
53
100
0 47
44 82
0 78
0 74
0 82
0 71
0 76
0 13
0 31
0 36
0 23
80 82
0 33
0 21
0 1
0 69
0 57
54 74
24 82
13 82
56 82
74 82
23 82
72 82
68 21
16 82
68 67
41 82
68 55
50 82
54 82
75 82
81 82
68 62
68 65
50 71
1 82
78 82
64 82
21 82
1 7
51 7
20 7
24 7
42 80
11 12
2 12
4 30
68 27
68 4
80 7
30 31
52 58
52 20
73 20
73 77
8 7
5 6
52 42
12 7
71 6
50 7
68 30
73 2
28 21
21 7
69 7
52 41
68 43
70 7
6 7
47 7
2 7
9 7
70 22
10 7
22 7
76 7
30 7
9 28
21 34
69 17
71 67
67 7
8 57
28 7
34 7
44 7
66 57
68 52
14 57
56 57
34 57
35 5
21 18
73 5
68 48
60 57
33 57
3 57
