5
72
12
78
17
97
100
0 99
0 26
0 23
20 99
33 99
46 99
0 85
81 99
0 87
0 86
47 99
0 28
0 43
0 13
0 20
0 98
49 99
0 48
60 99
66 99
3 99
35 99
32 99
0 52
0 82
0 37
0 51
0 64
0 24
0 39
86 99
0 41
0 33
14 99
0 67
25 99
55 99
0 89
73 99
28 99
50 99
98 99
89 99
13 99
24 99
82 99
51 99
57 99
0 29
0 32
0 92
0 9
48 99
0 68
0 25
0 6
0 22
56 99
0 7
43 99
22 99
96 99
0 19
0 4
0 94
0 38
26 99
0 76
0 58
40 99
0 75
2 99
0 44
0 11
0 91
0 71
0 14
0 16
0 55
0 83
0 77
0 31
0 57
59 99
7 99
45 99
65 99
77 99
9 99
30 99
84 99
40 96
9 11
27 66
40 31
64 15
33 15
54 20
71 15
40 14
