5
61
17
77
22
73
100
0 52
0 74
0 54
21 99
0 93
71 99
0 9
55 99
91 99
39 99
34 99
0 68
43 99
0 50
0 81
0 96
0 53
0 76
0 59
0 27
0 41
0 99
87 99
0 49
0 87
0 98
0 85
0 89
0 39
0 6
0 23
52 99
0 3
0 79
0 2
0 37
98 99
59 99
76 99
65 99
23 99
0 24
69 99
16 99
11 99
0 95
0 83
0 82
0 11
0 20
70 99
0 84
0 35
0 88
0 69
0 16
0 57
0 71
0 91
2 99
0 1
62 99
78 99
12 99
25 99
0 60
0 47
0 45
44 99
67 99
92 99
68 99
19 99
50 99
93 99
72 99
7 99
43 8
28 99
29 99
43 34
86 99
15 99
83 99
38 99
10 67
88 99
24 99
37 99
66 99
10 43
21 4
52 65
65 4
10 80
94 4
95 4
87 4
76 40
98 3
