5
1
6
44
31
71
100
0 64
0 17
0 61
0 87
80 99
0 98
72 99
42 99
0 92
0 88
25 99
88 99
75 99
0 13
0 89
0 51
0 3
0 12
0 28
0 54
0 94
2 99
0 29
0 80
0 11
0 58
0 43
0 79
0 55
0 30
0 68
0 40
0 41
0 50
0 95
0 69
0 45
0 59
0 67
0 32
0 4
0 8
0 90
0 33
0 91
0 83
0 65
49 99
53 99
9 99
82 99
66 99
15 99
93 55
73 99
34 99
87 99
35 99
38 99
83 99
84 99
68 99
43 99
86 99
62 99
79 99
85 99
52 99
10 99
20 99
93 90
50 99
27 99
64 98
12 99
40 85
98 99
90 99
24 99
63 99
95 99
39 99
67 99
92 99
56 99
73 5
16 5
52 5
93 17
10 5
45 53
28 5
66 53
90 5
84 5
25 35
51 53
53 5
93 22
93 96
