5
70
69
87
28
11
100
0 29
0 79
54 90
0 63
0 44
16 90
0 64
0 83
0 39
0 61
0 75
34 90
0 30
0 55
0 56
0 62
0 5
0 59
0 76
0 65
0 49
0 3
0 43
0 90
0 19
0 35
0 74
65 90
30 90
81 90
0 78
61 90
0 73
0 12
0 23
71 90
0 4
0 21
0 45
35 90
0 2
0 17
6 90
58 90
72 90
0 54
0 57
12 90
0 53
0 36
0 42
38 90
0 80
0 13
0 77
0 24
0 85
0 38
0 68
0 66
0 67
0 34
8 90
74 90
0 25
0 32
0 46
0 31
49 90
0 82
0 20
0 51
0 26
21 90
0 9
0 18
0 58
0 47
0 86
0 6
0 89
0 81
0 14
46 90
89 90
76 90
4 90
67 90
80 90
22 90
7 90
48 90
86 90
1 90
32 90
50 90
9 90
23 90
64 90
62 90
