5
30
44
64
2
26
100
0 47
0 63
0 67
0 56
33 99
5 99
46 68
94 99
13 99
20 99
65 99
78 99
39 99
23 99
80 1
96 74
46 29
96 28
8 1
46 96
79 1
46 17
71 1
37 1
51 1
53 1
38 29
48 1
66 1
29 1
46 98
94 54
4 54
39 43
74 54
33 54
67 42
18 14
87 83
43 54
87 77
23 93
55 54
46 6
46 23
25 14
37 83
69 32
46 67
72 98
32 91
28 89
46 28
80 93
61 24
52 91
8 14
7 90
14 54
39 83
57 56
83 54
87 47
61 66
43 9
61 78
23 32
10 63
94 6
87 34
90 56
87 48
6 56
52 89
29 50
84 56
29 56
50 56
89 72
87 53
39 12
63 56
32 56
8 56
12 53
23 5
87 61
97 23
88 59
87 92
97 52
16 31
80 31
19 15
97 37
78 35
80 19
89 10
80 61
87 40
