5
54
21
97
41
66
100
56 99
0 24
70 99
0 46
0 14
0 8
0 94
0 27
0 6
0 3
0 2
0 31
0 34
0 99
0 91
0 42
0 4
0 13
0 69
74 99
49 99
37 99
0 15
0 85
0 39
0 59
0 51
0 29
0 10
0 52
0 64
0 79
0 72
0 76
0 33
0 81
0 25
4 99
0 19
0 71
33 99
0 65
0 44
0 55
0 92
0 50
81 99
0 22
0 60
0 49
0 9
0 77
0 62
0 98
0 53
0 1
2 99
0 26
0 45
0 30
9 99
0 5
0 86
0 74
92 99
0 11
34 99
0 75
52 99
0 90
0 35
24 99
0 17
0 20
0 58
0 40
35 72
0 18
28 99
0 73
0 56
0 37
0 83
0 93
0 47
0 36
0 63
0 70
0 84
0 16
0 89
30 99
7 99
22 99
8 99
86 99
73 9
67 74
78 99
82 99
