5
57
6
10
39
63
100
0 48
0 33
0 60
0 56
0 16
0 27
0 52
0 70
0 98
0 61
0 69
0 95
0 42
0 5
0 29
0 75
0 23
0 22
0 78
0 86
0 89
0 93
0 43
0 8
0 92
0 7
0 58
0 11
0 18
0 28
75 99
0 96
0 20
0 25
85 99
0 55
0 82
0 19
0 13
0 62
0 46
0 94
0 32
0 34
0 15
0 87
0 12
13 99
0 72
0 17
0 66
0 74
0 35
0 36
0 38
0 41
0 64
0 30
0 90
0 97
0 31
0 65
0 73
0 47
0 77
0 91
0 4
0 9
0 40
0 3
35 99
82 99
37 45
37 9
37 16
34 52
86 62
37 55
62 99
24 99
67 99
14 99
56 99
42 99
84 99
58 36
36 99
17 99
43 99
37 64
35 53
78 75
37 81
26 99
37 99
28 99
22 99
50 99
68 99
29 99
