5
98
38
49
80
43
100
0 66
0 54
0 35
0 26
0 89
0 10
0 65
0 53
0 67
0 64
0 57
0 85
0 12
0 17
0 23
0 34
14 50
48 99
14 24
21 99
93 99
14 35
54 99
11 99
88 99
66 99
67 99
32 99
55 99
14 73
36 99
8 99
13 99
70 99
89 99
74 99
63 99
15 99
14 48
34 64
21 64
61 70
60 9
93 50
78 33
14 36
78 69
78 77
55 39
14 93
14 57
26 70
73 41
26 29
73 28
26 48
26 46
14 45
70 64
26 87
14 26
14 78
14 19
14 33
14 83
56 1
56 94
22 64
56 75
56 93
12 64
55 64
4 20
4 5
16 81
50 60
42 81
53 64
20 64
4 44
88 29
82 64
61 24
60 64
48 64
1 10
36 33
33 64
97 10
5 76
52 64
56 36
68 96
28 57
76 64
10 64
23 39
60 39
56 88
28 39
