5
75
20
21
28
68
100
0 6
0 92
0 3
0 44
0 14
0 39
0 16
0 9
0 18
0 49
0 57
0 22
0 10
0 2
0 88
0 15
0 91
0 43
0 66
0 64
0 80
0 99
0 61
0 50
0 13
0 76
0 4
42 99
0 40
0 72
58 99
47 99
57 99
0 33
34 99
0 26
0 59
0 34
0 67
0 65
0 78
0 97
23 99
11 99
84 99
31 99
0 71
0 53
0 30
0 73
0 5
0 17
0 11
0 90
59 99
0 35
18 99
67 99
0 79
0 60
0 19
25 99
0 45
0 7
0 46
0 23
61 99
27 55
93 99
79 99
66 99
27 18
80 99
38 99
62 99
54 99
45 99
92 99
96 99
72 99
46 99
27 23
53 99
63 99
27 73
70 99
37 99
82 99
71 99
6 99
50 85
72 82
27 80
35 99
94 99
36 99
5 99
85 99
95 99
97 99
