5
25
23
2
31
88
100
0 30
0 51
0 76
0 12
84 93
0 92
0 4
77 93
0 53
0 90
0 78
0 84
0 80
0 49
0 52
0 45
0 41
0 13
0 1
21 46
0 59
0 18
0 11
0 82
0 15
0 57
0 21
0 69
0 3
42 93
0 10
0 79
0 67
57 93
26 93
55 93
90 93
0 17
37 7
0 37
0 7
0 8
21 93
62 93
69 93
81 93
82 93
0 38
0 48
0 28
6 43
8 93
6 78
18 43
54 93
43 93
14 85
22 93
6 14
4 93
52 93
76 93
11 93
41 93
86 93
28 93
14 93
70 93
66 93
39 93
92 93
59 93
48 14
55 19
14 19
6 19
82 18
6 63
53 47
80 69
28 91
49 19
6 28
50 73
75 16
20 24
6 7
16 19
80 15
43 10
13 73
15 22
22 19
83 19
24 19
6 50
90 85
13 60
6 80
1 28
