5
37
45
17
31
8
100
11 83
19 97
3 97
11 97
68 97
81 97
0 25
92 97
0 16
0 42
0 11
0 64
0 14
0 38
0 52
0 28
0 87
0 10
0 93
12 97
79 97
0 51
63 97
0 59
0 22
0 54
0 27
0 75
0 26
0 76
0 9
0 21
0 24
30 97
0 43
0 68
0 20
50 44
80 97
52 97
55 97
49 97
64 97
83 97
5 97
92 50
39 97
70 97
14 97
84 97
10 97
48 97
47 97
56 97
16 97
53 97
65 71
39 71
3 71
92 75
50 29
92 42
21 73
92 94
58 60
95 9
70 71
61 36
88 15
92 58
63 53
81 73
20 77
29 71
53 71
95 30
88 62
70 86
62 71
9 77
92 14
69 41
92 88
77 71
73 71
34 71
95 19
50 71
96 68
89 19
19 71
92 69
13 71
83 71
95 39
30 94
62 69
70 78
4 94
92 95
