5
46
44
47
7
43
100
48 98
0 6
0 4
0 24
0 9
18 26
34 45
0 2
26 45
0 3
0 5
0 49
0 39
0 19
0 59
0 89
0 69
0 29
0 74
79 30
14 45
10 64
84 45
40 64
79 20
79 10
40 34
40 14
40 19
17 22
40 9
40 23
67 22
69 30
40 59
40 37
30 45
39 10
40 29
32 21
40 39
40 97
48 45
40 84
89 10
40 17
32 71
64 45
27 18
33 38
40 5
96 38
32 33
40 67
77 18
27 8
40 87
36 22
57 6
27 12
61 22
27 58
31 28
31 42
48 11
40 27
30 19
69 20
77 12
32 48
32 25
40 69
40 89
40 77
40 94
32 16
57 48
6 38
57 24
16 18
57 16
48 86
38 45
32 93
82 48
75 4
28 45
32 75
49 6
31 26
40 32
32 96
65 14
22 45
82 16
49 56
31 76
90 14
15 14
31 24
