5
51
14
38
44
89
100
41 92
41 74
0 41
0 4
68 92
77 64
0 58
0 19
0 23
76 92
64 29
66 62
0 2
0 71
0 68
0 26
6 92
0 6
0 9
0 60
0 73
0 67
0 92
29 92
0 63
0 42
0 57
0 18
81 92
0 43
42 92
0 3
0 75
0 29
11 92
0 80
0 40
3 92
61 92
86 19
0 50
0 79
0 52
90 92
31 68
23 92
0 31
36 92
0 35
0 33
0 83
0 24
60 92
0 82
0 28
40 92
79 92
0 77
0 45
0 56
0 11
0 59
13 92
26 92
0 37
0 90
0 7
0 66
0 81
0 78
0 86
24 92
62 92
30 92
0 62
0 12
0 20
0 76
37 40
72 22
0 72
0 13
0 54
0 1
0 91
0 32
30 83
0 30
0 39
0 64
16 15
61 59
69 64
0 69
0 15
0 10
0 84
57 92
74 17
0 74
