5
63
1
38
33
78
100
0 99
0 20
41 99
0 69
0 46
35 99
0 94
0 87
0 34
70 99
18 36
0 80
74 99
0 65
0 92
88 99
0 12
0 40
0 95
0 42
58 99
0 79
0 50
11 99
10 99
0 82
0 97
0 62
0 52
0 48
0 16
0 68
0 55
0 6
0 89
0 8
0 88
0 60
0 10
0 32
0 71
0 26
0 96
0 41
0 83
0 73
0 25
0 77
0 93
0 30
93 99
0 54
0 36
0 39
0 29
0 84
0 51
0 53
0 59
0 11
0 76
0 17
49 99
0 75
0 70
0 57
30 99
0 45
0 24
0 44
0 22
0 27
25 99
96 99
0 49
0 85
3 99
0 67
0 35
0 98
0 3
0 14
0 7
0 37
44 99
0 28
0 47
0 23
0 19
0 64
0 15
0 13
0 31
0 91
0 86
81 99
0 43
0 18
0 72
82 99
