5
17
85
16
56
12
100
12 26
0 11
0 61
0 86
0 13
0 94
81 99
0 71
97 79
76 99
31 99
34 99
78 99
38 99
66 4
72 1
27 1
22 58
26 73
73 10
87 62
97 80
97 51
10 1
97 87
97 60
7 58
5 58
90 30
50 40
72 10
90 25
24 50
7 80
94 4
90 7
90 13
28 27
37 4
90 34
90 65
24 41
24 43
74 25
24 13
74 66
36 2
36 66
36 92
10 62
4 62
26 62
25 2
6 3
74 54
65 3
68 18
74 36
74 13
64 71
64 19
69 18
7 44
15 18
29 48
63 96
67 66
64 29
84 20
96 52
43 18
22 19
67 53
71 44
66 52
81 49
61 72
57 82
22 93
78 23
81 20
42 26
52 18
86 31
52 98
98 18
48 26
61 22
48 20
94 22
34 92
32 20
53 20
92 20
40 35
60 50
45 22
70 20
38 22
57 80
