5
75
68
11
63
46
100
0 62
16 99
0 48
0 52
0 93
0 55
0 57
0 83
0 71
0 51
0 2
0 18
0 64
0 60
0 5
0 61
0 38
0 21
0 15
12 99
4 99
15 99
0 87
0 45
0 72
0 91
32 99
0 58
0 32
0 29
84 99
37 99
51 99
36 99
0 67
0 76
97 99
0 4
5 99
39 99
0 80
0 17
23 99
0 26
0 3
0 50
80 99
92 99
0 74
0 24
0 39
0 44
2 99
95 99
0 99
9 99
30 99
0 19
42 99
0 13
0 16
0 27
0 70
0 10
0 53
54 99
27 99
55 99
17 99
6 99
0 25
0 98
20 99
0 56
58 99
87 99
26 99
82 99
0 49
56 99
0 9
76 99
0 1
0 40
0 88
0 73
0 43
0 54
0 41
0 31
0 94
78 99
0 34
0 37
0 65
0 92
0 84
0 8
0 14
0 66
