5
68
36
50
85
2
100
0 99
0 52
60 99
0 31
0 9
0 22
74 99
0 69
0 76
0 7
59 99
19 99
29 99
41 99
49 99
0 10
0 93
77 99
0 94
0 91
0 60
0 41
0 18
0 28
0 11
0 86
69 99
0 48
90 99
0 98
0 46
0 53
31 99
0 70
62 99
0 84
0 55
73 99
0 4
0 20
0 77
0 1
0 87
0 96
0 34
0 32
57 99
0 33
0 97
0 23
22 99
0 6
91 99
0 3
0 61
0 8
0 74
0 81
0 65
39 99
0 72
37 99
0 13
0 35
0 26
0 51
0 14
0 19
72 99
0 79
0 5
0 67
0 64
0 49
0 25
0 17
0 58
0 59
66 99
0 44
0 45
0 37
0 78
12 99
0 80
0 54
0 90
0 24
0 42
0 82
0 27
0 56
0 43
0 73
0 47
0 83
0 95
0 57
0 40
0 71
