5
84
22
10
15
67
100
0 61
0 83
69 91
91 95
0 72
0 27
0 21
0 58
0 46
0 2
0 47
80 95
0 53
0 57
9 95
0 51
0 25
0 86
64 42
0 90
0 69
0 78
0 80
0 82
0 7
0 74
0 88
0 39
0 42
0 95
0 12
0 94
0 6
0 28
12 95
0 24
0 18
0 9
70 95
72 95
14 68
14 25
0 14
83 21
0 11
0 56
71 21
0 71
0 1
0 13
17 82
0 17
0 5
0 19
0 26
0 63
43 86
0 70
53 95
44 95
0 48
0 45
0 79
0 77
0 4
0 75
0 30
0 44
0 55
0 65
0 66
0 33
27 95
0 68
88 95
0 37
0 3
0 85
0 49
0 32
0 62
0 52
0 64
0 73
0 31
0 40
0 91
0 36
0 50
0 93
0 92
0 89
0 60
0 43
0 38
0 81
0 35
0 29
0 23
0 87
