5
66
20
32
36
16
100
0 40
0 7
0 69
0 38
0 4
0 11
0 46
0 60
0 6
0 1
0 73
0 48
58 74
54 74
46 74
58 38
28 74
44 74
15 74
71 74
73 74
0 58
11 67
0 62
2 60
0 61
0 21
0 33
0 51
0 10
47 60
0 64
0 8
0 53
0 35
0 55
0 17
0 43
0 24
0 44
41 10
0 29
0 23
0 15
0 12
0 13
0 28
0 54
0 68
0 56
0 18
0 72
0 67
0 5
0 41
0 59
68 45
26 46
4 39
0 26
0 25
0 34
0 45
0 49
0 71
0 37
43 74
33 74
0 31
0 74
0 65
0 70
0 42
0 27
0 47
0 22
0 14
0 2
0 19
0 39
0 30
0 9
0 3
0 63
0 57
0 52
48 74
68 31
17 74
42 74
50 65
23 74
30 74
50 68
50 35
38 74
57 74
11 74
40 74
25 74
