5
35
21
7
3
61
100
0 90
0 73
5 98
92 98
0 43
0 28
64 98
83 98
69 98
0 40
0 17
18 98
0 47
46 98
0 62
0 11
29 98
0 10
0 78
0 86
0 44
0 69
0 49
0 9
0 57
0 79
0 64
0 45
0 74
13 98
6 98
0 29
0 98
0 13
0 58
0 41
0 82
0 77
0 81
0 92
0 16
79 98
0 52
0 60
11 98
0 91
0 53
0 71
93 98
0 37
0 24
0 25
0 27
0 85
0 39
0 55
0 96
0 18
0 54
0 66
0 88
0 68
2 98
0 94
0 34
59 98
0 2
0 76
0 30
0 75
0 97
0 22
0 14
0 4
0 46
14 98
0 5
0 95
0 1
0 6
0 65
0 20
33 98
95 98
0 80
0 63
0 26
76 98
0 72
0 38
0 59
0 15
0 33
0 51
47 98
90 98
50 98
9 51
0 19
32 98
