5
24
45
63
89
86
100
0 2
0 80
0 46
0 33
0 35
65 99
0 17
68 99
0 32
0 96
0 3
0 79
0 31
26 99
12 99
0 20
0 77
0 34
62 99
9 99
98 99
0 81
53 99
60 99
0 61
46 99
7 99
0 82
0 21
0 41
0 43
0 85
0 67
0 29
82 99
0 38
0 76
0 72
0 70
0 8
0 62
0 16
0 26
0 83
0 11
0 73
0 98
0 19
25 99
18 99
0 42
13 99
54 99
0 68
1 99
0 57
15 99
20 99
0 84
0 5
84 99
0 36
0 4
31 99
41 99
0 90
0 64
0 97
0 95
0 69
0 30
0 6
0 78
0 23
0 99
87 99
0 65
0 54
0 25
0 44
0 48
0 7
0 14
0 92
0 40
93 99
0 94
57 99
0 18
0 39
0 55
0 28
0 51
0 47
0 74
0 56
0 49
0 75
0 93
72 99
