5
43
24
87
20
9
100
0 35
0 50
0 47
0 94
0 61
0 57
0 96
0 46
0 75
0 74
0 28
0 81
0 72
0 95
0 15
0 76
0 41
6 99
0 91
80 99
66 99
46 99
51 5
67 78
97 99
49 99
51 25
18 94
51 86
88 99
70 99
51 22
16 99
28 99
42 99
62 70
51 18
50 83
51 80
78 69
69 92
11 94
70 92
48 92
83 92
98 92
51 57
78 92
51 60
51 62
6 92
85 92
77 53
65 46
51 11
26 92
51 77
51 6
51 75
81 74
59 42
91 36
85 34
75 34
34 92
63 92
88 92
84 92
32 92
2 92
16 92
60 92
59 54
58 21
29 21
91 59
47 78
54 21
65 21
28 14
4 21
40 21
47 77
94 21
37 21
10 83
8 17
66 83
68 17
54 41
91 47
91 28
19 86
54 83
91 81
91 58
41 21
80 83
91 88
91 10
