5
65
29
24
23
30
100
0 36
0 7
0 56
0 69
0 85
0 19
0 60
0 41
21 26
43 90
51 90
3 90
28 90
59 90
60 90
2 90
39 90
64 90
14 90
84 90
64 48
21 5
0 21
11 90
75 90
0 37
56 38
52 90
78 90
50 90
51 74
85 90
0 61
0 87
0 90
0 71
0 40
0 59
0 18
0 76
0 45
5 90
36 90
82 90
68 11
0 5
0 66
0 34
0 39
0 11
27 90
80 90
34 90
10 90
0 4
0 17
0 38
0 48
0 28
0 25
0 58
0 83
0 81
0 16
18 90
1 90
66 17
0 35
22 79
22 19
0 22
0 20
0 10
0 26
0 44
0 3
0 70
0 72
0 79
0 62
0 32
0 13
61 68
0 89
0 33
0 14
33 90
4 90
48 90
56 20
20 90
0 42
25 90
0 1
0 82
0 55
0 50
0 75
0 74
0 68
