5
81
89
93
38
35
99
0 66
0 17
15 99
44 99
26 99
73 99
56 34
7 61
96 99
97 99
78 80
85 48
30 7
8 19
98 36
72 80
62 72
42 36
30 2
30 8
30 15
26 51
55 26
58 7
58 49
72 97
75 23
44 23
52 23
74 70
73 60
46 58
46 17
28 21
60 23
39 90
95 4
83 47
5 41
95 78
71 3
39 22
66 91
64 57
45 51
13 37
96 41
44 37
33 50
32 50
4 77
59 47
66 78
10 40
56 85
12 83
63 12
63 29
90 43
75 51
58 91
20 27
20 12
90 64
20 84
90 85
32 86
18 52
13 85
24 25
13 64
13 75
18 28
60 88
16 11
49 33
98 5
82 52
68 53
22 53
34 98
4 19
72 67
82 51
11 51
94 51
88 67
69 43
75 43
64 76
69 31
33 82
7 6
72 9
69 68
11 14
92 9
19 88
29 88
