5
62
17
14
15
22
100
0 2
0 48
44 99
71 99
0 80
0 64
0 6
0 16
0 93
0 18
0 57
0 95
0 89
0 88
21 99
0 1
4 99
0 25
0 81
0 23
0 91
4 35
30 99
76 99
80 99
34 99
6 99
51 99
79 99
64 99
42 99
57 23
90 94
81 23
43 23
26 61
10 61
57 68
4 87
61 23
4 34
5 34
79 23
68 23
5 23
20 34
16 34
10 98
16 23
55 27
9 20
53 97
50 28
71 68
43 84
21 90
16 26
65 27
19 41
85 23
67 19
34 23
19 64
53 86
90 93
83 26
68 28
4 5
59 28
4 54
67 13
93 23
89 28
4 63
28 23
79 27
75 83
52 57
6 27
42 60
75 3
72 11
20 54
3 57
94 27
60 27
57 27
2 40
54 27
19 79
36 47
86 8
66 26
81 47
67 20
11 8
4 53
8 27
37 27
4 86
