5
40
95
2
49
16
100
93 35
87 35
0 48
0 85
0 14
0 4
0 32
68 73
4 42
4 89
27 80
3 47
82 72
55 97
62 73
97 73
55 48
91 88
22 48
1 68
45 68
94 17
72 17
14 53
67 8
78 42
5 33
31 70
61 34
23 88
31 45
5 93
67 66
94 5
80 65
71 53
91 25
88 68
6 77
17 68
36 10
91 46
23 38
24 59
41 86
91 31
51 55
91 67
9 7
8 26
59 34
62 51
56 34
38 34
62 22
62 89
13 58
62 53
10 1
76 46
12 88
1 65
75 64
43 64
29 50
28 47
13 64
36 92
59 8
53 88
51 65
87 88
14 90
80 54
50 65
66 60
90 64
14 70
89 14
43 75
42 60
43 36
56 26
10 74
67 22
71 58
61 21
98 14
13 44
60 22
92 22
30 20
10 89
10 79
30 43
15 64
21 64
25 92
26 92
88 65
