5
24
26
16
21
52
100
61 97
0 1
0 28
0 7
0 10
0 5
0 14
50 97
0 3
0 20
85 97
0 19
0 42
0 44
77 97
0 22
0 43
0 17
60 97
0 12
0 31
0 34
49 97
0 46
0 47
0 2
0 27
0 4
76 97
0 13
0 35
91 97
0 11
69 97
0 39
0 40
0 8
0 41
0 30
0 15
0 18
0 37
0 25
0 33
0 29
0 6
0 38
0 48
0 23
0 36
0 32
0 9
68 97
45 86
51 97
83 97
58 97
70 97
53 97
42 79
45 78
95 97
87 97
55 97
54 97
90 97
56 97
75 97
72 97
84 97
79 97
86 97
71 97
74 97
66 97
73 97
63 97
67 97
78 97
80 97
62 97
65 97
92 97
57 97
93 97
64 97
59 97
82 97
89 97
94 97
88 97
81 97
45 56
42 92
45 82
54 39
38 55
91 41
45 71
45 96
