5
58
3
26
69
64
100
0 1
0 89
0 67
0 14
25 12
12 99
63 99
0 61
0 50
0 88
0 81
0 85
0 36
0 16
0 68
0 90
0 93
0 20
0 65
0 25
20 77
0 24
0 51
0 34
0 92
0 76
0 40
0 94
48 99
51 99
85 99
1 76
0 19
0 82
76 82
0 78
0 29
0 54
71 99
0 12
0 18
0 91
0 44
0 73
0 35
0 10
55 50
0 28
0 84
82 99
60 68
60 10
18 29
0 60
0 27
0 41
0 38
68 99
57 99
0 71
0 79
0 95
0 66
0 39
0 99
0 2
0 5
0 74
0 42
0 30
0 48
0 59
0 8
0 98
0 55
87 97
8 99
0 46
0 53
0 32
0 87
0 23
0 52
0 17
0 70
23 99
0 11
0 22
0 56
14 99
73 90
0 97
0 86
90 99
0 47
37 77
0 37
0 62
0 9
0 21
