5
23
60
36
50
82
100
51 93
80 93
0 3
0 52
0 8
41 46
78 93
31 93
0 41
52 93
16 52
0 16
0 40
0 20
39 93
18 93
21 93
0 58
0 79
0 73
85 93
0 67
0 33
22 7
0 22
0 61
0 38
0 14
0 32
0 53
0 72
0 10
0 77
0 83
0 6
0 86
68 93
37 11
0 64
0 92
0 51
0 55
0 25
0 89
0 48
0 46
0 44
0 19
48 93
73 93
27 93
0 63
0 49
0 66
0 17
0 34
0 43
0 91
0 7
79 93
40 20
0 29
0 26
0 76
62 47
0 62
0 1
0 93
19 7
0 65
0 85
0 75
0 69
0 27
0 78
0 12
15 93
0 57
34 3
0 35
0 80
92 93
43 93
0 71
0 81
0 2
0 13
0 21
0 74
0 68
0 87
16 93
0 24
0 54
0 37
0 70
0 45
0 31
0 28
81 93
