5
26
46
13
81
27
100
0 33
0 57
78 95
36 95
0 29
0 91
0 76
86 95
28 95
23 95
66 95
17 95
49 95
21 18
44 95
52 33
84 95
45 95
5 95
55 80
80 95
1 18
9 95
59 95
0 21
0 95
0 67
22 95
0 40
0 53
0 15
0 49
0 87
0 31
0 68
0 45
0 5
0 47
0 8
0 41
0 69
0 24
0 73
0 22
19 95
0 56
68 95
62 95
0 10
0 14
0 42
0 4
0 16
0 59
0 39
0 63
64 95
0 58
0 25
0 78
0 48
0 19
65 56
0 65
0 72
0 82
0 34
0 84
0 12
0 52
0 3
0 54
0 32
0 85
0 38
0 66
0 23
0 43
0 88
0 44
0 20
0 37
0 6
0 36
0 77
0 92
0 61
0 2
0 75
0 94
0 71
0 86
0 55
0 11
0 64
0 51
0 89
0 70
0 83
0 1
