5
57
16
72
91
67
100
0 51
0 7
0 75
11 36
0 11
0 32
0 85
0 22
0 37
0 95
4 81
0 4
0 50
0 98
0 14
0 5
0 46
0 84
88 7
0 88
0 9
0 30
0 18
0 42
0 24
0 13
0 19
0 66
0 40
0 89
0 45
0 60
0 49
0 82
0 17
0 86
0 47
0 41
0 77
0 21
52 69
0 52
0 80
0 61
0 6
0 34
30 38
45 99
33 99
96 50
10 99
28 99
60 99
96 77
36 98
41 47
98 99
78 7
49 4
96 49
86 99
32 99
78 56
41 37
96 30
33 7
40 58
96 41
73 99
56 99
87 3
45 3
15 45
88 38
96 92
92 38
15 61
10 32
10 36
47 85
61 85
87 7
94 85
96 10
26 7
2 75
58 85
20 76
96 15
96 86
96 9
96 4
74 43
37 85
14 76
74 39
76 85
7 85
96 29
88 29
