5
61
34
7
79
11
100
57 56
52 24
86 93
93 99
19 99
62 99
39 43
42 50
19 9
0 57
46 96
6 60
0 30
0 9
42 49
87 50
9 23
27 49
49 99
22 99
82 99
26 99
46 38
6 75
87 15
80 2
46 9
0 8
2 88
69 99
58 99
97 12
46 19
46 80
46 12
46 32
13 99
63 99
35 24
64 99
77 56
87 56
77 22
78 56
0 46
92 89
35 68
0 35
5 56
0 33
43 56
56 99
57 99
0 25
30 99
75 99
57 52
17 10
29 55
55 68
68 99
43 23
83 27
13 23
23 99
88 99
50 99
6 99
17 88
90 99
57 19
53 99
83 99
0 97
46 99
17 39
1 99
17 99
17 57
72 99
77 99
17 83
66 99
36 99
4 99
27 99
87 99
88 89
98 54
49 50
54 89
0 17
26 53
89 99
28 86
43 86
92 85
86 99
37 47
47 99
