5
21
87
98
74
45
100
76 99
62 99
22 99
35 99
80 56
83 99
52 99
92 99
90 18
18 99
66 69
77 91
0 72
66 48
52 8
81 86
71 48
69 42
42 55
0 80
0 52
60 54
86 55
20 23
55 99
78 99
91 99
0 85
64 93
67 99
2 99
49 54
36 71
0 81
0 18
51 99
60 41
70 3
0 36
3 99
49 99
60 17
10 73
82 99
0 27
84 27
54 99
0 60
50 99
38 99
65 99
72 99
0 99
88 99
31 99
57 99
58 71
71 99
34 99
0 19
19 99
25 99
40 99
81 99
32 99
41 99
69 47
61 99
95 99
49 59
0 20
3 37
0 49
37 99
41 14
14 99
8 99
0 94
83 97
23 99
16 99
46 99
60 99
56 99
85 99
17 99
7 99
29 99
0 2
48 93
4 13
62 26
13 99
69 99
84 73
73 99
86 99
27 99
9 99
48 99
