5
36
81
96
89
57
100
0 81
14 99
11 99
5 99
41 99
40 99
80 60
28 53
53 99
15 99
46 92
0 75
97 75
0 83
75 99
0 20
94 32
32 99
60 99
50 99
17 99
47 99
55 70
0 46
70 99
16 99
79 99
0 99
52 99
38 99
91 99
65 99
37 99
9 99
72 99
0 45
0 13
67 99
48 99
35 48
59 99
69 99
49 99
35 99
56 99
61 99
0 92
75 92
92 99
0 88
97 43
73 99
62 99
58 99
86 99
12 14
27 99
83 99
30 99
42 99
97 99
23 99
80 45
10 55
0 80
0 60
5 62
86 1
54 99
43 55
45 55
59 2
55 99
24 99
47 74
10 84
84 99
3 99
44 99
10 12
56 82
41 78
42 1
28 99
43 99
8 99
33 99
97 31
31 99
26 99
10 41
39 99
66 99
0 86
74 4
47 97
29 99
7 99
24 74
94 99
