5
11
6
46
43
3
100
19 55
14 26
4 45
47 44
52 17
47 21
4 17
17 21
47 19
14 9
55 98
14 19
15 26
52 10
7 52
47 10
95 62
33 21
44 33
7 37
1 21
4 14
7 35
15 55
66 73
95 58
7 33
59 93
95 93
7 54
55 62
59 83
55 95
4 7
33 55
42 55
47 32
20 22
55 70
80 97
81 97
73 97
20 21
4 33
21 55
55 96
26 49
55 59
0 4
10 22
55 97
73 98
1 55
55 75
49 55
1 10
1 27
75 98
87 91
0 1
87 72
84 98
83 91
55 85
62 97
83 79
22 55
39 54
97 99
83 64
55 83
28 10
75 68
55 64
68 91
5 40
32 51
23 10
28 48
54 55
82 93
40 55
78 74
73 57
81 75
52 36
73 83
28 55
30 55
98 99
0 5
95 99
73 79
37 34
8 36
73 80
42 51
23 14
88 79
55 81
