5
52
57
9
64
69
100
16 99
59 99
6 99
70 99
92 99
11 99
15 99
34 99
65 99
38 99
22 99
25 99
89 99
88 99
3 99
75 99
76 99
8 99
11 35
41 35
35 99
95 99
54 99
47 99
4 99
6 10
65 13
20 13
13 99
7 99
56 99
62 99
74 99
23 99
32 99
39 99
84 99
55 99
97 99
6 80
0 66
70 12
0 70
36 99
0 99
21 99
19 99
31 99
93 99
46 99
82 99
96 99
83 99
19 94
94 99
41 99
58 99
71 99
87 99
81 99
49 99
78 99
90 99
45 99
63 99
50 99
0 48
92 16
92 27
49 2
22 2
92 80
75 2
31 32
6 62
93 80
2 99
5 99
24 99
28 99
77 99
14 99
42 99
33 99
60 99
72 99
26 99
98 99
73 99
67 99
85 99
80 99
1 99
20 99
40 99
27 99
37 99
66 99
79 99
91 99
