5
57
85
80
92
19
100
0 99
19 99
87 99
31 99
4 53
53 99
2 99
89 99
55 52
0 84
44 99
71 99
38 99
58 99
55 15
55 63
23 99
4 99
87 90
62 90
90 99
33 99
21 10
10 99
86 99
30 99
78 67
67 99
55 37
37 99
52 99
41 99
17 99
74 99
5 43
43 99
0 42
88 99
55 99
3 99
54 99
86 33
51 99
7 99
79 99
0 98
0 1
48 99
86 37
87 61
83 99
77 99
96 99
29 99
58 20
0 55
86 91
20 99
68 99
26 99
93 99
35 99
65 99
87 29
36 99
12 99
96 6
6 99
86 5
96 42
7 42
87 71
96 71
60 94
71 21
94 21
88 5
59 52
86 7
0 86
37 42
0 87
98 48
0 62
42 21
5 21
0 96
46 89
89 21
0 21
0 46
27 38
28 76
38 21
72 55
23 76
49 76
17 76
50 55
4 25
