5
42
6
81
80
16
100
55 62
38 66
60 18
93 55
0 31
44 96
44 67
72 99
0 44
25 99
52 88
68 12
87 58
98 12
85 22
4 88
82 90
0 64
28 13
95 88
50 48
82 21
38 57
1 85
90 48
1 68
88 99
71 70
62 72
0 1
0 17
91 56
0 61
0 98
2 56
0 13
87 78
0 87
71 3
24 49
0 71
0 51
0 92
0 3
0 29
0 89
0 88
0 12
0 41
0 58
0 54
23 53
78 75
0 28
0 55
0 94
0 67
0 79
0 30
0 11
0 43
0 68
0 69
84 75
75 99
38 9
0 40
0 95
53 99
63 49
49 99
0 50
0 59
0 4
0 32
53 66
45 22
0 45
0 8
0 91
0 33
83 99
0 83
0 90
4 15
91 9
0 65
93 40
9 99
93 11
44 13
82 99
44 25
47 21
33 25
62 76
34 99
5 73
78 21
93 22
