5
96
46
85
76
43
100
52 85
36 99
1 99
11 99
52 45
20 25
25 99
0 71
62 50
38 81
16 4
86 56
16 52
30 70
27 50
23 30
0 21
75 99
33 50
56 33
22 8
50 99
64 99
83 38
89 20
12 56
65 48
10 29
93 99
0 16
52 35
0 82
15 54
54 99
31 99
0 17
9 99
0 81
94 8
65 30
74 80
57 80
70 18
80 18
8 18
91 44
60 44
18 99
77 99
0 23
94 89
91 66
0 39
30 13
41 13
65 60
13 99
41 99
24 99
14 99
59 99
27 99
65 62
62 99
4 99
92 99
0 65
0 27
47 15
69 99
36 19
19 99
92 3
0 14
80 40
55 99
94 25
57 21
21 99
45 99
3 99
16 99
90 99
80 72
19 72
0 57
88 10
72 99
20 28
66 99
70 87
35 88
0 87
75 22
87 99
7 99
20 99
0 92
65 99
36 39
