5
14
26
33
86
27
100
52 96
52 42
89 32
31 42
94 1
82 32
95 42
0 94
32 96
89 31
21 31
31 96
48 96
8 96
0 54
46 3
3 96
24 96
0 56
24 72
0 30
72 96
12 25
50 96
58 96
66 96
54 96
61 96
46 35
35 96
61 68
0 61
36 74
78 96
0 82
0 36
63 70
82 66
89 54
71 70
31 70
46 65
65 70
17 21
46 53
81 70
37 70
49 93
95 66
94 75
63 87
42 32
30 39
68 58
46 93
28 58
46 49
46 24
46 32
75 58
46 12
46 17
11 45
0 89
17 23
0 63
49 21
58 70
11 32
53 62
53 41
0 53
37 92
46 84
63 51
0 46
67 70
39 70
67 48
37 51
78 57
57 66
41 70
2 66
95 6
87 66
76 70
0 11
24 44
66 70
48 70
0 84
24 52
67 32
67 79
67 59
6 70
21 58
88 6
32 70
