5
37
48
70
76
36
100
37 93
39 53
10 71
0 86
33 86
0 69
31 33
0 7
50 99
39 25
41 4
0 5
4 99
0 13
8 99
84 26
26 99
51 99
23 99
31 84
68 99
20 99
3 73
81 2
31 90
0 44
98 78
8 2
12 73
84 41
84 55
0 66
80 2
79 13
8 73
26 66
72 73
0 96
58 2
55 41
26 16
73 2
18 78
62 88
78 2
0 31
95 61
61 2
19 4
13 41
90 3
3 57
84 57
88 2
96 28
44 41
85 4
87 41
58 7
0 62
93 21
10 45
52 64
51 95
17 40
54 45
4 2
72 40
77 28
41 2
26 67
0 26
43 65
93 25
14 16
97 28
67 71
34 19
54 88
75 93
0 34
13 28
46 81
10 1
90 72
54 22
69 87
72 87
32 11
54 96
88 28
54 75
93 27
82 86
12 66
19 72
55 59
17 88
54 38
0 54
