5
32
40
71
62
75
100
2 56
56 95
9 95
85 84
52 41
0 41
90 84
84 95
0 42
86 20
20 95
30 95
22 95
18 95
92 95
79 95
77 95
61 17
19 95
48 95
0 30
90 18
74 95
0 28
94 85
37 95
19 2
2 95
44 95
13 95
42 95
63 95
50 95
61 95
72 95
90 14
13 3
49 58
89 22
58 95
30 59
59 95
4 95
15 95
31 95
5 95
39 95
33 95
94 95
53 95
10 95
45 95
29 95
7 95
8 95
66 38
0 94
31 81
78 37
38 95
80 95
28 95
47 95
88 95
35 95
66 95
73 95
89 86
86 95
78 95
66 88
92 87
91 50
45 90
87 95
83 95
26 95
52 95
14 95
89 95
34 95
0 95
41 95
89 55
82 55
66 60
0 45
55 95
6 95
12 95
76 95
26 79
57 95
70 95
25 95
85 95
46 95
54 95
67 95
23 95
