5
40
52
10
47
5
100
10 17
0 21
15 38
34 54
0 15
0 8
44 23
44 11
44 20
0 44
0 35
0 9
0 17
25 54
25 14
35 17
0 11
0 45
0 46
0 23
19 54
0 19
20 54
7 29
0 36
0 18
26 54
42 26
0 42
0 14
4 17
29 17
20 38
24 17
26 17
18 54
0 24
0 41
0 33
0 13
30 31
0 48
38 54
20 23
31 17
22 17
20 14
20 34
51 30
20 22
20 17
24 46
24 43
0 20
43 26
17 54
25 39
25 13
35 54
0 25
0 12
26 29
29 54
4 33
0 22
0 34
46 54
14 54
34 6
0 16
23 50
39 42
0 39
43 11
0 43
33 54
36 53
50 30
0 7
21 3
21 41
48 30
43 48
48 53
8 19
21 8
43 27
28 6
49 21
6 54
25 11
37 11
51 22
43 54
43 4
49 11
41 26
49 43
27 54
22 54
