5
66
20
61
28
16
100
46 74
15 74
73 74
44 74
54 74
71 74
43 74
58 74
48 74
32 74
40 74
42 74
21 33
33 74
23 74
46 38
32 53
38 74
21 17
32 14
40 69
69 64
36 6
17 74
11 74
51 30
30 74
21 65
13 68
65 31
68 31
13 52
31 74
25 74
13 26
32 48
7 8
19 27
0 32
57 74
3 74
35 74
55 74
10 74
59 74
0 40
7 17
0 7
1 74
24 74
67 74
69 74
56 74
2 74
4 74
60 74
38 21
21 74
54 45
46 65
45 74
52 74
36 74
70 74
0 69
51 74
8 74
46 55
55 34
34 74
39 74
64 74
18 74
29 74
12 74
0 74
37 74
1 27
0 60
27 74
6 74
32 63
63 74
43 60
7 74
9 74
49 74
47 74
14 74
13 74
53 74
4 26
26 74
19 74
68 74
65 74
58 50
48 19
50 74
62 74
