5
95
92
1
42
31
100
9 96
22 96
11 96
62 96
15 96
40 96
89 96
51 61
51 79
28 96
4 96
65 96
60 12
51 19
51 60
56 96
47 10
10 96
20 96
27 96
30 96
67 96
55 96
64 96
74 96
33 96
0 51
22 34
49 96
57 96
72 96
66 96
60 96
57 40
83 96
78 96
26 96
0 96
12 96
14 96
22 6
13 50
84 96
0 57
80 96
5 96
91 96
75 96
65 69
5 69
65 71
69 96
17 96
81 96
18 96
72 53
53 96
82 96
0 22
34 96
13 96
35 96
37 96
47 96
6 96
2 96
8 96
0 75
46 77
36 96
79 96
48 96
86 96
76 96
24 96
32 96
7 96
0 46
46 96
63 96
25 96
70 96
0 13
23 90
90 96
50 96
3 96
67 50
68 96
54 96
59 96
45 96
39 96
51 96
29 96
3 93
41 93
93 96
44 96
52 96
