5
21
97
83
72
73
100
59 14
59 41
36 66
9 41
41 99
51 82
94 30
39 95
59 74
59 94
0 54
0 24
0 14
0 6
0 46
88 42
0 8
79 58
0 94
3 40
0 3
27 34
27 99
12 36
0 27
0 2
0 31
0 42
0 91
34 99
1 52
0 34
0 99
69 90
0 69
0 4
0 13
0 52
58 70
74 99
95 56
15 30
0 15
0 10
0 85
0 39
0 59
0 51
0 79
0 29
0 33
0 64
0 44
0 49
0 19
4 99
0 76
0 25
0 81
0 60
0 55
81 56
0 71
0 50
0 37
0 70
0 56
0 77
0 30
0 5
2 99
0 65
0 92
6 52
0 98
0 90
0 63
9 99
0 9
0 74
39 74
0 1
22 99
0 22
0 26
0 75
0 53
0 45
92 99
0 62
0 86
0 89
37 99
0 11
0 35
0 40
0 93
0 66
0 84
0 17
