5
63
69
17
71
42
100
34 99
0 99
52 99
21 39
39 99
60 99
49 99
0 52
58 99
33 99
70 9
73 19
75 99
29 76
10 46
0 16
0 91
22 95
0 34
70 14
62 26
81 45
95 46
46 99
29 99
94 66
53 35
0 70
66 99
55 99
85 99
38 19
52 85
62 92
19 23
50 80
16 23
39 51
62 86
3 25
60 15
68 44
80 78
87 68
87 15
0 87
0 40
93 23
78 4
39 81
58 77
62 57
0 62
12 77
23 99
43 99
10 99
61 99
39 55
3 12
39 3
39 26
3 45
40 95
39 76
27 99
40 99
82 99
80 79
79 99
39 82
87 99
0 39
81 21
3 2
40 38
88 99
95 99
89 99
86 99
65 99
94 37
78 99
45 99
18 1
3 40
57 99
62 99
32 99
12 99
67 99
5 99
33 16
0 9
3 52
16 99
84 99
76 99
94 99
25 99
