5
60
37
31
74
86
100
19 96
60 96
41 61
0 19
61 96
80 96
0 18
56 96
16 96
47 96
49 96
88 96
71 96
0 96
91 96
52 96
8 79
79 96
32 96
52 64
87 4
64 96
21 96
95 96
28 96
39 34
78 96
1 96
75 96
6 96
34 96
35 96
87 77
73 96
70 96
46 96
1 66
1 42
65 96
5 96
68 96
69 96
2 96
10 96
57 96
89 96
24 96
93 96
72 96
11 96
39 35
53 96
0 93
87 8
87 36
6 57
8 96
17 96
87 96
14 96
23 94
0 94
69 94
0 87
81 52
23 72
94 96
44 96
33 96
81 96
22 96
29 96
92 96
27 81
9 96
13 96
0 38
38 96
3 96
27 90
84 85
7 96
67 96
43 69
3 4
0 68
45 82
28 30
17 47
82 96
45 96
76 96
15 96
39 96
42 96
62 96
66 96
20 96
85 96
0 27
