5
58
97
26
73
14
100
12 99
82 99
48 99
1 7
64 99
68 99
85 99
57 99
63 99
51 99
1 69
1 76
66 71
0 89
87 31
71 99
23 99
90 99
47 8
8 99
1 99
29 99
1 30
83 99
50 99
1 75
60 99
81 99
49 99
35 99
92 99
95 99
16 99
89 99
87 99
0 1
27 53
53 99
77 99
74 99
61 99
76 99
46 99
59 99
9 99
72 99
33 99
67 34
34 99
20 99
27 99
98 99
54 99
44 99
43 99
55 99
31 99
0 67
61 27
50 75
75 99
45 99
79 99
94 99
54 15
16 80
15 99
5 99
62 99
0 99
28 99
18 99
10 99
0 61
50 90
0 50
90 17
17 99
24 99
25 99
81 23
39 99
86 13
13 99
30 99
52 99
88 96
96 99
4 99
3 78
78 99
88 70
98 89
84 54
88 52
88 51
88 37
70 99
21 99
19 99
