5
5
44
25
18
52
100
52 70
0 4
0 61
0 43
0 1
0 59
0 70
0 27
19 99
0 92
0 8
0 39
0 34
0 64
0 58
0 73
28 99
98 99
35 99
0 57
0 68
0 63
0 48
27 15
93 99
0 78
1 88
91 42
85 42
61 99
37 99
67 99
96 99
41 99
54 99
35 73
96 86
96 98
57 68
85 48
45 76
91 72
16 68
73 2
2 99
15 99
67 48
67 97
84 39
4 80
82 39
67 96
75 79
39 99
40 99
26 99
13 99
85 98
70 57
6 84
67 60
74 99
91 94
67 91
1 49
49 22
43 94
94 22
37 55
86 66
85 70
85 37
67 85
67 22
63 15
67 73
67 6
71 64
21 54
27 9
77 98
1 46
89 80
71 66
67 39
87 22
77 4
75 90
57 66
66 22
57 42
77 53
98 9
9 22
95 97
69 34
55 22
67 45
71 19
14 15
