5
21
6
38
4
95
100
0 17
0 31
3 22
0 97
0 79
0 35
91 79
51 34
92 31
51 83
42 48
62 11
62 61
51 76
79 99
0 62
0 12
0 84
0 2
22 99
14 99
48 99
44 15
73 27
0 14
61 99
0 96
0 19
0 86
64 11
27 99
64 66
22 31
78 99
68 11
20 99
0 64
0 10
0 71
0 51
0 92
0 49
39 99
93 47
37 7
0 37
0 77
7 16
16 99
0 7
0 43
81 99
37 14
93 75
84 8
56 12
12 75
93 67
36 99
0 93
0 13
0 20
0 74
0 68
0 76
57 80
94 75
53 32
23 16
13 16
0 23
0 24
0 72
80 99
85 42
75 99
85 98
0 85
0 1
82 99
1 26
16 26
66 99
5 50
0 82
0 48
0 94
0 46
0 30
0 15
0 54
0 28
0 99
67 72
0 67
0 98
0 27
90 72
0 56
0 88
