5
36
20
63
33
46
100
76 63
0 99
10 53
28 29
1 99
78 99
34 85
69 79
38 99
80 41
41 99
0 80
9 93
94 9
35 99
70 99
11 99
0 38
7 74
94 18
69 28
87 82
74 99
94 16
10 99
24 58
58 99
0 94
43 88
87 70
65 93
69 41
35 88
75 31
61 30
69 3
23 90
87 29
34 30
30 88
10 81
0 65
41 88
16 64
12 88
34 81
0 34
42 81
26 81
79 98
64 31
18 81
56 14
69 11
88 99
93 99
49 99
16 99
96 99
30 99
25 99
0 69
44 99
82 99
42 99
92 47
87 98
8 98
3 99
55 99
89 99
81 99
28 99
73 99
71 64
61 99
85 99
12 21
8 70
45 99
87 43
0 92
43 99
72 99
49 19
86 19
12 91
91 19
19 99
0 1
79 99
66 99
26 99
65 99
12 99
95 58
14 99
77 99
86 99
53 99
