5
49
62
44
17
68
100
0 41
56 38
48 81
64 65
42 18
0 56
0 25
0 20
1 67
75 81
0 36
3 43
33 16
0 33
37 42
23 47
11 25
77 38
23 15
78 81
26 67
38 66
25 81
22 58
40 46
65 55
23 37
27 63
36 39
0 23
63 51
0 29
24 67
58 67
78 51
14 19
14 46
5 78
24 5
53 74
53 6
77 50
67 81
24 2
53 65
61 54
21 81
18 2
12 72
36 54
72 81
74 50
79 81
66 18
24 53
66 22
24 38
63 2
54 55
63 47
24 12
61 1
61 8
30 2
24 63
25 21
35 3
36 55
66 75
75 50
80 2
24 66
2 55
75 45
16 79
54 13
23 75
41 15
41 65
54 28
4 59
24 4
26 30
23 41
47 55
77 65
54 18
8 55
7 56
27 55
18 78
38 15
46 65
54 15
23 36
31 55
69 58
78 15
24 23
55 81
