5
20
19
62
39
9
98
65 49
35 99
53 33
65 93
93 36
0 18
78 84
21 49
61 33
21 93
50 33
21 73
21 12
0 28
29 36
13 73
69 33
82 84
37 69
44 34
78 70
78 51
34 92
1 10
1 90
92 33
43 17
65 78
65 61
3 33
1 15
47 70
3 76
17 36
47 88
40 22
23 87
84 92
22 73
96 22
8 87
36 33
65 1
65 6
41 73
66 88
8 14
56 4
56 45
88 73
11 54
8 41
81 77
8 11
40 63
40 85
49 5
40 46
8 66
59 87
71 41
69 50
59 29
40 15
40 12
59 94
40 98
59 2
41 5
44 87
4 5
27 7
5 73
30 2
72 16
97 41
51 69
45 87
95 88
30 42
59 30
59 97
93 87
81 44
10 25
90 81
25 84
75 68
90 63
27 90
27 94
40 59
79 76
71 22
55 95
16 87
64 60
72 61
