5
57
80
32
36
33
100
8 65
70 8
34 41
54 9
41 91
42 72
21 40
0 17
11 40
19 40
13 40
40 91
70 91
50 18
18 91
0 70
89 64
64 91
19 91
11 91
50 91
19 56
16 91
83 91
90 91
28 91
88 91
44 83
39 91
9 91
24 30
30 91
89 91
42 91
85 91
8 91
31 91
34 91
48 91
21 91
7 91
26 91
82 91
0 19
45 81
38 81
81 91
0 91
56 91
0 37
37 91
67 91
86 91
45 2
69 37
69 20
44 63
63 24
45 67
2 15
14 56
0 20
56 15
15 91
0 34
77 91
74 91
63 91
86 60
8 84
43 91
14 91
17 91
63 13
8 87
1 91
75 91
35 91
24 91
20 91
72 91
58 91
78 91
2 91
68 91
25 91
4 91
53 91
59 91
46 91
73 91
63 74
28 66
0 73
88 38
66 91
71 91
69 91
0 63
0 88
