5
84
6
57
70
10
100
57 94
61 19
79 94
19 94
46 94
23 94
51 94
41 94
61 31
65 94
67 94
0 78
38 30
30 94
92 94
93 94
5 94
68 94
24 94
85 94
90 94
15 53
4 92
0 4
0 19
65 53
31 53
58 74
53 94
65 17
85 90
17 94
56 94
33 94
28 94
87 94
77 63
64 80
29 94
47 94
85 18
18 94
83 94
42 94
51 61
92 61
85 11
73 38
86 48
88 2
31 93
36 67
38 94
23 92
14 64
85 12
85 51
88 94
71 94
60 94
69 94
72 94
55 94
12 94
75 94
0 94
21 94
62 94
4 94
11 94
0 77
26 48
48 94
74 94
81 94
44 94
14 94
37 94
52 58
43 94
2 94
0 14
65 31
0 85
22 94
76 94
37 58
86 94
39 94
91 64
21 37
64 94
82 94
91 94
63 94
20 94
34 94
0 91
13 94
45 94
