5
84
94
25
40
83
100
93 99
11 38
78 53
60 53
23 11
0 82
0 68
0 76
0 46
0 13
0 64
0 31
38 28
0 2
0 99
0 88
0 78
0 28
0 65
0 27
0 74
0 61
89 70
0 30
0 51
0 15
0 29
0 23
0 77
0 18
0 93
11 48
0 22
0 85
0 69
36 53
79 28
10 97
28 99
78 99
76 17
81 16
78 60
55 99
12 56
86 3
66 99
86 99
64 6
56 31
66 13
10 76
85 57
10 75
85 79
35 95
47 99
44 6
41 57
13 74
95 74
0 10
24 70
0 43
0 57
0 9
0 16
63 98
38 2
87 77
6 2
7 2
87 21
16 87
33 57
2 99
0 63
59 99
0 97
0 56
57 99
62 39
93 29
3 78
93 7
29 39
30 99
3 93
92 59
70 7
0 92
39 99
0 6
22 93
35 46
0 35
0 52
0 7
0 71
0 55
