5
1
2
3
4
5
100
0 59
6 59
7 59
8 59
9 59
10 59
11 59
12 59
13 59
14 59
15 59
16 59
17 59
18 59
19 59
20 59
21 59
22 59
23 59
24 59
25 59
26 59
27 59
28 59
29 59
30 59
31 59
32 59
33 59
34 59
35 59
36 59
37 59
38 59
39 59
40 59
41 59
42 59
43 59
44 59
45 59
46 59
47 59
48 59
49 59
50 59
51 59
52 59
53 59
54 59
55 59
56 59
57 59
0 58
0 6
0 7
8 58
0 9
0 10
0 11
0 12
13 58
0 14
0 15
16 58
0 17
0 18
19 58
20 58
21 58
22 58
23 58
24 58
0 25
0 26
0 27
0 28
0 29
0 30
31 58
32 58
0 33
0 34
0 35
36 58
37 58
0 38
39 58
40 58
41 58
0 42
0 43
0 44
45 58
46 58
47 58
0 48
49 58
50 58
51 58
