5
3
9
64
37
89
100
37 85
22 81
18 81
0 22
50 22
0 36
22 18
22 19
18 86
1 22
40 56
6 19
4 14
1 4
63 21
12 82
35 56
84 55
81 7
22 31
63 80
63 62
96 31
77 92
1 26
88 48
46 72
2 38
5 12
21 15
28 13
1 77
2 30
63 28
47 46
67 42
67 48
39 19
58 15
54 25
23 62
27 35
42 76
48 76
8 36
70 45
33 39
69 93
41 19
5 13
82 56
8 33
67 97
35 60
72 98
73 72
88 87
14 55
90 74
83 95
15 45
56 76
70 55
95 78
32 58
50 36
1 5
88 59
44 91
74 56
96 49
13 24
50 92
48 41
93 56
17 11
17 73
29 32
84 91
21 29
22 94
98 50
98 21
34 12
87 72
42 44
53 30
84 79
80 85
33 57
12 57
49 10
6 10
75 10
31 45
85 46
85 97
92 14
6 4
6 29
