5
88
86
78
81
57
100
50 99
50 81
50 58
56 99
65 99
90 99
82 99
83 99
54 99
76 99
50 79
50 69
50 93
77 99
59 99
55 99
80 99
68 99
59 74
74 99
70 99
94 99
85 99
51 99
79 99
64 72
72 99
89 99
82 92
92 99
61 99
91 99
98 99
62 99
73 99
0 49
0 1
0 2
0 3
0 4
0 5
0 6
0 7
0 8
0 9
0 10
0 11
0 12
0 13
0 14
0 15
0 16
0 17
0 18
0 19
0 20
0 21
0 22
0 23
0 24
0 25
0 26
0 27
0 28
0 29
0 30
0 31
0 32
0 33
0 34
0 35
0 36
0 37
0 38
0 39
0 40
0 41
0 42
0 43
52 99
59 68
0 44
0 45
0 46
58 99
0 47
93 99
67 99
50 95
50 82
85 75
50 59
50 80
83 75
50 71
48 49
48 1
50 75
68 75
66 58
