5
18
82
8
50
46
100
66 99
60 99
95 99
32 16
54 88
52 9
52 54
0 84
4 7
88 99
64 99
0 99
32 77
74 86
49 86
86 99
13 99
56 99
23 99
0 48
0 13
71 17
7 92
58 60
32 81
0 71
0 85
89 16
2 10
0 74
4 71
4 83
3 92
0 60
28 21
0 32
10 99
4 99
4 23
68 99
94 37
37 99
69 99
20 99
85 99
28 99
12 99
13 27
27 99
3 99
9 99
83 99
57 61
61 99
4 81
53 48
48 99
58 99
78 99
55 99
67 99
59 99
54 99
25 7
25 19
57 7
20 19
53 99
1 99
31 99
89 99
42 99
87 99
57 99
20 39
36 99
49 99
26 99
94 99
56 67
76 99
17 99
25 28
91 99
11 99
0 40
11 52
38 99
25 99
4 11
22 99
4 25
58 28
73 33
84 33
33 99
7 99
43 36
72 99
35 99
