5
20
36
65
27
26
100
0 99
0 69
0 76
0 55
63 76
30 69
85 59
59 76
18 91
69 99
38 37
54 99
10 68
79 28
7 23
38 10
61 37
68 99
0 18
0 83
28 99
0 38
52 99
0 63
0 17
73 17
31 17
73 46
24 14
96 99
77 99
19 24
57 99
10 59
13 51
81 90
0 78
0 62
84 99
0 49
0 92
0 87
95 80
52 95
25 48
0 25
48 90
98 57
76 69
0 60
87 90
0 47
49 59
0 68
0 41
0 6
90 99
13 99
0 52
29 48
54 64
48 99
87 99
38 99
9 28
68 23
0 9
0 46
92 99
0 29
0 33
66 99
88 28
61 49
54 61
53 14
77 54
77 75
0 77
0 84
0 12
0 23
80 2
2 99
42 99
1 7
3 11
28 23
0 3
0 80
0 15
0 45
0 34
11 7
0 86
0 50
41 99
31 99
89 99
0 44
