5
13
16
9
36
40
100
0 2
0 21
0 50
0 22
14 60
35 60
57 60
15 60
59 60
44 11
48 11
41 11
44 24
6 11
44 3
2 11
44 20
27 11
44 25
44 29
44 4
33 11
44 38
44 32
31 11
44 22
44 10
44 52
23 11
37 11
44 43
42 11
44 12
35 11
44 15
14 11
21 11
49 11
26 11
30 11
54 11
7 11
44 28
44 47
39 11
57 11
44 8
50 11
34 11
55 11
17 11
44 58
44 45
46 11
1 11
44 19
44 59
56 11
51 11
53 11
5 11
44 18
44 48
41 25
44 41
27 3
44 27
44 30
24 11
3 11
20 11
44 2
39 29
44 6
14 25
44 14
4 11
37 38
44 39
25 11
37 43
54 43
44 35
29 11
44 54
12 11
7 38
44 33
44 57
44 37
7 32
44 26
53 38
44 31
38 11
58 11
44 56
22 11
44 49
43 11
