5
49
5
66
47
33
100
82 99
90 99
70 99
27 15
6 99
58 99
55 99
85 86
69 99
24 99
95 99
85 78
53 60
60 99
48 99
0 85
53 22
22 99
29 93
29 42
93 99
0 99
61 99
0 58
27 61
94 74
65 74
58 74
82 74
81 65
74 99
0 29
98 99
38 99
51 99
30 99
75 99
23 99
71 99
31 81
31 27
79 3
0 31
78 63
63 99
94 73
28 99
0 53
97 76
0 76
56 99
20 99
97 79
24 44
0 97
88 87
28 98
23 95
43 77
98 45
0 88
0 57
44 57
1 87
79 57
18 57
38 54
53 84
23 57
0 51
45 57
34 38
0 34
18 1
37 57
11 25
50 54
25 90
90 95
18 67
45 95
89 81
0 70
4 95
55 91
84 13
8 36
13 57
88 93
19 57
8 11
55 88
0 19
95 57
18 21
55 51
71 37
61 31
0 18
0 36
