5
44
38
26
85
19
100
0 17
17 99
0 96
98 99
0 20
0 99
37 70
18 88
88 99
0 37
0 1
0 91
76 60
32 59
0 87
91 55
17 91
0 82
72 99
0 22
53 99
59 99
74 9
29 43
94 99
45 95
0 29
0 84
66 9
61 89
0 2
0 34
9 99
43 99
3 99
91 99
77 99
0 57
0 12
5 99
0 7
0 24
0 83
0 28
77 76
0 77
10 40
84 68
22 14
50 56
52 53
63 12
10 90
8 22
0 10
0 55
0 76
0 67
49 76
12 41
0 48
0 27
0 36
0 16
0 65
0 41
0 18
0 8
0 35
56 99
0 66
66 46
6 37
66 53
46 60
6 43
0 6
0 39
1 99
32 77
0 31
2 99
0 62
0 43
9 33
0 89
0 11
0 88
0 72
0 59
0 42
0 93
0 69
25 82
0 25
0 40
21 8
54 12
21 75
60 99
