5
91
83
16
4
77
100
0 92
0 59
0 73
0 23
35 36
80 56
0 35
0 68
0 37
0 20
66 92
0 6
0 84
0 22
0 62
1 92
11 53
55 34
0 67
0 13
0 71
0 5
0 82
0 41
0 64
60 92
78 44
75 78
3 53
33 68
0 75
17 53
0 8
42 68
0 42
0 69
0 28
0 51
43 34
0 7
34 92
0 72
0 65
0 33
0 48
0 24
0 29
0 79
0 80
0 9
0 58
0 2
0 43
0 11
49 79
0 3
0 45
0 81
0 1
0 17
0 36
0 32
0 40
0 44
0 76
0 78
0 60
0 87
0 30
0 56
0 63
0 86
0 52
82 53
53 73
27 63
64 73
0 27
0 31
0 46
0 34
0 88
34 73
0 90
0 61
0 53
0 49
26 43
73 92
15 52
15 26
28 92
18 71
28 34
0 15
0 38
71 92
0 19
0 12
0 57
