5
31
33
19
11
9
100
49 99
0 97
22 56
86 56
15 25
27 99
61 62
61 89
98 34
79 35
91 22
0 15
0 95
0 40
0 22
42 62
43 77
34 24
34 42
21 62
72 88
0 72
0 88
0 74
0 8
67 99
0 54
0 51
89 68
0 32
0 18
0 94
81 48
63 7
0 5
47 24
4 36
13 26
62 99
96 94
28 99
63 84
23 38
13 36
25 75
18 8
13 7
6 47
23 6
43 49
46 38
94 99
38 48
48 99
0 23
0 29
84 99
64 1
0 13
63 96
24 1
49 52
1 99
26 28
49 57
7 73
71 99
7 36
3 51
49 97
85 81
27 56
25 73
39 96
49 85
51 99
0 49
54 99
46 52
56 36
64 36
29 36
58 99
83 46
52 36
97 26
13 59
87 53
37 40
52 35
45 59
97 87
95 45
52 95
5 37
25 99
97 61
98 12
83 43
64 45
