5
80
38
23
50
12
100
56 82
78 47
0 61
0 47
0 53
29 82
66 41
0 37
0 74
0 82
24 82
0 71
78 9
78 48
13 82
47 44
55 54
53 82
74 82
41 44
77 47
78 62
0 78
0 76
21 10
18 1
0 36
48 10
0 33
31 30
72 82
31 16
0 31
0 21
0 1
0 57
0 13
51 44
0 69
68 29
68 53
52 53
68 65
68 62
36 15
15 53
44 82
10 26
41 82
26 16
21 36
21 82
67 22
1 82
71 64
21 81
68 21
68 55
5 35
7 82
31 81
68 61
22 75
54 82
4 81
35 81
75 82
16 82
68 4
2 81
43 9
68 67
68 43
3 9
52 58
30 70
9 81
78 82
68 27
26 81
62 22
62 81
66 64
69 70
24 64
30 56
30 4
30 45
30 22
42 64
68 52
73 20
68 30
22 64
68 73
68 69
48 79
68 48
68 8
42 60
