5
28
86
17
5
47
100
67 99
44 99
26 99
31 99
19 87
53 99
77 55
55 99
83 99
9 99
77 99
76 99
70 45
55 2
10 61
56 45
0 64
75 45
45 99
52 99
84 99
12 99
1 99
73 99
10 99
79 83
64 99
42 37
90 99
20 99
79 70
75 46
46 14
0 79
35 14
0 42
0 91
55 92
14 99
15 99
89 51
89 55
89 20
98 2
89 64
0 74
0 89
69 13
65 19
22 98
0 77
51 13
73 13
0 75
0 29
98 72
13 99
0 99
72 99
0 56
7 33
12 50
12 33
33 99
0 12
72 66
80 6
66 99
19 99
52 69
2 69
91 99
11 99
88 69
4 15
74 25
25 99
89 99
82 99
32 99
0 63
63 99
27 99
84 37
72 37
84 56
46 90
37 99
8 99
4 99
57 99
69 99
0 39
0 46
80 58
53 50
58 99
74 99
30 99
21 99
