5
87
30
50
17
37
100
48 52
48 51
84 9
32 81
52 44
44 76
76 93
68 34
40 69
34 93
0 90
90 93
89 93
29 93
47 93
13 93
0 48
83 93
55 93
82 44
0 46
35 42
40 1
20 15
88 44
12 62
0 35
15 78
10 62
36 44
1 42
1 92
90 55
85 21
34 11
36 11
70 44
25 44
41 31
75 91
0 10
83 18
32 1
44 93
2 93
8 93
80 93
0 79
0 32
54 93
6 93
61 93
67 93
5 93
36 93
11 93
15 93
5 60
88 93
40 93
73 93
26 77
77 93
39 93
71 93
84 93
81 93
20 60
60 93
64 43
41 59
8 43
43 93
85 93
12 93
3 93
1 93
33 93
35 93
72 70
70 78
78 93
38 93
41 5
53 93
48 93
69 93
0 41
58 93
92 93
18 93
0 93
57 93
49 93
75 93
46 93
49 89
70 93
0 72
72 93
