5
90
21
35
87
31
100
39 45
45 99
42 99
25 12
0 79
17 24
69 74
75 99
39 99
38 99
22 78
32 97
98 37
0 93
25 58
0 52
69 30
0 7
0 69
34 85
74 75
28 42
0 32
78 99
7 99
18 99
73 99
33 99
16 92
7 45
11 70
0 86
61 32
14 98
55 92
0 23
92 99
54 99
0 99
80 99
40 99
20 99
84 18
24 85
97 99
0 19
94 20
46 22
22 64
7 40
23 57
0 61
0 24
54 15
60 64
0 54
14 30
69 64
0 20
20 64
50 33
95 26
12 62
98 64
14 29
64 99
89 99
2 99
65 99
75 24
24 99
34 83
16 99
53 99
71 79
70 99
96 99
5 99
14 12
28 99
91 99
74 99
68 26
26 99
59 93
93 99
14 99
52 99
41 99
32 99
34 99
59 99
0 4
79 99
71 99
0 47
47 99
81 99
42 27
27 99
