5
57
62
85
10
75
100
63 99
82 99
48 13
13 99
17 99
24 99
56 99
14 99
35 99
26 99
36 99
42 99
7 99
50 99
67 99
43 99
0 61
0 95
0 6
89 84
39 58
84 99
97 99
28 99
22 99
30 99
46 99
29 99
93 99
92 99
80 99
90 99
33 99
37 99
70 99
98 99
74 99
15 99
25 99
0 27
0 60
0 33
55 1
12 21
0 39
40 51
1 99
68 99
4 99
0 52
17 31
31 99
16 99
69 99
23 99
5 99
32 99
76 99
2 99
51 99
16 92
17 66
28 66
66 99
45 99
59 99
81 99
69 17
49 99
19 99
11 99
89 99
96 99
3 99
83 99
12 41
41 99
53 99
91 99
55 99
47 99
6 99
0 69
48 23
0 48
0 11
88 72
83 72
23 7
0 29
0 56
70 11
52 72
16 8
32 71
16 63
16 86
0 16
98 17
35 72
