5
6
94
27
33
53
100
89 96
77 96
39 96
0 14
57 96
58 96
20 96
29 96
24 96
1 96
43 96
37 96
0 95
36 95
0 39
0 67
36 87
36 79
36 48
95 96
52 34
0 28
42 40
0 36
81 96
75 96
61 2
76 2
86 12
85 95
55 42
0 55
76 7
12 96
69 96
64 96
15 96
70 96
30 96
75 34
82 50
77 34
38 81
34 96
90 96
0 85
86 96
76 96
92 96
0 38
74 96
47 96
7 96
0 76
51 96
67 96
73 96
90 40
36 96
48 96
46 96
71 96
14 96
56 96
9 96
44 96
62 23
78 23
85 75
23 96
17 96
5 96
88 25
25 96
31 96
54 96
68 96
84 96
22 96
88 96
2 96
82 96
72 85
93 96
91 96
4 96
49 96
32 96
79 96
48 42
62 42
41 15
0 82
42 96
0 90
35 96
83 96
0 96
38 96
62 96
