5
14
9
12
13
96
100
1 62
0 84
51 77
91 20
89 62
0 51
0 87
61 56
0 77
65 99
0 31
0 37
0 63
0 55
0 2
0 92
0 46
0 67
0 95
68 79
22 78
28 79
0 3
0 60
0 59
0 68
70 99
0 91
0 49
0 64
70 2
79 99
57 99
81 99
1 16
48 80
48 78
0 48
0 73
0 88
58 99
0 71
0 42
0 22
0 16
0 97
16 87
78 28
87 99
6 33
89 69
0 24
69 99
62 99
0 25
0 36
0 4
86 99
43 99
83 99
0 65
0 28
0 18
0 40
11 99
94 46
46 99
89 81
0 82
57 16
0 57
0 44
77 99
0 20
0 17
4 10
0 74
0 90
0 43
0 30
0 15
80 10
0 80
41 94
39 10
0 52
10 99
0 45
28 44
0 34
0 94
44 99
6 36
36 99
56 62
0 6
0 62
0 99
54 99
0 10
