5
94
71
95
16
36
100
55 16
11 49
25 99
64 91
11 5
11 20
11 68
91 99
38 99
85 5
45 14
0 58
85 83
32 57
23 99
0 99
73 99
4 76
66 76
96 63
44 4
74 99
96 99
2 99
84 70
10 35
50 31
0 70
11 50
85 82
70 99
11 55
62 99
11 97
97 99
35 99
44 99
87 99
89 99
76 99
68 99
17 99
61 99
46 51
51 99
85 54
27 43
79 99
46 99
48 99
57 99
3 99
27 99
6 99
98 99
44 30
33 30
59 99
80 99
0 43
54 99
75 99
85 99
30 99
72 99
44 96
9 42
29 66
38 40
96 66
0 27
66 99
14 99
65 99
77 99
26 99
97 88
88 99
78 99
82 99
86 18
18 41
11 85
41 99
10 99
40 99
49 99
7 99
34 99
0 32
84 77
55 99
29 88
43 54
93 99
90 86
56 99
0 11
1 99
43 99
