5
96
44
72
94
69
100
0 86
50 99
5 99
0 20
0 98
0 80
0 23
0 16
39 99
59 99
10 99
30 99
86 99
48 99
0 49
0 33
0 99
0 74
0 11
0 45
0 89
0 6
0 40
1 8
1 6
0 1
0 81
15 40
0 25
0 13
0 39
0 43
0 36
0 50
52 99
8 99
14 99
0 22
81 99
78 99
0 78
0 57
0 54
0 27
0 64
0 97
7 83
0 4
0 68
12 57
12 46
0 12
0 35
0 84
41 99
7 14
62 33
57 35
40 27
0 73
67 99
0 95
79 99
0 79
0 34
35 99
0 56
0 38
47 99
0 47
51 99
0 5
0 83
28 99
23 99
57 99
20 15
21 66
58 11
15 66
0 18
0 91
0 60
0 59
0 37
0 14
0 26
0 17
0 65
0 93
84 99
55 9
0 55
0 75
0 71
0 51
0 88
0 21
66 99
0 90
