5
18
19
32
56
69
100
81 99
47 99
61 99
12 99
62 99
88 99
83 99
70 73
82 99
10 99
25 99
17 99
45 99
48 99
86 99
11 99
0 95
0 16
0 7
35 60
0 49
0 76
0 70
83 16
0 55
60 99
0 67
0 75
0 84
0 29
0 77
0 87
0 31
76 16
58 86
26 55
91 16
86 55
46 16
17 95
16 99
75 99
13 99
29 99
77 99
24 99
58 99
97 99
21 44
44 99
21 99
67 44
57 99
22 41
72 91
58 41
15 99
72 41
41 99
72 26
20 10
30 10
67 49
78 62
42 14
0 21
0 52
46 99
0 58
0 22
0 46
0 54
0 1
0 74
43 50
59 29
86 43
82 71
0 86
0 99
0 71
26 99
5 99
27 98
98 99
9 3
3 99
8 55
40 99
27 99
0 42
0 10
65 99
36 99
0 20
0 88
0 91
0 72
0 45
0 44
