5
97
98
11
51
23
100
78 34
41 99
76 99
45 92
39 99
75 99
35 99
78 55
0 45
3 99
94 44
84 46
76 40
64 99
56 20
20 99
58 77
50 90
47 90
82 87
90 99
14 99
13 99
25 99
83 99
26 66
65 24
76 55
66 99
40 99
55 99
38 99
93 99
43 99
82 88
14 84
36 17
14 46
14 32
17 99
68 99
0 14
0 40
81 99
0 62
4 99
0 94
53 79
59 75
0 74
0 16
34 79
63 32
0 34
0 41
79 88
0 71
0 37
0 75
27 88
81 75
32 99
44 27
92 61
21 99
0 59
0 83
34 99
0 86
74 99
0 79
0 84
96 99
0 6
17 50
94 99
0 17
59 92
69 1
0 39
60 1
1 99
27 55
0 60
13 72
0 67
0 93
0 50
0 89
55 95
95 99
0 69
9 99
53 99
85 77
72 99
28 99
80 99
29 99
73 99
