5
16
35
52
33
51
100
16 72
0 99
87 38
0 21
0 5
0 74
0 70
0 66
0 98
0 95
0 12
70 53
0 79
0 48
21 62
61 21
0 61
0 62
0 4
0 69
0 17
0 23
0 81
78 29
0 78
0 58
0 68
80 62
80 67
0 80
40 72
0 92
0 37
96 97
0 96
14 99
0 39
0 63
0 47
0 8
0 89
0 87
0 29
0 49
0 91
0 2
0 20
0 32
0 22
0 75
88 62
0 88
37 38
64 24
38 99
1 98
0 64
0 53
0 19
0 65
29 37
6 23
37 99
96 8
6 63
6 96
98 99
46 47
0 6
26 60
0 26
0 59
0 9
0 55
0 43
0 72
0 11
10 53
44 17
47 57
0 44
0 86
0 7
0 56
74 60
0 85
63 99
60 99
0 40
0 73
0 14
0 38
0 82
0 97
0 25
0 10
0 3
0 93
0 54
0 18
