5
32
42
38
43
55
100
20 45
0 70
38 43
61 70
0 20
61 14
4 65
11 49
40 54
22 70
40 51
1 60
53 17
31 34
3 63
0 23
0 49
0 65
0 26
47 59
45 63
36 46
28 34
51 70
47 45
0 47
0 66
0 46
0 17
0 57
0 58
53 9
44 70
26 70
53 27
30 8
64 2
7 64
28 33
63 70
54 59
0 53
0 11
0 9
0 21
49 70
34 70
0 22
0 60
0 14
64 70
54 2
54 70
25 30
0 54
0 48
0 7
3 70
3 45
3 31
0 3
0 61
0 25
63 18
29 21
0 68
0 37
20 14
8 45
21 70
65 35
28 15
0 28
0 62
0 8
50 2
27 23
27 4
0 40
7 45
33 8
0 67
4 18
23 4
14 70
61 2
19 3
0 1
37 15
34 45
17 2
4 2
21 66
10 15
57 70
34 49
52 15
49 18
2 45
30 41
