5
93
94
47
16
71
100
0 71
18 15
36 98
0 18
0 98
80 99
82 18
32 86
70 41
82 78
96 35
17 45
0 70
42 98
0 43
0 61
0 53
0 95
32 24
58 55
95 38
22 98
51 83
0 41
51 24
0 40
60 30
0 60
0 5
0 83
0 9
97 6
0 97
0 26
95 23
95 85
52 98
0 39
0 29
0 88
0 46
31 83
7 31
0 7
24 99
63 88
61 68
31 44
59 99
0 31
0 90
0 56
0 96
0 65
0 64
0 12
81 99
0 27
0 8
83 99
76 12
85 51
0 73
0 59
0 34
5 99
0 72
0 67
44 4
12 63
0 44
0 24
0 74
29 35
0 68
0 33
0 91
10 99
0 13
0 2
0 32
1 14
15 99
60 84
0 1
0 19
37 2
79 99
4 99
27 44
37 36
50 63
50 84
37 27
45 63
3 52
75 19
37 28
70 82
82 91
