5
29
6
68
72
37
100
0 21
92 54
0 90
53 57
64 99
53 62
1 57
76 58
59 50
46 10
0 76
97 94
22 48
97 10
14 24
14 33
28 57
14 28
14 97
61 14
55 60
13 57
41 5
57 99
41 92
12 82
61 12
89 21
15 60
71 42
41 90
19 25
53 42
82 99
47 54
4 49
46 94
74 27
8 27
67 28
47 48
33 28
46 65
36 54
60 99
1 62
4 18
52 89
1 81
31 19
7 56
26 33
41 52
38 28
36 26
16 87
62 28
74 65
74 77
64 28
55 81
41 36
67 55
61 41
96 18
66 27
58 19
96 7
47 15
81 9
46 70
35 92
44 2
19 9
46 91
9 28
46 67
8 23
38 98
46 44
54 48
95 18
93 60
95 85
60 48
46 95
18 27
38 94
53 31
38 14
53 16
13 31
46 13
7 27
38 47
32 62
79 74
32 74
13 8
81 77
