5
69
20
74
48
92
100
0 61
0 19
0 58
0 88
0 2
0 7
44 87
0 98
0 18
0 93
0 1
0 15
9 60
78 99
39 43
79 99
9 44
37 23
0 12
0 23
22 47
33 49
22 9
87 43
60 99
0 22
0 62
0 99
0 67
0 47
0 30
23 99
0 71
63 45
11 90
83 49
11 58
6 99
87 65
0 63
0 84
0 38
0 34
0 9
9 90
0 39
77 99
0 57
90 49
76 99
0 26
0 6
0 31
49 99
95 87
29 75
29 62
95 29
44 58
95 21
68 90
32 15
0 95
0 72
0 14
0 37
0 5
0 33
0 25
0 75
0 94
0 4
0 27
81 94
34 58
52 58
44 47
82 83
93 83
75 90
44 43
98 52
26 94
68 38
70 84
13 21
44 26
93 1
98 80
44 86
84 99
83 99
44 68
15 99
93 77
98 30
81 13
87 99
93 53
44 98
