5
54
60
16
1
56
100
37 82
0 79
0 21
0 38
0 15
63 48
71 15
15 82
62 82
72 82
18 82
73 82
36 59
19 77
52 82
17 82
35 82
14 82
70 82
4 82
2 82
51 82
23 82
71 82
26 82
53 82
44 82
42 82
72 65
72 36
72 20
25 51
63 82
72 12
52 77
77 82
64 82
0 72
0 13
62 36
57 82
48 6
62 48
0 62
0 12
0 29
0 7
55 6
0 34
0 4
0 10
0 74
0 8
22 34
0 55
6 82
9 82
13 82
33 82
43 74
22 67
73 4
4 67
31 30
0 43
79 11
47 41
28 67
50 67
7 3
18 66
47 42
7 48
26 58
47 26
30 61
47 72
61 67
47 62
47 64
55 67
44 74
37 67
47 20
47 79
47 10
5 67
42 67
71 58
7 70
65 62
47 7
47 75
57 28
75 27
24 26
47 57
59 58
18 26
10 67
