5
74
12
22
70
42
100
0 91
34 91
53 29
25 47
29 91
82 91
33 59
33 6
20 66
13 91
18 91
88 91
0 20
46 91
25 91
83 91
73 18
33 77
77 91
76 91
0 33
89 52
79 3
62 6
3 27
27 91
9 91
62 24
47 91
7 91
37 91
85 91
14 91
61 91
26 87
25 2
62 59
87 91
56 91
79 91
60 91
80 91
60 66
52 91
89 91
35 91
44 91
79 30
40 91
48 91
84 91
63 91
0 89
79 72
0 44
28 91
43 91
0 26
90 91
19 91
66 91
60 36
48 83
25 53
73 53
36 91
16 91
62 91
78 91
5 91
21 91
45 6
21 77
51 91
58 91
25 45
71 3
79 18
3 91
33 91
79 37
79 73
81 91
64 91
57 91
49 91
65 91
55 91
4 91
67 91
1 91
45 91
38 91
8 6
71 61
6 91
75 91
20 91
69 32
32 91
