5
70
69
79
63
11
100
69 90
0 29
0 44
0 83
76 32
0 64
28 90
54 90
40 41
33 48
41 17
87 90
0 39
61 90
34 90
0 61
0 75
0 30
81 90
0 55
56 33
0 56
30 90
19 80
62 12
0 62
5 64
16 90
0 5
0 59
17 60
0 87
0 65
58 90
66 65
29 80
58 7
47 72
76 45
24 33
17 77
72 54
50 30
0 76
0 90
65 90
0 3
0 49
0 43
0 35
6 90
74 90
0 74
71 90
35 90
0 19
0 12
0 73
0 4
0 28
38 90
0 78
49 90
0 23
0 21
0 57
45 56
0 45
0 42
0 17
0 24
0 2
21 90
0 53
0 54
0 36
0 77
0 80
0 13
0 66
0 34
0 68
0 38
0 32
0 67
0 20
0 25
0 82
72 90
12 90
0 85
0 46
0 51
8 90
0 31
46 90
0 26
0 9
67 90
0 18
