5
84
25
37
3
57
100
17 97
83 19
80 74
80 8
0 31
0 11
94 19
83 11
44 50
59 11
33 75
19 97
78 94
68 97
81 97
0 16
42 80
53 11
11 97
92 97
55 97
79 97
12 97
90 32
66 35
0 64
14 32
44 32
68 8
29 73
35 17
64 97
52 97
63 97
5 97
92 94
94 30
14 26
68 96
0 8
60 49
60 62
30 97
83 97
14 97
92 58
49 97
31 80
0 14
76 26
0 42
0 45
77 56
0 38
75 56
87 31
10 26
87 68
87 72
80 97
70 97
0 51
40 9
39 97
10 97
6 53
53 97
15 65
6 15
71 97
47 97
48 97
44 78
87 6
41 65
52 47
38 66
16 97
87 38
0 87
28 75
0 52
11 8
0 26
59 44
75 73
0 10
26 80
54 80
0 28
54 6
9 91
54 56
77 9
76 40
8 72
42 72
0 54
0 22
0 59
