5
16
55
20
23
81
100
0 76
3 66
0 80
0 60
0 15
93 91
39 34
0 93
0 42
25 95
37 33
42 80
82 28
90 89
0 67
92 18
4 28
60 35
31 60
0 10
0 28
0 53
0 71
0 12
0 68
0 91
35 95
39 33
0 57
0 7
39 11
39 65
11 95
0 9
50 95
52 63
82 52
82 86
82 13
82 76
68 95
74 77
44 18
39 15
21 44
0 82
78 62
37 26
73 40
76 52
73 53
28 95
66 19
45 62
37 78
73 89
73 31
89 95
8 77
60 65
73 37
73 62
64 69
34 26
64 94
73 76
73 83
57 13
64 68
57 62
42 3
52 95
73 34
51 42
57 1
73 64
77 79
7 13
62 95
73 75
59 65
94 65
80 58
80 32
93 79
73 80
65 95
77 17
1 67
45 31
73 45
1 37
3 13
3 26
88 95
79 95
67 13
17 85
37 27
73 1
