5
49
85
5
7
19
100
2 88
0 2
0 13
90 86
53 93
67 93
23 93
54 93
34 93
14 71
89 93
20 93
81 93
84 93
38 93
74 93
65 93
79 93
17 93
35 28
28 93
30 93
26 93
69 2
52 2
0 36
0 14
2 93
0 93
37 93
45 93
83 93
69 15
0 33
38 37
11 52
56 93
31 93
55 93
91 93
22 93
46 93
3 93
0 87
14 90
0 35
90 93
0 69
51 18
18 93
72 93
33 93
36 93
0 71
57 93
9 93
69 93
52 93
86 93
21 93
15 93
0 68
68 93
11 47
47 93
0 39
50 93
64 93
76 93
10 93
29 93
63 93
62 93
44 93
78 93
77 93
11 93
88 93
76 27
42 93
74 53
63 80
11 64
72 53
0 11
80 93
12 93
8 93
58 93
1 93
40 93
0 52
51 58
27 93
6 93
39 93
92 93
16 93
75 93
13 93
