5
26
35
29
40
55
100
0 59
49 59
17 32
52 59
38 59
39 15
16 15
18 56
44 23
47 54
51 8
22 58
15 20
47 5
45 5
21 42
20 59
49 30
52 36
22 41
0 22
25 32
56 43
16 57
17 30
30 10
25 56
25 44
38 45
11 45
47 6
19 58
45 36
36 10
28 7
22 4
37 7
19 48
3 7
18 6
50 53
27 41
33 20
52 21
22 52
50 21
22 46
16 23
47 16
32 41
19 32
58 42
22 51
24 41
23 1
44 57
19 38
16 13
21 45
53 57
8 43
4 52
19 30
38 27
16 49
25 11
28 31
37 24
2 23
34 45
44 54
43 10
38 37
16 56
2 56
32 54
22 11
31 15
52 45
22 18
37 16
34 52
28 13
58 15
49 21
33 58
23 8
23 15
17 58
17 36
5 57
5 23
23 58
43 48
1 43
31 57
17 21
43 57
46 14
13 31
