5
32
16
86
44
78
100
15 98
45 98
89 61
0 36
10 61
61 98
40 98
92 98
67 98
43 98
91 98
38 98
21 24
37 98
68 98
8 98
5 98
21 76
0 22
36 80
0 21
0 87
96 98
53 98
31 57
25 72
51 72
85 72
26 77
82 4
0 15
26 83
72 98
25 98
70 24
24 98
1 98
7 98
74 98
93 98
82 98
69 98
59 98
30 68
57 98
0 26
23 31
23 28
28 98
49 98
3 98
23 14
41 98
23 8
80 98
12 98
55 98
34 98
52 98
89 98
96 48
5 11
23 3
48 98
23 98
0 46
46 98
88 98
21 18
18 98
76 98
66 98
30 98
70 98
77 98
20 98
0 98
70 74
84 56
2 98
56 98
0 79
19 79
17 61
79 98
17 98
97 98
70 17
87 4
0 70
33 98
5 21
42 98
26 98
63 98
36 98
87 36
31 98
35 18
81 98
