5
80
43
28
42
60
100
0 89
80 4
0 66
4 89
25 23
25 72
0 25
0 40
0 86
0 85
0 73
0 27
0 78
69 21
24 15
0 82
35 72
65 89
56 89
26 64
34 23
72 64
35 68
35 45
52 18
65 37
24 72
72 9
52 7
76 1
44 50
49 1
49 69
35 44
21 9
21 64
39 22
9 66
29 13
41 49
35 39
3 67
35 56
35 83
24 54
6 36
86 84
18 73
29 33
35 29
8 67
9 64
6 53
57 67
62 84
83 27
24 13
68 13
27 64
36 84
71 88
24 6
41 24
48 52
67 64
20 13
8 25
25 13
41 74
13 64
58 84
27 84
13 84
25 39
14 84
86 39
23 87
3 30
6 30
20 30
40 30
57 73
53 30
86 7
16 31
29 30
54 73
40 81
8 73
23 52
52 79
72 23
33 65
72 58
52 50
52 45
5 79
72 74
39 84
72 7
