5
73
4
59
86
92
100
0 95
66 21
53 99
61 48
63 66
42 99
28 21
61 64
76 56
0 88
0 26
0 61
0 24
0 91
60 77
0 19
66 99
14 83
30 99
0 14
0 94
46 99
63 87
0 46
1 3
77 56
16 12
5 85
56 99
79 36
58 18
27 28
24 41
27 40
27 79
87 44
48 21
70 16
6 77
44 12
3 21
94 83
12 99
63 61
57 21
63 42
61 83
43 5
27 77
43 81
26 40
31 44
27 58
29 99
30 40
21 99
7 70
43 63
17 96
0 43
78 18
10 78
14 89
7 34
75 99
77 99
27 10
31 16
27 63
7 30
27 7
27 50
98 81
6 5
72 44
23 96
89 96
27 76
52 99
70 61
64 48
22 38
40 81
95 41
16 83
81 99
83 99
35 20
47 76
76 61
13 11
27 35
27 61
24 17
93 96
47 49
24 82
27 6
61 96
47 28
