5
39
3
42
6
19
100
0 24
0 12
29 94
0 87
14 35
38 94
84 94
74 94
9 94
70 94
14 24
70 65
0 14
0 55
41 94
62 94
0 67
0 90
0 82
0 47
25 94
1 94
73 94
13 94
0 32
0 77
0 71
67 94
0 81
0 43
69 94
29 15
86 15
15 94
86 94
7 71
71 94
17 94
29 53
5 94
0 29
63 94
91 94
87 94
63 89
0 63
0 26
2 94
7 94
93 17
0 93
0 23
0 60
0 66
0 79
0 17
0 91
0 80
0 92
0 61
11 32
0 21
32 94
89 4
17 91
17 13
17 4
0 46
0 45
0 44
0 34
0 10
0 8
70 4
57 37
0 57
0 72
0 36
25 83
0 25
0 85
0 76
0 48
0 49
0 53
0 52
0 41
0 94
0 18
0 89
0 7
49 94
0 58
69 4
0 15
38 1
62 4
0 38
0 11
4 94
