5
65
29
9
59
30
100
43 90
23 90
3 90
75 90
51 90
24 12
56 25
18 72
28 90
36 49
0 60
73 50
36 26
60 90
11 90
2 90
52 90
84 90
14 90
39 90
36 90
85 90
69 21
21 64
64 90
24 90
27 90
82 90
50 90
56 42
0 36
24 75
0 85
0 56
24 66
7 12
23 24
0 23
0 7
69 63
42 78
25 1
12 50
0 19
15 51
82 84
74 78
0 69
21 39
2 12
78 90
26 90
10 90
5 90
0 90
33 90
48 90
80 90
34 90
20 90
1 90
18 90
4 90
61 90
37 90
70 90
25 90
63 90
68 90
62 90
6 90
35 90
16 90
72 90
47 90
69 90
54 90
74 90
79 90
40 90
15 90
44 90
81 90
66 46
46 90
57 90
21 26
62 3
0 21
57 12
37 46
12 90
0 40
45 90
77 90
0 37
67 90
66 90
13 90
55 90
