5
45
17
15
46
49
100
46 99
0 28
3 82
55 8
77 44
3 92
42 55
54 44
75 8
78 29
50 29
40 1
40 16
0 40
39 61
26 50
26 69
8 30
85 30
89 26
39 85
21 76
44 99
2 80
89 39
10 67
38 51
74 78
25 24
50 51
87 42
38 48
47 67
76 67
80 93
0 89
86 97
5 57
57 27
67 99
60 99
98 79
94 79
41 6
51 27
94 72
32 33
0 94
0 74
0 39
51 76
97 27
0 86
77 91
4 67
4 77
65 96
35 97
4 61
4 23
91 48
27 80
4 32
4 35
3 10
5 80
56 14
4 86
4 44
81 25
81 52
90 58
32 5
36 50
36 75
6 80
31 12
36 70
4 81
88 70
37 83
74 80
37 50
18 70
21 78
59 80
16 90
94 87
37 21
70 80
24 3
23 84
62 71
41 61
9 10
11 43
62 60
63 3
88 30
86 80
