5
31
1
42
3
66
100
0 30
0 4
0 16
5 79
0 46
7 38
24 79
45 26
0 7
0 2
12 28
0 12
0 41
58 49
30 40
45 73
0 24
73 61
47 26
32 71
49 79
18 6
71 79
0 18
0 56
0 19
0 26
8 79
19 58
59 24
33 47
47 29
59 27
59 37
26 79
5 32
38 29
0 59
0 58
0 35
0 51
43 29
0 5
0 68
0 9
0 70
0 25
50 74
46 79
29 79
50 30
50 75
52 63
50 6
28 69
13 28
50 15
50 40
35 43
50 51
50 47
27 48
57 79
50 67
28 58
27 33
47 41
50 13
69 79
45 70
50 12
61 41
40 71
45 58
17 79
57 65
50 57
37 41
77 79
77 58
14 65
48 58
24 70
50 53
46 65
50 27
50 46
28 21
4 28
18 65
32 62
9 36
61 34
45 4
77 71
71 41
50 45
2 79
61 44
77 24
