5
22
26
23
14
3
100
13 51
51 31
13 31
25 84
71 84
83 84
11 84
48 84
17 84
31 84
43 84
15 84
75 1
1 84
21 84
0 13
0 36
0 29
0 12
60 84
0 18
31 61
0 73
0 40
61 84
64 84
36 84
73 10
20 84
62 54
0 62
75 84
0 16
0 79
68 84
0 10
8 7
24 84
0 35
33 84
46 52
80 84
63 84
46 47
79 76
7 73
34 46
81 8
69 73
34 24
0 34
24 17
0 24
0 8
80 83
52 54
80 52
73 8
80 79
80 70
78 15
0 80
56 4
0 56
0 53
74 11
44 76
68 72
27 2
56 7
27 76
0 59
0 33
0 55
21 11
0 42
0 64
0 11
0 4
51 2
0 51
50 84
4 72
76 84
56 84
79 84
55 84
13 84
27 84
54 84
72 84
24 7
28 84
74 4
63 68
6 84
44 84
19 84
69 84
78 84
