5
33
75
46
30
25
100
0 99
0 78
20 99
17 99
47 99
72 10
81 99
49 99
66 99
74 82
0 72
60 99
35 99
3 99
26 27
87 32
27 32
32 99
0 85
86 99
14 99
28 99
78 52
0 87
0 23
91 39
52 55
27 66
54 20
11 82
26 90
83 84
78 43
0 26
39 55
55 99
73 99
89 99
51 99
13 99
50 99
0 43
0 98
0 28
0 86
31 43
41 44
98 99
13 71
71 15
12 99
82 99
13 29
24 99
96 99
48 99
40 99
22 99
57 99
26 99
43 99
61 82
61 97
16 56
13 42
28 38
15 56
56 99
2 99
59 99
20 52
7 99
1 16
10 16
11 9
96 45
82 45
0 20
45 99
77 99
13 31
13 59
65 99
15 99
13 41
62 72
64 15
0 13
9 99
51 31
31 78
52 91
47 93
48 12
78 99
0 51
0 82
81 84
79 39
0 64
