5
50
48
93
1
29
100
55 56
58 59
11 12
83 86
35 38
62 63
59 61
8 11
11 14
26 28
74 79
86 88
58 60
75 77
19 20
62 64
16 21
72 75
66 71
66 72
36 37
18 22
74 77
39 40
92 90
87 90
45 46
92 94
5 8
13 18
13 15
68 69
80 84
41 44
5 10
65 69
41 42
59 63
35 36
30 35
23 24
80 81
91 90
28 30
47 46
13 16
43 46
62 65
7 8
36 38
7 9
20 25
85 89
49 51
43 44
90 96
32 30
30 36
74 75
15 17
6 8
8 12
74 73
16 19
62 67
52 53
42 43
68 67
22 23
87 92
32 34
52 56
86 87
74 76
37 41
46 52
2 3
94 95
23 25
85 87
32 33
51 53
25 26
66 67
89 90
4 6
44 46
94 96
57 58
88 87
58 63
12 14
58 64
15 20
56 61
91 92
95 96
43 45
41 45
15 19
