5
7
98
14
83
4
100
19 25
47 52
38 40
30 37
31 39
0 5
35 37
41 43
70 78
84 91
10 12
10 18
37 44
0 2
0 1
77 81
0 3
26 30
82 87
23 30
82 90
11 19
60 69
82 91
11 20
44 51
53 60
63 67
63 66
51 54
59 64
75 84
20 22
64 69
45 46
80 84
79 84
18 26
13 17
94 99
54 62
49 56
0 6
0 9
78 84
8 16
92 99
64 67
53 51
72 80
38 45
18 11
30 38
53 62
8 15
46 47
77 76
74 67
45 54
65 67
46 49
38 44
50 56
25 32
31 28
36 40
53 48
9 16
78 87
33 42
46 53
41 46
80 86
32 39
85 84
47 49
8 17
43 44
8 1
2 10
48 56
85 89
45 44
49 57
37 43
91 99
63 68
24 32
97 90
12 17
51 56
34 40
79 88
57 66
28 37
91 93
46 55
67 76
51 59
71 76
