5
68
72
36
9
74
100
0 91
0 58
0 4
0 27
0 84
21 96
37 24
66 96
4 90
0 37
93 38
81 38
0 31
0 23
17 96
60 51
49 29
45 29
13 12
38 96
18 96
13 70
54 65
0 13
0 79
70 21
0 76
0 57
14 65
0 67
65 96
69 96
52 78
0 69
0 44
0 75
85 75
27 62
31 86
78 26
0 94
0 12
0 19
0 59
85 96
0 34
0 28
0 51
0 66
0 61
0 39
0 63
0 10
43 26
54 16
0 40
0 53
91 51
75 28
85 22
29 34
27 30
85 29
85 34
71 73
47 45
0 85
28 96
0 50
0 15
0 70
18 52
0 18
6 96
84 96
3 96
71 11
31 92
11 96
54 96
24 96
91 84
60 8
0 64
50 96
49 8
4 5
8 96
35 96
46 96
19 96
87 96
31 96
0 46
0 78
0 60
0 41
0 95
0 87
0 93
