5
61
83
74
63
33
100
7 11
41 11
0 11
0 22
0 62
0 31
0 39
37 91
0 37
0 24
0 13
0 58
0 53
0 90
0 26
0 69
0 78
0 50
11 95
0 76
0 89
0 3
0 9
0 48
0 52
62 95
0 14
0 5
0 8
0 12
0 73
85 4
70 95
50 3
3 95
0 85
0 68
0 45
0 49
0 91
0 57
0 38
0 15
0 19
0 92
0 40
46 31
22 57
46 22
52 95
35 72
48 53
55 31
5 72
0 59
0 88
0 94
0 71
0 95
0 28
70 82
70 91
0 70
0 72
31 95
0 23
54 16
0 54
5 7
0 41
0 21
0 44
0 87
16 95
84 40
84 24
53 57
88 56
0 84
56 81
0 56
0 35
0 4
0 86
0 43
0 18
0 7
0 17
32 41
32 57
21 25
57 95
0 32
0 47
0 36
0 34
39 64
0 75
0 67
0 55
