5
54
10
67
2
22
100
0 98
0 25
0 37
0 71
0 56
0 42
0 16
0 66
36 98
0 97
57 98
0 86
0 81
0 47
0 1
3 98
0 59
0 17
0 72
0 65
0 9
0 41
0 84
25 98
42 98
0 61
0 26
0 80
66 98
0 4
0 57
61 98
9 98
0 94
0 58
0 96
0 60
0 51
23 98
0 39
41 98
37 98
0 24
5 98
24 98
0 13
60 98
0 48
0 49
50 98
21 98
17 98
85 62
0 52
73 24
0 19
9 21
0 28
0 79
0 23
15 62
0 14
19 84
0 89
0 18
93 5
0 92
23 38
0 78
0 55
0 12
0 3
0 64
0 68
21 62
0 6
24 62
0 87
0 93
0 31
0 8
91 62
0 90
87 58
0 85
0 83
26 62
0 15
0 35
0 11
0 63
0 77
0 76
0 33
0 30
0 20
0 91
0 40
0 95
0 69
