5
52
57
9
64
69
100
16 99
0 92
0 6
0 70
0 66
0 1
0 7
0 33
0 48
0 56
0 21
0 75
0 26
0 39
22 99
0 95
0 54
0 49
0 81
0 61
0 19
0 20
0 36
0 45
0 62
0 73
0 80
0 86
3 99
0 96
0 99
0 15
0 30
0 72
0 98
0 8
0 25
0 35
0 59
0 76
0 51
0 71
0 22
0 23
0 27
0 31
0 41
0 50
0 90
0 4
0 13
0 38
0 47
0 32
0 94
0 42
0 44
0 74
0 87
75 99
8 99
0 78
0 3
0 82
0 77
0 97
35 99
59 99
76 99
67 55
0 67
0 84
0 65
0 88
0 89
0 63
0 58
0 79
88 99
0 14
0 29
0 37
0 53
0 17
0 91
0 11
0 34
0 10
0 83
0 2
0 12
0 55
0 5
25 99
0 43
0 16
0 24
0 28
0 46
0 68
