5
24
68
63
89
65
100
0 80
0 45
12 99
0 86
0 2
0 46
0 33
0 96
0 3
0 17
0 31
0 79
0 35
26 99
0 20
0 77
0 34
62 99
0 21
0 32
0 81
0 61
0 41
98 99
53 99
9 99
0 85
0 43
0 82
0 67
0 16
0 38
0 29
0 72
0 76
7 99
0 8
0 26
25 99
46 99
0 62
0 19
0 83
82 99
60 99
0 11
0 36
0 73
0 70
0 57
0 42
0 4
0 5
18 99
0 84
0 95
0 90
0 98
0 64
0 69
1 99
54 99
0 6
0 23
0 30
0 44
0 97
20 99
13 99
0 25
0 78
15 99
45 99
0 14
0 99
0 7
84 99
87 99
0 54
31 99
0 48
0 92
0 40
0 93
0 94
0 28
41 99
0 18
0 39
0 55
0 51
0 47
0 74
0 56
0 49
0 75
0 87
0 58
0 66
0 1
