5
12
17
11
34
86
100
73 17
0 61
0 13
81 99
76 99
56 99
0 94
0 71
45 22
31 99
38 99
78 99
45 28
87 66
72 1
27 1
4 10
97 51
79 45
80 42
62 10
95 68
80 40
97 80
72 10
10 1
97 87
58 1
74 56
21 56
97 60
97 79
49 56
90 13
29 94
23 72
58 22
50 40
66 4
7 80
25 74
37 68
61 22
50 60
90 25
13 46
92 36
19 22
24 50
84 20
76 46
90 30
90 24
5 21
7 44
62 4
81 20
23 59
20 22
38 22
90 7
22 46
65 45
6 89
65 78
6 8
66 36
33 21
21 46
74 36
19 98
33 36
63 36
19 91
67 25
3 6
66 52
27 62
16 60
21 36
16 67
57 82
65 19
18 16
28 96
35 40
18 44
96 5
15 10
26 73
25 2
72 35
48 26
3 18
85 26
35 70
58 62
76 70
75 45
26 62
