5
65
4
67
71
78
100
0 77
0 57
43 99
18 99
0 1
0 98
0 56
57 99
6 99
12 99
8 99
30 56
60 38
60 82
17 72
19 91
12 56
94 75
18 83
8 72
60 93
48 34
17 27
60 19
57 64
17 45
44 83
94 10
68 6
60 95
20 83
46 23
6 83
72 83
89 83
93 83
22 43
94 46
60 94
15 43
41 48
60 12
38 19
57 38
54 84
40 28
57 41
57 47
57 40
92 42
52 19
31 64
31 86
92 52
74 39
48 39
92 70
9 85
84 85
45 44
33 30
92 31
44 43
77 37
51 26
92 74
1 32
49 48
98 80
13 16
98 1
98 13
95 32
85 43
91 90
62 77
32 39
74 51
42 43
35 51
22 39
34 51
8 51
62 25
95 17
91 66
98 95
50 27
3 16
98 74
55 34
62 84
64 51
77 35
63 51
95 80
49 77
53 66
62 53
16 27
