5
25
67
17
49
48
100
78 81
0 62
0 41
0 56
0 20
0 36
0 23
0 33
75 81
44 81
55 81
0 29
65 81
24 66
24 5
72 81
24 53
21 81
62 16
66 38
77 79
24 2
16 79
24 12
74 79
18 78
5 78
51 78
37 79
38 15
78 79
44 11
27 79
12 79
15 79
24 63
24 38
24 23
4 59
24 61
24 54
46 43
14 18
46 3
73 80
4 46
14 2
58 44
33 3
69 58
65 11
80 11
11 79
60 79
4 21
14 46
63 29
14 72
45 27
4 14
34 53
3 79
47 79
21 79
64 79
4 45
63 5
29 79
26 30
30 79
38 77
37 42
4 69
4 33
42 10
4 78
68 1
10 79
63 47
73 79
64 33
66 44
39 36
1 79
4 38
16 33
13 54
4 63
72 33
58 47
1 44
58 22
44 33
4 18
4 11
58 52
35 62
6 45
12 33
60 33
