5
33
1
90
76
82
100
0 14
66 95
7 95
37 95
62 95
19 95
61 62
0 17
0 94
0 41
50 89
60 29
0 60
0 10
0 89
0 11
0 6
0 34
0 45
0 36
68 95
0 66
89 95
0 64
0 78
0 24
0 95
0 51
0 74
0 88
0 53
0 37
0 19
0 58
0 49
0 75
45 95
0 18
0 92
0 46
0 21
0 59
0 35
35 95
61 95
0 4
0 27
5 37
65 95
64 95
0 71
29 95
0 7
0 87
0 50
0 16
0 68
0 47
0 73
0 38
0 91
75 95
17 95
81 44
0 81
41 95
94 95
0 20
56 95
38 95
0 29
22 93
6 54
41 53
41 5
0 22
0 5
0 30
0 69
0 85
0 67
0 48
0 72
2 95
0 13
0 43
0 42
0 86
0 54
67 95
0 28
0 79
85 95
34 95
0 8
0 77
0 15
0 40
0 39
0 93
