5
70
69
17
55
87
100
0 11
0 29
28 90
0 79
54 90
0 63
0 44
16 90
0 64
0 83
0 39
0 61
0 75
0 56
0 30
0 62
0 5
0 59
0 76
0 65
0 49
0 3
0 43
0 90
0 19
0 35
0 74
65 90
30 90
0 73
0 4
81 90
0 78
34 90
61 90
0 12
0 23
71 90
0 28
0 21
0 45
35 90
0 2
6 90
58 90
72 90
0 54
0 57
12 90
0 53
0 36
0 42
38 90
0 80
0 13
49 90
0 24
0 77
0 38
0 68
0 66
0 67
0 34
0 85
8 90
74 90
46 90
21 90
67 90
76 90
22 90
80 90
0 32
0 31
4 90
89 90
0 20
0 25
0 82
0 9
0 26
48 90
0 51
0 86
0 18
0 6
0 58
0 46
0 47
0 81
0 89
0 14
84 23
86 90
7 90
1 90
32 90
50 90
9 90
64 90
