5
19
32
4
20
2
100
0 45
33 50
0 31
45 50
0 6
0 8
29 50
0 30
0 44
0 12
21 50
0 18
0 14
0 50
0 41
0 1
0 36
0 43
6 50
0 37
0 39
0 13
0 35
43 50
38 50
0 46
0 17
0 24
0 26
0 29
46 50
0 47
0 49
25 50
36 50
0 21
0 9
0 16
0 22
0 38
17 50
48 50
0 42
0 3
0 28
37 50
0 10
0 27
0 11
0 48
18 50
0 33
0 7
0 40
0 34
0 25
0 23
39 50
0 15
27 50
28 50
5 24
8 50
12 50
47 50
24 50
5 50
5 46
5 9
13 50
9 50
41 50
11 50
22 50
44 50
30 50
3 50
5 1
15 50
49 50
31 50
5 29
23 50
26 50
34 50
16 50
14 50
40 50
42 50
23 1
46 1
1 50
10 50
5 38
7 50
5 25
12 35
15 6
33 46
25 6
