5
46
95
21
6
20
100
5 99
0 36
0 30
0 75
44 58
14 99
62 99
91 99
41 99
39 99
0 33
0 77
0 49
0 73
0 63
45 93
78 30
85 93
78 8
29 93
78 73
49 30
78 49
54 72
61 93
79 57
75 96
78 40
96 85
78 75
63 73
78 63
33 96
33 36
56 93
92 29
33 77
36 96
30 3
74 29
75 36
3 96
33 49
33 75
73 36
61 59
59 93
22 80
73 30
73 49
61 35
61 89
98 9
35 93
77 36
42 96
33 73
22 88
74 45
89 93
63 98
76 48
12 83
76 71
92 42
59 35
3 68
19 28
92 68
7 28
32 86
33 63
60 32
53 86
41 43
43 83
28 83
94 41
41 83
76 66
81 53
17 27
19 65
94 86
87 60
76 17
30 36
51 65
63 49
54 23
51 12
35 83
77 49
98 22
92 74
77 30
85 89
77 75
23 86
77 73
