5
1
98
48
77
26
86
0 99
49 51
9 11
19 21
95 97
38 40
20 22
54 56
75 76
90 92
23 25
10 12
83 85
34 35
2 3
7 9
70 72
82 84
63 65
7 8
21 23
3 5
64 66
4 6
27 29
84 86
35 37
85 87
78 79
73 74
56 58
30 32
69 71
54 55
62 64
40 42
95 96
8 10
30 31
37 39
71 72
18 20
89 91
22 24
39 41
31 32
75 74
86 88
17 19
12 14
45 47
41 42
92 94
88 90
28 29
93 94
57 59
15 17
44 46
50 51
80 82
87 89
13 15
14 16
68 70
81 83
79 81
91 93
43 42
5 6
11 13
65 67
16 18
66 67
33 34
52 53
61 63
43 45
60 62
51 53
33 35
55 57
58 60
36 38
59 61
68 69
