5
2
69
25
51
4
100
0 45
0 11
62 79
36 79
29 79
47 79
55 79
45 58
73 12
5 32
44 59
30 45
62 58
31 21
71 22
77 63
10 18
19 48
76 5
73 36
8 19
43 59
32 63
56 54
73 71
73 56
59 58
6 30
19 7
6 60
16 59
6 75
10 29
63 21
10 22
24 57
10 61
55 43
59 21
20 3
48 58
18 3
78 58
10 24
10 71
59 63
1 29
17 42
3 53
32 29
17 35
3 7
29 58
16 53
70 5
19 67
17 19
32 45
44 7
17 22
53 58
49 32
68 7
55 17
34 9
52 77
77 59
67 59
5 53
27 45
57 63
12 27
60 67
7 58
36 60
19 1
1 64
35 18
19 77
3 9
19 33
64 18
9 18
20 22
52 67
3 44
75 15
60 12
60 46
23 37
77 43
16 37
77 48
22 37
56 30
75 43
62 30
1 5
13 29
54 42
