5
43
32
20
65
28
100
0 70
0 23
0 38
49 70
0 26
0 47
0 57
0 46
0 17
0 58
0 49
0 66
0 53
22 70
0 11
0 22
0 21
0 9
0 54
0 60
0 48
61 70
14 70
0 7
63 70
0 3
0 25
51 70
34 70
21 70
0 14
0 68
0 61
0 37
45 70
0 8
0 62
0 67
0 40
26 70
0 1
0 55
15 70
64 70
44 70
18 70
34 31
3 70
60 42
34 17
54 70
55 70
13 70
57 70
48 70
29 70
50 70
11 70
53 70
4 70
1 70
8 70
24 70
40 70
66 70
59 70
60 70
69 70
60 37
10 70
2 70
8 30
37 70
34 60
47 70
25 30
4 46
33 50
33 68
41 30
5 30
34 33
46 30
23 1
45 47
34 30
59 47
34 45
19 3
47 30
29 21
36 30
1 60
4 29
53 17
60 30
34 4
55 42
54 25
14 61
