5
54
34
16
65
27
100
65 84
0 59
0 48
0 46
0 88
0 74
0 41
0 91
94 17
0 62
61 47
0 42
0 60
0 87
0 84
0 71
0 31
0 79
0 7
82 12
0 92
0 23
0 33
0 85
0 21
0 9
0 8
52 59
0 52
0 78
0 80
85 47
0 30
35 17
0 36
0 86
17 95
0 57
2 95
83 95
0 2
57 95
0 1
0 15
0 81
0 93
0 11
0 22
0 5
0 39
0 90
0 67
0 49
0 66
0 38
26 95
0 55
81 95
0 37
33 95
0 19
0 17
0 44
0 3
0 89
0 83
0 50
0 6
0 20
0 56
0 53
0 70
0 47
0 43
0 94
0 26
0 58
0 32
0 4
0 51
0 63
0 95
0 14
0 29
0 10
0 40
0 61
0 18
0 28
70 95
0 82
0 68
0 69
0 45
0 76
63 95
0 13
0 64
0 72
0 73
