5
43
90
51
82
7
100
0 56
40 97
0 18
41 25
1 97
0 79
0 38
59 97
23 88
17 83
23 15
17 54
88 97
42 97
37 31
31 97
13 25
44 3
3 97
0 17
0 68
0 27
0 74
0 46
0 92
0 13
0 16
48 97
76 97
0 89
0 24
0 62
0 5
0 96
0 31
18 97
0 69
0 36
0 94
0 19
0 95
0 91
0 26
0 93
0 75
0 41
0 53
0 58
21 97
10 97
9 97
11 37
96 97
13 48
25 97
11 18
11 3
33 97
44 97
91 97
53 97
24 97
15 97
16 97
62 97
11 13
61 97
37 97
47 97
32 97
42 66
11 34
86 5
37 15
54 45
58 39
57 63
25 73
94 66
25 34
5 66
21 27
60 34
83 66
63 66
15 66
11 26
95 66
78 66
60 18
49 65
36 69
26 66
64 66
77 49
28 66
78 59
11 54
87 23
53 66
