5
26
38
49
22
40
100
0 59
0 35
20 59
32 17
10 59
21 52
25 29
25 32
25 56
35 32
35 19
44 29
44 57
25 35
25 44
19 58
45 52
45 36
11 45
19 32
18 56
17 36
19 30
42 58
11 35
48 42
16 57
57 36
36 52
47 54
47 6
4 52
11 47
6 45
7 28
47 5
45 34
34 52
19 48
18 47
42 21
6 14
36 29
45 31
24 28
36 21
58 33
10 30
10 43
20 33
31 28
56 16
23 1
58 17
56 43
31 13
36 10
57 5
51 8
55 16
58 23
16 13
43 13
58 29
45 5
58 15
2 23
58 48
57 43
17 13
23 5
17 5
23 41
33 13
30 27
41 5
55 2
17 1
58 12
31 23
57 53
58 51
8 43
46 33
45 43
23 44
15 23
58 55
35 1
37 24
24 41
27 41
46 41
54 32
15 16
7 3
8 7
15 8
10 7
23 16
