5
59
65
38
71
63
100
0 99
0 48
0 94
0 27
0 9
0 12
0 60
0 41
0 3
0 31
0 98
0 16
0 67
0 23
0 91
0 19
0 15
0 80
0 73
0 14
0 86
0 18
0 33
0 44
0 82
0 85
0 40
0 45
0 39
0 32
0 64
0 21
0 90
0 68
0 6
0 20
0 66
0 8
0 34
0 49
0 96
0 1
0 46
0 51
0 61
0 89
0 77
0 54
0 36
0 2
0 55
0 72
0 22
94 99
0 50
0 57
25 99
3 99
0 47
0 35
0 26
15 99
0 81
23 99
80 99
37 99
0 43
0 30
0 69
0 62
0 70
0 5
28 99
8 99
75 99
20 99
73 99
21 99
52 99
9 99
49 99
16 99
96 99
41 99
48 99
90 99
14 99
97 99
6 99
42 99
46 99
4 99
67 99
58 99
87 99
98 99
45 99
29 99
40 99
27 99
