5
93
56
49
80
11
100
0 43
66 99
0 54
21 99
0 98
0 26
0 10
0 65
67 99
0 35
48 99
0 66
54 99
55 99
88 99
32 99
0 89
0 53
36 99
8 99
0 67
0 57
0 64
0 12
0 85
0 17
0 23
0 14
13 99
70 99
64 99
89 99
34 28
15 99
74 99
38 99
70 9
4 69
69 63
34 68
4 44
73 28
92 63
24 67
4 5
34 8
34 24
58 41
34 58
9 60
88 29
60 63
34 25
28 63
54 63
71 97
10 97
34 64
36 97
67 63
33 97
59 97
33 63
77 44
97 63
88 23
61 63
92 44
33 23
77 31
10 51
74 63
41 44
34 10
71 25
88 37
34 30
17 43
13 44
16 55
88 39
16 81
34 16
27 75
88 78
39 23
34 88
96 40
57 44
62 25
23 63
34 36
62 17
3 66
21 7
13 7
34 65
33 48
34 71
75 40
