5
25
30
10
2
14
100
30 96
0 94
0 89
0 5
0 59
66 21
76 92
0 73
0 43
0 36
83 96
0 55
82 5
92 96
49 61
77 96
22 45
0 49
0 42
45 96
0 41
0 74
0 6
0 57
0 16
0 38
0 91
0 8
0 24
0 62
0 18
0 66
0 85
0 4
0 71
0 47
62 96
81 96
0 70
76 96
0 29
0 96
0 39
61 96
0 45
0 86
0 82
0 52
0 79
0 90
0 21
0 80
0 76
0 68
0 37
0 26
53 59
0 78
0 35
0 87
0 1
0 63
0 77
0 53
59 96
0 50
0 27
72 96
0 44
71 40
39 37
46 17
46 55
40 96
0 46
0 75
0 58
5 69
0 92
0 69
12 69
0 12
54 96
0 95
0 34
67 96
0 72
78 96
69 96
22 77
29 84
22 53
70 53
22 33
53 96
0 22
0 56
0 3
31 96
0 48
