5
7
37
36
89
3
95
82 64
0 22
63 28
12 57
22 94
22 31
63 80
97 85
33 57
13 28
1 4
98 72
48 76
84 55
69 93
1 22
21 15
45 70
46 72
1 5
47 46
14 55
29 32
72 28
92 46
85 57
1 77
91 46
55 70
53 40
91 44
48 41
63 21
1 2
1 63
26 84
13 24
22 81
22 19
81 56
50 22
17 11
40 56
56 93
15 58
87 72
96 49
10 75
12 75
21 29
6 10
49 10
48 67
45 76
53 83
82 56
88 48
52 94
8 27
30 4
50 53
34 96
12 5
80 85
50 92
2 38
11 8
47 63
88 2
4 6
98 21
23 62
19 56
88 59
14 18
56 74
17 61
19 39
34 12
50 98
14 15
67 8
92 25
6 33
48 62
67 42
44 42
76 42
56 35
65 81
60 35
18 22
6 29
42 13
31 45
