5
50
48
4
13
36
100
8 99
26 99
51 99
0 44
20 99
0 7
0 31
0 86
0 37
23 99
2 99
0 5
0 69
84 68
0 66
0 26
0 62
0 54
27 68
0 96
0 34
12 73
70 68
71 67
12 66
91 68
70 93
2 73
63 72
1 35
17 42
82 17
35 68
67 68
63 71
75 10
86 81
71 68
40 17
14 68
82 32
87 65
25 39
17 68
58 68
39 53
87 70
97 47
22 53
42 70
93 25
34 68
72 87
63 82
21 40
66 47
98 65
65 68
73 38
63 21
33 69
47 68
33 79
63 32
53 68
63 59
32 38
39 44
75 54
84 22
74 44
63 33
90 62
5 79
84 62
97 45
84 41
63 84
57 45
31 84
97 19
84 55
45 38
88 54
79 38
63 5
44 38
63 8
92 7
52 70
90 80
73 34
72 19
85 42
90 3
59 55
93 55
41 55
63 31
60 64
