5
65
11
4
34
20
100
0 13
0 15
0 44
0 35
24 79
0 51
0 17
14 79
28 79
47 79
0 64
0 60
0 37
0 9
54 79
0 72
0 27
0 14
0 69
0 26
0 10
0 66
0 43
0 1
0 73
0 36
0 38
13 79
33 79
8 79
53 70
78 79
15 13
7 79
41 79
57 47
27 79
51 79
62 79
57 58
30 79
66 79
63 79
71 79
37 79
62 29
77 78
64 52
78 52
40 37
37 52
12 35
53 15
46 52
5 26
59 52
26 52
53 48
47 52
31 41
53 1
3 14
8 60
16 52
60 52
62 13
69 3
53 5
55 18
16 41
13 52
51 10
53 77
42 41
58 60
53 69
10 14
53 8
29 52
53 38
51 41
53 73
41 52
23 52
49 45
21 60
42 56
29 64
61 12
32 39
56 25
25 52
47 73
12 48
3 52
53 49
53 23
56 73
53 30
31 51
