5
3
67
68
85
74
100
78 99
87 99
51 99
17 98
97 98
12 50
39 77
1 2
27 77
39 38
1 39
46 13
14 15
69 6
50 73
97 77
59 69
46 47
72 73
78 77
59 60
57 61
44 60
43 61
59 58
38 14
64 63
45 55
23 2
66 61
10 4
43 38
60 61
42 36
65 66
17 16
66 13
43 64
75 76
97 63
7 8
40 22
8 71
40 39
78 29
40 17
78 8
61 62
7 6
78 79
82 87
48 47
47 38
25 24
25 26
35 36
83 84
23 60
92 29
14 13
88 87
9 30
32 31
82 17
70 69
50 51
18 31
31 30
57 69
51 52
81 82
70 4
48 49
54 53
10 9
91 21
56 9
87 9
64 65
91 33
28 29
20 83
91 95
70 16
4 9
92 93
32 83
56 39
19 20
10 11
18 55
86 51
10 37
16 5
50 49
87 94
71 83
86 33
4 5
86 50
