5
1
8
2
10
91
100
0 7
0 9
0 3
0 6
0 5
93 99
95 99
96 99
90 99
98 99
97 99
92 99
89 94
72 87
69 76
4 17
80 87
55 63
73 85
36 42
22 35
22 37
87 94
4 13
27 39
18 27
47 55
35 47
42 56
24 14
66 80
83 80
43 37
32 47
56 67
4 16
38 49
48 54
33 43
50 37
4 18
28 37
45 55
11 27
28 34
4 15
47 51
59 67
14 25
36 46
4 14
4 12
67 72
24 35
85 94
79 86
4 11
20 26
43 51
19 27
9 12
36 49
76 86
81 94
88 94
20 24
50 56
19 5
50 58
84 94
86 94
75 83
61 76
83 94
55 69
84 93
70 78
23 39
47 60
45 59
38 50
32 44
28 39
66 76
19 23
4 19
71 82
37 49
20 25
55 67
68 78
32 50
9 17
96 82
61 72
30 32
23 38
23 33
30 14
51 63
