5
4
95
3
2
96
100
1 89
97 99
1 93
53 98
1 70
49 98
87 98
67 88
81 98
1 67
1 86
50 98
27 93
75 85
40 98
1 7
1 75
1 40
78 98
50 56
61 15
61 98
50 34
93 98
1 81
50 15
53 85
22 85
38 98
42 98
1 50
46 98
44 98
27 76
27 92
94 98
87 30
1 61
1 27
53 12
53 46
72 34
70 98
56 15
76 98
72 98
53 72
15 98
53 97
69 60
53 47
35 98
53 43
34 98
53 92
89 11
76 30
69 85
53 76
53 67
80 98
85 98
89 91
75 76
60 98
87 71
11 98
71 98
53 87
77 98
30 98
54 98
21 98
53 75
53 56
89 37
89 33
33 98
53 28
41 91
91 98
86 98
73 92
61 92
53 44
89 79
53 89
61 49
7 79
88 98
42 9
53 90
53 35
53 69
53 42
92 98
70 23
9 98
23 98
53 70
