5
26
44
93
89
87
100
0 17
0 66
35 99
73 99
15 99
81 48
38 99
96 99
81 64
97 99
92 9
11 72
64 13
36 80
95 78
11 84
72 80
90 39
66 78
11 64
51 82
67 72
51 75
96 62
11 16
82 68
51 94
11 51
88 82
53 62
72 62
88 60
88 5
12 20
88 29
62 78
20 27
62 70
74 70
3 38
85 56
69 43
18 28
79 12
15 56
47 83
34 56
88 19
25 21
38 70
40 63
75 23
31 6
62 83
72 9
2 30
7 9
42 36
29 63
46 17
57 47
59 38
52 23
73 60
67 51
69 72
73 32
66 10
88 85
97 23
18 60
40 10
21 38
76 64
5 41
85 90
53 35
85 13
43 90
77 57
25 57
43 75
68 53
61 7
58 91
69 58
52 18
71 95
65 66
52 91
88 31
98 34
98 36
88 68
3 94
22 53
30 8
42 61
31 22
46 58
