5
66
53
65
61
60
100
0 41
0 34
0 38
0 28
0 31
0 27
0 32
0 43
0 25
0 26
0 20
0 37
68 99
0 19
62 99
0 29
0 14
0 23
0 5
0 10
0 8
0 16
0 17
0 18
0 13
0 7
0 4
0 2
0 11
0 1
0 3
0 9
73 99
67 99
86 99
6 39
64 99
84 99
90 99
6 38
81 99
58 99
82 99
79 99
89 99
93 99
88 99
80 99
6 50
76 99
78 99
75 99
97 99
83 99
87 99
94 99
85 99
92 99
95 99
98 99
91 99
7 49
42 84
30 43
35 49
6 18
6 30
6 4
6 13
1 28
64 72
49 72
35 43
25 43
10 50
6 16
48 72
50 72
35 44
6 1
28 72
17 47
51 72
35 57
6 42
84 72
10 40
6 33
7 44
43 72
6 26
35 47
6 15
54 72
68 72
44 72
47 72
55 72
6 25
29 40
