5
88
95
26
60
17
100
0 14
0 5
0 68
0 11
0 59
0 58
0 42
0 89
0 66
0 45
36 99
65 99
30 99
87 99
7 99
15 99
9 99
25 74
12 47
25 12
25 24
25 98
52 66
25 79
93 66
25 59
30 82
43 20
62 31
87 19
96 30
21 76
7 44
2 91
63 6
96 32
69 13
44 19
63 21
13 66
72 38
25 2
25 96
74 75
61 66
43 79
25 43
29 66
89 40
28 42
64 37
63 28
63 94
83 91
19 66
59 98
74 67
84 92
67 98
74 52
50 56
98 85
6 64
63 84
63 50
33 85
5 18
94 8
63 83
4 85
63 74
48 85
24 1
68 85
91 51
51 37
29 83
63 29
32 85
63 15
47 39
1 85
67 56
20 80
50 72
63 42
31 85
51 13
33 39
53 31
19 38
76 83
51 50
61 83
54 56
56 85
63 51
46 43
63 87
53 14
