5
28
7
66
78
77
100
30 97
80 97
53 97
24 97
0 79
68 97
43 11
13 2
43 2
11 97
8 97
46 97
86 40
74 22
83 29
86 18
40 97
95 97
19 97
35 97
5 36
36 97
10 21
21 97
10 46
31 6
6 97
31 97
44 2
34 25
0 2
2 97
48 83
86 73
83 97
39 97
35 57
64 97
50 97
0 86
51 1
76 1
0 48
0 19
44 1
69 61
1 97
33 97
91 97
41 97
8 87
89 97
34 97
49 97
12 97
16 97
95 73
95 43
44 59
74 50
52 97
38 97
76 97
81 97
53 26
26 97
57 97
69 97
0 74
60 97
58 97
0 67
13 37
91 67
23 37
73 67
85 67
67 97
96 97
73 97
22 97
20 97
32 97
59 52
29 97
62 97
4 97
86 97
50 27
43 27
27 97
0 97
51 97
88 97
23 82
37 97
63 90
90 85
51 56
85 97
