5
86
52
78
76
40
100
56 46
70 46
56 39
75 37
71 90
46 42
42 99
68 99
49 99
71 95
71 89
17 84
18 71
77 99
79 99
41 16
0 23
0 33
0 68
17 26
58 33
18 74
13 82
98 16
0 8
61 6
64 16
18 31
80 11
16 99
43 61
5 99
62 80
92 99
0 13
66 99
44 99
54 89
0 18
4 20
54 35
90 93
0 54
0 43
10 45
46 57
28 4
62 37
10 94
1 31
13 14
39 87
46 39
32 13
0 10
14 99
96 99
81 99
35 99
9 99
94 99
6 99
11 67
7 99
3 99
51 99
53 99
68 59
81 59
87 72
73 82
59 99
70 99
23 99
85 99
28 99
82 99
95 99
0 28
93 99
0 98
56 98
38 99
12 99
87 64
0 46
63 99
0 99
4 99
0 50
26 99
87 99
45 99
31 99
0 64
0 2
41 24
21 7
88 73
0 25
