5
83
24
37
29
5
100
18 15
6 23
6 33
40 3
0 6
0 52
0 26
82 15
0 25
53 99
0 53
0 76
36 27
74 15
0 91
31 51
58 31
58 50
11 3
3 15
10 15
27 15
18 27
15 99
0 58
49 97
27 3
14 3
31 52
91 4
49 91
49 54
36 31
90 99
34 18
75 21
4 99
40 2
74 7
14 7
75 36
92 73
30 13
48 70
87 32
52 3
28 62
68 54
88 92
38 99
60 98
7 99
59 99
47 50
76 71
79 9
68 59
70 64
43 96
38 64
68 15
56 59
27 52
55 19
59 3
62 99
68 60
16 50
3 99
52 99
96 99
68 97
14 50
88 73
33 28
88 68
81 7
85 18
12 63
91 7
54 7
73 7
30 22
15 35
86 55
38 55
35 41
66 56
60 15
55 7
94 82
86 95
51 18
41 7
2 56
30 40
92 87
82 20
48 20
20 56
