5
27
20
90
11
64
100
68 35
25 99
36 99
14 35
56 45
0 72
17 72
35 99
45 99
51 99
0 25
33 99
15 99
1 26
32 99
29 99
77 99
10 99
88 98
94 56
98 99
39 99
75 94
46 99
7 99
0 1
79 99
92 99
0 75
36 50
48 50
89 10
39 89
0 23
0 36
46 10
26 61
66 97
26 66
51 9
39 16
13 10
0 26
10 50
0 49
57 50
51 8
50 99
24 99
73 99
71 99
0 99
0 85
28 99
57 99
15 47
0 51
80 47
34 47
47 99
0 61
63 42
0 12
42 99
22 99
15 8
50 40
80 55
16 48
29 31
0 15
33 70
0 59
19 41
88 77
94 34
74 41
0 92
68 19
80 34
39 40
41 40
39 66
40 99
21 99
38 99
65 99
89 99
0 39
54 99
6 99
45 61
61 99
56 99
0 79
97 99
75 76
76 99
0 62
62 99
