5
70
29
39
71
43
100
0 99
9 41
25 99
86 99
0 14
0 23
80 99
0 69
63 82
18 2
76 99
64 99
91 22
18 14
25 22
12 56
97 96
0 18
0 37
0 42
57 92
0 89
0 5
0 58
0 63
0 35
0 27
0 79
0 16
0 25
22 99
0 65
21 99
0 33
0 93
53 99
0 53
0 61
3 99
0 83
0 7
11 99
79 99
5 93
0 31
0 2
0 98
0 15
91 36
0 50
93 99
0 49
0 60
92 99
0 92
0 78
0 68
54 99
61 99
60 99
52 73
0 24
34 99
55 2
0 59
0 72
67 90
0 67
66 99
32 99
13 9
19 3
13 32
0 13
0 74
0 73
0 96
55 22
0 55
0 62
7 65
96 44
49 72
90 2
2 99
83 99
21 82
82 99
5 99
0 12
0 41
42 99
0 28
62 99
20 99
0 86
58 99
10 99
8 99
0 8
