5
52
35
61
25
74
100
0 94
13 94
0 83
44 94
77 94
39 94
89 94
85 94
62 94
34 59
4 5
5 94
47 94
12 94
69 84
84 94
65 94
51 94
34 94
0 33
31 87
39 90
87 94
81 94
91 94
56 93
0 72
23 94
31 94
83 94
0 42
30 94
46 94
89 3
3 94
26 94
0 70
8 94
41 94
14 94
9 64
56 7
64 94
88 94
56 94
23 82
14 20
0 76
82 94
57 94
48 94
16 94
49 94
27 94
79 94
11 53
53 94
63 94
50 94
56 57
0 56
32 59
0 14
46 9
34 69
0 34
69 73
0 80
0 39
73 94
43 32
7 30
42 94
79 93
11 94
0 49
48 49
21 94
93 94
44 8
62 26
21 26
0 79
0 43
8 92
92 94
32 94
69 30
24 94
36 94
8 5
59 94
10 94
70 94
43 7
7 94
18 94
78 94
71 94
54 94
