5
46
4
44
6
48
100
43 98
24 5
24 55
31 42
0 24
0 5
0 29
0 7
0 79
0 19
0 49
0 2
0 9
0 69
45 98
20 47
8 42
56 42
3 16
8 36
36 47
0 3
0 59
0 39
89 40
34 38
0 89
21 38
81 42
32 71
32 33
96 38
38 47
34 70
42 47
14 40
34 40
25 84
25 32
40 47
18 26
28 12
12 26
26 70
34 13
13 70
25 14
25 34
36 5
25 64
16 18
30 29
25 2
30 5
36 22
17 22
30 19
13 42
24 80
24 30
54 20
1 42
22 42
63 42
30 36
42 70
10 14
16 10
28 16
28 37
28 31
14 5
12 5
28 62
24 7
18 5
64 5
94 20
45 34
34 5
50 5
30 69
79 20
42 5
54 10
60 5
9 40
39 10
20 5
9 10
94 40
80 5
81 10
59 40
89 10
39 40
45 84
59 10
30 79
64 10
