5
14
80
22
42
56
100
50 42
85 99
0 50
71 99
0 79
0 33
0 12
0 87
0 37
78 99
1 99
54 34
49 99
96 54
26 94
77 98
10 25
95 58
0 96
41 99
0 40
0 72
2 99
0 51
0 45
0 29
0 36
0 55
0 66
0 30
0 10
4 68
44 67
67 99
97 99
51 50
50 99
5 99
36 99
38 99
55 12
0 44
0 84
0 34
23 99
0 35
0 54
0 94
0 2
95 25
93 8
77 25
43 45
57 32
93 66
7 45
0 1
0 93
69 8
0 69
0 65
88 25
23 35
0 91
0 74
0 70
53 3
25 99
0 53
0 47
75 99
87 99
0 23
13 99
61 99
0 85
0 63
0 4
0 17
0 24
90 99
0 38
93 99
66 99
0 86
1 35
95 76
0 71
78 12
76 99
0 20
0 82
0 59
57 99
0 57
0 46
92 8
0 68
15 99
43 99
