5
20
34
65
58
62
100
24 79
13 65
60 25
64 25
4 79
14 79
13 11
13 15
0 15
33 70
22 11
51 10
0 35
23 55
28 79
13 79
54 79
71 63
73 47
64 30
31 63
13 29
13 21
47 79
41 79
66 79
7 79
13 71
78 79
8 79
30 79
51 79
37 79
27 79
41 16
0 17
69 33
31 41
51 33
13 42
35 59
17 56
0 13
0 72
51 36
51 38
44 42
33 79
0 64
63 79
52 79
44 24
0 26
37 52
10 78
11 79
0 37
42 71
44 39
0 9
39 71
78 71
43 50
0 51
0 14
0 36
27 74
3 14
0 69
36 71
70 11
0 60
27 2
78 11
44 29
11 71
27 47
10 14
0 43
45 71
76 25
44 11
70 53
25 14
64 29
24 71
25 71
39 32
23 14
0 1
56 42
41 14
0 53
64 71
0 44
6 51
6 71
73 30
14 71
66 37
