5
86
87
88
89
90
100
0 99
71 99
72 99
73 99
74 99
75 99
81 99
82 99
83 99
84 99
0 85
1 85
2 85
0 81
82 3
4 85
82 5
82 6
7 85
82 8
82 9
0 82
3 85
83 5
83 6
83 8
0 83
84 5
6 85
0 84
0 71
0 72
73 36
0 73
0 74
36 5
36 8
36 9
0 75
36 10
36 11
71 36
37 5
0 76
37 8
9 85
0 77
78 71
0 78
37 10
79 71
72 36
72 37
79 72
0 79
0 80
0 32
0 34
0 11
0 18
0 35
85 99
0 50
0 20
0 10
0 43
0 8
0 67
0 47
0 38
0 58
0 22
0 56
0 65
0 6
0 16
0 66
0 1
0 14
0 46
0 19
0 31
0 37
0 42
0 26
0 69
0 17
0 45
0 15
0 7
0 30
0 41
0 36
0 70
0 55
0 29
0 2
0 57
0 60
0 49
