5
15
73
1
33
90
100
68 95
19 95
62 95
66 95
7 95
37 95
14 62
17 61
0 94
89 95
45 95
35 95
61 95
65 95
0 17
29 95
14 22
64 95
19 75
82 85
68 75
75 95
41 95
17 95
67 95
38 95
2 95
82 31
14 76
94 95
56 95
0 95
79 95
48 95
52 95
45 74
22 81
0 41
34 95
60 95
49 85
66 44
60 24
18 44
81 44
0 82
85 95
58 78
91 95
20 95
93 95
22 95
10 95
11 95
0 60
12 95
46 95
14 2
32 20
47 95
14 32
31 21
14 21
58 6
0 14
0 10
6 21
0 45
34 62
0 66
21 95
41 53
53 95
92 95
72 95
83 95
9 95
6 95
28 95
87 95
40 95
70 95
8 95
18 95
31 95
32 95
6 86
59 95
51 95
78 91
11 87
64 48
0 64
83 61
0 89
22 86
22 40
50 95
74 95
25 95
