5
55
94
53
85
70
100
71 95
62 95
5 18
48 88
18 95
21 82
57 47
34 95
66 95
83 95
5 95
56 95
40 95
31 95
11 95
23 95
7 95
1 95
28 95
6 95
89 95
59 95
0 10
76 10
10 95
61 95
33 95
44 95
17 95
76 57
13 95
72 95
60 95
0 95
41 95
90 95
56 35
35 95
32 95
26 95
51 95
0 20
47 91
91 95
8 95
78 95
21 37
59 84
84 95
92 59
75 95
93 95
63 95
21 95
0 92
48 95
77 95
58 95
82 95
4 80
11 80
64 88
80 95
87 95
43 67
77 20
91 32
20 95
30 95
52 95
92 95
4 93
86 95
24 95
38 95
22 95
79 95
45 95
19 95
4 95
4 23
37 95
76 27
12 95
0 76
25 95
15 95
29 95
37 65
0 56
39 10
10 90
65 95
0 52
0 7
72 9
18 88
88 95
69 95
42 95
