5
96
95
98
87
3
100
3 92
3 97
0 1
0 2
92 97
19 97
65 97
67 10
4 16
4 67
69 60
4 30
72 12
10 97
59 74
89 97
29 97
65 90
4 59
92 60
69 53
44 90
44 27
61 64
40 84
4 40
61 49
68 90
4 94
92 74
53 97
4 44
65 24
61 81
27 97
64 97
19 67
49 97
92 88
47 85
47 17
74 97
48 97
90 97
91 60
4 65
4 72
93 97
4 69
4 92
4 68
51 67
51 81
4 76
70 97
4 91
4 51
61 43
45 35
19 31
61 59
81 97
15 56
83 60
19 40
4 61
71 35
52 75
90 54
55 78
71 67
4 19
90 18
60 97
15 40
15 52
15 90
15 50
22 31
15 89
33 18
25 97
38 78
85 97
15 71
15 33
15 81
67 97
18 97
92 62
15 55
72 54
92 54
23 97
35 97
31 97
15 74
78 97
15 61
17 97
