5
12
54
35
60
4
100
64 85
22 28
64 69
37 69
78 29
28 89
81 89
86 87
41 87
87 89
64 89
27 89
86 89
19 89
59 89
62 89
62 45
1 89
43 89
70 89
40 89
44 89
64 86
79 84
70 37
86 37
18 16
37 16
16 89
32 89
39 89
64 24
79 42
36 71
24 17
0 18
62 18
17 71
7 52
0 71
15 71
78 62
78 70
80 23
78 66
79 86
78 44
23 20
34 87
43 44
83 66
48 70
75 83
66 52
0 79
13 65
6 52
6 22
20 71
43 38
0 78
33 7
7 65
86 55
48 68
52 71
59 77
10 9
0 43
22 77
59 55
0 50
75 53
0 86
0 6
29 71
26 77
77 9
83 71
0 75
9 71
88 26
24 42
40 71
27 55
0 66
0 88
77 55
24 30
0 61
0 21
86 59
63 47
24 84
24 55
63 17
76 55
0 24
26 71
14 71
