5
61
24
51
16
52
100
50 97
0 26
49 97
76 97
85 97
69 97
60 97
84 5
77 97
0 21
0 7
0 1
0 14
41 91
91 97
28 67
0 28
68 97
0 10
0 20
0 5
83 97
53 97
3 56
0 3
0 19
0 22
0 44
79 97
92 22
70 97
90 97
95 97
0 42
0 31
0 17
0 43
58 97
40 94
55 97
74 7
0 12
0 34
0 27
30 87
0 46
0 47
0 11
32 87
87 97
56 97
84 97
0 2
0 13
75 97
0 41
0 4
54 97
72 97
78 45
0 39
0 35
0 18
74 97
47 86
86 97
0 37
0 15
89 15
0 40
0 30
0 8
66 97
80 97
0 33
0 29
71 97
25 69
25 89
73 97
67 97
78 97
88 19
81 37
25 88
0 25
0 23
0 48
63 97
65 97
2 62
0 6
0 36
0 38
19 62
0 9
57 97
57 17
0 32
92 97
