5
65
4
30
27
19
100
57 40
18 81
18 97
2 97
0 57
10 87
34 23
0 10
0 84
69 97
60 33
0 69
0 95
0 45
0 46
0 79
0 20
90 42
51 67
42 97
0 17
0 75
0 23
0 28
32 97
71 37
31 5
0 71
51 92
0 51
8 59
59 97
0 6
71 32
0 82
0 15
0 68
58 8
9 12
87 97
0 16
59 95
0 40
47 28
47 57
36 23
47 63
88 95
47 1
5 23
47 36
88 22
32 23
48 56
92 95
23 97
47 97
3 97
12 32
47 48
47 56
47 88
74 24
47 82
47 62
38 97
16 58
66 44
72 38
47 72
10 14
41 38
9 97
47 40
92 26
2 57
47 16
14 97
90 97
25 24
69 60
32 24
2 96
24 97
62 97
17 90
21 26
78 63
80 43
12 77
2 5
68 34
56 97
2 51
47 2
80 85
26 45
69 36
47 78
47 38
