5
98
51
77
50
3
100
19 87
83 71
61 49
21 93
90 5
15 99
31 8
7 99
19 41
31 90
0 83
0 99
0 88
49 35
0 75
96 54
0 33
52 58
0 52
0 18
0 46
0 54
35 99
58 99
0 40
48 52
54 99
0 48
0 80
0 12
33 99
0 89
0 59
0 39
1 4
80 72
70 90
70 81
18 99
41 62
0 70
52 79
0 82
0 23
0 69
53 44
0 53
0 43
0 5
0 61
65 79
25 66
93 99
0 25
0 60
0 9
0 66
95 31
38 18
69 79
6 79
9 43
43 79
41 18
95 60
66 13
61 60
93 79
67 2
67 38
41 13
60 62
67 41
64 99
0 67
0 87
0 72
0 26
52 4
0 56
0 15
0 41
68 79
18 79
0 21
37 31
31 99
0 37
0 35
0 93
0 17
0 32
0 27
0 91
0 49
0 1
0 86
95 40
0 95
0 96
