5
47
81
68
25
89
100
41 92
41 74
76 92
29 92
17 51
51 92
11 92
42 92
6 92
60 92
3 92
61 92
40 92
90 92
0 23
14 23
23 92
0 4
0 41
58 36
58 90
34 36
29 64
78 36
36 92
0 92
24 92
79 92
13 92
30 92
57 92
26 92
10 38
38 92
17 92
62 92
44 92
5 92
39 92
0 58
83 30
84 92
15 92
66 92
88 92
2 64
21 92
2 92
2 44
74 92
71 92
64 92
78 92
65 92
19 92
31 92
49 4
78 33
4 92
82 92
10 71
19 86
26 43
43 92
12 92
0 19
72 92
75 76
17 74
2 75
28 92
13 26
26 27
2 66
27 92
78 58
80 58
58 92
22 92
69 92
67 92
49 92
87 92
0 71
90 56
0 9
8 92
87 58
18 92
45 92
55 92
63 92
54 92
33 92
10 92
40 37
37 92
34 92
70 92
53 92
