5
55
62
22
43
34
100
0 60
0 35
0 59
0 76
0 95
0 45
0 16
0 65
0 84
0 77
0 51
0 5
0 30
0 31
0 74
0 26
0 10
0 87
0 36
0 52
0 90
0 72
0 23
0 93
0 79
0 57
0 71
0 39
90 99
0 54
0 82
0 47
0 21
0 81
0 44
0 53
20 99
0 12
71 99
0 88
0 68
0 11
0 19
0 63
24 99
0 24
0 96
0 20
0 2
0 83
0 48
0 91
0 33
0 7
0 42
0 17
0 56
0 80
0 86
84 99
0 61
7 99
0 70
32 99
0 32
0 94
95 99
40 99
18 99
0 97
0 15
0 73
0 49
0 38
0 50
0 98
0 89
8 99
0 37
0 1
0 66
0 78
27 9
6 9
0 6
47 9
58 64
9 99
76 99
94 99
67 99
17 99
19 99
15 99
69 99
39 87
58 66
87 99
3 99
58 76
