5
84
22
10
9
52
100
25 69
91 95
70 95
72 95
44 95
12 95
27 95
61 50
67 95
58 80
15 93
80 95
25 88
88 95
53 95
25 95
5 95
21 18
74 56
83 21
56 95
74 95
66 95
93 95
83 82
82 95
61 19
11 45
45 95
14 95
0 95
81 95
21 17
5 94
17 95
83 95
40 95
71 95
48 95
49 95
2 95
28 95
63 95
85 95
16 95
0 27
86 95
11 95
37 95
18 95
0 61
83 78
83 13
83 68
0 58
7 95
0 21
21 95
26 95
79 95
19 95
41 69
87 67
94 95
64 95
72 1
0 47
50 88
83 50
0 83
1 95
30 95
61 95
69 95
68 95
0 57
57 95
3 95
34 95
32 95
57 13
13 95
2 5
4 95
6 95
55 95
25 2
59 95
20 95
78 95
42 95
58 95
41 95
90 95
72 47
47 95
67 31
35 31
0 46
31 95
