5
25
94
73
92
55
100
30 96
10 96
89 14
5 83
0 59
26 88
50 10
0 49
22 83
50 2
0 43
0 36
0 89
0 5
10 83
0 42
0 41
0 91
0 16
0 85
0 24
0 6
0 8
0 38
0 57
0 74
0 71
0 18
66 88
0 66
0 45
0 47
0 62
0 70
0 29
0 4
51 71
27 83
45 96
37 18
39 5
0 39
0 96
0 86
90 76
0 90
83 96
0 52
0 68
0 80
0 79
81 96
0 35
0 76
0 82
0 78
0 21
0 26
0 1
0 77
14 62
87 72
76 96
76 32
0 87
0 63
22 77
68 62
39 21
45 77
26 74
0 37
0 53
0 10
0 50
57 62
0 44
0 46
77 96
35 62
27 88
74 61
14 42
27 69
0 27
0 12
53 59
61 96
75 16
75 43
0 75
0 58
0 22
0 95
0 34
0 30
0 72
82 59
0 69
2 8
