5
69
81
94
70
55
100
0 81
62 6
78 99
33 99
71 99
9 99
5 99
34 99
26 73
41 99
37 35
38 99
75 99
85 99
53 99
73 99
51 99
60 65
49 99
54 99
0 17
0 83
77 74
60 57
0 22
0 75
62 36
92 75
62 32
80 50
35 99
27 84
82 84
60 26
27 53
48 34
84 99
0 27
0 62
80 73
7 73
31 27
31 98
83 43
39 89
90 64
86 99
88 99
33 66
66 99
42 99
44 61
0 28
76 99
45 17
80 32
61 99
43 99
59 99
29 88
28 99
2 99
90 89
31 67
35 72
51 37
37 99
52 43
60 27
46 64
90 14
44 17
63 74
97 1
39 17
27 99
95 99
29 96
0 90
63 19
96 99
0 65
12 99
0 19
18 99
23 99
14 99
8 30
30 99
57 91
0 91
82 83
87 99
19 99
58 99
39 99
4 99
0 82
44 99
0 32
