5
45
89
5
76
80
100
0 99
41 67
0 48
0 25
0 62
0 35
0 72
0 27
0 61
52 61
16 27
55 57
32 98
0 21
0 65
0 14
0 55
57 99
0 73
59 99
8 99
0 94
0 67
0 54
0 91
87 99
56 99
58 99
0 41
0 15
0 92
0 98
0 16
44 99
15 99
0 97
0 47
0 70
0 2
0 10
0 81
0 71
33 25
23 33
0 23
0 90
0 77
3 75
3 20
0 3
0 38
93 73
73 99
0 79
12 99
0 12
0 88
38 99
42 99
7 99
22 7
0 49
69 99
81 99
62 99
20 99
57 41
41 99
0 57
0 13
0 30
0 37
0 84
67 99
78 99
48 99
6 99
54 99
13 99
96 99
4 99
40 99
31 99
0 63
0 50
0 60
0 17
65 99
0 59
84 99
3 99
0 83
60 49
0 36
0 43
0 53
0 26
49 99
17 99
0 46
