5
87
58
82
19
33
100
28 59
90 93
41 93
7 93
47 93
48 93
70 93
62 89
77 61
0 28
92 53
51 89
89 93
85 2
78 93
4 93
17 42
42 93
49 63
62 70
0 70
50 63
65 63
20 93
6 93
15 45
56 3
62 38
86 45
86 13
62 6
0 48
25 9
0 62
0 41
56 28
29 51
0 15
18 12
9 3
3 93
53 93
29 93
23 85
68 93
0 50
32 15
18 28
28 5
5 93
25 90
18 32
52 37
6 53
24 27
24 29
57 7
18 52
27 43
37 7
12 54
0 88
54 88
0 18
64 25
88 43
69 71
64 12
21 39
68 90
7 43
57 51
74 43
57 86
57 45
5 70
64 24
47 25
42 39
35 70
73 74
35 51
71 39
4 13
4 85
77 50
50 70
73 69
92 39
81 43
75 25
30 60
73 64
60 39
4 54
39 43
30 43
21 56
74 85
91 38
