5
65
77
1
34
98
100
62 4
41 4
0 67
4 99
0 57
56 44
0 56
57 99
60 38
85 43
60 12
9 6
19 52
9 63
60 82
57 4
31 12
19 53
67 99
66 12
19 91
6 99
39 71
43 99
8 99
49 97
55 18
94 17
60 19
94 75
57 64
2 18
94 10
95 62
8 75
25 33
12 99
95 80
75 18
93 83
8 72
91 90
94 30
57 38
78 18
60 94
95 17
36 4
16 27
95 53
60 57
79 41
87 10
45 44
18 99
17 72
91 80
95 32
93 23
15 61
93 15
48 49
24 20
93 24
4 83
84 72
2 68
91 25
2 20
93 87
24 68
95 91
37 49
53 18
53 6
41 69
44 83
48 37
93 37
43 83
31 6
60 95
26 49
13 16
56 30
59 61
27 18
30 72
20 83
8 13
2 47
36 6
93 8
46 23
2 76
89 83
94 46
51 27
6 83
95 48
