5
27
72
6
17
40
100
32 34
0 47
0 32
61 15
0 5
0 9
52 99
0 67
0 97
0 24
0 84
0 20
70 15
0 44
29 3
0 29
0 36
0 74
50 86
26 99
16 99
58 90
0 43
0 71
73 56
73 34
65 41
0 75
0 25
0 12
0 77
0 95
0 59
1 79
29 33
4 57
78 1
21 3
34 99
0 78
0 26
0 73
20 86
53 44
0 53
70 39
0 70
0 86
0 91
88 32
0 88
90 99
52 39
63 39
15 41
48 98
0 48
0 35
0 34
0 18
0 89
0 93
0 81
29 99
39 99
57 41
80 92
34 92
29 10
2 41
8 24
57 21
0 8
79 41
0 65
11 3
48 67
7 9
92 41
48 22
31 10
7 65
67 86
7 89
73 20
73 10
41 99
48 10
48 4
58 59
7 24
16 50
67 50
48 52
7 71
7 48
58 50
93 82
53 77
59 99
