5
18
17
68
55
84
100
0 18
0 99
40 6
75 99
12 99
0 29
0 73
0 36
0 13
83 21
0 33
0 71
0 20
0 77
0 26
0 44
0 67
0 53
0 21
0 70
0 87
0 43
0 63
0 61
75 76
0 38
0 23
0 51
0 57
0 49
39 11
0 62
0 80
0 95
0 16
8 86
0 8
0 37
0 78
6 99
0 74
0 66
0 96
0 30
73 61
0 88
12 51
0 19
0 9
0 10
0 41
0 48
0 90
0 32
0 7
0 12
0 93
0 42
0 92
0 40
0 56
0 28
0 54
3 11
0 45
72 11
72 44
22 36
0 72
0 89
0 86
0 65
0 58
0 94
16 99
0 50
0 82
0 24
0 76
0 46
0 11
0 25
0 2
0 39
0 5
0 27
0 59
0 22
41 44
0 91
0 79
0 31
0 3
7 43
83 27
7 30
0 83
98 66
0 98
0 35
