5
36
33
67
20
66
100
0 99
0 82
0 24
83 6
50 83
0 50
0 2
0 27
57 99
0 22
72 99
61 99
0 77
37 99
3 99
0 47
60 54
0 87
0 44
88 35
70 34
0 15
0 92
0 41
79 9
34 35
35 99
26 88
3 92
92 99
74 99
97 69
69 99
71 11
41 4
23 28
41 90
38 10
22 99
2 30
95 12
24 99
95 99
77 99
79 71
12 99
0 68
23 84
0 79
0 72
43 99
18 39
44 99
0 85
0 42
65 55
0 8
0 93
0 51
0 29
0 55
0 46
49 99
42 99
96 13
0 12
75 99
0 14
0 11
38 2
53 38
45 32
75 55
85 13
34 99
53 99
5 50
50 99
18 99
83 99
26 99
0 53
0 57
98 99
45 99
0 18
13 99
5 99
21 99
78 99
0 17
0 84
0 95
0 94
0 65
0 64
46 63
5 88
1 99
85 99
