5
34
83
36
75
63
100
0 48
44 57
0 44
0 23
0 64
0 2
0 6
0 85
0 46
0 26
35 43
35 88
51 84
1 41
66 84
78 84
70 84
64 88
35 1
0 35
5 87
0 41
79 15
0 79
0 8
0 76
0 40
0 3
0 52
0 16
84 88
10 3
10 22
10 88
30 88
65 26
25 74
0 10
0 60
22 15
0 65
0 56
27 74
31 19
19 74
37 12
49 79
37 56
21 77
3 88
80 31
0 49
71 18
43 71
61 15
70 38
0 43
25 18
0 20
53 88
40 15
40 88
0 5
0 62
0 24
74 88
31 38
78 67
16 71
84 87
60 4
78 23
81 84
81 78
28 88
50 43
38 15
81 16
56 12
17 61
3 67
61 29
64 15
81 31
46 68
61 70
28 72
15 88
50 28
17 48
50 17
50 46
22 27
23 88
81 50
56 6
87 88
81 22
81 49
66 88
