5
36
1
35
2
27
100
30 32
93 99
31 48
25 32
72 87
8 14
42 56
0 8
50 37
47 55
28 34
54 69
0 9
33 43
91 99
0 10
17 28
0 3
55 69
95 99
63 55
12 28
90 99
96 99
98 99
51 63
0 6
92 99
0 7
13 22
88 97
0 4
79 86
80 87
39 48
97 99
89 94
73 85
49 55
38 49
5 18
72 85
5 19
5 14
48 54
5 16
5 20
66 80
5 15
55 67
83 80
79 81
5 12
13 26
87 94
70 78
67 72
74 81
70 80
77 88
76 86
56 67
85 94
81 94
44 32
60 61
84 94
5 11
9 12
51 67
93 82
13 28
59 67
61 72
83 90
86 94
88 94
78 83
5 17
66 76
71 82
64 76
7 18
7 12
13 4
45 55
64 73
66 53
55 65
83 94
13 23
13 6
47 51
96 82
31 45
80 82
50 56
13 7
13 24
63 73
