5
72
69
65
37
1
100
32 52
88 98
0 63
32 83
86 98
32 98
27 98
0 41
81 98
74 98
56 98
36 98
80 98
84 98
54 98
30 98
50 98
26 98
46 35
13 98
89 98
16 98
27 80
33 18
19 80
18 98
40 98
83 98
59 98
96 98
93 98
57 98
38 61
59 60
14 61
61 98
49 98
32 53
88 42
43 2
2 73
68 60
92 17
60 73
70 63
32 38
75 73
29 42
0 33
50 17
59 92
73 98
29 98
0 98
64 98
71 98
47 98
78 98
87 98
46 5
0 38
24 98
12 98
55 98
63 98
22 52
42 52
32 12
23 52
0 22
32 85
52 98
97 98
54 36
29 78
36 51
8 51
51 98
31 98
6 2
2 98
95 98
97 24
5 98
20 98
21 98
53 98
0 32
75 98
15 98
0 54
30 29
0 7
94 98
42 98
23 39
44 11
11 98
60 98
8 98
