5
93
39
73
89
67
100
0 99
14 76
68 99
0 25
0 6
0 8
0 1
84 99
0 95
71 32
1 72
1 85
53 76
68 17
94 99
64 99
38 92
92 99
10 99
71 34
7 99
14 12
97 99
38 46
59 84
46 15
9 15
82 12
71 1
70 36
70 84
70 41
29 97
34 54
97 72
70 79
47 2
4 86
47 5
70 66
8 66
30 54
58 94
96 17
88 80
40 96
26 54
12 72
60 83
92 86
68 76
42 1
52 24
87 91
22 23
36 80
23 24
80 86
11 17
47 74
47 8
59 15
47 42
35 24
94 86
91 86
86 15
23 72
72 15
98 24
49 5
47 40
35 12
4 24
83 92
64 75
97 75
47 59
22 64
47 35
47 83
28 11
81 41
22 81
36 53
14 43
91 24
69 52
22 28
22 57
22 97
60 43
36 55
49 27
36 85
49 84
56 43
30 8
74 34
79 34
