5
94
46
5
77
91
100
20 99
14 99
14 62
62 99
28 6
0 21
0 36
0 75
0 63
0 33
7 19
51 7
30 98
23 19
6 99
0 30
78 21
58 81
22 80
9 54
0 49
32 86
0 73
78 8
78 40
2 41
68 51
58 60
54 23
80 57
80 51
41 99
78 73
78 30
39 99
78 49
75 96
36 96
36 3
36 92
75 92
30 3
33 96
78 63
78 75
49 21
49 73
22 42
29 45
74 45
98 22
64 45
33 63
33 73
33 36
88 68
88 64
3 96
21 9
92 45
88 42
3 92
57 51
33 49
33 76
30 21
75 73
21 8
73 21
98 9
21 98
80 64
79 57
63 98
75 49
40 8
21 40
95 40
73 63
95 48
88 85
29 93
48 44
75 30
54 72
36 30
64 61
76 48
76 71
29 61
36 49
51 65
95 71
23 57
63 76
95 66
53 86
57 7
95 76
95 17
