5
33
61
17
75
8
100
0 99
33 16
0 61
0 98
0 57
0 95
0 38
0 11
67 60
67 53
96 82
67 10
0 67
7 41
0 31
82 41
80 37
0 80
0 28
16 99
23 99
0 23
0 18
0 25
0 84
70 76
57 99
0 70
0 36
0 40
0 79
0 43
63 10
83 72
83 98
39 79
30 15
5 56
0 83
0 35
0 60
0 82
0 22
0 59
0 15
52 28
95 4
64 20
56 41
81 70
81 30
81 99
0 81
0 55
0 47
0 66
0 76
0 1
0 3
58 59
0 58
0 53
0 42
0 45
0 65
76 10
76 28
0 37
0 13
31 99
4 92
66 42
0 51
0 73
0 41
42 99
41 99
45 20
9 54
0 9
85 1
0 69
88 97
20 60
60 99
0 6
86 68
0 86
82 99
52 95
52 9
54 2
0 52
45 99
0 72
2 99
29 50
25 14
50 22
16 53
