5
26
42
21
69
75
100
73 99
28 99
38 99
44 99
25 99
19 67
49 59
48 76
57 67
78 99
27 99
68 99
12 99
24 27
92 84
22 36
48 37
86 99
51 72
11 99
82 99
97 99
89 99
51 99
29 99
65 99
55 99
49 48
0 49
17 43
17 61
17 87
10 91
33 74
0 17
87 23
19 62
53 62
71 80
44 63
28 70
0 28
92 19
55 37
0 9
47 59
0 44
0 95
89 76
94 64
89 71
47 91
86 64
55 57
0 89
23 91
98 52
70 91
86 23
0 13
92 38
91 99
0 99
74 9
96 99
84 37
56 19
12 39
92 87
37 99
95 99
93 99
18 99
0 52
3 99
48 36
72 27
29 36
36 99
68 2
2 99
0 81
47 97
20 13
56 66
84 43
0 47
94 34
66 79
56 31
73 54
53 32
13 99
74 99
58 99
56 99
1 99
20 99
50 99
48 71
