5
23
50
36
18
3
100
60 74
91 80
80 93
51 93
52 93
78 93
39 93
31 93
21 93
60 48
86 76
6 82
63 82
85 4
73 51
82 93
73 93
85 93
60 9
44 86
68 93
27 93
15 93
52 16
60 73
79 93
17 43
59 25
43 93
92 93
16 93
75 63
48 93
81 93
41 93
77 93
91 93
10 93
46 93
30 93
44 65
41 46
7 19
88 93
38 93
41 12
44 6
34 93
0 41
0 60
11 37
0 52
7 69
74 37
69 83
57 93
4 93
22 77
87 93
69 93
71 93
11 93
63 93
17 93
53 93
28 93
55 93
61 93
35 93
62 93
79 32
32 93
0 20
20 93
24 93
8 93
70 93
0 93
84 93
76 93
45 93
7 22
53 90
90 93
40 93
56 17
17 81
16 56
58 78
8 7
14 93
75 93
5 93
9 93
74 93
0 8
79 11
0 67
16 11
47 93
