5
1
12
28
63
57
100
33 34
43 34
10 11
61 62
61 52
62 72
78 79
76 77
82 83
85 86
71 72
21 31
21 22
11 2
92 93
98 99
24 25
30 31
94 95
85 76
87 88
53 43
56 66
62 52
11 21
46 47
38 48
44 34
50 41
58 59
70 80
69 79
40 31
66 67
87 97
44 35
80 81
50 60
71 62
41 51
50 51
52 53
24 34
20 30
75 76
86 96
58 68
76 86
88 89
41 42
84 85
75 85
95 96
52 43
59 69
46 37
32 42
17 27
35 45
79 89
41 32
48 58
13 14
49 59
65 66
65 75
43 44
39 49
64 74
5 6
26 36
35 36
9 19
17 26
8 18
84 94
42 52
49 58
81 82
75 66
61 70
86 87
42 51
17 18
77 78
92 83
25 26
27 36
36 46
14 5
16 26
16 17
22 23
32 33
73 83
83 93
36 45
15 25
32 23
26 27
