5
32
38
20
66
28
100
0 26
0 17
0 10
0 41
0 7
0 43
73 99
0 34
0 16
0 18
0 27
0 31
0 11
0 19
0 37
0 25
61 99
0 23
0 14
0 6
0 9
68 99
64 99
75 99
76 99
62 99
0 29
0 8
60 99
0 5
53 99
65 99
89 99
93 99
97 99
87 99
86 99
81 99
58 99
80 99
0 13
67 99
85 99
83 99
90 99
0 4
84 99
0 2
1 34
82 99
72 99
0 1
78 99
88 99
51 79
79 99
92 99
91 99
98 99
80 94
55 94
94 99
26 65
26 74
3 37
61 95
3 31
3 43
34 74
65 95
3 27
26 60
51 56
3 26
51 84
15 60
16 55
80 95
34 82
34 78
44 56
7 53
98 95
3 15
3 7
3 51
19 56
14 59
12 58
23 71
44 79
3 17
82 95
19 60
34 56
34 79
3 14
3 11
13 59
19 55
