5
38
32
65
44
11
100
38 99
37 83
53 83
42 94
6 99
95 59
76 25
16 21
90 99
10 99
94 99
84 99
42 6
17 99
66 99
75 99
74 99
98 99
71 99
0 42
60 55
55 99
0 17
63 99
56 99
68 99
34 99
73 99
8 3
41 99
21 99
0 56
0 36
4 79
96 98
0 96
76 39
83 79
94 21
40 23
0 76
4 28
86 7
36 88
15 37
79 99
1 35
0 66
74 73
39 73
86 99
87 99
60 99
9 99
74 30
15 62
91 98
0 77
30 99
19 99
53 99
0 99
0 15
46 48
95 67
83 68
27 48
48 99
39 61
64 99
18 33
2 99
6 31
0 74
49 43
0 18
39 83
1 99
0 63
0 39
29 99
73 72
16 99
40 99
18 99
86 19
0 86
0 87
19 47
95 6
20 37
95 3
73 86
40 53
47 99
8 78
78 99
28 99
85 99
13 99
