5
65
21
28
24
31
100
0 81
0 12
0 41
15 45
0 63
0 84
0 30
0 99
0 89
0 83
0 39
43 74
86 39
67 96
0 67
0 8
0 68
42 89
78 42
0 32
0 33
58 99
17 71
0 17
39 71
0 13
34 45
20 30
62 34
0 62
0 22
80 99
46 99
0 76
98 45
4 45
22 45
38 99
93 72
3 99
3 75
11 45
3 44
81 1
16 27
40 51
89 99
0 3
77 1
86 87
77 18
49 72
27 1
30 2
76 33
0 77
0 37
92 45
69 42
0 69
0 43
0 16
14 83
0 14
45 99
35 43
0 35
50 48
83 41
0 73
0 44
0 48
0 70
0 75
52 43
66 30
92 1
92 89
23 48
29 72
42 92
97 1
42 95
0 42
0 7
56 36
0 56
55 99
0 36
0 74
64 48
0 26
0 96
0 27
0 98
0 29
1 99
27 48
81 48
0 66
