5
11
27
74
40
94
100
17 28
0 55
0 89
0 26
18 96
18 37
29 25
0 18
0 5
0 78
0 93
0 7
0 82
0 39
0 76
75 43
39 37
72 85
75 15
47 79
0 75
0 2
0 61
0 72
57 28
28 64
1 16
12 81
21 20
38 58
38 32
47 57
0 47
10 58
0 10
0 90
0 50
0 19
0 91
58 96
0 58
0 73
81 16
0 13
0 70
0 1
25 46
45 20
0 25
0 45
42 12
0 42
0 79
0 28
0 44
0 16
0 17
0 30
0 77
0 95
32 96
0 3
9 96
0 12
0 35
0 32
21 96
0 21
0 54
0 20
0 38
0 46
0 59
38 64
56 26
0 22
0 8
0 9
81 46
0 81
0 15
0 41
0 52
0 23
33 76
60 64
0 60
85 20
0 57
0 56
0 29
73 64
51 37
86 9
0 51
16 64
0 88
0 96
0 68
0 49
