5
86
56
16
59
15
100
0 54
0 98
67 5
31 5
67 14
0 25
54 98
0 42
36 98
22 98
57 98
66 98
25 98
0 71
37 91
97 3
0 10
9 10
37 58
5 10
25 10
37 94
0 65
3 98
0 47
42 98
9 98
61 98
37 98
8 41
41 98
23 98
1 8
0 1
24 98
17 98
66 79
37 22
17 48
66 33
41 5
5 98
60 98
50 98
62 98
17 9
9 21
0 26
37 77
77 21
37 57
48 94
42 94
58 21
0 94
53 94
2 26
49 7
75 51
0 97
72 13
22 79
0 67
26 21
93 5
79 5
25 64
17 49
9 34
35 13
13 94
9 36
9 5
34 5
0 9
0 81
0 96
66 9
37 9
5 94
0 41
72 41
37 90
0 51
84 24
51 94
0 37
8 21
17 35
92 61
14 51
57 71
66 87
0 72
62 21
0 64
64 21
0 17
39 35
0 80
