5
11
41
52
80
35
100
0 11
0 54
0 46
48 73
26 5
87 25
0 48
70 59
25 59
9 81
45 2
44 78
78 83
2 81
0 76
0 42
1 81
0 23
66 81
81 93
24 31
0 24
0 93
0 43
64 63
0 64
0 25
71 55
0 71
0 65
0 8
0 83
0 61
0 90
17 86
1 93
0 17
0 40
0 57
18 93
22 79
44 55
77 44
89 93
22 2
36 2
31 65
24 86
71 79
24 2
60 51
56 93
22 61
24 76
22 24
77 65
86 93
13 54
77 5
22 39
72 32
77 71
16 53
55 4
91 23
19 85
0 22
0 78
60 23
60 36
60 13
70 15
51 93
70 17
25 62
70 65
65 93
0 70
85 4
53 93
0 85
0 14
36 32
91 34
36 4
36 29
36 91
74 54
39 32
4 93
75 62
15 2
42 8
39 45
26 39
17 45
59 28
28 32
45 32
8 12
