5
91
12
37
60
62
100
79 97
26 97
0 79
16 50
0 70
85 44
21 68
16 87
68 97
16 64
1 97
4 97
59 76
0 16
0 34
20 71
76 97
94 97
50 97
56 97
44 97
83 10
10 97
72 97
81 97
35 97
0 85
54 97
20 97
26 17
17 97
53 97
0 44
0 7
2 97
0 95
95 97
30 97
32 97
15 97
20 80
0 50
92 18
53 31
0 92
45 70
80 97
66 97
27 97
0 97
57 97
67 97
82 97
93 97
25 97
0 83
0 66
87 58
58 97
0 20
0 68
78 97
64 97
65 48
5 97
11 97
31 97
0 19
42 97
89 86
52 86
86 97
13 97
16 97
96 97
70 97
39 97
39 24
65 6
0 8
41 97
77 97
87 97
90 59
59 97
73 97
0 89
80 93
9 97
38 97
24 97
63 97
88 97
48 97
36 97
6 97
22 97
46 97
14 97
19 97
