5
14
83
60
66
98
100
50 39
17 29
55 99
75 99
0 26
23 52
48 64
49 99
11 99
50 20
4 99
17 8
29 89
70 44
73 89
77 67
44 99
7 99
40 30
40 25
10 85
21 73
0 50
90 84
31 25
68 80
35 99
93 99
28 86
28 27
0 41
53 26
67 86
32 84
42 64
2 29
12 38
31 93
61 84
0 4
70 33
0 31
0 68
86 99
70 99
26 64
70 79
5 33
29 22
94 99
77 99
0 13
9 99
46 74
70 54
38 72
96 48
80 99
0 87
18 87
34 87
2 87
87 99
70 74
6 42
65 58
42 99
88 99
20 92
92 99
64 99
45 99
74 99
59 99
78 99
15 38
38 99
32 99
10 99
31 99
30 99
67 99
12 99
37 99
0 97
69 97
0 45
40 97
0 63
59 97
91 97
18 97
5 41
73 9
4 9
5 96
9 97
46 91
28 76
0 70
