5
82
19
27
50
58
100
32 93
23 39
2 39
7 39
39 93
28 21
11 93
43 93
73 21
92 53
28 22
45 67
23 53
14 21
21 53
43 67
46 77
53 93
41 31
31 37
80 93
86 93
17 93
46 93
37 93
36 93
37 55
83 55
71 55
55 93
13 93
45 93
7 88
88 93
6 93
54 93
65 93
0 52
45 89
20 93
0 71
41 38
6 13
45 69
40 13
75 93
12 93
9 93
16 67
0 18
87 71
70 18
16 88
67 18
24 18
88 18
53 18
0 41
0 28
48 6
0 45
87 42
20 52
42 18
40 18
59 18
35 29
73 40
35 84
17 80
62 18
47 80
23 37
3 18
0 34
35 69
0 38
62 86
0 73
14 80
70 80
35 14
0 35
10 8
0 7
0 37
81 18
30 29
13 75
80 18
74 68
23 22
4 32
23 4
23 34
68 29
23 54
20 92
0 6
41 29
