5
43
90
29
18
56
100
51 97
7 97
82 97
40 97
88 97
59 97
79 41
15 37
1 97
23 87
23 15
66 42
42 97
96 3
3 97
37 31
38 78
31 97
76 97
9 48
32 58
13 48
7 23
48 97
9 97
21 97
10 97
44 97
25 97
9 91
91 97
33 97
96 97
53 97
61 97
59 24
85 14
24 97
66 15
9 60
15 97
16 97
17 23
62 97
68 47
40 47
47 97
93 37
37 97
54 50
32 97
0 7
17 83
44 57
63 66
41 25
94 66
17 54
83 66
71 3
13 25
0 5
71 83
83 55
41 44
71 61
13 11
3 5
79 28
5 66
73 70
27 95
38 71
95 66
94 26
38 83
0 17
38 9
79 2
68 37
74 58
89 78
53 66
96 78
73 59
78 66
0 68
38 96
27 73
3 28
92 86
38 60
86 7
67 60
0 38
26 66
27 21
27 52
79 76
27 14
