5
72
86
20
37
96
100
42 22
77 9
8 9
56 99
28 97
24 97
19 97
79 59
57 76
57 87
74 99
64 99
59 99
58 99
48 99
67 44
7 99
60 99
19 73
21 99
18 73
79 28
19 79
84 74
29 95
85 76
67 18
76 59
59 95
95 80
71 35
17 63
85 49
67 17
35 80
24 30
19 46
49 52
60 81
71 14
0 57
73 80
78 80
69 80
60 28
60 27
27 7
83 48
69 53
60 6
0 75
11 46
48 52
78 14
60 50
80 52
66 75
11 75
60 66
0 69
38 81
41 52
10 46
60 11
7 81
73 21
46 52
0 95
73 81
0 56
81 52
3 36
85 17
79 52
85 64
82 79
29 52
79 4
0 92
14 17
50 17
92 84
84 52
83 36
69 19
0 3
15 55
0 73
85 42
60 25
19 52
0 60
82 85
78 36
17 52
56 25
29 36
89 36
93 3
82 78
