5
5
72
21
14
55
100
14 69
0 73
7 73
69 73
3 58
58 73
3 73
20 73
71 73
68 73
9 73
13 73
67 73
62 73
15 73
1 73
59 73
8 73
43 73
49 73
40 73
23 73
0 39
32 63
0 15
49 43
0 56
63 73
0 27
47 73
46 73
0 50
26 50
0 24
28 50
41 42
54 6
56 43
70 43
50 73
45 73
0 33
35 73
25 73
28 73
0 32
57 73
53 11
28 66
26 66
11 73
18 73
31 73
10 73
70 54
69 51
16 73
48 73
49 27
27 73
2 73
65 73
53 73
69 29
67 44
24 73
69 36
34 73
38 73
70 73
22 73
8 19
69 48
53 63
43 42
19 73
37 73
31 2
26 73
0 41
31 20
0 70
26 29
44 29
52 11
53 49
52 67
20 29
29 73
0 53
30 73
56 73
44 73
1 64
0 3
67 39
31 1
39 73
60 73
36 73
