5
23
84
25
59
2
100
25 93
87 91
31 65
57 93
79 77
49 33
77 93
0 51
42 93
0 30
31 9
0 76
31 53
46 26
10 43
18 43
26 93
0 12
92 55
86 85
56 90
78 40
71 55
87 42
26 55
48 14
74 55
31 3
0 90
7 37
55 93
30 90
79 90
90 93
21 93
62 93
81 93
80 69
76 69
49 9
31 47
34 88
87 34
6 43
0 4
21 43
69 93
82 93
8 93
54 93
4 93
0 31
43 93
52 93
22 93
76 93
53 47
11 93
92 93
41 93
54 90
14 93
66 93
92 75
88 86
78 87
53 52
86 93
28 93
39 93
78 11
0 92
0 53
65 13
6 50
47 13
83 22
13 70
70 93
78 6
67 14
47 49
49 19
75 37
48 20
83 19
67 16
21 46
14 19
45 24
52 66
83 55
80 75
52 29
55 19
41 22
0 78
0 80
63 19
0 41
