5
47
57
42
49
81
100
73 9
83 95
58 55
0 36
56 17
0 56
19 17
0 60
56 60
1 89
15 72
51 83
55 78
21 68
11 38
24 95
32 95
11 65
62 92
62 32
23 95
62 13
36 58
62 52
16 78
39 95
71 65
65 14
14 95
63 18
64 95
45 95
0 62
1 56
5 69
90 95
41 95
0 11
6 95
6 54
1 33
15 16
1 24
55 24
78 39
15 69
7 88
7 55
5 29
60 24
66 48
15 5
9 89
15 67
1 18
20 54
8 78
21 83
54 95
20 95
40 95
3 95
15 38
38 95
63 95
33 95
35 33
0 63
22 50
35 8
77 50
1 9
1 46
8 59
1 12
1 8
58 73
2 21
0 15
1 52
0 68
91 61
59 16
41 62
77 48
50 16
1 43
67 16
88 16
4 76
0 45
4 63
0 1
0 4
78 43
68 78
63 16
91 87
21 74
0 48
