5
1
98
48
5
77
92
0 99
0 1
2 1
2 3
98 99
98 97
96 95
96 97
94 95
94 92
82 84
17 19
48 49
11 12
67 69
32 34
49 51
77 79
73 75
22 24
92 93
79 81
11 13
82 83
85 87
35 37
64 66
31 33
25 26
44 45
44 46
64 65
42 43
41 43
83 84
86 88
52 54
72 74
25 27
7 9
26 28
80 81
8 10
12 14
72 73
78 80
38 40
22 23
37 39
61 63
62 63
9 10
18 20
34 36
17 18
6 8
58 60
87 89
57 59
40 42
66 68
89 91
90 91
56 58
13 15
85 86
88 90
55 57
19 21
20 21
23 24
70 71
69 71
28 30
14 16
68 70
45 47
31 32
74 76
15 16
54 56
39 41
29 30
51 53
65 67
50 52
33 35
60 62
59 61
27 29
53 55
36 38
