5
3
2
50
78
77
99
0 79
33 3
0 31
0 26
0 64
53 22
66 19
34 1
0 66
0 73
0 24
37 38
0 15
74 61
0 19
0 34
55 28
0 58
0 74
0 48
57 55
0 42
0 60
53 1
58 1
73 1
28 1
16 1
24 27
25 14
49 1
0 29
0 18
70 4
0 49
46 58
0 30
26 1
0 69
6 1
27 4
17 4
31 1
0 14
61 1
11 1
20 5
0 5
37 75
46 57
0 70
44 1
53 18
0 25
0 8
4 1
67 54
0 37
71 76
44 67
17 41
35 40
0 17
18 1
32 72
0 21
21 8
35 8
16 21
6 10
62 4
42 1
0 20
68 1
0 71
33 48
53 39
0 33
0 28
75 30
0 35
53 66
59 1
0 32
53 33
0 16
64 1
22 1
4 23
54 1
54 36
15 31
4 30
4 64
39 25
39 4
39 6
26 68
9 1
