5
21
12
86
79
2
100
0 11
0 7
0 45
29 99
11 49
54 70
49 99
0 54
0 91
0 64
0 38
0 99
89 94
89 91
5 99
0 89
0 87
0 55
0 57
0 75
17 99
3 99
64 99
30 53
0 83
34 99
80 99
0 1
0 74
9 99
0 58
55 67
67 99
72 99
41 99
97 10
10 99
16 63
16 75
0 16
9 51
29 43
0 15
4 93
0 4
14 99
17 13
0 17
68 99
60 99
68 46
78 99
58 99
13 99
81 32
32 99
56 99
30 99
0 68
0 66
62 99
0 53
0 43
15 99
11 99
92 76
33 28
97 92
74 87
11 27
74 14
76 99
1 99
0 67
0 90
95 99
0 84
46 99
74 99
96 99
82 99
0 13
0 63
31 99
0 28
65 99
42 99
98 99
85 99
0 85
8 99
44 99
0 59
64 35
0 18
0 39
0 3
0 56
0 29
35 99
