5
22
28
7
15
46
100
0 20
0 17
0 40
34 4
0 60
0 1
0 47
0 66
0 68
23 4
58 17
66 10
58 3
13 71
26 71
42 10
18 4
54 5
0 49
0 16
44 51
30 17
0 30
0 67
0 53
65 25
0 65
0 14
0 50
5 71
0 26
0 23
0 4
0 36
0 9
0 19
0 25
10 71
0 8
0 2
0 32
25 27
0 31
0 62
0 24
0 33
13 17
0 64
0 10
0 27
0 13
25 59
0 63
27 4
0 58
11 47
0 11
55 71
0 55
44 63
24 17
25 55
32 4
44 30
44 17
8 4
0 44
0 59
35 51
0 5
0 57
0 37
47 71
24 68
0 52
0 39
0 61
17 4
43 57
2 51
59 4
70 64
57 4
64 68
43 66
54 50
2 20
36 19
43 2
13 64
48 32
43 48
70 49
4 71
18 3
43 68
68 71
45 71
66 29
53 37
