5
4
2
25
42
44
100
0 97
0 52
0 5
36 50
0 36
9 99
0 98
0 32
23 99
72 85
60 85
85 99
55 99
22 99
0 13
0 54
49 99
0 11
32 99
88 17
88 20
18 99
29 28
88 58
67 60
34 99
39 99
15 99
29 99
80 54
41 54
0 29
91 56
57 56
0 81
54 99
86 99
0 93
7 71
0 63
41 99
72 99
0 8
0 23
0 51
0 95
0 59
27 99
0 38
0 35
0 56
0 31
0 9
0 78
5 71
87 71
0 75
0 27
0 10
0 58
24 71
0 84
0 49
71 99
47 99
83 99
0 26
69 99
0 19
0 68
0 65
0 99
0 48
0 34
0 37
0 7
67 26
16 99
0 88
0 90
0 20
0 43
0 62
0 21
0 79
0 3
0 33
0 66
0 87
0 96
0 74
0 57
0 64
0 67
48 99
24 99
79 99
50 99
96 99
0 92
