5
54
47
50
48
46
100
17 95
27 16
62 64
29 41
0 59
16 95
83 95
81 95
2 95
57 95
18 95
26 95
71 95
0 88
0 62
0 27
33 95
40 95
63 95
91 31
60 23
70 95
85 7
7 95
25 95
10 95
87 95
23 95
20 95
74 64
0 60
9 29
41 32
18 82
74 84
26 37
2 5
29 95
21 95
43 95
0 91
68 95
79 95
8 95
5 95
73 95
87 36
0 42
17 35
10 36
0 87
74 2
3 82
41 80
35 95
69 95
37 95
90 95
3 52
0 31
13 95
24 95
91 95
11 95
58 11
86 22
19 95
89 95
65 95
59 95
88 95
0 71
94 95
3 49
65 32
93 95
32 95
0 9
9 95
60 95
67 95
39 95
51 95
14 95
64 95
4 95
41 95
74 18
92 61
61 95
85 95
3 95
1 95
58 95
36 95
92 76
76 95
24 58
22 95
74 95
