5
26
46
13
41
52
100
23 95
0 29
78 95
33 53
0 91
33 91
36 95
17 95
27 95
49 95
86 95
28 95
44 95
66 95
84 95
81 45
91 56
79 32
91 24
87 72
81 91
45 95
5 95
22 95
59 95
81 80
80 95
53 9
9 95
68 95
19 95
62 95
0 95
89 95
0 81
57 16
10 95
60 95
0 33
20 64
64 95
57 95
18 95
6 95
63 95
79 95
57 4
57 23
21 39
0 57
4 95
67 95
75 95
55 77
6 77
77 95
76 95
47 95
15 95
34 95
21 95
21 65
65 95
93 95
42 95
38 95
21 63
69 95
92 95
3 95
43 95
51 95
89 2
2 95
21 18
21 73
60 61
87 95
48 95
11 95
24 95
94 95
82 95
40 16
16 95
86 66
40 30
0 67
37 95
61 95
25 95
27 1
0 40
76 58
35 95
14 95
85 95
1 95
0 76
33 95
