5
34
78
7
45
43
100
0 54
8 80
0 17
0 30
0 33
0 44
0 21
20 80
44 80
24 80
30 80
59 80
68 80
23 80
70 59
0 49
0 69
0 63
0 76
69 80
0 19
0 58
15 80
0 15
0 31
0 75
0 77
0 66
0 12
58 80
5 80
18 80
0 72
19 57
11 51
33 44
0 11
0 32
53 44
0 53
0 51
44 51
68 32
68 39
60 51
17 46
0 68
0 29
0 5
4 39
72 21
4 19
54 73
0 4
51 80
0 74
44 42
0 22
38 28
0 38
73 80
36 80
0 73
0 55
0 6
0 46
0 2
26 80
0 36
0 48
0 65
9 80
0 9
28 80
0 59
0 20
0 42
0 13
29 80
0 23
0 64
3 80
0 3
0 27
0 39
74 80
62 1
71 54
0 62
0 25
0 10
0 16
54 80
0 35
56 80
0 56
0 52
0 70
42 80
0 14
