5
49
21
42
5
40
100
58 73
97 99
61 87
87 18
18 99
61 92
17 99
83 99
66 99
66 92
24 92
58 99
22 99
15 99
13 27
48 66
95 38
64 7
8 56
76 83
48 2
2 99
14 99
41 99
7 91
3 99
36 99
68 27
27 99
96 32
64 89
0 23
0 74
26 99
43 99
94 99
90 99
92 99
26 24
12 99
62 97
0 69
50 99
1 11
70 25
80 97
0 70
0 99
0 8
0 53
57 99
57 44
9 11
11 99
93 63
56 2
51 99
0 57
27 45
0 27
0 7
0 96
0 72
92 95
0 92
0 88
0 15
0 95
24 99
0 62
0 91
0 50
94 76
0 94
0 87
0 68
0 24
0 14
0 77
0 1
0 67
32 77
32 45
0 32
0 81
0 98
0 52
7 89
70 80
0 31
59 25
0 59
61 41
0 61
0 86
0 28
45 99
0 16
0 3
9 99
