5
66
77
9
64
24
100
35 89
71 40
32 86
1 40
73 33
8 88
32 88
0 21
0 33
20 12
78 45
27 28
0 73
0 67
0 76
28 40
26 54
57 40
0 16
0 84
5 54
0 5
0 34
0 92
0 46
80 60
0 80
26 42
92 13
45 70
0 96
0 75
0 30
54 70
3 72
0 56
0 95
0 53
0 51
0 63
12 46
0 12
0 32
75 13
0 98
0 25
19 99
27 99
13 99
0 43
0 57
0 2
7 37
0 7
55 70
55 10
0 59
71 89
0 18
0 14
0 82
0 23
60 40
49 44
53 72
49 87
0 49
0 72
0 62
20 38
0 20
42 99
0 4
0 70
6 99
70 40
54 99
0 6
0 94
68 99
0 11
0 8
0 93
0 69
0 61
0 87
0 65
0 22
16 99
44 40
0 31
0 1
0 99
78 99
78 15
0 78
62 61
0 89
0 10
0 74
