5
6
75
20
92
14
100
68 99
42 99
3 34
58 99
47 99
84 99
57 99
32 34
0 3
0 16
28 99
0 44
23 99
0 22
0 9
34 99
0 18
0 99
38 11
0 49
0 2
0 39
0 10
0 57
96 53
0 15
31 99
59 99
0 43
0 66
0 61
65 11
0 80
18 99
53 18
0 64
0 50
0 88
76 11
0 76
0 13
0 4
0 91
0 40
0 72
0 26
11 99
55 67
67 99
54 99
79 99
21 99
0 33
61 99
66 99
80 99
38 99
96 99
25 99
59 81
32 89
59 70
62 99
96 32
0 59
0 34
0 73
0 67
0 65
0 78
0 71
0 30
0 97
5 96
72 99
15 32
0 5
46 99
0 17
0 45
53 99
53 4
0 53
0 35
0 90
30 98
69 82
45 99
93 99
37 99
35 99
0 11
0 19
0 60
72 82
82 32
63 99
67 70
53 70
0 79
