5
23
15
98
24
19
100
0 99
14 99
34 99
81 99
25 99
50 90
0 79
90 99
32 99
62 99
22 99
67 99
44 32
37 99
70 99
46 99
54 99
79 99
73 99
75 99
47 99
7 95
75 41
39 10
0 60
66 99
75 84
1 99
39 99
75 35
58 99
89 99
88 99
39 81
38 99
49 99
64 99
39 3
3 99
83 99
71 99
72 99
91 51
44 40
0 44
33 40
10 31
94 82
82 40
40 99
74 93
55 30
55 22
93 99
75 14
16 13
96 13
75 59
13 99
69 99
59 99
84 99
77 99
4 99
56 80
80 99
16 99
12 99
52 99
43 99
45 99
42 99
86 99
33 99
30 99
57 99
7 99
41 99
9 99
35 11
31 99
20 99
97 99
61 99
65 99
17 99
35 99
91 99
44 99
2 99
5 99
63 99
0 96
96 99
33 6
0 6
11 99
26 99
56 99
92 99
