5
47
49
66
86
30
100
54 96
0 62
7 96
27 96
45 89
85 27
89 96
57 96
45 96
38 58
34 96
14 96
0 85
0 25
29 96
50 96
33 96
63 96
20 42
81 37
37 77
77 96
20 96
0 45
80 35
0 50
23 58
43 41
54 41
0 57
41 96
8 96
64 96
70 96
60 96
28 96
64 44
35 82
69 96
35 96
23 96
19 96
88 96
53 96
12 96
21 96
25 32
80 32
32 96
85 96
37 96
38 96
9 96
62 71
16 96
42 96
83 96
93 96
0 70
6 96
71 96
76 96
40 96
87 96
17 96
5 96
54 58
70 58
58 96
13 96
4 96
95 96
39 96
31 96
74 96
0 95
18 61
10 96
11 96
22 96
64 92
0 64
1 96
0 60
0 28
52 96
0 73
0 48
13 78
82 79
70 75
7 78
14 75
82 20
73 78
83 79
78 96
0 96
55 96
73 96
