5
75
51
11
56
4
100
12 99
15 99
7 12
16 99
32 99
46 21
84 99
37 99
15 36
36 99
97 99
96 5
61 5
13 92
0 68
23 99
0 63
0 62
83 7
5 99
39 99
80 99
92 99
2 99
83 13
46 66
95 99
30 99
42 99
80 67
74 98
1 27
1 92
79 59
13 9
91 10
9 99
55 99
20 99
27 99
58 99
17 99
54 99
6 99
26 99
58 87
87 99
78 99
82 99
76 99
91 99
43 99
33 99
0 46
71 99
40 99
0 52
0 57
0 55
45 99
57 64
0 48
0 83
14 99
31 76
76 47
47 99
93 99
96 99
64 99
59 99
57 21
21 98
29 99
0 93
0 99
2 98
21 59
8 99
45 69
90 99
61 99
49 99
72 99
38 99
22 99
42 68
84 21
0 71
0 60
68 99
0 18
94 69
74 69
69 99
13 99
0 2
0 64
0 38
0 61
