5
35
43
78
20
9
100
87 99
66 99
49 99
6 99
0 24
0 50
11 65
16 46
47 77
34 75
80 99
97 99
47 59
42 99
46 99
70 99
36 88
8 5
21 29
60 3
88 99
16 99
94 34
47 58
82 55
28 99
83 92
66 70
86 67
94 50
11 12
1 85
57 36
47 91
25 34
66 83
79 34
70 92
15 85
67 69
24 34
34 10
94 66
10 69
63 92
59 98
31 48
61 23
4 66
1 98
69 92
94 25
94 11
57 79
59 87
0 94
57 40
0 75
36 48
57 49
2 92
26 92
96 16
39 38
85 92
46 65
95 4
2 31
6 92
77 53
34 92
49 87
0 57
87 98
15 40
75 53
61 5
0 74
48 92
13 85
56 16
53 84
0 47
0 28
3 29
98 92
16 87
88 92
15 87
54 75
84 92
0 96
61 34
33 87
60 92
54 21
81 74
0 81
0 61
46 34
