5
61
51
79
1
47
100
89 82
0 37
0 78
0 49
0 44
22 99
71 99
0 28
0 12
0 39
8 99
48 99
75 39
0 90
0 87
0 63
6 99
0 50
0 86
0 99
71 76
0 71
87 99
0 81
0 59
96 5
0 42
0 66
55 54
57 99
0 55
0 3
31 9
0 17
0 38
96 80
0 23
0 41
17 62
73 60
73 7
73 12
0 73
0 95
5 77
9 99
89 99
82 12
69 3
3 99
88 99
66 99
0 82
16 99
0 96
0 32
0 64
76 26
27 90
76 35
0 76
0 36
0 52
0 8
0 77
0 27
0 92
90 81
0 91
57 77
57 5
57 74
0 70
48 26
26 99
50 75
2 75
89 27
90 24
75 99
88 40
40 99
73 99
64 99
28 99
92 99
14 99
97 99
38 99
30 99
82 99
35 37
80 19
80 13
54 99
17 99
36 43
16 44
43 99
35 99
