5
49
78
69
28
77
100
70 87
95 99
40 99
35 99
0 95
0 1
0 7
0 89
0 18
0 19
91 99
72 99
96 99
24 99
11 99
0 31
0 23
48 99
93 99
0 94
0 58
0 60
57 12
0 55
58 55
6 57
56 24
0 67
12 99
0 17
0 40
0 52
0 27
0 11
21 33
0 92
0 82
0 38
73 99
94 33
45 40
56 33
65 91
67 58
0 45
48 33
4 18
25 46
0 4
0 15
0 36
0 54
0 74
0 57
0 13
0 86
0 91
0 26
0 43
0 22
0 75
0 39
71 72
71 96
0 71
0 46
32 60
0 32
0 96
0 6
52 99
33 99
0 66
0 50
0 76
0 37
0 64
0 81
0 63
30 99
0 51
0 85
0 62
0 48
0 83
0 10
0 42
58 27
0 97
81 96
40 27
0 5
0 65
0 2
0 88
0 84
0 34
0 90
0 59
0 24
