5
88
70
26
5
17
100
0 14
0 11
0 68
0 59
0 89
0 58
0 42
0 45
0 66
36 99
65 99
30 99
87 99
7 99
15 99
9 99
25 74
25 12
25 24
98 85
98 59
46 74
47 16
87 19
67 74
25 98
25 79
25 63
59 77
25 59
52 66
93 66
19 66
13 66
96 30
75 22
25 43
29 66
85 66
83 61
35 61
2 91
6 29
82 29
77 24
32 47
43 46
25 2
32 42
96 4
41 48
16 61
79 87
31 72
96 79
96 32
72 61
96 2
83 91
96 35
96 37
73 75
72 73
50 51
77 91
72 38
50 56
24 61
72 77
72 50
49 90
18 60
54 91
62 31
56 67
37 51
72 93
49 29
13 61
91 61
56 39
46 61
55 48
95 31
39 33
8 21
18 89
92 48
54 48
31 48
4 85
57 97
39 47
49 30
72 11
89 40
30 82
55 9
72 86
72 56
