5
2
69
25
41
4
100
0 45
29 79
62 79
0 73
0 11
55 79
47 79
7 19
21 79
6 60
71 73
15 75
34 36
67 19
37 30
68 37
19 36
56 73
60 36
76 73
68 7
27 12
18 64
65 12
3 20
18 10
18 3
16 27
31 12
28 12
60 12
18 9
18 35
52 60
63 77
52 77
67 60
53 3
5 32
58 59
53 63
53 5
53 58
16 43
16 59
23 48
16 67
67 62
37 22
9 67
9 3
55 43
55 17
55 10
32 77
48 77
48 19
32 63
27 65
75 43
45 20
45 58
19 77
48 43
17 35
44 59
45 30
42 43
70 5
29 1
59 77
10 61
48 1
59 43
65 43
29 44
64 28
22 20
57 20
58 78
19 3
7 44
7 3
45 8
29 10
59 67
75 6
38 1
45 47
29 42
44 28
22 67
30 6
59 64
58 62
57 24
7 30
63 57
47 5
19 33
