5
45
89
62
72
41
100
0 99
0 25
0 48
0 35
57 99
0 21
80 99
76 99
0 65
0 27
0 61
0 55
0 73
0 94
0 67
0 54
0 91
0 15
8 99
0 14
0 97
0 92
0 16
0 23
0 70
0 98
0 2
58 99
0 10
0 71
0 47
59 99
0 81
44 99
87 99
56 99
15 99
73 99
38 99
0 3
0 12
0 79
0 90
0 77
20 99
0 49
0 80
0 88
0 38
0 57
0 13
0 37
0 59
0 30
0 50
0 63
42 99
0 84
0 83
0 60
12 99
0 36
0 17
0 43
69 99
0 53
81 99
0 46
0 4
6 99
0 26
7 99
0 66
0 78
0 69
0 52
0 24
0 40
0 76
0 1
0 56
0 68
0 86
0 28
0 18
0 5
0 82
0 74
0 7
0 87
0 93
78 99
68 40
67 99
48 99
4 99
13 99
31 99
96 99
68 22
