5
15
47
1
33
61
100
0 14
90 95
0 82
0 17
0 60
0 41
89 95
0 94
0 66
0 10
0 11
0 45
0 6
0 34
0 64
0 36
0 53
0 78
7 95
0 51
0 19
0 74
0 24
0 37
0 89
88 66
0 88
0 95
0 49
0 58
0 18
0 75
0 92
0 68
0 46
0 71
0 21
0 4
0 59
0 27
0 7
0 81
0 35
0 20
0 87
0 91
0 73
0 16
0 29
0 50
66 95
0 22
42 79
42 43
0 38
0 48
0 30
0 69
0 72
0 43
0 85
0 5
0 13
0 86
0 76
0 28
0 42
0 79
0 67
0 54
0 8
68 95
0 77
0 62
0 39
0 93
19 95
62 95
37 95
45 95
0 56
0 40
0 3
0 25
0 55
0 23
35 95
0 32
0 80
0 2
0 44
65 95
64 95
0 26
0 52
0 90
0 31
0 9
29 95
0 57
