5
67
38
7
15
18
100
0 77
0 49
0 60
0 37
0 31
0 25
0 16
0 86
0 42
12 94
45 94
62 94
0 54
78 94
78 13
51 94
41 94
11 94
48 94
59 87
33 23
14 23
48 39
73 94
59 94
27 94
14 94
0 78
0 47
22 81
84 93
54 81
46 34
81 94
32 94
17 43
43 94
35 94
22 94
66 94
64 94
0 57
0 79
0 51
0 45
0 85
0 1
17 62
0 19
0 64
0 68
0 69
5 94
89 94
0 36
0 70
0 93
0 55
0 92
0 17
0 74
0 35
0 28
0 81
0 90
61 94
63 94
0 14
0 50
39 87
87 94
9 94
60 72
6 72
0 66
65 94
37 72
0 71
0 3
0 22
0 94
0 75
0 12
0 73
0 82
0 48
0 89
0 46
0 24
0 65
0 23
0 88
0 56
72 94
50 94
0 41
0 84
92 94
0 87
0 63
