5
57
52
32
26
23
100
0 24
0 69
0 3
0 11
0 40
0 59
0 95
19 99
27 3
27 2
48 98
31 87
62 3
0 27
0 73
0 37
14 86
7 43
14 81
14 64
39 98
0 7
0 41
0 79
98 99
0 36
0 71
0 19
0 76
0 67
0 72
36 99
53 99
90 76
0 82
0 87
83 99
0 38
0 94
0 18
0 88
0 97
0 33
0 15
0 78
0 98
61 75
75 99
0 61
0 66
21 99
0 21
0 50
58 50
0 56
0 62
0 31
0 64
44 73
0 44
0 48
0 81
0 93
0 80
73 50
51 20
0 51
0 96
13 50
0 30
0 74
0 20
0 89
0 91
0 68
0 85
77 41
0 77
0 34
47 75
50 99
76 99
63 99
70 99
20 99
29 99
87 99
51 99
89 99
61 90
0 47
82 99
0 99
0 10
0 2
0 65
0 75
0 53
0 83
0 84
