5
26
52
33
86
84
100
27 32
0 14
0 54
0 94
95 42
68 58
27 19
71 1
23 17
0 56
0 82
0 46
0 89
32 96
0 30
0 36
0 61
31 96
48 96
0 63
0 53
0 11
0 24
0 67
0 34
3 96
24 96
8 96
88 44
50 96
72 96
58 96
35 96
54 96
78 96
66 96
61 96
88 13
88 67
82 66
31 70
88 6
20 10
88 15
88 34
66 70
89 54
88 55
88 31
88 95
88 48
37 65
92 37
19 81
36 37
82 65
24 44
88 81
24 46
88 91
88 92
4 81
24 1
78 30
5 65
25 64
88 74
88 24
41 70
88 78
88 82
88 21
88 94
77 63
43 74
43 73
43 53
91 63
28 58
43 77
2 44
43 5
43 2
43 81
43 31
43 67
43 19
43 24
56 71
51 63
43 56
43 28
51 37
43 16
43 54
27 39
8 51
8 11
74 14
64 63
