5
75
60
37
51
38
100
0 7
98 99
94 99
78 84
19 25
91 99
54 63
0 4
0 5
0 2
46 47
0 1
0 3
0 6
0 8
92 99
96 99
90 99
9 16
10 12
18 26
95 99
93 99
76 82
31 39
12 16
54 62
90 97
56 64
47 52
71 79
85 89
48 53
59 63
9 3
19 24
53 62
63 67
64 69
49 57
55 61
59 64
17 25
46 49
19 23
28 31
11 19
11 20
32 39
64 72
67 76
45 44
18 25
10 19
46 45
41 46
41 43
42 46
41 45
63 66
52 57
9 13
49 56
49 55
68 74
41 47
61 66
14 23
9 10
30 33
28 35
25 33
55 63
67 74
70 78
34 40
33 42
9 11
15 14
31 33
34 43
20 22
14 20
66 72
41 48
65 67
26 32
32 36
40 48
45 52
40 44
15 8
54 56
36 40
36 45
30 35
88 97
81 82
91 93
72 80
