5
84
94
83
46
76
100
93 99
25 99
0 68
0 82
40 99
28 99
2 99
0 99
0 13
0 78
0 64
0 31
0 2
0 88
0 65
0 30
0 61
57 99
66 99
55 99
78 99
59 99
39 99
86 99
47 99
7 99
74 13
4 99
89 99
26 99
0 27
0 74
0 15
60 99
0 29
30 99
0 28
50 99
0 18
0 25
0 77
0 23
0 51
93 77
0 93
0 22
0 69
0 10
0 85
0 43
72 99
16 87
0 63
0 16
0 9
0 97
0 57
0 92
0 56
0 35
0 6
0 71
0 52
0 48
0 7
91 99
0 3
0 44
0 55
0 36
0 41
73 99
0 34
0 67
87 99
0 54
0 80
0 21
0 62
0 14
0 1
0 98
74 99
0 59
0 50
0 90
36 99
0 95
92 99
0 11
20 99
70 99
0 86
0 47
0 12
0 40
0 37
85 99
0 53
96 38
