5
88
58
81
78
59
100
50 99
0 49
65 99
56 99
57 99
50 93
83 99
90 99
86 99
82 99
77 99
76 99
79 99
94 99
80 99
50 69
50 95
54 99
55 99
85 99
50 79
51 99
50 71
74 99
50 82
89 99
72 99
92 99
50 61
70 99
73 99
68 99
62 99
61 99
91 99
50 80
67 99
98 99
52 99
75 99
50 56
50 85
63 80
82 93
50 73
67 80
89 93
50 65
64 77
50 83
60 77
50 66
50 63
92 86
50 91
50 67
97 77
50 86
50 72
80 93
54 93
50 64
92 82
50 60
50 94
50 76
50 53
50 62
50 74
50 92
50 97
50 75
90 77
51 96
98 93
68 56
90 96
90 70
82 77
90 86
50 84
90 83
94 96
50 68
98 72
69 93
73 77
90 61
98 84
56 93
77 93
83 93
98 71
79 93
86 93
98 74
70 93
0 1
50 51
61 93
