5
36
50
20
33
10
100
0 99
57 99
67 99
72 99
0 82
0 22
3 99
88 35
0 24
0 2
61 99
37 99
35 99
0 77
0 27
92 99
0 15
0 87
0 47
0 41
0 44
0 79
0 68
0 8
69 99
74 99
0 92
0 85
0 72
0 12
22 99
0 51
0 42
0 29
0 66
0 93
0 53
0 55
0 18
0 46
0 14
43 99
0 17
0 11
0 84
24 99
0 57
0 95
0 65
0 94
0 64
0 5
0 62
0 39
0 86
0 23
0 4
12 99
0 28
0 96
44 99
0 63
0 67
0 83
34 99
0 13
0 6
0 60
0 19
77 99
0 32
0 75
95 99
0 1
0 88
49 99
0 30
0 35
0 98
42 99
75 99
0 97
0 45
26 99
83 99
0 74
45 99
0 34
0 90
0 71
0 59
0 3
0 76
0 52
0 48
0 56
0 43
53 99
98 99
0 9
