5
1
12
73
26
87
83
71 72
64 66
53 54
84 86
88 90
36 38
93 95
92 94
19 21
18 20
34 35
53 55
2 4
7 8
31 33
41 43
50 52
49 51
54 56
61 63
97 99
59 60
18 19
40 42
9 11
8 10
30 32
77 79
76 78
21 23
21 22
64 65
34 36
23 25
91 93
22 24
65 67
94 96
95 96
27 29
16 17
15 17
59 61
66 68
37 38
89 91
40 41
28 30
57 58
68 70
32 33
56 58
29 31
14 16
55 57
83 85
62 63
5 7
3 4
35 37
6 8
5 6
46 48
45 47
44 46
80 82
81 83
67 69
13 15
44 45
74 75
90 92
69 70
97 98
60 62
78 80
76 77
47 49
48 50
42 43
79 81
82 84
51 52
