5
40
87
80
30
59
100
0 32
0 16
98 99
0 54
83 99
85 99
97 88
0 10
0 43
0 29
0 6
0 63
55 88
0 64
46 51
74 16
74 91
74 46
74 49
90 29
41 48
10 42
33 7
90 64
74 43
74 68
90 41
90 23
28 63
90 6
2 39
81 88
20 16
82 7
79 52
47 8
28 19
90 28
39 42
7 88
19 51
42 88
22 60
19 82
86 98
3 88
63 88
52 16
22 16
19 1
5 18
2 66
14 48
76 48
4 53
39 7
31 53
73 48
16 48
60 48
22 97
61 48
72 36
5 64
51 17
71 3
14 68
39 36
19 86
52 29
19 72
97 48
39 95
19 47
22 84
56 32
3 48
25 13
44 48
27 38
15 13
52 85
22 45
57 69
22 56
39 24
32 93
19 39
19 22
68 10
68 64
51 10
14 45
32 17
21 14
36 38
93 68
10 48
18 48
21 58
