5
44
35
50
52
37
100
76 93
0 48
30 93
0 32
0 90
10 34
22 34
58 80
0 46
0 10
0 79
5 68
68 34
34 93
89 93
31 29
29 93
47 93
41 31
10 83
83 93
41 59
13 93
55 93
5 90
17 72
41 4
90 93
6 93
80 93
54 93
61 93
8 93
40 68
67 93
5 93
2 93
34 11
11 93
20 15
15 93
40 93
36 93
88 93
77 93
84 93
73 93
60 93
39 93
71 93
92 1
0 41
0 76
43 93
0 45
0 72
0 30
0 78
0 57
0 69
0 68
82 59
0 82
0 53
0 16
0 65
0 93
81 93
1 93
78 93
0 83
0 6
12 93
3 93
0 14
61 89
15 33
33 93
0 54
0 20
32 85
0 88
0 22
0 8
0 59
0 7
0 71
0 26
0 51
0 39
0 86
0 19
0 5
0 24
36 85
0 36
0 1
0 92
0 70
0 18
