5
56
50
14
60
26
100
55 99
0 31
0 41
0 70
0 68
0 5
0 4
0 46
0 87
0 45
11 99
0 13
0 48
0 63
0 7
0 85
44 99
0 39
0 73
75 99
0 97
0 80
0 19
0 6
0 79
0 9
49 99
0 54
0 84
0 59
35 99
0 22
4 99
7 99
86 99
0 43
0 72
0 92
33 29
33 49
33 70
93 99
94 99
9 99
80 99
77 99
70 99
33 74
87 99
42 99
33 5
88 99
92 99
78 99
64 99
31 99
74 99
32 99
10 99
38 99
59 99
67 99
45 99
37 99
33 21
30 99
12 99
33 25
69 97
9 97
25 40
33 84
33 47
33 43
33 92
23 83
59 97
36 10
1 76
79 83
30 40
33 2
63 93
36 63
91 97
55 83
79 32
92 25
54 85
33 3
29 22
52 93
36 82
70 44
2 87
45 57
48 64
48 20
36 66
33 54
