5
75
79
20
48
45
100
0 30
0 34
4 99
0 96
0 87
0 17
89 99
0 70
0 26
0 94
0 10
0 68
0 82
0 4
0 99
0 63
0 57
83 99
0 27
87 99
0 22
0 92
0 42
0 55
0 8
0 12
0 86
0 32
0 1
0 25
0 50
0 74
0 40
0 73
10 99
0 81
0 64
0 33
73 99
34 99
0 62
0 78
24 99
0 69
0 41
0 72
0 61
0 19
0 46
0 5
0 31
0 18
39 99
59 99
6 99
25 99
53 99
0 36
5 99
96 99
0 56
0 51
0 77
51 99
0 89
42 99
0 95
43 99
0 35
0 39
0 80
0 59
21 99
55 99
0 37
0 91
0 28
0 54
0 21
0 7
0 58
0 43
0 24
0 3
0 71
0 60
0 49
0 83
0 44
0 65
0 15
0 52
0 85
0 84
0 11
22 99
0 67
0 97
0 66
0 29
