5
1
97
42
25
96
84
0 99
41 91
38 33
46 98
37 64
74 4
3 4
30 71
35 16
59 80
43 4
91 24
68 69
31 53
33 32
31 32
52 81
48 14
54 55
35 34
35 58
70 4
31 93
68 67
29 52
28 27
8 7
10 11
47 46
5 4
66 67
33 13
87 13
80 5
11 6
94 93
65 49
91 90
91 51
64 91
49 50
59 87
61 91
61 60
49 17
48 67
91 58
49 48
2 87
3 57
2 10
54 53
16 17
13 12
89 88
15 14
80 81
24 23
56 57
73 53
57 86
55 56
75 51
80 90
69 71
72 78
69 80
26 84
73 74
60 59
53 84
52 51
19 20
27 26
75 20
56 89
21 23
22 23
9 21
75 76
83 88
86 87
12 82
82 84
