5
34
48
84
83
15
100
0 44
0 63
64 88
0 6
35 88
74 88
30 88
0 23
3 88
0 64
0 85
0 2
0 35
0 26
0 46
40 88
0 10
0 41
0 40
0 3
0 76
0 79
0 60
0 52
0 65
87 88
0 8
16 88
53 88
0 56
0 16
0 49
0 43
75 88
0 5
0 81
0 20
0 62
23 88
28 88
77 88
10 88
76 88
50 46
42 88
2 88
6 88
67 88
66 88
27 88
50 88
46 88
17 88
18 88
80 88
54 88
86 88
59 88
55 88
14 88
31 88
68 88
79 88
39 88
8 36
25 36
29 23
24 47
77 36
32 36
63 36
26 36
57 41
74 36
1 41
24 50
73 36
29 61
1 36
24 21
33 12
25 44
9 18
35 10
2 29
24 85
52 36
9 86
78 67
19 86
33 51
75 57
24 25
24 2
10 36
85 36
29 14
8 44
86 36
49 36
