5
80
83
1
77
56
100
0 92
91 92
73 92
34 92
4 16
0 4
0 35
0 6
0 37
0 23
6 66
0 59
0 68
0 73
0 84
71 92
5 38
20 60
0 20
0 62
0 67
0 41
0 22
0 75
0 13
0 71
0 5
0 8
0 82
0 69
66 92
60 92
0 28
0 42
0 7
0 72
0 64
0 33
46 92
26 92
67 28
0 65
0 48
0 29
0 51
0 24
0 11
0 3
12 92
0 9
0 81
0 43
0 2
0 58
0 79
0 45
0 40
0 32
0 60
0 17
0 78
0 36
0 87
0 52
0 44
0 27
0 30
0 63
0 76
0 86
0 46
0 34
70 92
0 31
0 90
0 15
0 53
0 61
0 38
0 49
0 88
0 19
18 92
0 85
0 50
28 92
0 16
0 57
0 14
0 91
0 74
41 92
0 89
0 21
0 12
0 10
11 92
0 26
0 47
0 66
