5
4
42
66
65
23
100
0 89
2 56
35 56
67 56
78 56
31 38
87 38
43 52
57 38
0 80
0 28
0 25
0 86
52 48
0 82
0 73
0 27
0 40
0 35
0 85
78 58
78 20
78 57
48 38
75 38
74 77
6 53
9 46
53 38
77 38
20 38
19 43
31 85
10 85
78 1
40 81
31 16
78 31
78 55
78 40
78 47
83 6
11 85
15 24
60 33
71 85
60 19
83 27
83 60
28 69
7 86
83 28
83 11
83 35
83 12
83 32
47 76
84 86
63 68
47 62
63 49
63 26
86 76
86 24
48 36
48 5
74 36
8 67
50 52
74 41
81 9
44 35
8 73
44 49
48 8
72 9
49 69
86 61
49 1
44 50
6 36
69 85
45 35
39 22
49 18
36 85
77 85
48 44
10 71
48 74
81 49
86 74
33 85
1 85
43 71
3 60
48 86
81 8
81 37
81 28
