5
41
29
39
71
43
100
0 99
25 99
86 99
0 14
0 23
0 18
0 69
0 37
80 99
76 99
64 99
22 99
0 42
0 5
0 89
0 79
0 58
0 63
0 65
0 25
3 99
21 99
93 99
0 35
0 33
0 16
0 27
0 53
61 99
0 31
0 98
2 99
0 83
0 93
66 99
0 7
0 61
0 2
0 50
0 60
0 15
0 92
0 49
0 59
79 99
0 67
0 78
0 24
0 68
60 99
11 99
54 99
0 13
92 99
0 72
0 74
0 96
0 55
0 62
34 99
83 99
0 12
0 73
53 99
0 28
0 86
0 22
82 99
0 8
0 6
5 99
0 46
62 99
20 99
42 99
58 99
32 99
0 75
10 99
0 81
85 99
0 56
0 88
0 64
0 34
75 99
0 47
0 21
0 30
0 90
0 9
0 95
0 40
0 52
0 80
0 84
0 51
0 4
0 38
0 36
