5
4
1
5
98
97
100
95 99
0 2
3 55
96 99
70 94
79 94
3 30
83 91
6 55
31 11
55 59
65 72
55 95
72 87
55 70
85 87
55 96
69 94
89 87
55 62
81 61
68 94
61 94
84 94
91 94
57 78
55 85
64 86
82 89
86 94
74 78
33 21
11 55
3 33
55 83
55 73
55 88
9 33
3 16
9 6
3 35
26 49
54 10
55 75
52 10
75 94
72 94
81 56
41 16
48 46
55 81
46 55
55 94
78 94
88 94
83 76
14 19
35 51
64 74
61 68
89 94
55 77
3 54
55 61
55 64
55 58
55 78
55 68
56 94
71 77
55 72
66 94
76 94
74 94
77 94
55 92
55 71
87 94
55 67
55 57
55 66
69 75
55 93
55 69
55 56
60 94
63 94
81 94
55 80
91 92
62 94
90 94
92 94
55 87
55 82
55 76
41 19
28 21
48 28
63 95
