5
42
76
68
16
52
100
0 18
49 99
0 23
0 33
0 13
0 8
0 43
77 99
79 99
5 99
0 54
0 46
0 28
0 10
0 50
0 25
0 98
0 39
0 95
0 21
0 2
66 99
0 64
0 6
92 99
14 99
0 97
44 99
0 47
0 86
0 69
35 99
81 99
0 58
0 80
7 99
0 67
0 73
0 56
0 5
0 7
0 99
0 89
0 65
0 38
0 17
0 85
0 71
0 66
0 78
0 94
0 36
0 83
0 90
0 4
0 60
0 81
0 82
0 24
3 99
94 99
0 59
9 99
6 99
0 37
0 45
0 29
0 74
0 15
0 35
0 20
0 49
0 62
0 31
0 92
0 3
59 99
0 40
96 99
70 99
0 51
0 77
0 22
0 55
0 26
23 99
82 99
95 99
93 99
53 99
38 99
85 99
63 99
51 99
12 99
0 72
0 87
0 61
28 99
4 99
