5
56
3
13
33
21
100
0 49
44 59
0 40
0 26
0 2
8 59
4 59
49 59
5 59
0 50
0 34
0 44
0 16
9 59
0 28
0 32
0 6
0 59
0 47
0 29
0 37
0 22
0 14
0 27
0 36
0 45
0 5
0 54
0 38
0 58
0 15
0 31
0 51
40 59
41 59
26 59
0 48
52 59
0 46
0 4
28 59
0 30
0 12
0 17
0 18
37 59
0 9
0 43
0 7
16 59
57 59
48 59
55 59
6 59
45 59
30 59
0 39
0 8
0 23
0 35
0 55
0 41
0 19
0 42
0 24
0 52
20 23
20 6
7 59
20 50
42 59
2 59
11 59
10 59
34 59
39 59
20 12
15 59
20 34
20 19
14 58
20 14
29 59
36 59
43 59
23 59
51 59
20 27
32 59
20 26
53 59
31 59
17 59
38 59
22 59
27 59
35 59
54 59
19 59
47 59
