5
23
24
98
19
75
100
0 99
0 60
0 15
0 44
0 79
62 99
55 30
55 5
0 55
0 35
0 33
0 25
0 29
90 99
0 20
0 6
0 42
0 82
0 96
0 67
0 17
81 99
0 83
0 51
0 48
0 74
0 37
0 87
0 22
0 94
0 2
0 53
32 99
34 99
25 99
14 99
37 99
22 99
67 99
66 99
46 99
36 68
1 99
0 36
0 54
0 70
0 92
0 45
0 49
0 76
0 80
0 46
0 88
0 93
0 12
0 89
44 39
0 7
0 72
0 1
0 3
0 52
0 21
0 28
0 47
0 31
0 68
0 16
0 27
0 78
0 77
0 11
0 61
79 99
58 99
0 40
0 59
89 99
0 5
0 4
0 18
0 41
0 13
0 58
0 95
70 99
66 53
0 66
0 90
0 56
0 97
0 34
0 38
0 81
0 50
0 91
0 85
0 9
0 86
0 8
