5
23
25
13
14
11
100
0 29
73 7
0 73
0 62
0 36
0 16
0 12
0 18
0 22
0 79
0 10
71 84
0 40
0 35
0 34
0 24
0 80
17 84
0 53
0 8
0 56
0 59
0 55
0 33
0 64
0 42
0 51
0 4
43 84
74 59
48 84
31 84
1 84
15 84
21 84
61 84
83 84
60 84
36 84
75 84
24 84
68 84
20 84
64 84
63 84
33 84
50 84
76 84
80 84
74 4
56 84
79 84
3 84
28 84
72 84
55 84
50 29
54 84
27 84
22 84
6 84
19 84
69 84
44 84
78 84
41 84
51 65
56 4
33 65
74 24
40 65
74 43
72 4
74 50
28 71
74 77
12 65
74 44
4 65
18 65
74 62
49 3
39 26
74 61
37 71
56 7
52 65
74 39
74 56
74 15
74 34
18 5
74 37
74 51
71 65
3 65
74 53
74 64
51 31
73 64
