5
29
46
39
36
53
100
32 33
42 47
54 60
42 43
59 60
0 1
0 2
48 51
0 5
51 54
44 49
12 30
10 13
0 7
47 50
0 6
32 40
38 44
35 40
0 3
49 56
56 58
55 57
0 4
5 1
57 58
47 43
33 38
9 13
10 14
4 1
3 1
5 2
3 2
13 30
18 30
24 28
4 2
23 27
25 26
22 26
25 27
24 27
23 26
24 26
25 28
8 6
28 30
28 27
1 27
27 30
5 6
10 6
4 7
9 6
7 6
3 6
8 4
5 4
7 3
8 5
2 28
7 5
8 9
8 12
7 9
11 9
8 10
11 10
7 10
11 12
13 12
14 12
15 12
8 11
11 14
11 15
13 16
13 17
13 15
14 16
15 16
14 17
14 18
15 17
15 18
12 9
19 16
19 20
19 17
19 18
19 21
19 22
23 20
23 21
23 24
23 22
25 21
25 22
24 20
