5
41
58
28
33
45
100
0 87
0 48
0 15
0 62
0 70
0 18
0 73
0 50
0 4
0 88
0 35
0 74
0 89
0 21
0 36
0 1
7 93
90 93
80 91
47 93
48 93
42 93
89 93
70 93
78 93
4 93
3 93
20 93
6 93
29 93
5 93
53 93
68 93
19 82
37 7
39 43
90 7
80 59
80 31
75 62
7 43
80 17
75 34
80 75
21 56
80 40
12 54
50 70
71 68
70 43
63 65
80 71
63 72
24 57
13 86
1 49
82 43
80 1
80 49
80 90
62 6
62 89
59 25
6 24
80 62
80 6
27 43
35 51
80 70
10 6
88 43
51 25
80 77
80 56
10 24
25 43
10 34
2 85
10 63
10 55
10 51
59 66
81 43
62 56
10 62
2 29
53 55
14 55
61 72
77 50
90 68
61 82
34 19
54 74
69 55
68 43
42 19
92 15
44 66
10 37
