5
57
80
17
33
65
100
0 70
0 34
32 91
38 67
36 91
8 86
34 41
87 41
58 78
41 91
25 26
72 40
0 19
0 40
0 63
0 20
0 73
0 49
0 37
0 88
0 89
0 46
32 40
0 56
0 72
18 91
0 4
26 11
0 9
0 11
0 47
0 31
0 91
0 13
2 74
67 11
67 36
0 2
64 91
58 13
0 90
0 27
0 62
0 22
0 35
0 44
0 71
0 79
0 42
50 18
0 50
0 23
9 53
63 13
9 89
0 54
0 86
28 6
11 40
0 81
0 32
76 6
0 85
0 28
0 69
0 53
0 48
0 67
0 5
84 8
0 84
76 28
79 21
0 76
0 87
0 45
38 7
0 38
13 40
0 8
43 56
10 56
43 40
10 6
56 6
0 43
0 55
0 21
0 39
18 63
54 6
66 53
0 12
0 26
0 75
63 40
0 61
0 83
0 3
0 60
