5
1
98
79
95
48
86
0 99
90 92
5 7
77 78
5 6
49 51
35 37
73 75
42 44
42 43
52 54
80 82
56 58
34 36
34 35
70 72
73 74
26 28
71 72
25 27
67 69
57 59
62 64
58 60
61 63
81 83
55 57
31 33
32 33
40 41
39 41
66 68
63 65
84 86
30 32
89 91
83 85
9 11
9 10
12 14
13 15
88 90
92 94
19 21
18 20
20 22
25 26
10 12
17 19
70 71
38 40
68 69
37 39
45 47
44 46
14 16
17 18
82 84
15 16
54 56
85 87
88 89
6 8
7 8
29 31
28 30
51 53
74 76
21 23
86 87
66 67
64 65
22 24
23 24
75 76
50 52
91 93
60 62
2 4
3 4
59 61
27 29
53 55
11 13
36 38
43 45
