5
51
14
45
44
23
100
0 40
0 74
0 34
0 16
0 94
0 62
0 41
0 37
0 71
0 59
0 83
0 75
0 79
0 86
0 17
0 84
0 6
0 11
0 39
0 98
0 67
0 60
0 89
97 99
0 69
0 50
0 9
0 93
0 22
0 25
0 1
0 19
0 35
0 12
0 85
0 72
0 97
0 8
0 43
0 29
0 27
0 54
0 30
0 82
0 64
0 88
0 58
0 28
0 32
0 70
0 68
0 47
0 95
0 63
0 73
0 48
3 99
0 38
0 36
0 56
0 65
0 90
0 55
0 77
41 99
0 78
0 5
0 42
0 26
0 66
0 13
0 49
0 15
0 81
0 57
0 61
0 53
0 46
0 31
0 96
0 33
0 20
0 91
0 87
0 3
0 21
0 92
0 80
0 4
0 10
35 99
76 99
64 99
75 99
39 99
90 99
20 99
13 99
98 99
25 99
