5
54
28
60
58
75
100
0 4
70 33
87 89
19 89
0 78
64 89
0 79
0 18
0 6
0 43
27 89
0 86
0 71
1 89
0 24
0 63
0 88
0 40
0 66
0 61
86 89
81 89
43 89
0 21
0 50
0 37
0 22
0 7
40 89
70 89
59 89
44 89
86 64
62 89
16 89
35 89
32 89
71 89
52 66
66 39
71 15
50 39
52 39
43 44
6 23
12 62
25 35
13 12
13 65
82 5
22 77
24 17
87 24
62 39
44 39
35 39
15 39
36 39
66 73
55 39
82 38
11 39
7 73
13 87
11 73
43 38
6 22
84 39
36 38
82 45
38 39
26 56
3 39
10 68
1 8
2 69
82 56
64 85
57 39
13 88
69 56
13 82
13 6
70 3
13 10
13 42
85 56
13 34
13 44
13 67
68 39
56 39
56 73
55 77
50 73
13 9
27 55
13 55
53 48
14 62
