5
54
65
90
27
85
100
0 48
0 46
0 74
59 63
0 59
0 62
16 95
0 88
0 91
17 95
0 42
0 71
83 95
26 95
81 95
0 41
40 95
2 95
60 68
0 60
0 33
7 95
87 79
0 87
0 31
0 78
0 84
0 79
0 92
70 95
0 23
0 7
0 57
33 95
0 9
71 95
0 8
0 86
0 52
0 80
0 21
0 1
0 36
63 95
2 5
31 79
83 9
0 30
25 95
0 11
0 22
0 5
0 93
0 2
0 67
0 49
0 15
67 75
0 39
0 81
0 66
0 17
0 38
0 19
0 55
0 16
57 95
29 95
23 95
0 37
0 3
0 83
0 20
10 95
0 44
0 89
0 50
5 95
5 20
20 95
87 95
61 18
26 42
1 78
6 5
0 6
43 95
0 53
0 56
74 18
0 47
0 26
0 43
0 95
0 94
0 70
58 14
0 58
0 32
18 95
