5
66
53
26
61
38
100
0 41
0 20
0 34
0 16
60 99
0 32
0 28
0 31
0 27
0 43
0 25
0 37
68 99
0 19
0 18
0 29
0 14
0 23
0 5
0 10
0 8
0 13
0 17
0 7
0 4
65 99
0 2
0 11
0 1
0 3
0 9
73 99
86 99
6 39
64 99
84 99
90 99
81 99
58 99
82 99
79 99
89 99
93 99
88 99
80 99
62 99
6 50
76 99
78 99
75 99
67 99
97 99
83 99
87 99
94 99
85 99
92 99
95 99
98 99
91 99
7 49
84 72
30 43
49 72
28 72
44 72
35 64
6 13
43 72
6 10
6 16
35 48
7 48
6 4
6 33
6 17
50 72
6 35
12 51
42 86
6 30
6 42
18 48
15 60
6 15
6 25
6 7
34 48
6 29
21 57
6 12
21 60
6 8
6 18
6 34
6 3
6 21
6 2
6 32
19 60
