5
62
91
26
45
54
100
0 79
0 70
0 7
68 97
0 16
0 85
60 97
0 83
0 34
0 20
0 92
0 50
0 44
37 97
79 97
0 66
4 97
56 28
0 68
0 89
0 95
0 18
0 65
0 19
76 97
35 97
56 97
1 97
94 97
50 97
72 97
10 97
0 8
0 39
81 97
56 22
36 80
0 36
0 88
80 18
80 25
0 80
0 48
0 74
0 97
24 39
25 44
0 3
0 4
0 58
44 97
43 96
0 43
0 71
0 77
0 28
17 97
0 42
0 31
0 64
95 97
0 81
0 32
0 76
0 82
0 11
2 97
0 61
0 69
0 27
0 47
30 97
53 97
0 6
0 78
0 17
0 49
0 13
0 93
0 57
0 63
0 55
40 29
0 40
0 30
0 51
0 12
0 1
0 38
0 41
0 75
0 2
0 90
20 97
0 53
0 35
0 14
0 37
0 5
15 97
