5
46
5
20
91
21
100
6 99
0 36
0 30
0 75
8 44
14 99
62 99
41 99
39 99
0 33
0 77
0 49
0 73
0 63
30 36
45 93
30 3
85 93
8 79
64 29
78 8
78 73
78 49
78 40
75 96
75 36
29 93
30 98
75 92
56 93
78 30
78 63
29 61
29 59
68 64
33 96
61 93
59 93
96 89
36 96
3 96
61 35
64 61
36 3
36 92
63 98
78 75
95 40
35 93
33 77
33 76
12 83
33 63
89 93
23 19
49 77
7 19
48 44
48 40
32 86
48 8
32 94
87 60
40 54
79 57
53 86
76 71
95 71
53 94
53 41
80 51
49 63
49 73
84 40
33 73
33 75
7 28
33 36
49 30
49 36
54 23
22 80
87 58
87 44
95 48
71 40
66 17
60 23
65 28
77 95
35 83
51 65
4 81
75 77
73 63
73 77
30 77
75 73
28 83
23 86
