5
64
47
28
1
21
100
67 79
15 79
0 32
0 76
0 54
0 14
0 40
0 15
0 61
0 16
0 59
0 17
13 79
48 79
70 54
8 79
58 79
5 79
44 79
10 79
2 79
13 40
73 24
60 59
74 59
70 73
19 59
72 59
48 39
69 40
70 34
70 13
3 40
70 22
52 58
8 59
78 25
27 13
40 59
38 49
9 42
58 39
25 59
27 12
70 27
29 59
50 59
70 23
3 57
20 59
2 59
70 58
10 42
37 44
70 52
70 37
24 45
70 3
20 42
7 42
67 42
31 34
24 22
6 42
70 53
24 13
55 65
62 31
24 62
24 38
24 19
24 30
67 26
49 6
77 65
75 42
17 4
25 33
34 65
16 45
67 61
36 4
31 61
66 42
19 65
2 46
4 42
68 65
53 50
38 45
4 65
77 12
11 50
63 73
34 48
73 65
67 36
73 76
44 41
33 68
