5
93
57
7
34
30
100
0 9
0 46
79 99
11 99
0 8
0 35
49 99
0 33
26 99
0 17
0 43
19 99
62 99
0 28
0 44
0 25
0 95
0 97
0 29
0 52
0 5
0 81
0 85
0 69
82 99
22 99
0 19
0 65
0 53
69 99
0 1
0 80
0 62
0 23
0 83
0 89
19 13
0 6
0 64
0 12
0 37
0 18
0 42
58 99
63 99
0 32
0 71
13 99
64 99
56 99
0 54
0 98
0 77
75 99
68 99
23 99
0 49
0 86
0 36
90 99
50 99
88 99
46 99
0 47
0 76
6 99
77 99
53 99
0 73
0 84
0 59
1 99
0 21
0 48
72 99
0 88
0 45
0 66
0 96
0 58
0 3
0 87
0 27
0 56
0 40
0 60
0 82
0 50
0 15
0 91
0 72
89 99
27 99
13 12
41 59
66 99
87 99
83 99
36 99
47 99
