5
5
64
25
70
52
100
0 44
0 4
0 61
0 43
0 1
0 39
0 59
0 27
0 92
61 99
3 82
0 8
0 34
0 73
0 58
0 57
0 68
0 63
0 48
0 78
98 99
19 99
28 99
93 99
35 99
37 99
67 99
42 9
18 99
96 99
54 99
44 99
41 99
2 99
39 99
40 99
74 99
15 99
13 99
8 68
67 97
74 97
85 6
23 6
97 84
48 7
96 87
57 54
80 89
57 87
4 6
56 6
85 38
96 86
39 84
84 26
26 99
67 91
49 22
42 57
85 42
66 22
98 9
42 91
67 96
94 22
55 22
63 15
9 22
9 27
85 98
65 95
97 95
67 22
93 15
60 80
48 74
6 84
27 15
87 22
84 14
17 14
60 7
73 35
3 49
86 51
60 30
1 49
49 16
85 37
67 60
43 35
44 8
67 85
66 87
67 44
67 73
67 77
1 88
14 15
