5
92
94
27
6
33
100
53 96
0 39
0 36
0 14
0 55
0 28
77 96
89 96
57 96
0 95
0 76
0 67
0 85
0 90
0 62
38 14
38 71
58 96
43 96
24 96
0 38
29 96
0 82
0 91
20 96
0 35
0 73
0 48
0 53
0 74
0 30
0 88
0 15
0 81
0 18
0 41
90 41
1 96
37 96
42 61
95 96
81 96
39 96
12 96
0 42
0 49
0 45
0 8
64 96
44 88
44 95
58 32
0 44
0 12
36 79
0 87
0 63
0 23
0 61
0 68
0 77
0 50
0 26
0 7
0 86
0 64
0 22
0 89
0 17
64 95
0 83
0 1
75 96
15 96
69 96
47 96
74 96
70 96
16 76
0 16
0 20
77 34
0 71
0 96
0 72
0 24
43 24
0 43
0 54
0 56
0 4
0 37
0 13
0 58
0 5
34 96
0 75
0 46
0 51
0 25
