5
50
48
4
13
44
100
8 99
26 99
51 99
20 99
0 7
0 31
0 86
0 37
23 99
2 99
0 5
0 69
84 68
0 66
0 26
0 62
54 75
0 96
0 12
0 34
1 35
27 68
93 70
35 68
54 38
54 34
75 10
42 70
54 22
88 17
88 62
54 88
54 55
91 68
57 3
67 68
70 68
16 14
9 39
54 9
54 96
54 53
71 68
7 58
54 16
47 68
54 45
40 17
17 68
81 2
72 87
14 68
22 53
93 25
35 67
53 68
52 70
51 36
57 45
86 81
41 2
82 32
72 73
38 68
57 35
6 76
3 73
33 69
84 58
86 88
90 80
37 70
18 78
69 87
57 86
57 6
65 68
26 51
34 68
47 97
26 16
17 82
41 73
55 93
57 47
55 59
57 84
79 29
57 55
36 58
73 2
51 83
57 53
83 58
77 58
98 78
57 79
11 32
11 71
2 58
