5
80
53
95
9
79
100
0 99
0 30
0 72
52 99
0 76
0 12
92 99
82 6
0 90
0 24
0 70
44 99
8 83
0 8
0 82
0 66
0 20
0 34
0 19
0 49
6 99
78 99
36 99
10 45
0 10
0 85
0 61
0 89
0 56
0 33
37 89
45 99
48 34
0 48
0 93
64 99
69 99
0 3
0 38
0 83
0 26
0 69
0 21
0 52
0 16
0 81
0 57
0 40
0 58
0 27
0 46
0 43
0 23
0 88
0 86
0 77
50 37
0 50
0 6
0 25
22 6
0 22
0 45
91 16
34 99
90 99
58 99
0 91
98 99
24 99
0 98
96 99
0 29
0 41
0 1
37 99
82 99
23 99
67 99
0 71
0 92
0 17
0 74
0 97
0 62
0 35
41 99
0 59
0 5
0 39
0 84
0 42
0 94
0 37
0 13
0 44
16 99
26 99
0 18
0 2
