5
59
4
87
47
95
100
0 88
0 61
0 19
0 14
0 26
86 99
0 94
0 24
0 46
0 43
0 91
27 63
92 99
21 99
53 99
27 58
66 99
56 99
46 99
42 99
30 99
12 99
83 99
77 99
29 99
79 54
27 79
77 60
96 99
27 40
75 99
81 99
60 52
84 52
19 52
89 39
10 46
78 18
27 10
7 70
27 28
39 52
40 26
9 52
7 30
31 16
31 73
7 94
6 5
58 52
22 52
65 52
16 81
27 77
98 81
27 50
27 7
6 77
27 35
44 81
69 81
27 6
31 77
40 81
83 14
66 63
14 89
63 43
5 43
15 49
30 14
44 92
89 81
70 25
27 24
29 81
13 11
82 23
72 64
14 81
13 9
27 31
27 72
27 76
27 61
79 81
30 40
43 81
51 84
30 48
9 81
10 22
79 36
60 71
30 58
68 85
66 71
86 57
96 23
61 38
