5
51
38
28
36
20
100
50 53
14 49
0 17
0 2
0 22
7 49
0 40
0 44
0 14
0 11
41 49
0 30
9 49
0 37
0 26
0 8
0 7
0 34
0 10
0 16
0 27
0 29
0 19
22 49
0 31
0 33
0 18
0 6
16 49
0 48
0 21
0 49
6 49
42 49
33 49
27 49
8 49
31 49
0 32
0 12
0 13
0 5
2 49
4 49
18 11
0 35
0 42
40 49
1 49
11 49
0 43
0 41
0 9
0 1
0 25
39 49
0 24
0 39
25 49
23 13
0 46
0 47
0 4
0 23
44 49
0 15
0 45
13 49
23 12
18 49
47 49
15 49
3 31
17 32
3 49
3 17
7 5
3 5
10 49
3 7
3 42
3 40
3 23
35 6
3 27
48 49
34 49
3 35
3 41
3 43
3 47
25 6
19 49
19 43
26 49
24 49
3 6
2 43
24 32
39 5
