5
6
5
4
12
13
100
0 1
0 8
0 15
0 22
0 29
0 36
0 43
0 50
0 57
0 64
0 71
0 78
0 85
7 99
14 99
21 99
28 99
35 99
42 99
49 99
56 99
63 99
70 99
77 99
84 99
91 99
2 3
2 10
2 17
2 24
2 31
2 38
2 45
2 52
2 59
2 66
2 73
2 80
2 87
2 94
9 3
9 10
9 17
9 24
9 31
9 38
9 45
9 52
9 59
9 66
9 73
9 80
9 87
9 94
16 3
16 10
16 17
16 24
16 31
16 38
16 45
16 52
16 59
16 66
16 73
16 80
16 87
16 94
23 3
23 10
23 17
23 24
23 31
23 38
23 45
23 52
23 59
23 66
23 73
23 80
23 87
23 94
30 3
30 10
30 17
30 24
30 31
30 38
30 45
30 52
30 59
30 66
30 73
30 80
30 87
30 94
37 3
37 10
37 17
37 24
