5
43
32
20
23
38
100
0 70
0 65
0 47
0 49
0 57
0 26
0 46
0 66
0 17
0 11
0 58
0 53
0 22
0 9
0 21
0 54
0 60
0 7
0 48
61 70
0 25
0 14
0 28
0 61
0 68
0 3
0 8
0 37
0 62
0 67
0 40
0 34
0 1
14 70
34 70
55 35
63 70
22 70
49 70
21 70
51 70
55 42
44 70
55 64
55 28
26 70
55 70
55 69
64 70
45 70
55 3
18 70
3 70
15 70
57 70
54 70
46 36
13 70
48 70
29 70
11 70
50 70
30 8
55 46
2 35
24 70
53 70
4 70
1 70
66 70
8 70
40 70
69 70
59 70
10 70
2 70
60 70
37 70
47 70
6 46
41 30
55 21
42 60
6 3
25 30
62 37
55 2
55 47
45 42
55 51
55 7
1 60
55 6
5 30
46 30
55 34
55 13
60 30
65 8
45 47
