5
38
11
94
44
42
100
90 99
0 56
0 76
0 17
0 36
0 96
0 66
0 63
6 99
66 99
0 74
0 15
0 77
0 18
0 39
0 95
0 40
0 87
0 86
0 9
0 65
0 24
0 73
0 19
0 92
0 60
0 62
0 20
0 93
0 48
0 99
0 80
0 98
10 99
0 30
0 43
17 99
84 99
0 10
0 45
0 16
0 58
75 99
0 26
98 99
71 99
0 59
0 35
0 37
0 49
0 52
0 22
0 89
55 99
68 99
0 57
0 25
0 53
0 50
0 78
0 68
0 32
74 99
63 99
21 99
0 71
0 34
0 97
0 47
0 82
0 31
0 4
0 28
0 64
0 84
0 6
0 54
0 5
79 99
35 86
34 99
65 99
73 99
41 99
37 83
32 99
56 99
87 99
60 99
47 19
86 99
30 99
53 99
19 99
9 99
48 99
2 99
64 99
1 99
47 99
