5
19
97
11
15
9
100
0 72
0 22
49 99
0 8
0 40
0 95
0 74
0 88
0 54
0 32
0 18
0 51
0 5
0 94
0 23
0 13
0 49
0 29
33 99
43 77
83 43
83 46
67 99
28 99
27 99
48 99
94 99
36 99
62 99
1 99
84 99
51 99
71 99
58 99
54 99
56 99
25 99
83 5
17 99
8 99
86 99
47 99
53 99
68 89
47 24
83 68
83 70
95 99
47 76
37 99
21 99
47 75
83 47
75 99
89 99
16 99
92 99
44 99
34 99
87 99
83 23
26 28
83 2
6 28
83 29
85 49
78 55
85 65
67 89
28 55
5 55
85 64
89 55
1 64
6 47
26 55
40 55
81 20
60 55
67 1
6 17
85 81
14 82
45 59
83 67
86 45
7 55
83 26
83 91
83 6
83 85
30 82
53 55
64 55
89 82
25 96
47 55
79 91
38 16
34 16
