5
3
81
94
17
6
100
0 26
0 14
0 45
16 99
0 23
21 99
8 99
0 69
29 16
0 10
0 46
0 13
16 32
8 70
0 9
18 32
0 24
0 28
0 70
0 22
9 32
0 15
8 22
0 41
0 18
0 12
0 7
0 31
0 67
15 22
0 25
18 22
0 65
0 29
34 56
56 22
0 20
0 98
0 62
0 21
0 63
0 83
0 72
16 22
66 15
66 27
66 48
66 36
66 10
1 27
86 22
55 33
89 22
1 69
33 22
45 22
58 22
25 22
84 61
30 27
34 22
84 1
84 36
69 22
4 50
84 90
38 27
62 71
19 77
31 10
49 21
27 22
49 8
10 77
36 5
64 77
45 96
50 96
37 77
27 50
98 71
2 71
49 36
68 19
15 1
49 15
49 68
49 37
28 31
69 97
1 71
9 1
69 9
50 77
41 73
1 50
43 74
50 71
73 74
44 74
