5
16
35
20
55
25
100
0 76
0 80
0 15
0 60
50 95
0 93
0 42
0 67
0 10
68 95
0 53
0 12
11 95
0 57
0 7
0 28
65 95
0 71
0 9
0 82
0 91
0 68
62 95
40 37
52 95
28 95
89 95
13 95
79 95
53 95
88 95
73 31
37 95
66 95
73 53
61 95
45 95
38 95
77 95
93 95
37 33
81 58
73 40
81 18
51 74
27 13
8 77
39 9
69 51
82 13
64 69
7 9
73 37
73 76
73 34
73 83
46 9
74 9
85 17
48 87
17 9
73 89
73 80
75 57
75 51
41 9
62 78
77 49
73 64
62 63
45 90
87 9
5 9
49 9
1 51
77 9
43 40
66 70
40 9
13 9
26 23
3 42
89 34
15 9
73 75
60 26
77 24
70 9
51 42
63 9
56 23
80 9
73 81
73 45
90 9
71 72
74 72
19 24
23 9
73 77
