5
4
95
3
2
96
100
1 89
97 99
93 98
1 67
1 70
53 98
81 98
1 86
1 50
1 7
1 75
49 98
1 40
1 93
87 98
1 61
1 81
1 53
27 50
27 44
27 76
27 92
94 98
27 93
27 78
85 98
15 98
89 87
60 98
27 75
11 98
27 31
27 71
83 30
27 16
89 91
55 78
49 88
34 98
87 30
90 54
30 98
40 98
49 71
77 98
89 54
49 37
67 88
76 98
90 21
60 91
44 98
97 92
70 98
49 91
27 89
67 71
42 98
94 80
21 98
67 78
94 88
60 92
67 50
27 49
94 72
83 91
5 72
27 90
33 98
27 97
67 37
27 94
27 51
69 80
27 83
27 55
71 98
27 67
5 86
50 98
27 60
27 5
53 46
69 73
69 60
13 80
69 31
69 53
91 98
80 98
69 21
69 85
69 77
88 98
90 78
69 49
69 93
90 38
90 72
