5
29
96
49
58
2
100
0 99
75 99
0 91
70 99
23 99
0 8
0 20
0 45
0 66
0 4
0 92
0 65
0 3
0 19
0 74
0 54
0 87
0 57
86 84
86 4
86 37
86 39
76 99
79 99
86 62
10 99
15 46
63 99
91 99
98 99
86 71
86 44
15 54
13 23
72 23
15 68
10 41
62 41
75 32
88 28
94 76
22 54
17 32
51 38
64 44
17 85
16 46
7 12
47 8
16 91
11 67
15 11
51 39
13 8
13 97
88 23
13 6
48 38
75 7
15 35
13 64
47 75
15 13
15 51
79 69
70 41
73 60
12 54
60 76
17 83
20 95
54 41
15 47
15 17
76 41
16 37
28 41
15 20
16 30
15 80
15 30
52 41
10 76
23 41
16 47
16 10
16 28
16 92
98 95
8 41
22 41
98 4
27 43
59 43
19 43
98 33
98 97
98 48
50 93
98 71
