5
65
57
42
10
32
100
0 19
0 84
18 97
0 69
0 4
0 20
0 95
0 79
23 97
0 45
2 97
0 46
0 17
0 75
0 28
59 97
69 97
0 23
87 97
0 51
24 97
0 71
0 16
0 6
0 82
0 68
0 40
0 47
9 97
45 97
14 97
38 97
30 97
3 97
76 97
62 97
76 5
90 97
81 97
5 97
56 97
36 97
16 97
15 19
50 95
47 97
4 97
61 97
86 97
58 97
25 97
27 86
49 97
15 50
31 71
37 71
4 82
82 71
15 75
4 71
73 71
27 74
44 71
5 13
67 71
49 71
66 71
26 71
55 71
15 76
90 71
15 23
18 81
81 71
13 71
93 71
78 68
34 68
36 85
62 71
88 3
43 71
90 17
85 71
68 71
72 71
3 71
9 12
51 17
48 17
60 33
46 17
12 17
54 44
15 60
15 54
47 30
95 17
36 69
44 70
