5
35
72
26
79
53
100
70 99
83 54
90 20
7 55
95 15
95 88
47 66
62 58
19 54
40 48
14 55
86 94
83 11
80 46
55 13
49 66
19 15
73 33
19 56
54 33
1 33
66 13
5 19
62 37
87 69
4 27
50 69
46 33
92 39
95 17
92 37
39 33
12 17
54 36
36 39
28 76
64 51
81 20
63 57
43 77
88 10
64 58
40 21
31 74
93 76
9 15
34 88
34 2
20 57
7 1
51 15
15 76
93 57
11 61
81 34
65 1
90 42
98 1
4 89
40 3
41 65
64 50
96 89
42 88
78 49
47 21
78 44
29 30
30 77
75 38
52 61
81 8
86 82
43 45
78 98
11 90
95 74
12 41
12 7
47 88
28 96
77 22
43 12
38 94
61 59
82 27
12 82
59 51
61 94
5 81
25 98
82 62
62 87
82 28
97 60
66 46
61 46
55 29
32 18
49 91
