5
44
20
94
47
86
100
0 16
0 96
0 49
0 23
0 89
0 98
0 33
0 80
0 25
0 45
0 69
0 39
0 11
0 74
0 1
0 6
50 99
69 99
0 50
0 99
39 99
0 13
0 72
10 99
0 43
0 81
0 78
0 40
0 36
0 64
0 54
59 99
72 99
0 22
0 12
5 99
30 99
0 4
0 57
0 97
0 27
81 99
48 99
52 99
0 68
0 35
0 84
0 73
0 95
8 99
35 99
0 79
14 99
57 99
78 99
41 99
0 38
79 99
70 67
0 34
0 5
67 99
0 56
28 99
23 99
21 66
58 11
15 66
0 18
0 37
0 91
0 83
0 60
12 9
0 59
0 14
0 65
0 26
51 99
84 99
66 99
0 17
0 55
40 99
0 21
0 75
0 71
0 93
0 19
0 51
0 90
87 99
0 2
0 88
0 53
0 31
0 52
0 85
0 32
0 24
