5
21
87
80
74
45
100
0 52
62 99
0 72
0 20
0 18
0 60
0 85
0 36
0 49
0 84
22 99
0 81
0 27
83 99
0 64
0 43
0 19
0 86
0 97
0 56
0 62
0 94
76 99
18 99
55 99
0 2
92 99
0 8
0 35
0 31
0 40
0 46
0 51
0 54
78 99
31 35
66 35
0 30
96 48
0 59
0 82
7 35
0 83
35 99
91 99
75 8
0 5
0 99
0 33
0 93
88 54
84 98
51 99
0 88
0 3
0 1
0 63
0 48
0 13
0 95
67 99
90 50
48 66
0 90
0 66
91 77
0 91
0 34
52 99
0 12
0 14
0 25
0 78
0 28
0 41
0 29
0 44
0 57
0 10
94 2
0 22
0 16
0 32
0 96
0 70
98 73
82 99
0 98
0 50
0 26
0 39
38 99
0 61
0 92
0 11
0 65
0 89
2 99
3 99
54 99
