5
64
67
86
79
63
100
0 77
0 53
0 89
0 74
0 56
0 75
0 42
0 46
0 17
0 80
0 12
0 29
0 91
0 2
0 39
0 31
0 41
53 99
0 72
31 99
0 69
0 65
0 19
0 88
0 23
0 13
26 99
0 93
0 3
5 99
44 99
0 61
0 36
0 71
0 83
0 50
0 70
0 21
0 33
0 62
0 25
47 99
0 44
0 22
0 45
0 59
0 34
0 76
55 99
0 97
0 99
0 28
0 48
76 99
0 73
0 54
83 99
0 20
45 99
9 99
77 99
0 96
0 90
0 60
0 27
0 85
0 37
52 99
1 99
0 7
73 99
84 99
0 5
12 99
0 57
10 99
0 15
0 95
90 99
0 32
0 11
14 99
0 55
0 52
0 78
0 58
0 40
20 99
0 94
0 18
13 99
15 99
33 99
30 72
0 84
0 66
0 8
0 16
0 35
0 82
