5
16
33
17
8
96
100
0 99
0 57
41 99
0 95
0 67
57 99
0 98
0 61
0 75
0 31
0 38
60 99
0 11
0 23
82 99
0 80
0 28
42 99
0 70
0 83
31 99
0 43
0 22
0 18
0 84
0 79
0 25
0 81
2 99
0 36
0 40
45 99
23 99
22 99
0 35
39 99
81 99
11 99
0 59
0 53
0 15
0 82
29 99
0 66
0 1
0 47
0 37
0 58
0 60
0 55
0 42
56 99
0 76
0 3
0 51
0 65
0 45
0 13
0 69
0 73
0 9
0 52
0 41
0 6
93 99
0 72
44 99
49 99
68 57
58 89
84 99
37 99
86 99
14 99
94 99
86 68
66 99
86 49
79 99
35 99
77 99
92 99
52 99
86 59
55 99
80 99
53 99
74 99
65 99
18 99
97 99
58 99
86 54
86 94
86 11
19 99
85 99
98 99
30 99
28 99
