5
92
56
38
89
32
100
0 19
0 94
3 98
0 90
47 98
0 10
40 98
0 57
0 82
0 53
0 79
0 23
0 80
0 69
87 98
0 13
0 75
26 98
0 50
0 34
0 58
15 98
58 98
0 28
0 70
0 88
16 98
0 9
63 98
75 98
0 65
78 98
0 46
0 25
45 98
0 86
0 54
82 98
42 98
0 40
2 98
0 26
0 87
0 39
0 4
0 33
0 66
57 98
46 98
24 98
0 37
0 73
35 98
88 98
0 97
0 29
0 93
0 5
0 45
0 27
28 98
0 62
0 35
0 43
0 84
0 24
0 49
0 15
96 98
0 60
61 98
0 64
95 98
0 17
0 14
52 98
91 98
55 98
39 98
0 31
0 7
0 47
18 98
22 98
93 98
54 98
29 98
5 98
37 98
55 64
74 98
70 98
85 98
17 98
23 98
67 98
14 98
76 98
81 70
35 65
