5
25
20
90
75
16
100
0 1
0 36
35 99
0 39
27 99
0 51
36 99
0 72
0 26
0 15
0 23
45 99
0 49
0 29
0 85
0 92
51 99
0 12
0 71
0 59
33 99
15 99
0 68
0 79
0 61
0 63
0 41
0 44
0 9
0 65
29 99
77 99
64 99
0 69
32 99
0 7
0 99
10 99
98 99
0 17
0 62
0 86
0 11
0 28
79 99
46 99
7 99
50 99
39 99
0 76
0 24
92 99
24 99
73 99
0 48
0 43
0 27
0 34
0 81
0 50
28 99
57 99
47 99
0 77
40 99
42 99
71 99
22 99
38 99
21 99
0 93
56 99
0 89
0 78
0 5
0 82
0 56
0 80
0 70
61 99
54 99
0 57
0 19
0 60
0 91
0 95
0 18
0 38
97 99
0 4
65 99
0 31
76 99
0 67
0 94
0 40
0 87
89 99
0 88
0 21
