5
71
28
98
13
66
100
41 92
0 80
0 37
0 57
0 9
0 6
72 87
0 55
0 75
0 86
0 11
0 68
92 99
36 99
59 99
72 61
15 45
70 45
38 99
1 99
82 99
23 99
23 75
0 5
0 99
9 99
0 94
54 99
0 20
0 49
0 81
0 72
33 99
0 76
19 99
85 99
86 99
0 78
0 51
0 77
0 58
0 2
0 41
48 99
22 99
87 99
69 99
7 99
0 25
40 99
0 96
0 89
20 99
0 17
0 12
24 99
24 84
84 99
68 99
78 99
32 99
75 16
3 99
49 99
0 24
0 48
26 99
0 59
0 60
25 99
0 18
0 32
0 8
0 88
0 82
0 1
94 99
0 54
0 56
79 99
10 99
0 22
0 69
0 38
0 61
0 29
64 99
0 31
0 39
0 43
80 99
0 27
0 50
55 99
31 99
0 73
9 97
0 34
0 97
0 67
