5
37
14
42
59
63
100
63 59
57 51
0 13
0 4
0 6
0 24
0 12
0 46
0 74
0 49
0 66
0 16
0 67
0 1
0 20
0 9
0 48
51 74
52 16
0 52
0 58
57 74
20 74
33 16
0 33
0 10
51 48
6 8
0 64
0 73
0 28
0 27
0 70
0 22
0 32
0 38
0 56
0 30
73 74
25 74
0 72
0 65
0 15
0 34
0 45
0 62
0 51
18 74
0 43
0 69
0 55
0 31
0 23
0 5
0 18
0 29
0 17
0 40
39 74
0 60
0 47
66 74
0 19
0 44
0 61
0 3
0 50
0 71
0 54
0 25
0 8
0 7
0 39
0 57
0 11
34 74
0 35
0 2
0 21
0 26
0 36
0 68
0 41
53 1
3 72
32 74
9 74
49 74
24 74
43 74
53 3
50 74
53 19
64 74
62 74
53 46
41 74
12 74
58 74
71 74
