5
70
32
33
56
30
100
0 72
0 29
0 16
80 99
0 26
22 99
0 14
8 99
90 99
47 99
11 69
69 99
64 99
41 99
26 99
0 93
0 53
0 66
61 95
61 68
51 14
54 99
86 99
74 99
84 99
15 99
61 31
0 61
23 99
0 36
0 18
0 60
0 9
0 46
31 46
17 90
0 17
13 85
0 13
0 99
0 84
0 95
48 87
0 48
0 3
0 86
0 20
19 53
0 76
29 3
0 91
0 57
0 24
85 9
0 55
0 47
0 45
0 59
0 15
0 25
0 94
0 79
0 4
0 35
0 69
81 53
0 80
0 40
0 82
9 99
11 93
77 99
13 99
16 99
4 99
58 99
59 99
2 99
67 99
50 99
72 99
88 99
0 11
0 75
0 38
0 87
0 22
0 1
0 27
45 61
0 10
0 50
0 73
0 90
0 41
28 99
0 23
0 65
79 99
0 21
