5
67
54
48
83
7
100
0 43
82 89
70 89
71 44
10 58
72 44
42 37
64 59
69 73
37 44
45 65
57 65
49 82
41 73
21 85
46 85
57 85
32 85
27 64
86 45
12 30
42 71
6 25
17 46
25 63
66 63
68 60
76 19
35 53
13 10
76 17
88 42
72 27
34 10
6 24
9 63
30 45
39 78
4 63
72 80
87 29
19 68
29 24
88 61
27 39
27 34
11 38
11 66
76 77
16 37
88 27
88 35
88 76
72 6
72 31
11 75
81 41
27 40
27 21
35 6
87 51
15 23
16 52
26 78
16 87
16 15
77 69
2 19
69 80
57 80
2 5
39 21
39 2
66 37
66 22
14 71
86 23
14 8
66 15
69 5
69 37
55 33
14 57
69 55
49 40
4 19
49 57
8 80
23 19
66 14
80 19
28 78
79 78
30 34
62 26
23 46
20 25
46 34
30 9
20 9
