5
94
71
95
11
16
100
0 58
91 99
23 99
25 99
0 99
0 32
0 44
0 27
0 43
0 70
0 40
0 8
0 33
0 37
0 46
0 79
0 87
0 92
0 6
74 99
73 99
0 85
0 14
0 59
0 2
0 22
0 77
0 13
0 72
0 98
38 99
0 31
70 99
62 99
0 80
2 99
96 99
0 7
0 82
0 68
0 75
0 96
35 99
0 26
36 99
97 99
0 69
0 30
0 39
0 34
0 86
0 1
0 35
0 91
0 4
0 81
0 38
0 52
0 60
0 18
0 5
0 23
0 49
76 99
0 65
0 97
0 63
0 20
0 61
68 99
0 83
0 76
0 41
0 51
0 17
0 19
17 99
0 3
0 9
0 56
0 74
0 15
0 21
0 66
0 24
0 10
0 88
0 53
0 36
0 50
0 48
0 93
0 78
0 55
89 99
0 12
0 25
0 29
0 67
0 62
