5
58
41
39
82
28
100
0 52
0 71
0 45
0 73
0 35
0 10
11 93
0 34
0 38
0 7
0 18
0 6
27 93
0 31
0 37
0 57
0 60
0 47
0 69
0 11
0 3
0 65
43 93
53 93
19 93
32 93
80 93
48 45
36 93
48 6
48 36
48 91
17 93
48 53
48 29
48 11
46 93
86 93
13 93
48 78
9 50
37 93
9 93
55 93
54 93
88 93
45 93
75 93
65 93
54 5
20 93
18 93
6 93
92 12
25 12
74 12
27 12
48 54
24 12
52 20
46 5
48 89
48 60
46 62
17 12
46 77
16 88
16 52
92 20
20 12
91 12
61 78
34 12
54 12
16 84
60 12
14 12
85 27
13 40
62 12
65 12
8 12
16 67
27 66
69 43
67 66
85 92
48 13
7 43
59 25
89 43
6 66
62 66
43 66
36 5
92 66
15 37
48 69
9 10
72 38
