5
6
68
90
37
89
100
0 61
0 21
16 53
29 99
57 99
64 99
60 99
27 99
82 99
28 99
85 98
48 22
5 84
76 58
76 59
76 70
76 25
76 16
22 72
87 33
34 7
64 72
35 72
66 72
98 72
58 78
5 58
73 72
5 69
80 72
29 71
29 33
85 95
46 67
2 42
29 34
82 12
95 78
87 25
29 20
16 39
49 4
8 20
91 46
23 8
55 67
91 40
19 31
9 28
53 78
5 70
81 88
92 54
2 44
5 49
84 66
5 87
25 97
29 69
55 96
53 31
9 81
31 78
41 53
41 61
96 7
26 66
15 88
91 35
19 25
23 2
26 33
5 29
5 91
5 41
83 84
53 42
56 7
67 78
53 62
1 84
57 84
33 78
57 53
13 8
57 1
28 33
57 28
44 43
57 13
57 44
57 40
57 30
45 18
57 9
67 28
15 71
54 42
43 94
36 74
