5
43
68
19
63
17
100
0 80
0 21
0 31
3 99
0 7
34 99
0 89
0 57
0 36
0 13
6 99
0 40
11 99
2 99
0 60
0 5
0 88
0 59
0 61
12 99
0 62
0 33
0 46
0 70
0 45
0 94
0 10
0 54
0 51
0 3
0 41
10 99
0 65
0 81
0 86
58 99
0 28
0 72
0 73
97 99
0 55
0 6
0 58
0 85
0 93
0 83
0 39
0 1
0 56
46 99
0 30
0 42
0 75
52 99
0 27
0 97
0 47
93 99
56 99
95 99
0 98
0 67
0 12
72 99
64 99
0 34
96 99
23 99
0 11
0 99
0 53
0 35
0 25
0 69
42 99
69 99
92 99
13 99
0 18
0 66
54 99
36 99
0 71
0 37
31 99
5 99
0 38
0 95
0 16
0 4
41 99
0 9
0 52
0 87
15 99
80 99
71 99
37 99
28 99
90 99
