5
69
43
19
48
23
100
0 61
0 92
0 58
0 7
0 2
47 22
60 99
78 99
0 88
0 93
0 18
0 98
0 12
93 83
0 1
79 99
0 15
0 22
0 20
0 99
0 62
0 47
0 67
0 63
0 30
0 71
0 84
49 99
0 34
0 38
77 99
0 57
0 9
0 39
0 6
0 26
0 95
0 31
20 99
0 37
0 14
0 72
0 33
0 5
0 44
0 25
0 75
0 94
0 4
6 99
58 99
52 99
84 99
90 99
15 99
76 99
83 99
87 99
92 99
50 99
66 99
97 99
25 99
82 99
30 99
29 99
3 99
67 99
55 85
85 99
94 99
72 99
89 99
8 99
54 99
56 99
74 99
88 99
59 99
45 99
80 99
75 99
31 99
98 99
93 99
5 99
65 99
71 99
24 99
9 22
29 22
10 37
72 45
52 20
27 29
63 45
59 33
92 37
55 75
15 37
