5
18
50
84
89
66
100
0 32
0 74
0 71
0 13
0 48
20 39
8 99
95 99
88 99
0 4
0 99
0 58
0 60
46 99
86 99
64 99
0 85
0 52
0 94
0 40
43 87
43 8
16 60
0 43
0 87
0 73
0 95
0 82
0 27
0 39
0 55
0 59
87 60
0 9
0 83
0 35
0 41
0 21
0 65
0 34
0 11
0 19
0 77
68 99
0 68
0 56
10 99
60 99
23 99
49 65
0 63
0 75
0 54
0 26
0 62
13 99
78 92
0 86
0 81
98 56
0 8
0 64
28 25
54 52
0 79
0 70
29 67
0 90
0 37
0 69
0 93
25 7
0 25
0 2
57 11
0 57
0 92
67 56
56 99
5 85
85 99
27 99
0 49
12 99
0 12
0 53
0 42
0 76
0 24
0 1
0 3
0 29
0 14
0 17
0 28
37 99
48 99
0 36
0 16
0 51
