5
86
57
56
60
5
100
0 69
96 99
74 99
59 99
64 99
0 75
0 37
0 73
0 95
0 82
0 3
7 99
92 33
48 99
92 84
92 3
52 99
58 99
92 36
92 79
92 88
53 83
83 21
23 20
53 69
59 76
18 73
4 79
7 59
7 27
92 96
37 24
25 21
92 95
20 19
92 7
79 19
92 13
92 24
92 53
74 84
14 78
59 95
1 97
75 66
50 78
67 18
19 73
11 46
1 78
76 21
59 73
35 80
4 21
37 80
73 21
59 79
78 21
50 21
66 21
69 21
74 38
36 21
17 21
81 38
38 21
46 21
82 21
72 91
97 28
92 1
72 74
93 28
13 6
79 28
67 44
67 12
91 28
95 80
72 59
17 47
82 78
92 67
48 83
17 14
92 17
8 28
72 34
55 17
83 28
72 62
72 55
72 42
65 93
72 43
72 8
72 31
83 36
72 65
72 32
