5
7
37
36
89
3
91
82 64
0 22
28 57
5 12
85 57
70 57
33 57
16 12
10 49
34 12
6 10
75 12
45 76
26 84
98 82
56 82
55 84
79 84
44 91
72 46
69 93
63 47
93 46
59 47
94 85
92 46
85 46
15 58
1 22
1 63
1 4
1 2
1 5
26 71
21 29
29 32
63 80
67 97
94 52
96 49
77 92
56 74
20 80
19 39
31 22
96 34
45 15
65 81
78 95
15 21
55 14
86 18
13 28
35 27
24 13
31 45
6 33
8 33
48 62
63 62
88 59
8 5
8 11
13 5
72 73
40 53
22 50
11 17
95 83
48 88
13 53
30 53
92 50
38 2
4 30
19 6
48 29
69 6
18 14
25 15
42 67
55 70
56 76
41 48
56 40
44 42
40 42
56 35
87 50
72 98
21 98
