5
47
83
36
49
81
100
81 95
0 56
0 11
0 62
0 1
17 24
0 60
24 95
42 95
0 15
0 68
0 57
0 63
0 91
0 4
0 45
39 95
14 95
23 95
0 75
0 48
0 58
32 95
0 93
0 6
64 95
0 40
45 95
54 95
0 80
0 30
31 41
6 95
90 95
3 95
38 95
16 95
41 95
20 95
40 95
63 95
31 21
50 33
31 94
31 85
78 57
42 78
66 48
65 9
1 33
63 18
42 51
21 2
42 24
1 89
31 66
42 14
51 33
13 30
92 33
89 33
2 33
8 35
63 46
31 42
65 11
55 33
65 23
46 35
63 22
35 33
90 33
31 13
5 33
37 33
62 41
11 41
25 85
40 33
41 33
55 19
17 19
69 34
11 33
34 33
19 33
55 38
79 33
14 54
45 33
85 33
58 33
78 43
16 59
16 87
57 64
8 9
31 65
76 64
27 30
