5
81
50
13
28
84
100
65 99
0 63
0 12
0 41
0 30
0 99
45 99
80 99
0 39
0 83
0 67
0 8
31 99
0 89
0 33
58 99
46 99
0 32
0 68
0 17
38 99
0 62
0 3
48 99
0 65
0 76
0 77
0 22
0 69
0 37
0 16
0 43
0 14
0 42
0 70
89 99
0 35
0 73
0 44
0 7
0 75
1 99
67 99
55 99
41 99
64 99
36 85
0 48
0 56
0 29
0 96
0 26
0 36
0 74
0 98
0 66
0 27
0 6
0 10
0 45
0 93
0 91
0 23
0 57
0 2
0 82
0 72
0 58
9 99
0 21
0 46
0 1
0 11
0 19
0 34
95 99
0 31
0 90
0 40
0 71
0 78
0 64
0 54
0 47
0 25
3 99
0 49
69 99
0 88
54 99
0 92
0 86
44 99
0 79
0 52
0 18
63 99
0 94
92 99
87 99
