5
4
12
6
8
5
100
0 99
0 7
0 9
0 10
0 11
0 13
0 14
0 15
0 16
0 17
0 18
0 19
0 20
0 21
0 22
0 23
24 75
24 13
24 82
16 75
24 32
48 75
0 24
0 91
0 3
0 2
51 99
0 25
7 75
1 9
1 10
11 75
1 13
14 75
1 15
17 75
1 18
1 19
20 75
21 75
1 22
1 23
1 20
48 53
16 48
1 11
14 28
16 32
17 18
17 34
21 31
21 42
75 99
25 95
14 20
75 95
21 25
13 19
25 91
19 91
75 91
25 87
75 87
25 83
75 83
25 79
1 24
1 16
25 75
14 15
14 10
1 14
17 13
25 18
25 32
1 7
1 25
1 3
1 2
1 17
25 9
10 75
25 13
25 15
25 19
25 22
25 23
25 29
25 26
25 27
25 28
25 30
25 31
25 33
25 34
25 35
25 36
25 37
25 38
25 39
