5
55
33
76
70
71
100
53 18
92 5
0 92
34 95
62 95
85 16
0 85
0 20
0 52
0 7
0 72
66 67
18 95
66 95
56 95
0 56
0 10
10 95
0 39
0 16
0 25
0 31
0 6
0 82
89 95
21 82
0 21
0 95
0 77
0 53
7 95
0 22
0 40
0 38
31 95
11 95
32 53
0 32
83 95
28 95
23 95
0 47
0 17
1 95
40 95
0 35
0 13
0 14
0 51
0 87
0 79
0 5
5 95
59 95
49 6
0 49
0 26
0 19
0 58
60 95
0 29
0 68
0 24
0 36
0 61
0 75
44 95
13 95
6 95
72 95
61 95
17 95
0 91
35 95
0 78
0 86
90 95
0 42
0 11
0 93
41 95
0 18
0 37
0 81
0 89
0 65
26 95
0 28
0 66
0 74
0 45
0 43
0 90
0 9
91 95
0 30
0 67
0 1
0 88
32 95
