5
40
10
47
21
44
100
0 15
0 8
0 5
0 11
17 54
0 9
0 46
0 45
52 54
0 23
0 19
0 36
0 35
0 17
34 54
0 18
0 42
20 54
0 14
0 24
0 41
0 13
0 20
0 33
0 25
0 48
0 22
19 54
0 12
0 7
26 54
0 16
0 39
0 34
0 43
18 54
49 43
13 25
38 54
33 54
29 54
6 54
33 50
25 54
1 24
14 54
46 54
35 54
11 54
27 54
22 54
8 54
1 54
43 54
49 54
5 54
23 54
45 54
32 54
49 48
51 54
16 54
42 54
48 54
50 54
49 1
12 54
23 20
15 54
2 54
53 54
30 54
4 36
22 36
4 34
37 36
52 36
7 36
4 51
49 27
49 16
20 36
53 36
28 45
45 36
27 36
49 23
52 43
49 29
28 36
4 43
22 26
22 51
33 35
11 43
52 22
26 36
6 34
49 22
49 41
