5
98
51
87
58
83
100
54 99
93 99
35 99
0 77
0 99
0 88
0 75
0 33
0 46
0 18
0 52
3 99
0 59
0 40
0 80
79 99
0 54
0 48
0 89
15 99
0 39
33 99
0 12
0 70
18 99
0 5
0 82
0 23
0 53
0 69
7 99
31 99
12 99
0 60
0 43
0 61
0 67
52 99
82 99
0 25
0 9
0 66
0 41
0 26
0 72
0 21
0 15
0 32
0 37
0 3
0 17
16 99
0 47
0 91
0 56
0 95
0 35
0 86
0 96
60 99
0 49
0 93
0 1
0 27
0 10
0 31
0 30
28 61
68 99
50 99
65 99
28 16
32 99
49 99
34 99
43 99
64 99
91 99
29 99
96 99
88 99
13 99
21 99
30 99
66 99
74 99
59 99
12 48
28 12
81 99
28 5
55 99
9 99
70 99
73 99
56 99
36 99
92 99
24 99
44 99
