5
84
6
57
19
79
100
57 94
46 94
23 94
0 4
0 70
0 85
0 78
0 65
0 14
41 94
0 28
0 36
0 46
0 31
92 61
0 23
0 52
0 35
30 94
65 94
24 94
67 94
0 91
58 51
0 73
0 76
0 83
0 71
0 77
51 94
0 21
0 68
0 87
0 47
53 94
68 94
92 94
93 94
5 94
0 7
34 90
90 94
0 34
0 63
85 94
0 42
0 94
0 32
0 40
56 94
33 94
88 92
88 34
88 2
0 88
0 89
82 26
0 82
0 16
11 85
0 11
0 60
0 51
24 21
34 17
24 74
0 24
29 94
0 1
47 94
0 62
28 94
56 34
78 34
0 56
0 61
0 38
0 9
17 94
0 86
0 22
87 94
0 50
18 94
0 37
0 26
0 49
42 94
38 94
0 90
0 15
83 94
0 58
0 18
0 41
0 13
0 45
0 33
0 3
88 94
