5
72
15
67
38
37
100
52 82
0 21
0 62
0 79
0 54
60 82
0 13
54 82
0 4
0 12
0 7
0 29
18 82
0 74
0 1
0 34
0 10
0 43
0 8
0 55
35 82
70 82
26 82
62 82
47 26
73 82
23 82
14 82
42 82
64 7
17 82
4 82
51 82
77 82
41 3
64 82
47 79
2 82
53 82
71 82
63 82
44 82
6 82
33 82
9 82
13 82
47 41
47 57
47 20
47 42
48 63
32 16
63 57
62 65
47 7
11 19
73 28
32 36
56 36
28 57
10 32
12 55
10 75
47 62
18 66
63 75
35 9
47 10
47 64
47 75
51 25
1 62
21 81
19 55
21 40
54 61
47 1
47 21
47 43
47 81
69 41
39 75
74 43
47 39
74 55
30 61
65 75
31 25
68 53
36 53
47 69
44 30
41 25
74 12
41 75
16 53
16 31
44 36
74 36
5 57
