5
1
84
91
95
90
100
96 99
98 99
93 99
97 99
92 99
89 94
0 2
0 8
72 87
0 10
0 7
0 9
0 3
0 6
0 5
4 13
4 17
80 87
18 27
73 85
55 69
86 74
42 56
48 54
35 47
47 55
47 51
80 85
23 33
55 63
37 43
33 43
15 28
72 85
79 86
47 60
67 79
55 67
4 16
87 94
77 88
76 86
67 72
77 81
4 11
4 18
4 12
15 8
37 50
59 67
74 81
38 49
4 15
4 14
4 20
85 94
19 27
81 94
36 46
88 94
61 72
80 83
70 78
50 56
72 86
58 66
5 18
83 94
78 86
82 94
77 86
66 80
65 80
80 86
63 73
19 23
29 36
19 26
19 29
19 7
2 11
19 5
50 58
43 51
75 86
59 62
63 54
19 21
37 49
64 73
45 55
71 86
83 73
88 97
19 30
28 34
98 86
97 86
73 86
39 42
