5
20
19
65
9
28
100
62 99
39 99
33 99
95 88
21 49
2 44
63 90
45 56
18 2
18 93
61 35
81 90
18 95
5 49
18 32
40 15
60 76
42 30
21 11
49 35
52 12
29 59
90 35
91 35
71 41
71 22
43 30
69 86
93 87
64 55
42 72
60 85
59 30
52 71
2 30
38 41
95 30
13 73
37 77
52 60
98 40
76 56
52 42
54 11
52 76
98 11
52 39
98 67
96 22
98 91
98 3
39 29
39 93
16 41
4 5
39 82
39 60
83 57
83 92
83 11
97 41
45 87
15 14
24 21
90 1
83 90
78 41
86 94
86 10
58 46
58 11
25 10
58 14
34 44
77 5
33 73
73 41
70 47
76 5
8 41
40 22
92 84
91 62
23 87
45 49
24 91
24 86
81 44
21 73
58 89
24 58
22 73
88 73
45 77
45 89
74 43
80 74
16 87
59 87
36 17
