5
27
1
4
51
47
100
16 17
0 2
17 22
49 53
50 53
48 52
28 30
45 52
42 46
41 46
44 46
43 46
49 46
48 50
41 45
29 36
25 30
44 45
42 45
43 45
39 44
41 48
42 48
44 48
38 43
39 43
40 43
35 37
36 37
33 37
34 37
42 37
41 37
40 44
35 38
36 38
33 38
34 38
42 38
40 41
35 39
33 39
34 39
36 39
36 40
33 40
34 40
29 35
32 35
31 35
19 24
26 30
34 30
33 30
6 10
3 8
3 6
31 36
26 32
28 32
20 22
25 32
33 32
29 34
20 23
28 31
25 31
26 31
28 29
25 29
18 21
18 23
19 22
20 24
19 23
17 23
17 21
18 22
17 24
20 21
18 24
21 26
28 23
21 28
24 26
25 22
23 26
15 19
14 19
13 19
10 16
9 16
12 16
11 16
20 16
15 18
13 18
10 14
9 14
12 14
