5
52
44
61
13
35
100
0 94
25 93
0 25
0 14
0 33
0 83
77 94
0 70
85 94
0 34
0 39
0 42
0 72
89 94
0 56
0 76
62 94
5 94
33 39
5 8
0 43
0 79
0 69
25 94
0 80
0 40
0 8
0 48
0 49
0 17
0 21
0 66
0 36
0 31
39 94
0 37
0 38
0 11
0 28
0 9
0 55
0 65
0 86
84 94
0 54
0 26
0 57
47 94
0 81
12 94
87 94
0 45
0 18
0 60
0 64
0 6
0 84
65 94
0 92
0 3
0 75
68 91
0 90
30 94
23 94
51 94
30 91
0 7
0 82
0 93
0 23
0 85
0 71
91 94
83 94
0 22
0 53
0 50
0 67
68 81
0 19
0 47
0 58
0 24
0 91
21 86
1 54
0 1
0 10
0 12
0 63
0 29
0 41
0 89
0 27
0 68
0 78
81 94
0 77
0 16
