5
33
89
86
96
88
100
77 87
88 98
38 48
56 57
21 31
12 13
45 46
11 12
62 63
36 46
41 51
37 47
62 72
53 63
23 24
0 1
21 30
11 21
20 30
37 46
47 57
47 48
72 81
76 77
4 5
10 11
10 20
14 5
67 77
16 17
2 3
2 12
37 28
32 42
22 23
67 68
41 42
52 43
39 49
50 60
57 48
39 48
1 11
56 66
50 51
69 68
66 67
35 45
25 35
53 54
14 24
66 57
59 69
36 45
68 78
13 14
13 23
32 23
24 34
67 57
12 3
58 68
85 76
58 59
44 54
44 45
73 74
71 72
71 80
83 74
13 4
38 47
25 34
81 82
80 81
26 36
25 26
71 81
16 26
15 6
34 43
61 70
71 70
44 43
15 5
34 44
16 7
7 17
17 26
36 35
90 91
58 49
92 93
17 27
21 22
61 60
83 84
82 73
83 93
92 83
