5
1
50
13
89
35
100
12 98
17 83
69 30
55 98
8 98
71 98
0 12
58 98
70 98
37 98
37 52
0 79
0 27
0 84
5 98
30 98
0 11
0 82
68 98
0 87
0 19
10 98
33 98
85 82
23 82
82 98
79 98
42 98
0 73
88 98
26 98
0 40
0 97
0 90
0 96
0 48
0 15
0 29
0 16
0 38
0 57
0 28
0 33
0 21
0 92
0 3
0 94
6 98
0 9
0 56
0 30
54 98
86 98
0 20
0 52
0 74
0 44
0 76
0 59
0 62
0 14
0 68
0 6
0 98
0 75
3 96
0 67
0 53
76 98
15 34
0 5
43 98
42 34
42 12
42 37
0 42
0 63
53 12
0 2
0 8
0 86
0 37
0 46
0 32
24 97
24 28
24 39
0 24
0 60
0 80
34 98
0 81
0 70
0 51
0 39
0 47
0 95
0 54
0 72
0 69
