5
54
49
26
8
46
85
10 39
83 78
10 79
38 87
30 43
63 28
63 96
47 69
17 94
40 98
30 87
94 23
90 65
74 52
62 74
75 98
36 55
6 11
82 29
11 98
1 57
32 58
57 58
66 34
25 85
1 47
45 79
7 2
37 6
44 62
66 81
77 2
24 42
44 86
44 1
76 18
70 41
34 6
70 40
77 13
59 48
74 28
51 95
76 47
78 61
7 32
21 4
23 47
11 28
62 25
93 25
95 80
35 68
3 95
56 95
53 88
64 13
4 13
19 76
53 74
73 61
55 61
65 76
79 12
59 33
40 69
91 69
53 27
3 5
69 5
77 7
31 11
35 42
50 85
79 22
53 22
93 57
5 43
82 93
82 35
59 35
73 12
19 72
37 35
39 88
