5
67
73
1
87
78
100
87 99
75 74
74 99
50 51
33 84
51 99
64 63
33 32
27 77
63 97
95 96
3 34
40 17
10 4
16 17
17 98
3 10
2 23
3 4
61 43
3 2
39 77
62 76
94 70
95 20
15 16
92 29
5 16
91 33
21 22
74 24
21 20
48 49
4 70
84 85
14 13
46 68
47 38
25 48
91 90
95 91
83 84
92 19
69 70
62 61
23 70
66 13
61 2
46 13
60 23
9 10
85 86
60 30
60 44
61 57
60 59
64 43
66 65
52 51
71 70
31 18
27 26
31 32
53 54
72 51
71 2
56 39
55 33
84 35
69 6
53 9
64 31
65 29
59 46
28 29
31 85
30 9
5 39
55 18
9 8
55 45
7 8
81 48
82 83
17 18
86 50
37 36
5 6
38 33
39 38
50 16
42 36
15 14
27 64
20 24
37 10
83 20
40 22
43 38
12 50
