5
65
4
67
1
78
100
0 77
0 57
0 56
8 99
43 99
0 98
57 99
82 9
38 19
60 38
12 99
6 99
18 99
60 82
17 72
60 19
56 44
8 72
60 57
60 93
94 17
18 83
60 12
10 87
44 83
6 83
62 84
20 83
94 46
72 83
94 32
43 83
60 95
2 68
93 83
13 16
94 10
8 13
8 51
47 38
2 76
94 75
94 30
93 23
27 89
23 89
55 7
46 89
93 15
76 89
7 89
2 42
30 15
20 24
2 47
2 26
2 20
2 18
24 68
25 15
93 87
90 73
24 37
61 15
93 37
24 64
93 95
93 24
8 56
8 75
8 55
8 96
41 48
41 69
79 10
41 53
50 15
44 43
41 31
43 15
59 42
59 96
45 28
86 3
45 70
86 31
41 86
44 72
73 15
81 5
42 15
68 15
14 74
41 59
26 51
41 45
41 79
92 74
57 64
57 38
