5
87
52
95
92
45
100
0 99
6 99
0 53
36 99
0 72
0 80
0 79
0 12
0 90
0 30
44 99
0 76
0 70
78 99
64 99
0 24
0 82
0 8
34 99
0 66
0 10
61 96
20 97
0 20
23 99
0 85
0 34
0 33
24 99
0 49
0 19
0 3
0 61
0 93
0 69
0 48
67 99
0 38
0 56
0 83
0 21
0 89
0 26
0 81
0 57
0 58
0 16
96 99
0 40
0 43
0 27
0 46
69 99
0 23
58 99
0 88
0 50
0 77
0 86
0 6
0 22
0 91
0 25
90 99
98 99
37 99
82 99
0 98
0 41
29 13
29 15
29 91
16 74
93 76
29 17
41 99
85 99
0 29
26 99
68 99
0 71
0 17
0 1
0 59
0 62
0 97
0 74
16 99
28 99
0 5
0 39
0 35
0 84
0 9
0 42
0 94
66 99
59 99
84 99
0 37
