5
87
74
12
9
46
100
0 91
0 33
70 38
0 70
0 20
0 89
0 44
30 41
0 79
0 42
29 91
42 91
34 91
13 91
25 91
82 91
88 91
83 91
47 91
77 91
73 18
18 91
3 27
8 43
27 91
0 26
0 71
0 76
0 21
0 45
0 67
0 80
0 30
0 78
0 43
58 20
85 60
0 58
0 29
0 15
76 91
7 91
0 75
0 81
61 91
85 91
0 17
14 91
0 52
0 47
0 62
0 27
0 3
70 91
0 63
0 49
0 66
0 38
56 91
3 79
37 91
71 80
80 91
0 61
0 24
0 86
52 91
68 44
0 68
0 60
28 3
0 28
0 32
21 60
0 88
0 34
0 48
0 50
0 2
60 91
0 84
0 54
0 13
79 91
0 39
40 91
90 91
0 14
0 19
0 37
0 6
0 11
0 41
0 77
0 72
0 18
0 56
0 10
0 5
0 64
