5
69
81
71
6
94
100
78 99
0 62
0 22
0 5
0 83
33 99
0 17
0 27
0 90
0 75
0 65
0 63
0 7
0 82
0 19
41 99
0 32
0 89
9 99
34 99
0 79
0 28
38 99
5 99
75 99
0 53
0 60
0 88
0 42
0 14
0 58
0 92
0 96
0 91
0 11
0 78
0 57
0 9
0 3
0 49
0 10
0 87
0 98
0 36
0 26
0 54
0 4
0 56
0 23
0 12
0 50
0 18
0 76
0 44
0 84
0 74
0 61
49 99
0 45
0 52
0 40
0 73
0 85
0 24
0 37
0 21
0 66
0 48
0 55
0 59
0 99
0 29
73 99
0 38
0 41
51 99
0 95
0 34
0 43
0 25
0 33
0 2
35 99
0 13
0 46
54 99
53 99
85 99
84 99
86 99
0 20
70 99
0 31
0 67
0 8
66 99
88 99
0 86
42 99
0 80
