5
29
23
27
34
3
100
0 32
45 13
47 59
31 59
13 59
12 59
14 42
40 5
13 5
11 25
20 50
45 14
6 25
8 2
45 8
48 25
17 19
45 17
33 11
33 20
38 22
38 6
55 25
52 25
50 25
15 31
15 11
14 36
36 35
43 20
16 35
44 35
47 30
15 12
19 22
6 26
17 20
13 20
12 8
30 13
1 13
4 26
19 26
40 26
10 26
50 2
7 28
15 37
14 57
46 2
32 57
37 28
41 21
52 12
41 19
55 12
41 56
10 14
21 43
17 32
56 51
44 43
31 28
12 24
52 22
49 24
49 4
18 48
53 12
40 32
56 53
52 14
21 30
36 51
16 37
58 42
40 44
51 32
58 44
58 53
40 48
58 19
12 32
36 32
56 21
43 57
30 32
9 21
44 37
36 49
44 36
49 53
1 53
12 31
49 50
11 44
19 37
6 37
42 30
52 56
