5
10
45
37
24
78
100
25 99
4 99
0 74
19 99
53 99
55 99
72 99
77 23
23 99
70 99
0 14
0 36
0 20
49 99
0 29
0 89
0 97
0 50
59 99
0 77
0 62
0 52
0 91
40 99
0 68
0 96
76 99
0 13
0 44
0 59
15 99
42 99
0 71
7 99
0 9
0 38
0 66
0 84
0 81
21 99
0 46
0 33
48 99
0 15
0 86
0 3
28 99
0 72
0 60
0 87
0 12
0 6
0 41
0 65
0 34
33 99
0 30
0 47
0 23
2 99
0 63
0 26
91 99
0 51
50 99
0 56
0 7
0 67
88 99
0 69
87 99
0 79
0 83
0 70
0 42
0 54
65 99
41 99
11 99
34 99
82 99
20 99
54 99
71 99
8 99
22 99
63 99
67 99
58 99
16 99
70 14
8 72
8 47
55 76
77 99
90 99
85 99
18 99
27 99
8 55
