5
38
44
46
47
48
100
43 98
0 6
0 4
0 24
0 9
0 3
18 26
34 45
26 45
0 5
18 45
0 39
18 14
0 19
0 59
0 89
0 7
0 69
0 2
0 29
0 49
0 79
25 14
4 8
28 45
25 6
30 45
64 45
25 84
15 14
25 4
5 14
25 28
25 24
34 40
32 33
10 14
32 43
14 45
22 45
40 84
31 42
64 10
25 34
32 7
25 2
8 45
36 58
6 42
78 45
30 4
84 45
30 24
25 30
32 57
54 20
88 45
32 21
26 68
4 58
64 5
31 28
42 45
14 68
16 18
58 45
33 68
25 32
64 40
94 20
54 35
25 94
10 16
25 54
30 19
24 7
9 40
29 20
40 7
20 4
30 36
28 6
2 18
75 6
18 7
17 4
14 6
35 16
88 6
6 7
12 2
4 50
28 16
16 7
5 50
9 2
30 12
13 6
8 1
3 50
