5
34
8
7
17
43
100
0 30
0 33
0 45
0 78
0 44
0 21
20 80
0 49
0 54
0 63
44 80
0 69
0 15
0 66
0 19
0 76
24 80
0 12
0 58
0 77
0 31
0 72
0 75
0 11
68 80
0 53
0 32
0 68
0 4
0 51
0 5
0 73
0 22
0 29
0 38
0 55
0 6
0 2
0 46
0 23
30 80
0 74
59 80
0 36
0 65
0 48
0 59
69 80
0 20
0 9
23 80
0 42
0 13
0 64
58 80
0 39
0 35
51 80
0 3
5 80
18 80
0 27
0 62
0 10
0 14
0 70
0 25
0 16
0 52
0 40
0 56
0 1
26 80
15 80
29 80
28 80
36 80
73 80
74 80
52 80
54 80
42 80
25 80
56 80
3 80
60 80
4 80
9 80
65 80
2 80
50 80
79 80
21 72
46 80
63 80
21 80
77 80
57 80
11 80
61 80
