5
87
42
6
58
19
100
0 12
3 94
39 94
0 14
0 24
0 47
84 94
0 55
0 67
0 82
0 29
38 94
29 94
0 90
0 32
0 43
0 77
0 81
0 71
0 63
74 94
0 93
0 26
9 94
41 94
0 17
0 60
0 91
0 23
0 21
0 92
0 66
0 79
0 46
0 10
1 94
62 94
0 61
25 94
0 80
13 94
0 57
70 94
0 45
0 25
0 44
0 34
0 8
0 72
0 36
0 85
0 48
69 94
0 76
15 94
73 94
0 52
0 89
0 53
0 15
71 94
67 94
17 94
0 49
0 3
0 38
0 41
0 7
0 11
0 39
0 18
0 20
0 65
0 86
0 94
0 64
0 51
0 62
0 9
0 2
0 30
0 59
0 22
0 70
86 94
0 56
0 1
0 84
0 50
0 13
0 37
0 74
0 33
0 68
0 40
0 5
0 73
0 31
0 83
0 35
