5
59
4
95
88
63
100
86 99
92 99
0 19
0 26
0 61
0 14
53 99
21 99
0 24
0 94
0 46
0 91
0 27
56 99
66 99
43 5
12 99
42 99
30 99
46 99
81 99
77 99
83 99
29 99
96 99
75 99
77 60
71 60
43 60
43 62
60 52
51 84
85 87
39 52
43 37
81 52
7 70
84 52
83 19
81 98
7 27
91 17
90 19
38 22
58 52
43 7
43 81
41 24
19 52
9 52
43 35
43 61
69 78
43 91
18 65
2 74
43 15
22 52
43 92
97 87
30 65
43 83
29 75
12 44
43 90
69 65
75 65
12 1
40 65
12 16
26 80
12 3
5 80
66 21
12 51
30 7
79 36
83 94
40 85
13 11
16 80
93 80
12 54
12 66
8 11
29 98
18 78
58 27
31 1
57 17
34 65
89 39
1 3
49 65
80 65
70 61
12 18
86 13
17 11
61 48
