5
81
32
95
49
7
100
0 16
0 70
0 55
0 76
0 84
61 99
47 99
83 99
0 77
0 67
0 87
0 31
82 99
0 21
0 29
0 75
12 99
62 99
69 99
0 58
0 52
0 22
0 19
88 99
0 46
0 1
0 86
0 74
0 54
0 42
0 20
0 18
0 10
0 71
0 91
0 45
10 99
0 44
0 83
0 88
25 99
0 97
0 72
0 8
0 37
0 40
0 62
0 51
86 99
0 65
0 99
45 99
0 68
0 3
11 99
60 99
0 12
0 34
0 30
0 13
0 89
0 23
0 63
0 2
0 36
0 35
48 99
17 99
16 99
29 99
13 99
0 60
75 99
77 99
0 6
0 59
97 99
24 99
44 99
0 79
0 92
0 4
0 57
0 5
0 50
0 69
0 98
0 93
58 99
0 38
0 39
0 28
57 99
0 33
0 24
0 15
0 43
0 25
0 27
0 90
