5
13
35
57
44
14
100
0 16
0 2
0 36
40 60
0 9
11 60
59 60
0 21
0 50
22 15
22 48
31 15
34 15
16 15
55 15
22 42
25 15
22 17
45 15
22 46
22 39
38 15
22 18
9 15
58 15
7 15
22 36
22 4
22 28
41 15
22 56
23 15
22 54
22 51
22 37
22 6
22 3
22 8
24 15
22 20
22 10
22 33
22 21
2 15
52 15
40 15
30 15
22 27
59 15
43 15
22 32
22 26
22 50
22 11
22 1
53 15
22 29
22 49
22 19
22 12
5 15
47 15
48 15
22 31
22 34
22 55
22 38
25 28
22 16
40 17
22 9
22 7
22 23
58 50
22 58
41 39
28 15
41 10
22 25
22 41
22 45
42 15
22 40
18 15
52 8
22 2
22 30
22 43
22 52
22 5
22 24
22 53
22 59
47 6
51 15
47 46
47 29
10 15
39 15
17 15
