5
9
35
54
11
46
100
0 48
0 76
0 42
0 23
0 24
0 43
0 93
0 52
0 83
0 8
0 64
0 25
0 71
81 93
89 93
0 17
0 65
0 40
0 61
41 93
0 57
0 90
0 22
1 93
0 78
2 93
0 80
0 70
0 14
18 93
0 85
0 36
26 5
41 74
41 36
65 93
56 93
86 93
4 93
41 18
62 93
53 93
32 93
60 51
51 93
20 93
75 93
26 93
70 93
87 93
57 93
77 93
92 93
29 93
43 93
84 8
50 93
67 93
8 93
56 52
12 93
17 93
49 52
41 39
41 79
8 52
41 5
79 22
75 79
56 63
41 6
39 52
57 52
89 52
45 2
15 76
41 52
36 2
34 76
16 52
91 51
44 78
20 81
41 56
24 52
79 52
41 10
83 78
2 52
68 56
79 18
59 52
41 68
27 52
18 52
30 52
75 52
4 40
62 52
41 20
