5
30
66
2
44
26
100
0 47
0 63
0 67
0 56
33 99
5 99
46 68
94 99
13 99
20 99
46 96
65 99
78 99
39 99
23 99
46 29
80 1
40 79
74 18
41 37
8 1
67 71
46 17
37 1
22 79
79 1
51 1
53 1
32 91
71 1
38 29
87 48
22 39
31 16
29 1
12 48
46 98
63 48
96 74
46 6
95 48
54 1
90 48
67 42
38 34
46 23
28 38
9 48
28 23
36 48
34 48
46 87
18 14
28 89
46 28
38 49
80 39
75 48
24 61
31 20
64 43
67 91
43 48
38 69
12 49
67 22
68 74
31 80
38 33
61 49
38 45
7 90
21 90
47 5
67 21
38 68
70 55
95 74
70 9
85 90
96 5
58 85
35 33
67 9
23 49
85 60
90 49
67 38
25 45
41 45
40 73
70 40
52 91
7 13
58 95
45 49
65 33
58 77
67 70
20 19
