5
83
67
58
34
44
100
0 26
0 39
0 69
0 24
0 8
0 23
0 42
0 7
61 12
84 4
12 4
36 2
62 69
73 29
39 23
29 3
23 2
45 40
45 29
45 17
45 61
64 15
45 64
45 62
46 56
42 9
45 42
16 2
3 2
26 2
29 2
80 77
33 37
79 2
16 31
45 39
15 2
52 17
46 8
46 43
69 31
17 2
70 37
77 2
37 2
46 80
3 31
46 52
80 31
46 84
22 61
46 22
25 19
82 25
46 76
27 31
46 47
9 31
29 19
85 26
20 29
18 15
24 53
48 31
26 38
38 29
35 29
48 29
36 22
65 77
20 77
43 73
18 12
73 77
36 24
6 16
66 22
12 77
42 22
81 24
16 7
18 86
41 69
20 30
11 24
15 86
79 51
43 9
36 47
79 10
6 43
36 74
13 64
40 64
52 64
37 9
10 64
36 56
61 87
5 65
