5
27
40
34
92
6
100
0 47
0 72
0 32
41 99
0 5
0 67
0 9
0 24
0 97
0 84
0 44
0 20
39 99
0 29
0 36
0 43
0 74
26 99
0 59
0 71
0 95
0 77
0 75
0 12
29 99
0 78
90 99
0 25
0 53
52 99
0 26
0 73
0 70
16 99
10 99
59 99
0 88
0 48
0 35
76 99
0 91
0 86
19 99
0 89
0 17
0 18
0 81
0 8
65 63
0 93
0 7
90 63
62 99
95 99
96 99
63 99
25 99
33 99
88 99
97 99
57 99
35 99
79 1
69 99
65 7
77 99
18 99
22 99
54 99
86 3
65 41
11 99
5 99
65 79
78 99
31 99
60 99
9 99
4 99
24 99
65 61
51 99
44 99
8 99
72 99
65 49
71 99
87 99
98 99
89 99
12 99
32 99
82 99
66 99
85 99
1 99
67 99
46 36
65 89
7 89
