5
93
39
14
84
64
100
0 99
0 73
0 25
0 6
0 95
0 8
94 99
0 1
71 32
71 1
34 79
71 70
67 99
68 99
10 99
92 99
34 54
62 31
15 99
97 99
45 7
26 54
35 7
30 7
74 60
82 7
83 7
34 74
52 69
34 67
2 9
80 36
97 75
89 9
34 62
34 83
34 52
28 11
10 4
31 9
1 85
75 7
12 72
12 35
34 10
43 56
34 12
43 60
98 11
24 23
9 7
35 33
24 35
68 76
67 76
91 75
81 41
86 94
15 46
83 60
24 52
32 81
27 75
86 41
65 76
53 76
83 76
60 76
45 76
75 76
72 97
29 57
41 76
24 98
53 57
23 22
24 4
81 22
28 22
72 1
5 47
97 22
91 87
66 8
54 30
20 89
47 22
53 36
83 85
55 36
5 49
70 36
27 49
85 36
59 49
40 49
89 49
28 77
98 77
13 45
