5
54
5
2
13
48
100
0 49
53 93
0 14
0 19
0 35
0 87
23 93
0 36
0 11
34 93
0 69
0 33
0 74
67 93
89 93
0 51
0 71
0 52
0 44
0 93
0 68
0 8
81 93
0 39
0 59
0 90
0 67
0 17
20 93
38 93
0 82
74 93
65 93
17 93
30 93
26 93
86 90
72 53
42 82
0 42
0 37
0 24
0 40
0 1
0 58
0 18
0 57
0 75
0 15
0 56
84 93
45 93
32 64
39 28
86 61
28 93
37 93
63 79
21 30
11 79
75 49
86 21
86 72
0 86
0 30
79 93
0 41
0 83
83 93
56 93
0 16
91 93
46 93
3 93
0 32
0 64
0 50
0 81
55 93
0 9
0 22
0 66
0 60
0 63
0 72
0 7
0 78
0 76
0 79
90 93
0 27
0 91
0 12
31 93
0 21
22 93
0 25
0 20
0 3
0 6
