5
92
22
48
60
29
100
0 49
95 44
95 31
54 38
7 38
80 67
41 82
3 38
80 24
71 86
47 87
16 83
3 36
80 62
82 38
2 88
65 88
45 58
39 11
41 90
83 88
58 86
82 86
1 11
11 86
69 87
68 87
1 87
26 87
65 78
5 55
56 55
81 85
46 85
69 85
25 75
69 27
2 75
41 43
56 36
41 74
80 98
32 36
20 76
2 36
46 90
43 12
6 37
35 76
20 80
20 57
72 37
33 18
91 58
37 36
20 51
17 76
10 90
34 2
41 2
72 70
26 2
84 7
7 2
26 4
46 89
20 35
20 69
20 25
5 40
14 40
61 4
93 51
23 17
51 4
17 4
40 4
64 43
20 19
41 19
41 14
8 4
59 80
42 64
33 80
57 15
68 65
54 15
57 9
6 30
66 50
34 50
32 50
96 40
93 40
77 40
57 10
64 82
6 57
98 8
