5
18
73
51
83
93
100
0 84
0 32
0 29
49 94
62 94
0 16
59 94
6 94
0 77
0 43
0 46
0 38
0 23
8 94
0 28
0 19
34 94
4 94
87 94
0 71
0 86
0 58
0 1
0 15
11 94
0 39
84 94
47 94
0 82
17 32
0 80
0 9
0 25
0 89
0 53
0 91
0 17
87 28
87 75
85 84
92 59
86 80
82 65
87 27
90 32
87 85
42 33
58 32
88 33
89 27
87 6
61 33
19 80
2 75
54 32
14 32
88 37
33 32
61 28
3 32
22 28
27 32
31 32
86 42
79 32
92 53
86 70
8 32
87 66
71 32
28 32
34 32
43 69
22 32
46 55
69 62
85 55
13 62
55 32
53 62
1 62
88 43
87 43
77 48
14 62
44 62
12 25
87 86
56 31
64 41
87 16
90 62
25 62
61 62
46 17
92 23
88 2
53 27
87 46
53 12
