5
38
26
22
10
20
100
0 59
49 59
0 35
0 40
32 17
19 58
25 56
29 36
32 34
21 52
36 52
5 45
40 17
45 52
35 44
25 44
7 28
28 52
34 52
54 47
55 9
11 47
58 42
56 18
16 47
5 47
11 18
6 47
46 14
11 45
44 57
31 45
48 42
36 45
25 32
43 45
25 35
25 29
19 30
49 21
11 35
17 36
21 45
42 6
23 16
56 16
32 41
16 34
1 23
41 27
48 43
7 3
35 1
23 2
54 40
44 37
17 30
41 24
49 30
56 2
57 16
37 30
55 2
8 40
57 53
55 50
21 50
37 24
15 16
28 24
55 16
31 13
1 49
58 33
5 13
33 13
37 16
56 43
19 35
44 23
32 35
19 32
17 13
51 8
8 43
31 28
57 43
41 43
13 16
17 1
17 5
57 5
44 54
5 33
41 46
23 54
58 29
58 17
58 36
58 57
