5
51
16
43
18
90
100
0 7
82 97
0 56
0 79
0 17
0 38
0 68
0 27
0 74
0 89
0 31
0 13
0 46
0 92
0 5
0 62
0 96
59 97
0 19
40 97
0 69
0 24
0 36
0 94
0 93
0 95
1 97
0 41
88 97
0 26
0 58
7 97
0 91
3 97
0 11
0 75
53 34
31 97
42 97
46 34
48 97
53 4
21 97
76 97
53 97
91 97
44 97
10 97
9 97
24 97
33 97
61 97
25 97
62 97
96 97
15 97
47 97
85 84
37 97
32 97
42 66
52 4
15 66
53 29
59 78
53 59
53 66
61 71
63 66
52 27
8 87
95 66
58 39
5 66
83 66
46 8
36 69
78 66
52 64
7 66
94 66
70 28
53 28
73 10
71 3
26 66
53 46
61 95
64 66
3 28
59 66
28 66
56 66
32 50
74 29
1 66
50 66
48 40
85 29
33 57
