5
21
52
78
50
6
88
0 4
0 92
0 22
0 76
73 99
49 63
18 25
0 46
0 67
64 32
61 85
70 7
91 56
71 94
64 76
30 71
67 15
5 56
77 58
24 93
98 86
96 38
1 96
77 39
87 58
24 75
10 58
10 86
11 8
24 32
75 86
84 37
79 65
18 14
45 8
96 8
94 16
98 16
69 16
38 3
19 62
3 62
10 56
81 42
73 62
56 62
93 83
49 3
28 40
80 95
96 57
47 15
33 15
55 95
40 15
44 40
17 36
32 26
60 39
92 4
38 22
22 61
90 61
97 11
40 95
23 75
60 2
97 88
34 54
42 55
90 28
73 28
7 88
9 51
69 61
92 97
17 18
76 11
60 89
46 7
49 9
93 45
11 31
17 46
54 55
22 97
97 12
45 98
