5
15
3
29
53
6
100
0 37
0 83
0 26
0 52
0 58
0 91
0 25
0 76
75 36
75 21
88 92
50 99
7 99
90 99
62 99
59 99
68 97
4 99
38 99
52 99
64 96
43 96
59 56
30 13
88 68
28 33
92 87
1 94
88 73
88 60
88 30
88 1
2 40
66 56
36 96
20 16
86 95
2 56
16 96
13 96
20 56
7 56
54 56
24 59
44 10
72 86
72 23
4 9
72 68
4 91
72 65
35 41
79 9
59 9
81 94
81 82
44 9
94 9
32 78
78 17
23 33
63 86
46 17
21 17
33 17
72 1
18 85
43 76
34 86
35 14
22 85
34 49
81 7
5 89
72 35
63 37
86 17
61 85
73 92
49 85
81 63
39 85
81 35
81 73
81 37
97 84
84 17
84 85
52 85
95 85
40 30
18 34
31 12
48 70
40 36
40 91
26 5
20 82
40 69
40 20
