5
87
78
4
61
36
100
0 26
0 15
0 16
0 22
0 23
32 98
24 91
45 98
40 98
37 98
67 98
92 98
38 98
5 98
53 98
91 98
76 81
15 98
0 21
0 70
0 90
0 79
8 98
0 35
0 64
0 5
68 98
0 40
0 46
0 27
0 48
0 45
0 82
43 98
72 98
0 37
96 98
0 29
0 56
24 98
0 69
0 84
0 94
0 11
0 68
0 62
0 98
0 1
25 98
0 49
0 81
0 83
0 14
0 13
0 58
0 60
0 93
0 71
0 31
0 38
0 42
0 97
0 51
0 59
0 41
0 66
0 73
0 12
0 67
0 6
0 39
0 18
59 98
0 86
0 52
0 3
74 98
93 98
65 12
1 98
57 98
7 98
0 43
0 72
0 44
69 98
72 51
0 92
0 65
0 34
0 75
0 74
0 10
77 57
0 77
0 25
0 55
0 96
82 98
28 98
