5
83
16
13
82
26
100
0 66
49 95
30 95
0 53
31 95
0 36
59 95
0 12
0 92
0 4
0 57
0 10
0 95
87 42
0 55
0 50
0 11
0 90
0 87
0 74
0 45
76 95
0 93
0 24
0 34
0 75
0 78
73 95
0 6
36 95
84 95
0 65
71 95
0 22
0 56
0 5
0 67
0 51
0 73
74 95
0 89
0 71
0 33
0 80
0 47
0 58
1 95
0 49
92 95
44 95
20 95
56 95
0 76
77 95
0 31
78 95
0 21
0 60
0 2
0 77
0 52
0 23
35 95
89 95
0 29
0 91
0 32
0 41
0 39
0 64
0 18
0 85
0 9
0 46
0 1
0 88
54 95
8 95
0 79
0 15
0 72
0 40
0 48
0 17
0 25
0 86
0 62
0 59
0 38
0 42
0 54
0 68
0 43
0 8
0 14
0 44
0 94
0 69
0 28
0 30
