5
17
19
3
11
55
100
0 37
68 97
81 97
0 31
0 25
92 97
0 16
0 42
0 64
12 97
0 14
0 38
0 45
0 52
0 8
0 28
0 87
0 10
79 97
0 51
0 59
0 75
0 22
0 54
30 97
0 26
0 93
0 27
0 76
0 21
0 24
63 97
52 97
0 9
0 68
0 43
0 20
64 97
80 97
49 97
83 97
5 97
70 97
39 97
14 97
84 97
53 97
10 97
48 97
47 97
56 97
16 97
50 20
92 50
65 71
94 39
73 29
95 39
92 42
37 50
75 56
29 71
77 71
4 21
94 4
73 8
39 71
60 70
92 75
92 37
80 31
70 71
92 94
60 62
88 15
53 71
60 49
92 58
31 71
30 62
92 88
92 95
62 71
92 70
73 71
60 50
92 14
69 86
41 34
59 34
34 71
92 69
42 83
93 28
4 13
44 50
92 93
33 57
16 13
57 83
