5
21
8
10
60
49
100
0 26
0 88
2 98
0 29
0 18
0 69
0 57
0 14
0 70
0 6
0 72
0 68
0 27
0 61
47 98
0 4
0 75
0 9
0 83
0 56
0 91
71 98
0 84
0 48
0 54
0 19
12 98
0 53
0 13
84 89
0 20
0 67
0 35
3 98
0 86
0 95
0 50
0 80
0 73
0 64
22 98
26 98
17 98
55 41
55 40
81 98
92 98
29 98
97 98
57 98
39 98
82 98
53 98
59 98
13 98
58 98
63 98
45 98
11 98
4 98
31 98
36 98
65 98
19 98
55 1
54 98
89 98
55 65
69 98
50 98
13 54
31 44
55 77
43 38
75 17
55 39
55 13
17 44
52 44
12 79
56 44
68 44
16 45
16 44
12 39
12 23
45 44
55 67
12 27
3 44
94 5
55 43
3 75
5 44
58 68
64 44
55 3
2 44
55 12
55 78
