5
14
9
65
96
13
100
0 51
87 99
0 84
79 99
0 77
0 37
0 31
0 87
70 99
57 99
81 99
69 99
0 63
62 99
58 99
0 55
0 92
0 2
0 46
43 99
86 99
0 3
0 67
0 60
83 99
77 99
46 99
11 99
10 99
44 99
54 99
0 95
0 59
0 68
0 91
0 64
36 99
42 99
0 49
0 48
0 71
64 99
0 73
0 97
0 88
0 4
40 99
0 22
0 42
21 99
0 24
0 16
0 36
0 18
0 25
0 40
0 28
0 82
0 57
0 44
0 20
0 17
0 74
53 99
26 99
61 99
0 43
0 90
0 15
1 99
0 99
55 99
73 99
12 99
0 80
0 52
0 30
4 99
0 12
0 45
93 99
0 94
0 34
0 6
39 99
0 10
0 62
0 39
0 53
0 81
0 21
0 76
60 99
0 8
0 58
0 19
0 89
0 38
27 99
0 35
