5
77
22
25
15
27
100
91 99
0 30
74 99
18 99
7 99
0 20
0 6
0 68
0 98
0 19
0 81
0 10
0 71
0 8
0 80
0 90
95 99
0 70
96 99
0 28
0 3
0 69
0 7
0 94
0 85
0 2
0 23
0 78
0 84
21 99
13 99
0 73
0 86
0 14
0 97
0 9
73 99
0 87
0 11
31 99
0 67
0 4
0 91
71 99
0 34
0 74
0 83
28 99
0 29
0 75
67 99
0 79
0 21
0 72
0 88
5 99
0 92
0 18
0 96
0 33
0 16
0 82
0 5
0 31
20 99
0 76
0 93
0 26
0 17
0 24
0 32
0 13
0 12
0 95
0 66
1 99
76 99
8 93
16 99
2 99
10 99
90 99
94 99
87 99
88 99
66 99
79 99
14 95
93 99
6 99
83 99
23 99
84 99
89 99
72 99
12 99
30 99
8 99
65 99
82 99
