5
4
78
10
40
36
100
0 26
0 15
0 22
0 16
0 87
32 98
45 98
21 18
21 5
61 98
91 98
0 21
8 98
0 23
37 98
15 98
92 98
0 70
0 64
0 90
67 98
0 35
0 5
43 98
42 31
0 79
53 98
0 46
0 27
0 48
38 98
0 45
0 68
0 61
96 98
0 82
0 69
0 29
0 37
68 98
5 98
56 27
0 56
0 94
0 84
0 62
0 81
0 11
0 13
0 49
0 83
0 14
0 60
0 98
0 1
0 71
0 58
0 31
0 42
0 51
0 97
0 93
0 41
0 66
0 38
0 3
0 73
0 72
0 43
0 86
0 12
92 72
81 51
0 18
0 59
0 39
0 67
0 52
57 72
6 7
0 6
0 75
0 34
0 44
0 65
0 74
0 92
0 25
72 98
0 77
0 55
24 98
0 63
0 96
0 88
0 30
0 50
0 91
0 32
0 53
