5
64
17
79
98
28
100
0 77
0 56
86 99
67 99
53 99
0 89
0 74
0 75
0 42
0 46
0 12
0 91
0 29
0 80
0 2
0 39
0 31
0 53
0 41
31 99
0 72
0 69
0 65
0 19
0 67
0 88
0 63
0 23
0 13
26 99
0 93
0 3
5 99
44 99
0 61
0 21
0 36
47 99
0 83
0 50
0 70
0 71
0 33
0 62
0 44
0 25
0 45
55 99
76 99
0 34
0 99
0 22
9 99
0 59
0 54
0 48
0 73
0 97
0 20
45 99
83 99
77 99
0 96
0 90
0 60
0 27
0 85
0 76
0 37
52 99
1 99
0 7
73 99
84 99
0 5
0 57
0 32
0 95
0 15
0 52
0 58
0 11
10 99
90 99
12 99
14 99
0 55
0 40
20 99
0 94
0 18
13 99
15 99
33 99
72 99
0 86
0 78
0 30
0 84
66 99
