5
21
1
17
52
50
84
63 99
78 99
0 4
57 40
28 73
0 22
0 92
10 73
0 76
97 9
0 30
0 67
12 19
3 62
7 88
46 10
56 62
22 38
98 19
94 16
49 72
58 86
24 93
46 42
70 30
32 13
61 69
98 16
32 26
20 62
84 37
75 69
76 11
22 97
82 25
97 11
37 35
32 22
14 16
67 15
38 6
86 98
77 39
15 40
66 61
97 79
55 54
28 90
32 56
54 34
32 24
71 94
71 93
90 51
10 86
15 33
5 77
64 76
38 3
95 15
10 58
45 93
95 40
40 44
88 97
95 55
77 24
97 12
53 59
97 45
11 23
97 89
40 28
68 47
86 75
38 60
94 75
3 49
88 96
98 45
11 8
87 85
55 90
92 4
