5
83
67
58
34
44
100
0 26
0 39
0 69
0 24
0 8
0 23
0 42
0 7
61 12
45 61
18 12
40 47
45 40
45 62
84 4
39 23
40 12
2 4
19 25
69 12
29 73
42 9
64 9
64 15
37 12
21 12
20 57
25 70
51 79
64 40
64 10
45 17
64 13
37 14
65 77
46 80
14 12
29 19
80 77
55 75
29 77
75 12
29 20
22 77
29 3
29 2
46 52
45 42
52 20
73 77
45 29
46 22
57 12
56 3
20 77
6 36
16 2
36 2
7 41
16 31
26 2
41 69
23 2
69 31
56 79
45 39
37 2
45 46
3 2
32 79
64 52
51 86
15 2
82 59
51 9
64 1
87 61
79 2
17 2
13 87
13 15
3 31
38 29
13 61
43 6
56 46
28 15
87 80
13 56
66 22
48 31
80 31
41 27
27 31
9 31
82 25
48 29
66 11
36 85
16 6
