5
42
76
68
78
52
100
0 18
49 99
16 99
0 23
0 33
0 13
0 8
0 43
77 99
79 99
0 54
5 99
0 46
0 28
0 10
0 50
66 99
14 99
92 99
0 25
0 39
0 95
44 99
0 98
7 99
35 99
0 6
0 2
81 99
0 21
9 99
0 69
0 64
0 47
0 97
0 86
0 80
0 58
0 73
0 67
0 56
0 5
0 7
0 99
0 65
0 89
0 38
0 17
0 85
0 66
0 94
0 71
0 36
0 83
0 4
0 90
0 81
0 82
0 60
0 24
3 99
94 99
0 59
6 99
0 37
0 45
59 99
0 29
0 16
0 74
0 35
96 99
0 62
0 15
0 31
0 20
0 49
0 92
0 3
0 40
70 99
0 51
0 77
0 22
0 55
0 26
23 99
82 99
95 99
93 99
53 99
38 99
85 99
63 99
51 99
12 99
28 99
87 99
4 99
45 99
