5
66
81
20
93
1
100
0 12
0 11
0 21
0 88
0 83
0 82
21 23
0 14
0 72
0 28
0 69
0 74
0 34
0 62
0 57
0 47
0 53
23 99
0 87
0 18
0 65
0 75
0 97
0 36
0 24
77 99
53 99
0 55
95 99
35 99
0 68
0 15
36 99
0 19
0 80
0 92
0 85
0 43
0 6
0 33
0 10
0 56
0 70
0 94
59 99
0 31
0 22
0 51
0 90
0 17
89 99
60 99
76 99
15 84
63 99
12 99
40 99
6 99
9 99
92 99
42 52
47 99
45 99
22 99
51 99
71 99
37 99
91 99
74 99
5 99
97 99
52 99
21 99
98 99
33 99
65 99
19 99
68 99
78 99
83 99
49 99
76 29
63 29
37 16
39 74
21 29
7 29
87 96
70 38
46 29
34 96
38 96
87 62
96 29
42 76
42 24
87 60
42 70
44 62
84 29
