5
43
23
29
49
65
100
0 30
0 56
3 90
51 90
0 36
0 69
0 60
0 85
0 41
12 57
72 28
50 20
12 2
28 90
0 7
0 19
59 90
60 90
0 21
11 90
0 71
84 90
75 90
0 37
0 61
0 39
0 40
2 90
0 5
0 59
0 76
0 87
0 18
0 66
0 90
0 38
34 78
14 90
35 54
38 54
52 90
64 90
0 34
0 45
0 28
0 4
0 11
0 17
0 58
0 48
0 16
0 81
0 35
0 25
15 5
39 90
78 90
85 90
51 74
74 50
50 90
82 90
27 90
83 36
48 64
18 36
0 83
0 22
0 26
0 10
24 90
36 90
20 90
1 90
80 90
56 61
33 90
9 90
34 90
0 20
0 44
0 3
0 70
0 72
0 79
10 90
48 90
0 62
0 32
0 89
13 18
0 13
0 42
0 14
1 22
18 90
0 1
0 55
0 82
5 90
