5
18
50
84
46
66
100
0 32
0 74
0 71
0 13
0 48
20 39
8 99
95 99
0 4
0 99
0 58
0 60
60 99
16 47
0 85
52 54
0 52
94 80
0 94
0 43
0 40
88 99
0 73
0 95
0 89
0 59
64 99
86 99
0 87
0 82
0 55
0 27
10 99
23 99
0 39
56 99
0 68
13 99
0 9
0 83
0 41
68 99
0 35
0 65
0 34
0 21
0 19
0 77
0 63
0 11
0 54
0 75
0 26
0 56
0 86
0 62
0 8
0 81
0 64
0 70
0 79
37 99
0 69
69 99
85 99
48 99
28 99
9 99
12 99
83 99
27 99
0 90
0 93
0 25
4 99
61 99
2 73
3 99
78 99
0 2
0 57
0 49
0 92
0 37
0 24
0 53
0 1
0 76
0 12
0 42
0 3
0 17
0 29
0 36
0 14
0 72
0 16
0 28
0 15
0 51
