5
38
27
17
26
59
100
0 20
0 99
88 99
98 99
0 96
0 37
0 85
0 19
0 44
0 1
0 91
0 22
0 87
0 29
0 82
0 84
0 57
0 2
12 63
0 34
0 12
0 77
0 10
0 7
53 99
0 24
72 99
0 83
0 28
0 48
0 67
0 55
9 99
0 76
0 16
0 36
0 65
0 8
3 99
77 99
0 18
0 35
0 6
0 41
0 66
0 62
0 43
0 31
0 39
0 88
56 99
0 89
0 11
5 99
0 72
0 69
0 42
91 99
0 93
0 25
0 40
94 99
43 99
60 99
2 99
85 99
1 99
45 99
34 99
29 99
61 99
40 99
64 99
21 8
48 99
73 99
21 75
39 99
15 99
28 99
80 99
21 61
62 99
21 99
79 99
20 99
87 49
32 99
46 99
30 99
57 99
49 99
21 87
54 99
36 99
89 99
42 99
41 99
78 99
71 99
