5
18
73
51
29
93
100
0 84
0 32
49 94
62 94
0 16
59 94
6 94
0 77
0 43
0 46
0 38
0 23
8 94
0 28
0 19
34 94
4 94
87 94
0 71
0 86
0 58
0 1
0 15
11 94
0 39
84 94
47 94
0 82
17 32
0 80
0 9
0 25
0 89
0 53
0 91
0 17
87 28
75 54
90 32
87 6
87 86
87 27
42 33
87 85
59 3
87 75
87 88
70 86
82 58
89 27
87 43
54 32
23 58
61 33
14 32
66 34
87 66
53 27
43 88
68 61
33 32
92 53
27 32
89 40
3 32
87 92
61 28
87 77
58 32
8 32
79 32
41 69
28 32
16 84
69 56
64 41
56 31
71 32
87 46
66 52
16 66
87 16
71 54
87 89
35 39
22 32
30 31
53 12
14 74
80 55
82 65
5 35
79 68
34 32
31 32
19 80
71 13
53 62
46 55
85 55
