5
6
17
22
95
79
100
48 99
0 62
0 97
0 31
0 12
0 14
27 99
0 2
0 19
0 35
61 99
0 96
0 84
78 99
0 64
14 99
39 99
0 86
0 10
0 51
0 92
0 71
0 49
0 38
0 20
0 37
0 77
7 16
0 7
0 43
0 93
0 13
0 68
0 76
75 99
0 74
0 23
0 24
0 85
0 72
0 82
0 94
0 1
0 46
0 48
0 30
0 15
0 28
0 54
0 81
0 67
57 80
66 99
0 98
0 56
0 88
0 36
0 27
0 57
0 75
0 59
0 99
0 26
0 87
0 40
0 78
0 55
16 99
0 42
0 32
0 41
0 16
0 39
0 69
80 99
0 47
0 66
0 18
0 73
0 11
81 99
0 3
0 90
36 99
20 99
72 99
82 99
0 8
0 61
0 70
0 33
73 99
0 45
0 5
0 29
0 83
0 63
76 99
98 99
12 99
