5
29
45
27
34
3
100
47 59
31 59
13 59
12 59
40 5
14 42
30 13
32 17
32 51
13 5
32 48
40 44
48 25
32 12
14 10
14 36
6 25
57 14
32 30
4 24
11 25
32 4
12 55
43 20
50 25
52 25
35 25
12 52
40 26
32 40
56 9
52 55
32 36
17 55
46 9
30 47
21 9
56 52
19 22
32 53
37 6
28 37
10 52
15 38
21 41
28 7
26 6
57 43
41 52
31 15
38 22
23 13
22 52
21 14
31 12
50 20
33 11
44 11
15 11
57 28
50 49
8 12
36 44
8 23
2 8
26 4
37 44
2 26
12 44
2 46
36 35
28 43
24 43
36 49
50 31
53 58
36 51
58 44
49 37
13 20
20 35
12 19
53 56
16 35
1 30
30 21
56 21
42 58
37 19
12 15
1 13
6 19
42 30
6 51
17 56
17 19
26 19
18 48
46 56
41 19
