5
26
80
24
81
83
100
0 18
0 16
0 47
0 70
0 71
0 98
0 43
0 95
0 61
0 41
5 99
0 53
0 40
0 9
0 97
0 5
59 99
0 39
0 60
0 29
0 46
35 99
0 88
15 99
0 7
0 31
0 56
0 65
0 64
0 96
0 90
0 94
10 99
0 8
0 73
0 34
0 59
0 12
0 27
0 44
0 72
79 99
0 67
0 68
0 74
0 91
0 1
0 33
0 13
0 2
0 32
0 19
37 2
37 36
52 99
4 99
91 99
14 99
56 99
53 99
2 99
45 99
21 99
37 27
16 99
30 99
94 99
18 99
76 99
85 99
40 99
28 99
43 99
37 61
90 99
64 99
68 99
96 99
94 71
92 99
73 99
6 99
39 99
41 99
49 99
97 99
27 99
37 94
7 99
20 99
37 28
72 99
19 99
67 99
75 99
36 99
93 99
13 99
4 45
82 18
