5
90
31
35
45
75
100
0 21
0 93
0 52
0 87
78 99
42 99
0 7
0 32
38 99
0 61
0 86
18 99
92 99
0 69
0 79
73 99
0 23
93 39
0 54
0 19
0 99
0 14
33 99
24 17
49 43
85 34
0 24
0 71
0 84
0 25
0 4
0 88
0 59
0 20
0 91
0 77
7 99
72 76
0 72
0 39
0 22
0 67
0 57
0 58
0 17
0 33
0 47
0 3
0 65
0 98
37 43
0 37
14 98
0 30
0 49
0 34
0 50
39 99
21 99
0 81
0 12
0 97
0 83
20 99
0 27
0 64
64 99
80 99
54 99
95 84
95 19
69 84
60 21
32 97
20 94
22 78
85 97
50 29
97 99
11 40
64 69
64 20
26 64
70 17
40 99
0 26
0 92
0 70
0 2
0 60
0 68
0 40
65 99
0 89
16 99
0 74
0 55
0 38
0 11
0 18
