5
62
17
50
30
37
100
44 76
0 48
0 32
0 76
68 34
0 35
0 46
0 90
0 79
0 10
31 57
0 41
0 72
0 45
0 57
0 82
0 78
0 69
0 68
34 93
29 93
11 76
16 86
11 34
0 16
0 83
0 14
0 54
0 53
0 6
0 65
0 52
0 22
86 76
0 88
0 51
3 76
0 20
49 76
0 8
0 7
76 93
0 71
0 59
0 86
0 26
47 93
0 5
0 36
0 1
0 66
0 39
0 18
0 24
0 70
0 19
0 27
0 87
0 67
0 92
0 40
44 93
0 81
0 34
0 75
0 93
0 21
0 3
0 49
0 11
0 60
89 93
0 56
0 91
83 93
90 93
13 93
0 73
0 2
0 28
0 9
0 31
0 38
55 93
0 33
0 77
54 93
0 29
0 63
0 61
80 93
0 23
0 43
0 58
0 44
0 47
8 93
67 93
0 64
0 74
