5
54
38
28
36
20
100
50 53
51 52
14 49
0 17
0 2
0 22
7 49
0 40
0 44
0 14
0 11
29 41
0 26
0 30
0 7
0 37
0 10
0 8
0 34
0 16
0 27
41 49
0 29
0 19
12 9
0 48
0 31
0 21
0 33
0 6
0 18
46 9
0 49
0 32
0 12
0 5
0 13
0 35
0 42
9 49
0 43
0 41
0 9
0 24
0 1
0 25
0 39
16 49
0 4
0 47
0 45
0 46
0 23
0 15
25 22
3 31
3 17
30 22
39 44
31 6
42 49
7 6
33 49
3 35
27 17
12 32
40 9
23 13
6 49
42 1
22 49
3 27
7 31
3 7
3 5
3 40
3 42
23 12
31 49
23 14
25 6
19 2
44 8
2 49
18 16
19 4
43 27
27 49
23 31
16 8
23 8
3 23
47 18
48 4
3 24
3 41
47 10
8 49
3 4
3 47
