5
77
52
35
61
25
100
0 94
0 83
0 72
0 14
0 33
0 56
44 94
39 94
13 94
0 70
18 85
0 42
0 34
0 76
0 39
0 43
0 80
0 79
0 48
0 69
0 49
0 8
0 40
0 17
0 21
0 36
0 66
0 28
0 37
0 31
0 11
0 38
0 86
0 9
0 65
11 85
78 85
55 90
85 94
0 55
0 81
0 54
0 18
0 45
0 26
0 57
0 92
0 60
0 84
5 94
62 94
0 64
0 6
0 3
0 75
0 7
0 90
93 13
89 94
47 94
12 94
84 94
0 82
23 94
51 94
0 93
0 23
0 85
0 44
0 71
53 11
87 94
0 53
0 91
0 22
65 94
91 94
0 50
0 24
0 67
68 81
41 81
81 94
8 94
31 94
83 94
0 19
0 1
93 56
47 50
0 47
0 10
0 63
0 12
30 94
41 94
58 46
0 58
34 94
46 94
