5
6
77
27
33
53
100
0 39
0 94
57 96
14 30
0 14
0 36
55 42
0 55
20 96
92 16
0 28
0 82
0 85
0 76
0 90
80 2
95 80
0 95
0 38
0 67
0 62
78 23
91 68
0 91
43 60
0 35
0 48
0 88
0 30
0 74
16 89
0 73
0 15
0 42
34 61
89 96
18 58
65 58
62 44
94 71
0 18
0 44
0 81
0 41
0 49
0 8
58 96
43 96
24 96
95 96
1 96
37 96
2 76
29 96
45 12
0 45
0 12
0 26
81 96
52 26
50 52
0 50
0 87
0 68
26 39
0 63
0 61
0 86
0 7
0 23
0 22
0 64
0 89
0 83
0 17
0 16
0 1
0 20
12 96
39 96
75 96
0 71
0 54
0 72
0 58
0 96
64 96
0 75
0 43
0 37
0 46
0 56
0 5
0 24
0 4
0 13
0 32
69 96
0 51
0 92
