5
30
33
10
44
22
100
0 50
0 37
0 45
7 51
0 29
0 42
18 51
38 51
35 51
20 51
25 51
0 12
39 51
0 13
16 51
0 7
0 23
32 51
49 51
0 35
21 51
0 40
29 51
0 20
0 6
5 51
40 51
50 51
0 38
0 24
0 5
1 51
28 51
0 16
0 3
0 46
31 51
13 51
0 19
0 32
0 41
9 51
0 49
42 51
0 28
0 8
0 11
0 31
0 27
2 46
36 3
2 42
9 3
6 49
8 18
15 3
26 29
6 5
49 3
6 50
6 19
2 35
38 3
48 29
2 8
2 43
2 36
6 11
9 19
7 23
18 19
2 7
6 3
35 31
4 21
9 23
2 6
15 43
21 19
2 28
29 3
24 18
12 23
31 3
24 23
21 12
2 3
15 1
49 15
25 3
49 35
2 26
32 20
16 23
48 23
23 3
2 24
2 49
43 12
42 12
