5
52
73
22
54
74
100
71 99
77 99
21 99
0 93
0 96
0 9
17 99
55 99
91 99
0 68
39 99
34 99
43 99
0 50
0 81
0 53
0 76
0 59
0 41
0 99
0 87
0 27
0 49
98 99
0 85
87 99
0 98
59 99
76 99
0 89
0 39
23 99
0 6
65 99
0 23
16 99
0 2
69 99
0 79
0 3
0 37
0 61
11 99
0 95
78 99
0 83
0 82
0 24
0 11
0 20
70 99
0 35
0 88
0 69
0 84
0 16
62 99
2 99
0 1
0 71
12 99
0 45
0 47
0 10
0 57
0 91
44 99
25 99
61 99
23 77
43 77
68 99
92 99
67 99
60 87
50 99
19 99
7 99
72 99
14 95
93 99
28 99
60 59
29 99
75 43
60 44
60 75
4 99
38 99
88 99
15 99
86 99
83 99
66 99
24 99
13 37
2 38
14 46
43 10
85 1
