5
35
76
16
20
55
100
25 95
50 95
0 80
0 60
0 15
0 93
0 42
0 67
0 10
68 95
0 53
0 12
11 95
0 57
0 7
0 28
65 95
0 71
0 9
0 82
0 91
0 68
40 37
62 95
28 95
89 95
13 95
52 95
79 95
53 95
88 95
73 31
37 95
66 95
73 53
61 95
45 95
8 77
74 77
73 81
38 95
77 95
93 95
73 37
73 40
64 69
39 9
19 7
73 75
7 9
39 74
46 9
73 80
33 37
73 83
74 9
73 89
34 33
73 34
48 87
64 17
73 77
73 41
73 62
45 90
73 64
17 9
45 41
49 9
78 5
87 9
31 66
1 51
45 31
5 9
17 77
41 9
40 9
66 70
73 2
73 45
13 9
51 42
63 9
26 23
77 9
80 9
30 70
70 9
94 65
56 23
73 1
78 37
39 15
17 90
73 78
73 17
92 9
63 52
51 74
