5
91
83
37
54
16
100
0 70
0 7
79 97
0 79
68 97
62 97
85 26
26 97
39 60
44 45
0 85
0 34
0 20
76 97
0 92
0 50
60 97
0 44
0 68
0 66
0 65
0 89
0 18
0 19
0 95
94 97
35 97
56 97
93 1
1 97
4 97
50 97
72 97
44 97
35 10
10 97
81 97
53 97
2 97
17 97
31 93
0 8
0 36
0 97
0 80
95 97
0 39
82 97
30 97
0 88
0 48
20 97
0 74
15 97
0 26
0 58
0 3
0 43
32 97
80 97
0 4
0 77
0 71
0 28
67 97
0 42
0 81
58 97
25 97
41 30
0 64
0 11
0 27
0 61
0 31
0 57
0 6
93 97
87 17
0 82
0 76
0 17
0 49
0 69
0 47
0 32
57 97
0 13
0 78
0 63
62 6
49 27
0 62
0 93
0 30
0 12
0 40
66 97
0 55
27 97
