5
92
95
45
29
60
100
36 3
48 9
22 99
72 70
74 41
48 83
84 7
2 34
0 48
77 54
8 51
8 77
80 67
7 38
23 3
8 98
54 38
32 79
30 13
97 3
3 38
21 32
74 48
21 37
80 20
89 46
24 82
71 86
41 82
80 62
82 38
59 80
83 88
2 88
65 88
83 58
4 40
36 58
23 64
16 69
76 90
82 86
8 4
68 87
58 86
5 39
1 11
11 86
65 78
40 1
47 87
74 6
84 26
74 28
80 24
98 80
81 39
79 81
33 26
81 69
61 4
61 81
26 87
69 87
57 5
40 5
78 87
64 82
53 57
57 10
66 43
43 41
58 90
18 12
36 90
93 51
81 85
32 19
50 34
98 16
41 90
41 46
68 46
53 66
36 48
48 85
20 69
39 69
11 85
73 85
76 35
30 6
53 31
31 44
57 35
35 77
43 77
40 77
50 32
34 70
