5
79
13
50
35
6
100
93 6
93 58
0 72
26 32
0 26
33 1
12 7
53 99
83 54
90 20
90 42
95 15
28 70
95 88
58 62
53 70
94 38
82 62
48 96
48 68
28 96
81 4
4 89
95 17
81 34
11 26
40 3
21 47
2 89
41 65
98 1
37 62
83 11
19 15
9 42
54 36
19 56
5 4
92 44
40 48
34 2
5 19
12 78
81 20
94 98
40 86
21 59
87 62
2 87
41 53
42 62
61 52
49 85
82 28
65 62
85 62
5 11
66 49
78 49
91 49
12 43
82 27
77 43
14 55
46 80
93 84
23 71
59 88
11 61
61 73
56 10
94 61
60 97
20 84
55 7
8 46
84 38
11 90
12 36
43 75
1 7
5 40
42 53
19 54
36 39
37 33
73 34
82 12
41 32
92 45
31 74
10 7
42 89
76 15
17 39
27 91
94 86
18 25
44 78
76 57
