5
34
78
7
45
43
100
0 54
8 80
0 17
0 30
0 33
0 44
0 21
20 80
44 80
24 80
0 49
0 63
0 69
0 15
0 19
0 76
30 80
0 66
0 58
0 12
0 77
59 80
0 72
68 80
0 31
0 75
0 11
0 53
23 80
0 32
0 51
0 68
0 4
0 5
0 29
69 80
0 22
58 80
0 38
0 73
0 6
0 74
0 46
5 80
51 80
55 19
2 46
0 55
0 48
0 2
0 20
0 9
36 12
18 80
0 36
0 42
0 65
0 13
0 59
26 80
68 32
15 80
28 80
59 29
29 80
54 80
36 80
74 80
0 23
0 3
73 80
9 80
0 64
0 39
52 80
0 27
0 25
0 62
0 35
0 10
0 56
0 14
0 70
0 16
0 40
0 1
0 52
42 80
25 80
56 80
3 80
4 80
60 80
65 80
2 80
50 80
79 80
77 80
46 80
63 80
