5
64
7
41
88
11
100
61 95
0 39
43 75
65 35
0 83
0 22
0 62
0 31
75 61
31 95
52 95
0 63
0 24
0 13
0 58
0 37
0 26
0 50
0 53
0 69
0 89
0 90
0 3
0 76
0 14
0 74
0 9
57 95
70 95
78 47
62 95
3 95
0 78
0 48
0 5
0 12
0 85
0 52
0 73
0 8
0 92
0 68
0 19
0 45
0 49
0 15
0 38
0 59
0 95
0 40
0 57
0 91
16 95
0 70
0 71
0 23
0 28
74 95
0 94
0 44
0 54
0 72
0 87
0 84
0 21
85 95
44 95
0 56
0 43
77 95
14 95
70 82
0 35
0 17
0 18
79 95
13 95
85 68
0 4
0 32
86 36
61 57
25 95
0 86
0 47
0 75
76 95
0 67
0 36
0 55
0 34
0 66
0 46
68 95
0 60
0 82
0 77
0 20
0 16
0 6
