5
24
50
14
33
26
100
55 99
0 31
0 41
0 60
0 70
0 68
0 4
0 46
0 87
0 45
11 99
0 5
0 13
0 48
0 63
0 7
0 85
44 99
0 39
75 99
0 73
0 97
0 80
0 19
35 99
0 56
0 6
0 79
0 9
0 59
0 54
49 99
0 84
0 22
0 72
7 99
0 43
4 99
86 99
93 99
78 80
94 99
77 99
80 99
20 6
70 99
87 99
9 99
92 99
42 99
78 99
92 20
31 99
88 99
64 99
74 99
78 75
38 99
92 25
10 99
67 99
59 99
32 99
45 99
30 99
37 99
12 99
97 99
78 17
65 5
48 96
21 73
4 9
38 72
17 29
64 94
92 64
92 78
13 73
91 60
10 85
92 58
9 60
16 60
77 75
92 23
5 60
61 60
40 25
92 89
31 25
25 60
27 42
10 74
92 10
92 1
53 74
17 8
55 83
84 90
