5
63
1
38
33
80
100
0 99
0 20
0 94
0 69
0 46
78 99
0 87
0 34
0 65
0 92
0 12
0 40
35 99
41 99
70 99
74 99
0 95
0 50
0 42
58 99
11 99
88 99
10 99
0 82
0 97
25 99
0 79
0 62
0 52
0 48
0 16
0 68
0 55
93 99
0 6
0 89
30 99
0 8
96 99
49 99
0 60
0 88
0 71
0 10
0 26
0 32
0 41
82 99
0 73
0 83
0 25
0 96
0 36
0 77
0 93
0 54
0 51
0 39
0 30
0 84
0 29
0 53
0 17
42 99
0 11
0 59
0 45
0 24
0 57
0 22
0 75
0 76
0 44
0 70
0 27
0 49
0 85
3 99
0 67
0 35
89 99
0 3
0 98
44 99
0 28
81 99
0 14
0 23
0 19
16 99
0 37
0 64
0 47
0 7
55 99
0 15
0 13
61 99
0 91
28 99
