5
27
72
6
34
17
100
41 99
0 32
0 47
40 99
0 5
0 67
0 9
0 24
0 97
0 84
0 44
0 20
39 99
0 29
0 36
0 43
0 74
26 99
0 59
0 71
0 95
0 77
0 12
0 75
0 78
0 25
90 99
0 53
52 99
0 73
0 26
0 70
0 91
0 86
0 48
0 88
0 35
0 89
0 8
0 18
16 99
0 81
0 93
29 99
0 7
0 65
55 31
82 10
50 10
10 99
76 99
65 63
16 50
40 7
82 90
58 59
76 20
81 38
59 99
62 99
19 99
25 99
63 99
40 76
70 44
62 61
14 90
95 99
42 62
96 99
33 99
40 19
19 60
35 88
42 30
88 99
97 99
25 79
40 55
40 42
92 99
35 99
91 71
57 99
18 99
11 99
78 99
2 79
69 99
54 99
31 99
5 99
22 99
77 99
9 99
4 99
60 99
44 99
8 99
24 99
