5
14
81
36
57
48
100
5 99
0 83
0 80
0 88
11 99
0 45
0 46
0 20
0 10
0 75
53 99
40 99
0 60
0 13
0 86
0 99
75 99
0 47
15 99
0 24
0 64
41 99
0 92
0 23
0 42
0 95
0 67
0 87
0 70
47 99
60 99
0 89
0 77
0 33
0 12
0 1
32 99
0 62
0 37
17 99
0 68
0 9
0 93
50 99
0 51
0 32
70 99
0 59
16 99
0 29
0 15
0 74
0 11
0 50
0 53
0 27
0 63
0 7
0 85
0 72
0 54
0 4
0 96
0 2
0 49
0 56
91 99
0 52
0 44
65 99
0 73
0 41
0 66
0 61
0 90
0 22
0 30
0 69
0 34
79 99
0 19
0 3
0 55
0 65
38 99
0 71
0 97
0 18
0 98
0 78
72 99
52 99
67 99
0 26
0 43
9 99
0 35
0 5
0 91
0 8
