5
98
40
23
24
11
100
0 52
52 99
19 99
0 3
0 57
75 99
0 69
0 59
0 27
0 95
83 99
0 7
0 73
0 37
36 99
0 41
0 19
0 71
0 72
0 82
0 79
0 67
0 94
0 76
0 87
0 97
0 36
0 18
50 99
0 38
0 88
10 19
91 53
0 33
0 32
0 31
0 61
87 53
0 15
0 56
0 62
0 21
0 66
35 9
78 75
0 78
0 64
0 81
48 57
0 48
0 44
9 53
0 51
0 93
0 96
0 80
0 50
0 91
43 97
26 17
0 26
0 74
0 30
0 20
0 68
0 85
0 53
0 89
53 99
76 99
0 77
0 47
0 10
0 34
0 2
0 65
0 75
0 83
0 99
0 6
63 99
70 99
89 99
19 74
0 84
20 99
82 99
0 60
0 58
0 29
0 1
21 99
0 8
51 99
87 99
13 70
0 13
80 99
0 35
0 16
