5
85
51
98
57
44
100
0 11
0 7
33 99
45 99
0 72
0 32
0 4
0 50
0 22
0 37
0 95
0 5
0 14
0 84
0 75
0 88
0 9
0 30
28 99
38 99
0 46
0 18
0 42
0 66
0 13
0 19
64 5
81 60
0 24
0 49
0 60
0 89
0 40
0 67
0 17
0 86
0 41
16 99
82 26
0 82
0 21
0 45
0 52
0 6
0 47
0 80
0 77
0 96
0 34
56 99
10 99
25 60
61 74
61 36
64 93
93 60
60 99
27 99
32 99
3 99
46 99
6 99
73 99
50 99
81 99
48 65
25 7
83 94
15 45
68 37
68 94
61 92
25 43
48 22
4 94
11 37
94 65
61 64
65 99
52 99
40 99
76 99
5 99
39 99
29 99
72 99
61 27
61 83
61 25
87 73
86 99
61 99
8 99
95 99
11 99
66 99
2 71
71 99
58 99
4 99
