5
67
51
7
49
22
100
0 37
62 94
78 94
0 77
15 94
45 94
0 60
0 31
0 16
0 54
18 94
41 94
12 94
0 86
25 28
0 25
73 94
11 94
48 94
14 94
1 81
0 42
0 15
81 94
78 59
59 94
27 94
78 13
32 94
43 94
78 4
89 94
5 94
0 78
35 94
0 57
0 64
0 47
0 79
0 19
0 45
0 55
0 85
0 1
0 36
0 70
0 68
0 69
0 66
0 93
0 17
0 92
0 74
0 81
0 35
14 74
11 76
0 14
0 28
0 90
0 50
0 71
0 73
0 3
64 94
0 75
66 94
63 94
0 12
0 56
0 87
0 82
0 94
0 46
0 41
0 48
0 23
0 65
0 88
0 5
0 89
0 24
0 61
0 63
0 33
23 11
0 6
61 94
9 94
0 44
0 39
87 94
0 84
23 60
0 34
0 62
0 38
0 76
0 4
0 83
