5
1
53
12
11
89
100
0 19
0 79
0 27
0 87
0 73
8 98
0 84
0 90
0 50
50 98
0 82
58 98
97 37
0 97
35 98
55 98
37 98
5 98
31 70
0 40
0 15
70 98
0 16
0 38
0 96
48 87
48 32
0 48
0 29
0 21
0 30
0 33
0 92
0 13
0 35
0 20
0 52
0 28
0 57
0 94
0 3
68 98
71 98
88 98
0 9
0 74
0 56
82 98
42 98
55 30
27 20
69 30
30 98
33 98
37 79
79 98
26 98
9 10
42 37
40 10
44 42
5 13
52 8
10 98
6 98
86 98
0 44
0 68
0 76
34 98
43 98
0 59
0 62
0 14
0 6
0 98
0 75
54 98
0 5
0 67
0 2
0 42
0 63
0 86
0 8
76 98
0 60
0 80
0 24
72 80
0 46
0 32
0 81
0 37
0 70
0 51
0 39
0 47
0 95
0 54
