5
9
41
49
11
54
100
0 46
0 48
0 76
0 42
0 23
0 24
81 93
0 43
0 93
89 93
0 64
0 35
0 71
1 93
0 65
0 25
2 93
0 83
0 61
0 17
0 52
0 8
0 57
0 40
0 22
0 90
0 78
0 80
0 70
0 14
0 36
18 93
35 93
4 93
56 93
53 93
86 93
65 93
51 93
32 93
62 93
46 93
85 87
19 70
75 93
20 93
85 4
70 93
57 93
26 93
87 93
8 93
77 93
85 47
43 93
92 93
67 93
12 93
29 93
85 82
52 93
50 93
80 25
70 17
86 17
85 19
71 82
4 28
85 44
25 17
85 53
85 43
85 51
91 17
85 42
61 45
14 67
79 75
70 60
85 10
63 7
2 45
57 73
5 26
85 70
13 7
27 73
18 79
18 78
75 17
24 17
14 6
63 56
36 26
14 19
72 32
82 17
78 83
14 69
7 45
