5
45
89
57
76
80
100
0 99
0 62
0 48
0 25
0 35
0 72
0 65
0 27
0 61
0 21
0 55
0 73
0 94
44 99
0 54
87 99
0 41
0 15
8 99
0 67
0 97
58 99
0 91
59 99
0 14
0 16
0 92
0 70
0 98
0 2
0 47
56 99
0 10
73 99
15 99
38 99
0 81
0 3
0 12
0 79
0 77
0 23
0 71
0 90
20 99
0 49
0 88
0 38
0 37
12 99
0 13
0 30
0 50
0 63
42 99
0 59
0 84
0 60
0 83
0 36
0 17
0 43
69 99
0 53
0 66
0 26
0 46
0 56
0 69
0 4
50 81
0 52
41 99
0 68
0 1
0 5
0 78
0 40
0 86
0 24
0 28
0 82
0 18
0 7
0 74
0 87
62 99
0 93
7 99
33 25
78 99
81 99
67 99
6 99
33 23
4 99
31 99
48 99
96 99
13 99
