5
18
17
68
6
84
100
0 99
0 29
12 99
0 36
0 33
0 13
0 71
0 73
0 77
0 20
0 38
0 44
0 67
0 53
0 21
70 99
0 26
0 87
0 43
0 61
0 63
0 23
0 51
0 57
0 49
0 62
0 80
0 8
0 95
0 16
0 37
0 78
0 74
0 66
0 96
0 30
0 88
0 70
0 19
0 9
0 10
0 41
0 48
0 90
0 32
0 12
0 7
0 40
0 93
0 42
0 92
0 56
0 28
0 54
0 45
0 55
0 39
0 72
0 89
0 86
0 65
0 58
0 94
0 50
0 82
76 99
0 46
0 11
0 25
0 2
0 5
0 27
0 24
0 59
0 22
0 91
61 99
0 79
0 3
0 83
0 75
0 31
43 99
0 98
0 76
0 35
0 34
0 85
34 99
11 99
51 99
75 99
77 99
34 22
23 99
42 99
36 99
21 99
16 99
93 29
