5
65
57
19
10
21
100
0 4
0 69
0 84
0 95
0 20
69 60
0 79
42 97
0 46
0 45
0 17
0 75
0 23
0 28
0 51
0 71
0 16
0 6
0 82
23 97
0 47
18 97
0 68
0 15
32 97
59 97
2 97
69 97
87 97
24 97
40 41
40 27
75 27
9 97
14 97
3 97
38 97
45 97
76 97
69 91
30 97
5 97
62 97
56 97
90 97
61 97
81 97
36 97
16 97
4 97
47 97
40 75
58 97
86 97
49 97
25 97
60 33
95 59
40 5
31 71
59 37
40 82
40 3
39 9
82 71
94 4
32 71
40 60
37 71
40 61
73 71
2 4
2 66
40 13
4 71
70 44
44 71
2 96
46 67
49 71
76 5
67 71
31 5
23 5
50 13
40 2
95 92
40 46
51 66
44 66
85 55
26 71
5 13
40 18
55 71
66 71
90 71
35 93
40 43
34 68
