5
83
95
76
39
84
100
0 99
64 99
0 73
0 25
0 6
0 8
94 99
0 1
32 4
68 99
71 1
67 99
92 99
10 99
15 99
7 99
29 97
12 72
75 97
31 97
38 1
32 81
72 97
67 97
70 41
69 52
22 97
40 96
32 35
81 97
81 41
71 34
14 48
71 32
86 41
33 59
79 34
36 80
70 36
7 35
47 42
79 45
74 60
74 48
2 9
62 41
5 49
3 16
29 35
59 61
35 41
61 41
78 73
70 47
70 66
68 42
14 73
3 44
43 56
3 37
17 20
3 68
79 3
9 89
89 42
85 1
1 42
11 17
73 41
4 86
14 16
79 12
59 16
98 11
28 11
87 91
77 98
91 86
86 94
22 64
59 1
49 27
28 82
28 90
77 28
46 15
96 17
30 54
49 40
1 72
58 42
59 82
59 50
35 12
53 33
55 26
14 12
74 34
56 52
54 65
