5
41
58
28
33
45
100
0 87
0 48
0 15
0 62
0 70
0 18
0 73
0 50
0 4
0 88
0 35
0 74
0 89
0 21
0 36
0 1
7 93
90 93
80 91
47 93
48 93
42 93
89 93
70 93
78 93
4 93
3 93
20 93
6 93
29 93
5 93
53 93
68 93
82 7
7 43
80 17
75 34
80 59
21 39
70 43
57 82
80 71
80 75
80 31
88 43
80 40
27 43
63 65
39 43
80 1
80 49
80 62
90 25
80 6
56 19
70 62
82 43
80 90
29 51
63 72
80 70
80 10
35 51
77 81
56 62
9 25
56 21
61 72
89 51
66 59
77 61
56 29
77 2
15 86
34 19
65 47
25 43
50 74
54 74
56 16
17 42
50 70
50 63
74 43
56 66
81 43
4 85
77 50
56 13
77 43
80 56
68 43
18 43
77 67
66 43
14 55
30 43
59 53
25 51
77 25
