5
70
32
29
56
30
100
0 72
0 16
80 99
0 26
22 99
0 14
8 99
90 99
47 99
11 69
0 93
0 66
0 61
54 99
41 99
64 99
86 99
69 99
9 99
33 99
74 99
15 99
46 86
0 53
0 36
0 18
17 50
1 50
0 17
26 99
0 60
0 84
0 48
0 95
0 99
0 13
0 46
0 3
84 99
53 77
0 9
0 20
0 91
0 57
23 99
77 99
59 99
58 99
0 76
0 24
0 45
0 86
0 55
0 69
10 16
0 47
0 40
0 25
0 59
0 80
0 15
0 4
0 79
50 99
0 94
13 99
91 16
0 11
16 99
94 26
35 49
25 4
0 35
0 82
0 87
4 99
98 67
0 75
67 99
0 22
38 99
88 99
0 38
0 41
0 10
0 1
0 27
68 61
0 50
0 73
0 33
0 90
0 23
0 89
0 65
2 99
0 21
0 37
0 12
28 99
