5
57
62
6
10
75
100
0 33
0 48
85 99
0 39
0 56
0 16
0 27
0 60
0 52
0 69
0 42
0 61
0 95
0 5
0 29
0 70
35 99
0 98
0 43
0 8
0 11
0 22
0 78
0 89
0 92
0 23
0 58
0 86
0 28
0 18
0 20
0 93
0 96
0 25
0 7
0 82
0 19
0 55
0 13
0 46
0 12
0 32
0 74
0 15
0 94
0 34
0 72
0 87
0 17
0 66
0 36
36 99
82 99
0 38
0 30
0 41
0 64
0 90
0 97
0 31
0 65
0 73
0 35
0 77
0 4
0 40
0 91
0 47
0 9
0 3
63 99
37 34
13 99
17 99
24 99
67 99
14 99
26 99
42 99
56 99
81 84
84 99
30 99
22 99
50 99
92 43
43 99
37 99
92 99
1 99
29 99
7 99
28 99
46 99
68 99
98 99
15 99
93 99
97 99
80 99
