5
83
51
8
73
93
100
0 18
0 77
0 29
0 32
0 43
42 33
84 66
5 4
68 4
16 57
18 94
49 94
59 94
62 94
0 84
84 85
0 16
45 22
6 94
87 94
34 94
0 46
0 38
0 23
4 94
0 19
0 71
0 28
11 94
0 86
0 58
1 66
0 1
15 66
56 61
34 47
43 88
69 43
69 56
47 94
32 94
0 15
0 82
0 39
0 80
0 25
17 16
0 9
86 42
0 89
0 91
0 53
0 87
63 12
65 66
41 34
85 12
17 46
45 26
19 65
16 84
19 80
17 45
17 63
64 41
65 82
19 90
17 19
69 84
17 91
17 32
82 84
50 78
78 84
92 53
17 10
88 37
67 75
11 84
17 67
79 68
88 33
87 28
80 71
13 84
1 70
22 49
22 1
28 84
17 81
17 64
61 68
17 50
41 68
47 68
88 86
86 68
85 37
46 7
60 68
