5
23
25
13
14
11
100
0 29
0 73
0 62
0 36
0 16
0 12
0 18
0 22
0 79
0 10
71 84
0 40
0 35
0 34
0 24
0 80
17 84
0 53
0 8
0 56
0 59
0 55
0 33
0 64
0 42
0 51
0 4
43 84
48 84
74 59
31 84
1 84
15 84
21 84
61 84
83 84
60 84
36 84
75 84
24 84
68 84
20 84
64 84
63 84
33 84
50 84
76 84
80 84
56 84
74 4
79 84
3 84
28 84
72 84
55 84
74 50
54 84
27 84
22 84
24 7
6 84
19 84
44 84
69 84
78 84
41 84
43 31
51 65
74 77
74 24
74 43
78 56
56 4
33 65
47 40
40 65
78 68
7 8
4 65
36 12
18 65
7 28
12 65
74 62
3 65
74 44
37 71
31 65
74 56
52 65
20 28
60 65
64 65
28 71
39 65
34 46
71 65
37 65
6 65
78 44
