5
17
10
40
52
34
100
0 15
0 21
0 44
0 8
0 47
0 5
0 9
0 11
0 45
0 46
0 23
0 19
0 35
0 36
0 18
0 42
20 54
0 14
0 24
0 41
0 13
0 20
0 33
0 25
0 48
0 22
19 54
0 12
0 7
26 54
0 16
0 39
0 43
49 21
18 54
43 11
49 43
49 1
33 54
38 54
29 54
6 54
49 33
11 25
25 54
14 54
46 54
11 54
35 54
49 48
22 54
27 54
8 54
49 54
23 54
43 54
5 54
23 20
47 54
16 8
32 54
49 23
51 54
16 54
49 4
45 54
44 54
21 54
1 54
48 54
42 54
50 54
49 16
15 54
53 54
2 54
12 54
30 54
47 37
49 22
37 36
7 36
49 27
22 36
49 24
51 4
47 30
50 33
26 43
50 30
5 28
47 51
45 36
53 36
41 43
4 36
50 5
20 36
49 11
49 29
