5
55
33
18
85
71
100
70 95
76 27
62 95
0 76
0 92
0 20
0 52
0 72
0 7
0 82
0 21
66 95
0 56
0 16
0 39
10 39
37 72
37 21
0 10
0 31
0 38
0 25
0 22
0 32
0 6
9 34
0 47
0 77
0 95
0 53
0 79
0 40
0 87
0 36
0 14
0 35
0 29
0 13
0 17
0 51
0 24
49 89
89 34
0 49
0 68
0 91
0 58
0 26
34 95
0 5
0 75
0 19
0 11
0 78
0 61
0 42
0 89
31 95
0 86
83 95
0 93
0 37
0 28
11 95
23 95
56 95
0 81
0 65
40 95
89 95
6 95
5 95
59 95
0 66
0 1
0 74
21 82
57 74
28 95
7 95
10 95
61 95
44 95
0 45
1 95
0 43
0 88
0 90
0 9
17 95
0 30
0 67
60 95
0 41
0 59
0 2
0 46
0 94
13 95
0 60
